ARM GAS  C:\Users\Trung\AppData\Local\Temp\cc3YWWfn.s 			page 1


   1              		.syntax unified
   2              		.cpu cortex-m3
   3              		.fpu softvfp
   4              		.eabi_attribute 20, 1
   5              		.eabi_attribute 21, 1
   6              		.eabi_attribute 23, 3
   7              		.eabi_attribute 24, 1
   8              		.eabi_attribute 25, 1
   9              		.eabi_attribute 26, 1
  10              		.eabi_attribute 30, 1
  11              		.eabi_attribute 34, 1
  12              		.eabi_attribute 18, 4
  13              		.thumb
  14              		.syntax unified
  15              		.file	"cymetadata.c"
  16              		.text
  17              	.Ltext0:
  18              		.cfi_sections	.debug_frame
  19              		.global	cy_metadata
  20              		.global	cy_meta_flashprotect
  21              		.global	cy_meta_wonvl
  22              		.global	cy_meta_custnvl
  23              		.global	cy_meta_configecc
  24              		.section	.cyconfigecc,"a",%progbits
  25              		.align	2
  26              		.type	cy_meta_configecc, %object
  27              		.size	cy_meta_configecc, 2120
  28              	cy_meta_configecc:
  29 0000 03       		.byte	3
  30 0001 52       		.byte	82
  31 0002 00       		.byte	0
  32 0003 40       		.byte	64
  33 0004 03       		.byte	3
  34 0005 64       		.byte	100
  35 0006 00       		.byte	0
  36 0007 40       		.byte	64
  37 0008 03       		.byte	3
  38 0009 65       		.byte	101
  39 000a 00       		.byte	0
  40 000b 40       		.byte	64
  41 000c 02       		.byte	2
  42 000d 03       		.byte	3
  43 000e 01       		.byte	1
  44 000f 40       		.byte	64
  45 0010 01       		.byte	1
  46 0011 07       		.byte	7
  47 0012 01       		.byte	1
  48 0013 40       		.byte	64
  49 0014 51       		.byte	81
  50 0015 08       		.byte	8
  51 0016 01       		.byte	1
  52 0017 40       		.byte	64
  53 0018 41       		.byte	65
  54 0019 09       		.byte	9
  55 001a 01       		.byte	1
  56 001b 40       		.byte	64
  57 001c 54       		.byte	84
ARM GAS  C:\Users\Trung\AppData\Local\Temp\cc3YWWfn.s 			page 2


  58 001d 0A       		.byte	10
  59 001e 01       		.byte	1
  60 001f 40       		.byte	64
  61 0020 3A       		.byte	58
  62 0021 0B       		.byte	11
  63 0022 01       		.byte	1
  64 0023 40       		.byte	64
  65 0024 5F       		.byte	95
  66 0025 0C       		.byte	12
  67 0026 01       		.byte	1
  68 0027 40       		.byte	64
  69 0028 47       		.byte	71
  70 0029 0D       		.byte	13
  71 002a 01       		.byte	1
  72 002b 40       		.byte	64
  73 002c 55       		.byte	85
  74 002d 0E       		.byte	14
  75 002e 01       		.byte	1
  76 002f 40       		.byte	64
  77 0030 2E       		.byte	46
  78 0031 0F       		.byte	15
  79 0032 01       		.byte	1
  80 0033 40       		.byte	64
  81 0034 01       		.byte	1
  82 0035 17       		.byte	23
  83 0036 01       		.byte	1
  84 0037 40       		.byte	64
  85 0038 4B       		.byte	75
  86 0039 18       		.byte	24
  87 003a 01       		.byte	1
  88 003b 40       		.byte	64
  89 003c 47       		.byte	71
  90 003d 19       		.byte	25
  91 003e 01       		.byte	1
  92 003f 40       		.byte	64
  93 0040 69       		.byte	105
  94 0041 1A       		.byte	26
  95 0042 01       		.byte	1
  96 0043 40       		.byte	64
  97 0044 48       		.byte	72
  98 0045 1B       		.byte	27
  99 0046 01       		.byte	1
 100 0047 40       		.byte	64
 101 0048 04       		.byte	4
 102 0049 40       		.byte	64
 103 004a 01       		.byte	1
 104 004b 40       		.byte	64
 105 004c 06       		.byte	6
 106 004d 41       		.byte	65
 107 004e 01       		.byte	1
 108 004f 40       		.byte	64
 109 0050 02       		.byte	2
 110 0051 42       		.byte	66
 111 0052 01       		.byte	1
 112 0053 40       		.byte	64
 113 0054 03       		.byte	3
 114 0055 43       		.byte	67
ARM GAS  C:\Users\Trung\AppData\Local\Temp\cc3YWWfn.s 			page 3


 115 0056 01       		.byte	1
 116 0057 40       		.byte	64
 117 0058 04       		.byte	4
 118 0059 45       		.byte	69
 119 005a 01       		.byte	1
 120 005b 40       		.byte	64
 121 005c 05       		.byte	5
 122 005d 46       		.byte	70
 123 005e 01       		.byte	1
 124 005f 40       		.byte	64
 125 0060 01       		.byte	1
 126 0061 47       		.byte	71
 127 0062 01       		.byte	1
 128 0063 40       		.byte	64
 129 0064 03       		.byte	3
 130 0065 48       		.byte	72
 131 0066 01       		.byte	1
 132 0067 40       		.byte	64
 133 0068 05       		.byte	5
 134 0069 4C       		.byte	76
 135 006a 01       		.byte	1
 136 006b 40       		.byte	64
 137 006c 0C       		.byte	12
 138 006d 4D       		.byte	77
 139 006e 01       		.byte	1
 140 006f 40       		.byte	64
 141 0070 05       		.byte	5
 142 0071 50       		.byte	80
 143 0072 01       		.byte	1
 144 0073 40       		.byte	64
 145 0074 01       		.byte	1
 146 0075 51       		.byte	81
 147 0076 01       		.byte	1
 148 0077 40       		.byte	64
 149 0078 14       		.byte	20
 150 0079 01       		.byte	1
 151 007a 28       		.byte	40
 152 007b 02       		.byte	2
 153 007c 2C       		.byte	44
 154 007d 03       		.byte	3
 155 007e 8B       		.byte	-117
 156 007f 0F       		.byte	15
 157 0080 8D       		.byte	-115
 158 0081 38       		.byte	56
 159 0082 8E       		.byte	-114
 160 0083 72       		.byte	114
 161 0084 2A       		.byte	42
 162 0085 04       		.byte	4
 163 0086 2B       		.byte	43
 164 0087 0F       		.byte	15
 165 0088 3B       		.byte	59
 166 0089 08       		.byte	8
 167 008a E2       		.byte	-30
 168 008b 10       		.byte	16
 169 008c E6       		.byte	-26
 170 008d 02       		.byte	2
 171 008e EE       		.byte	-18
ARM GAS  C:\Users\Trung\AppData\Local\Temp\cc3YWWfn.s 			page 4


 172 008f 04       		.byte	4
 173 0090 00       		.byte	0
 174 0091 03       		.byte	3
 175 0092 01       		.byte	1
 176 0093 2A       		.byte	42
 177 0094 02       		.byte	2
 178 0095 20       		.byte	32
 179 0096 03       		.byte	3
 180 0097 54       		.byte	84
 181 0098 04       		.byte	4
 182 0099 01       		.byte	1
 183 009a 05       		.byte	5
 184 009b 80       		.byte	-128
 185 009c 07       		.byte	7
 186 009d 56       		.byte	86
 187 009e 08       		.byte	8
 188 009f 40       		.byte	64
 189 00a0 0A       		.byte	10
 190 00a1 14       		.byte	20
 191 00a2 0C       		.byte	12
 192 00a3 1F       		.byte	31
 193 00a4 0D       		.byte	13
 194 00a5 0E       		.byte	14
 195 00a6 0F       		.byte	15
 196 00a7 30       		.byte	48
 197 00a8 10       		.byte	16
 198 00a9 03       		.byte	3
 199 00aa 11       		.byte	17
 200 00ab 46       		.byte	70
 201 00ac 13       		.byte	19
 202 00ad A9       		.byte	-87
 203 00ae 14       		.byte	20
 204 00af 48       		.byte	72
 205 00b0 15       		.byte	21
 206 00b1 40       		.byte	64
 207 00b2 16       		.byte	22
 208 00b3 02       		.byte	2
 209 00b4 17       		.byte	23
 210 00b5 13       		.byte	19
 211 00b6 18       		.byte	24
 212 00b7 90       		.byte	-112
 213 00b8 1A       		.byte	26
 214 00b9 0B       		.byte	11
 215 00ba 1C       		.byte	28
 216 00bb 4F       		.byte	79
 217 00bc 20       		.byte	32
 218 00bd 42       		.byte	66
 219 00be 21       		.byte	33
 220 00bf FF       		.byte	-1
 221 00c0 22       		.byte	34
 222 00c1 09       		.byte	9
 223 00c2 24       		.byte	36
 224 00c3 01       		.byte	1
 225 00c4 29       		.byte	41
 226 00c5 33       		.byte	51
 227 00c6 2A       		.byte	42
 228 00c7 01       		.byte	1
ARM GAS  C:\Users\Trung\AppData\Local\Temp\cc3YWWfn.s 			page 5


 229 00c8 2B       		.byte	43
 230 00c9 0C       		.byte	12
 231 00ca 2C       		.byte	44
 232 00cb 40       		.byte	64
 233 00cc 2E       		.byte	46
 234 00cd 0B       		.byte	11
 235 00ce 2F       		.byte	47
 236 00cf 01       		.byte	1
 237 00d0 31       		.byte	49
 238 00d1 FF       		.byte	-1
 239 00d2 32       		.byte	50
 240 00d3 1F       		.byte	31
 241 00d4 34       		.byte	52
 242 00d5 E0       		.byte	-32
 243 00d6 38       		.byte	56
 244 00d7 20       		.byte	32
 245 00d8 3E       		.byte	62
 246 00d9 10       		.byte	16
 247 00da 58       		.byte	88
 248 00db 04       		.byte	4
 249 00dc 59       		.byte	89
 250 00dd 04       		.byte	4
 251 00de 5F       		.byte	95
 252 00df 01       		.byte	1
 253 00e0 80       		.byte	-128
 254 00e1 08       		.byte	8
 255 00e2 81       		.byte	-127
 256 00e3 18       		.byte	24
 257 00e4 82       		.byte	-126
 258 00e5 F0       		.byte	-16
 259 00e6 83       		.byte	-125
 260 00e7 02       		.byte	2
 261 00e8 84       		.byte	-124
 262 00e9 13       		.byte	19
 263 00ea 85       		.byte	-123
 264 00eb 10       		.byte	16
 265 00ec 86       		.byte	-122
 266 00ed C0       		.byte	-64
 267 00ee 87       		.byte	-121
 268 00ef 01       		.byte	1
 269 00f0 88       		.byte	-120
 270 00f1 08       		.byte	8
 271 00f2 89       		.byte	-119
 272 00f3 08       		.byte	8
 273 00f4 8C       		.byte	-116
 274 00f5 FA       		.byte	-6
 275 00f6 8F       		.byte	-113
 276 00f7 08       		.byte	8
 277 00f8 90       		.byte	-112
 278 00f9 E1       		.byte	-31
 279 00fa 92       		.byte	-110
 280 00fb 12       		.byte	18
 281 00fc 94       		.byte	-108
 282 00fd 53       		.byte	83
 283 00fe 96       		.byte	-106
 284 00ff 80       		.byte	-128
 285 0100 97       		.byte	-105
ARM GAS  C:\Users\Trung\AppData\Local\Temp\cc3YWWfn.s 			page 6


 286 0101 03       		.byte	3
 287 0102 98       		.byte	-104
 288 0103 C1       		.byte	-63
 289 0104 9A       		.byte	-102
 290 0105 30       		.byte	48
 291 0106 9E       		.byte	-98
 292 0107 04       		.byte	4
 293 0108 A0       		.byte	-96
 294 0109 12       		.byte	18
 295 010a A4       		.byte	-92
 296 010b 93       		.byte	-109
 297 010c A6       		.byte	-90
 298 010d 40       		.byte	64
 299 010e A7       		.byte	-89
 300 010f 01       		.byte	1
 301 0110 A8       		.byte	-88
 302 0111 20       		.byte	32
 303 0112 AB       		.byte	-85
 304 0113 04       		.byte	4
 305 0114 AC       		.byte	-84
 306 0115 30       		.byte	48
 307 0116 AF       		.byte	-81
 308 0117 01       		.byte	1
 309 0118 B0       		.byte	-80
 310 0119 06       		.byte	6
 311 011a B1       		.byte	-79
 312 011b 08       		.byte	8
 313 011c B3       		.byte	-77
 314 011d 07       		.byte	7
 315 011e B4       		.byte	-76
 316 011f F8       		.byte	-8
 317 0120 B6       		.byte	-74
 318 0121 01       		.byte	1
 319 0122 B7       		.byte	-73
 320 0123 10       		.byte	16
 321 0124 B8       		.byte	-72
 322 0125 A0       		.byte	-96
 323 0126 B9       		.byte	-71
 324 0127 80       		.byte	-128
 325 0128 BB       		.byte	-69
 326 0129 08       		.byte	8
 327 012a BE       		.byte	-66
 328 012b 40       		.byte	64
 329 012c D8       		.byte	-40
 330 012d 04       		.byte	4
 331 012e D9       		.byte	-39
 332 012f 04       		.byte	4
 333 0130 DF       		.byte	-33
 334 0131 01       		.byte	1
 335 0132 00       		.byte	0
 336 0133 02       		.byte	2
 337 0134 01       		.byte	1
 338 0135 20       		.byte	32
 339 0136 02       		.byte	2
 340 0137 01       		.byte	1
 341 0138 03       		.byte	3
 342 0139 20       		.byte	32
ARM GAS  C:\Users\Trung\AppData\Local\Temp\cc3YWWfn.s 			page 7


 343 013a 04       		.byte	4
 344 013b 10       		.byte	16
 345 013c 06       		.byte	6
 346 013d C2       		.byte	-62
 347 013e 07       		.byte	7
 348 013f 20       		.byte	32
 349 0140 09       		.byte	9
 350 0141 40       		.byte	64
 351 0142 0A       		.byte	10
 352 0143 40       		.byte	64
 353 0144 0B       		.byte	11
 354 0145 18       		.byte	24
 355 0146 0E       		.byte	14
 356 0147 08       		.byte	8
 357 0148 0F       		.byte	15
 358 0149 56       		.byte	86
 359 014a 10       		.byte	16
 360 014b 28       		.byte	40
 361 014c 13       		.byte	19
 362 014d 42       		.byte	66
 363 014e 14       		.byte	20
 364 014f 40       		.byte	64
 365 0150 15       		.byte	21
 366 0151 01       		.byte	1
 367 0152 16       		.byte	22
 368 0153 08       		.byte	8
 369 0154 17       		.byte	23
 370 0155 48       		.byte	72
 371 0156 19       		.byte	25
 372 0157 60       		.byte	96
 373 0158 1A       		.byte	26
 374 0159 40       		.byte	64
 375 015a 1B       		.byte	27
 376 015b 01       		.byte	1
 377 015c 1C       		.byte	28
 378 015d 10       		.byte	16
 379 015e 1D       		.byte	29
 380 015f 04       		.byte	4
 381 0160 1E       		.byte	30
 382 0161 24       		.byte	36
 383 0162 1F       		.byte	31
 384 0163 14       		.byte	20
 385 0164 20       		.byte	32
 386 0165 02       		.byte	2
 387 0166 21       		.byte	33
 388 0167 04       		.byte	4
 389 0168 22       		.byte	34
 390 0169 08       		.byte	8
 391 016a 23       		.byte	35
 392 016b 50       		.byte	80
 393 016c 26       		.byte	38
 394 016d 02       		.byte	2
 395 016e 27       		.byte	39
 396 016f 40       		.byte	64
 397 0170 29       		.byte	41
 398 0171 14       		.byte	20
 399 0172 2B       		.byte	43
ARM GAS  C:\Users\Trung\AppData\Local\Temp\cc3YWWfn.s 			page 8


 400 0173 01       		.byte	1
 401 0174 2E       		.byte	46
 402 0175 82       		.byte	-126
 403 0176 2F       		.byte	47
 404 0177 04       		.byte	4
 405 0178 32       		.byte	50
 406 0179 08       		.byte	8
 407 017a 36       		.byte	54
 408 017b 0A       		.byte	10
 409 017c 3A       		.byte	58
 410 017d 03       		.byte	3
 411 017e 3B       		.byte	59
 412 017f 66       		.byte	102
 413 0180 3D       		.byte	61
 414 0181 01       		.byte	1
 415 0182 3E       		.byte	62
 416 0183 40       		.byte	64
 417 0184 3F       		.byte	63
 418 0185 04       		.byte	4
 419 0186 5D       		.byte	93
 420 0187 40       		.byte	64
 421 0188 5E       		.byte	94
 422 0189 40       		.byte	64
 423 018a 93       		.byte	-109
 424 018b 02       		.byte	2
 425 018c 95       		.byte	-107
 426 018d 49       		.byte	73
 427 018e 96       		.byte	-106
 428 018f 90       		.byte	-112
 429 0190 97       		.byte	-105
 430 0191 4C       		.byte	76
 431 0192 99       		.byte	-103
 432 0193 11       		.byte	17
 433 0194 9A       		.byte	-102
 434 0195 08       		.byte	8
 435 0196 9B       		.byte	-101
 436 0197 2A       		.byte	42
 437 0198 9D       		.byte	-99
 438 0199 04       		.byte	4
 439 019a 9E       		.byte	-98
 440 019b 80       		.byte	-128
 441 019c A1       		.byte	-95
 442 019d 40       		.byte	64
 443 019e A4       		.byte	-92
 444 019f 80       		.byte	-128
 445 01a0 A6       		.byte	-90
 446 01a1 08       		.byte	8
 447 01a2 AE       		.byte	-82
 448 01a3 40       		.byte	64
 449 01a4 AF       		.byte	-81
 450 01a5 10       		.byte	16
 451 01a6 C0       		.byte	-64
 452 01a7 FF       		.byte	-1
 453 01a8 C2       		.byte	-62
 454 01a9 FF       		.byte	-1
 455 01aa C4       		.byte	-60
 456 01ab FF       		.byte	-1
ARM GAS  C:\Users\Trung\AppData\Local\Temp\cc3YWWfn.s 			page 9


 457 01ac CA       		.byte	-54
 458 01ad BE       		.byte	-66
 459 01ae CC       		.byte	-52
 460 01af C2       		.byte	-62
 461 01b0 CE       		.byte	-50
 462 01b1 DF       		.byte	-33
 463 01b2 EE       		.byte	-18
 464 01b3 04       		.byte	4
 465 01b4 00       		.byte	0
 466 01b5 04       		.byte	4
 467 01b6 02       		.byte	2
 468 01b7 E0       		.byte	-32
 469 01b8 06       		.byte	6
 470 01b9 FF       		.byte	-1
 471 01ba 08       		.byte	8
 472 01bb 40       		.byte	64
 473 01bc 0A       		.byte	10
 474 01bd 1D       		.byte	29
 475 01be 0C       		.byte	12
 476 01bf 3D       		.byte	61
 477 01c0 0E       		.byte	14
 478 01c1 C2       		.byte	-62
 479 01c2 12       		.byte	18
 480 01c3 08       		.byte	8
 481 01c4 14       		.byte	20
 482 01c5 92       		.byte	-110
 483 01c6 16       		.byte	22
 484 01c7 60       		.byte	96
 485 01c8 18       		.byte	24
 486 01c9 5D       		.byte	93
 487 01ca 1A       		.byte	26
 488 01cb A2       		.byte	-94
 489 01cc 1C       		.byte	28
 490 01cd E2       		.byte	-30
 491 01ce 22       		.byte	34
 492 01cf 02       		.byte	2
 493 01d0 24       		.byte	36
 494 01d1 01       		.byte	1
 495 01d2 28       		.byte	40
 496 01d3 01       		.byte	1
 497 01d4 2C       		.byte	44
 498 01d5 0D       		.byte	13
 499 01d6 34       		.byte	52
 500 01d7 FF       		.byte	-1
 501 01d8 3A       		.byte	58
 502 01d9 08       		.byte	8
 503 01da 3E       		.byte	62
 504 01db 10       		.byte	16
 505 01dc 58       		.byte	88
 506 01dd 04       		.byte	4
 507 01de 5C       		.byte	92
 508 01df 01       		.byte	1
 509 01e0 5F       		.byte	95
 510 01e1 01       		.byte	1
 511 01e2 81       		.byte	-127
 512 01e3 22       		.byte	34
 513 01e4 82       		.byte	-126
ARM GAS  C:\Users\Trung\AppData\Local\Temp\cc3YWWfn.s 			page 10


 514 01e5 01       		.byte	1
 515 01e6 83       		.byte	-125
 516 01e7 05       		.byte	5
 517 01e8 84       		.byte	-124
 518 01e9 A9       		.byte	-87
 519 01ea 85       		.byte	-123
 520 01eb 01       		.byte	1
 521 01ec 86       		.byte	-122
 522 01ed 54       		.byte	84
 523 01ee 88       		.byte	-120
 524 01ef CC       		.byte	-52
 525 01f0 89       		.byte	-119
 526 01f1 01       		.byte	1
 527 01f2 8A       		.byte	-118
 528 01f3 13       		.byte	19
 529 01f4 8D       		.byte	-115
 530 01f5 03       		.byte	3
 531 01f6 8E       		.byte	-114
 532 01f7 04       		.byte	4
 533 01f8 90       		.byte	-112
 534 01f9 02       		.byte	2
 535 01fa 91       		.byte	-111
 536 01fb 7F       		.byte	127
 537 01fc 94       		.byte	-108
 538 01fd 4D       		.byte	77
 539 01fe 95       		.byte	-107
 540 01ff 3A       		.byte	58
 541 0200 96       		.byte	-106
 542 0201 92       		.byte	-110
 543 0202 97       		.byte	-105
 544 0203 04       		.byte	4
 545 0204 99       		.byte	-103
 546 0205 01       		.byte	1
 547 0206 9A       		.byte	-102
 548 0207 B5       		.byte	-75
 549 0208 9C       		.byte	-100
 550 0209 FF       		.byte	-1
 551 020a 9D       		.byte	-99
 552 020b 05       		.byte	5
 553 020c 9F       		.byte	-97
 554 020d 78       		.byte	120
 555 020e A0       		.byte	-96
 556 020f A5       		.byte	-91
 557 0210 A1       		.byte	-95
 558 0211 08       		.byte	8
 559 0212 A2       		.byte	-94
 560 0213 4A       		.byte	74
 561 0214 A3       		.byte	-93
 562 0215 07       		.byte	7
 563 0216 A4       		.byte	-92
 564 0217 04       		.byte	4
 565 0218 A5       		.byte	-91
 566 0219 40       		.byte	64
 567 021a A7       		.byte	-89
 568 021b 07       		.byte	7
 569 021c A9       		.byte	-87
 570 021d 10       		.byte	16
ARM GAS  C:\Users\Trung\AppData\Local\Temp\cc3YWWfn.s 			page 11


 571 021e AA       		.byte	-86
 572 021f 02       		.byte	2
 573 0220 AB       		.byte	-85
 574 0221 07       		.byte	7
 575 0222 AC       		.byte	-84
 576 0223 1A       		.byte	26
 577 0224 AD       		.byte	-83
 578 0225 03       		.byte	3
 579 0226 AE       		.byte	-82
 580 0227 60       		.byte	96
 581 0228 B0       		.byte	-80
 582 0229 FF       		.byte	-1
 583 022a B7       		.byte	-73
 584 022b 7F       		.byte	127
 585 022c BE       		.byte	-66
 586 022d 01       		.byte	1
 587 022e BF       		.byte	-65
 588 022f 40       		.byte	64
 589 0230 C0       		.byte	-64
 590 0231 32       		.byte	50
 591 0232 C1       		.byte	-63
 592 0233 04       		.byte	4
 593 0234 C5       		.byte	-59
 594 0235 E0       		.byte	-32
 595 0236 C6       		.byte	-58
 596 0237 0C       		.byte	12
 597 0238 C7       		.byte	-57
 598 0239 BE       		.byte	-66
 599 023a C8       		.byte	-56
 600 023b 36       		.byte	54
 601 023c C9       		.byte	-55
 602 023d FF       		.byte	-1
 603 023e CA       		.byte	-54
 604 023f FF       		.byte	-1
 605 0240 CB       		.byte	-53
 606 0241 FF       		.byte	-1
 607 0242 CE       		.byte	-50
 608 0243 F0       		.byte	-16
 609 0244 CF       		.byte	-49
 610 0245 44       		.byte	68
 611 0246 D0       		.byte	-48
 612 0247 0C       		.byte	12
 613 0248 D4       		.byte	-44
 614 0249 01       		.byte	1
 615 024a D8       		.byte	-40
 616 024b 04       		.byte	4
 617 024c D9       		.byte	-39
 618 024d 04       		.byte	4
 619 024e DA       		.byte	-38
 620 024f 04       		.byte	4
 621 0250 DB       		.byte	-37
 622 0251 04       		.byte	4
 623 0252 DD       		.byte	-35
 624 0253 11       		.byte	17
 625 0254 DF       		.byte	-33
 626 0255 01       		.byte	1
 627 0256 E6       		.byte	-26
ARM GAS  C:\Users\Trung\AppData\Local\Temp\cc3YWWfn.s 			page 12


 628 0257 C0       		.byte	-64
 629 0258 EA       		.byte	-22
 630 0259 40       		.byte	64
 631 025a EB       		.byte	-21
 632 025b 02       		.byte	2
 633 025c 01       		.byte	1
 634 025d 45       		.byte	69
 635 025e 02       		.byte	2
 636 025f 08       		.byte	8
 637 0260 05       		.byte	5
 638 0261 24       		.byte	36
 639 0262 06       		.byte	6
 640 0263 02       		.byte	2
 641 0264 07       		.byte	7
 642 0265 42       		.byte	66
 643 0266 0A       		.byte	10
 644 0267 11       		.byte	17
 645 0268 0B       		.byte	11
 646 0269 4A       		.byte	74
 647 026a 0C       		.byte	12
 648 026b 20       		.byte	32
 649 026c 0D       		.byte	13
 650 026d 04       		.byte	4
 651 026e 0E       		.byte	14
 652 026f 03       		.byte	3
 653 0270 0F       		.byte	15
 654 0271 44       		.byte	68
 655 0272 10       		.byte	16
 656 0273 02       		.byte	2
 657 0274 13       		.byte	19
 658 0275 2A       		.byte	42
 659 0276 14       		.byte	20
 660 0277 20       		.byte	32
 661 0278 15       		.byte	21
 662 0279 51       		.byte	81
 663 027a 17       		.byte	23
 664 027b A8       		.byte	-88
 665 027c 19       		.byte	25
 666 027d 10       		.byte	16
 667 027e 1A       		.byte	26
 668 027f 20       		.byte	32
 669 0280 1D       		.byte	29
 670 0281 01       		.byte	1
 671 0282 25       		.byte	37
 672 0283 40       		.byte	64
 673 0284 2C       		.byte	44
 674 0285 A2       		.byte	-94
 675 0286 2D       		.byte	45
 676 0287 24       		.byte	36
 677 0288 2E       		.byte	46
 678 0289 90       		.byte	-112
 679 028a 34       		.byte	52
 680 028b 20       		.byte	32
 681 028c 35       		.byte	53
 682 028d 04       		.byte	4
 683 028e 36       		.byte	54
 684 028f 01       		.byte	1
ARM GAS  C:\Users\Trung\AppData\Local\Temp\cc3YWWfn.s 			page 13


 685 0290 37       		.byte	55
 686 0291 80       		.byte	-128
 687 0292 3D       		.byte	61
 688 0293 11       		.byte	17
 689 0294 3E       		.byte	62
 690 0295 0C       		.byte	12
 691 0296 3F       		.byte	63
 692 0297 40       		.byte	64
 693 0298 44       		.byte	68
 694 0299 40       		.byte	64
 695 029a 45       		.byte	69
 696 029b 08       		.byte	8
 697 029c 46       		.byte	70
 698 029d 04       		.byte	4
 699 029e 4F       		.byte	79
 700 029f 01       		.byte	1
 701 02a0 56       		.byte	86
 702 02a1 40       		.byte	64
 703 02a2 57       		.byte	87
 704 02a3 06       		.byte	6
 705 02a4 5E       		.byte	94
 706 02a5 48       		.byte	72
 707 02a6 5F       		.byte	95
 708 02a7 11       		.byte	17
 709 02a8 92       		.byte	-110
 710 02a9 44       		.byte	68
 711 02aa 96       		.byte	-106
 712 02ab A0       		.byte	-96
 713 02ac 98       		.byte	-104
 714 02ad 40       		.byte	64
 715 02ae 9A       		.byte	-102
 716 02af 06       		.byte	6
 717 02b0 9B       		.byte	-101
 718 02b1 68       		.byte	104
 719 02b2 9E       		.byte	-98
 720 02b3 40       		.byte	64
 721 02b4 A1       		.byte	-95
 722 02b5 08       		.byte	8
 723 02b6 A2       		.byte	-94
 724 02b7 05       		.byte	5
 725 02b8 A7       		.byte	-89
 726 02b9 06       		.byte	6
 727 02ba B0       		.byte	-80
 728 02bb 02       		.byte	2
 729 02bc B1       		.byte	-79
 730 02bd 40       		.byte	64
 731 02be B2       		.byte	-78
 732 02bf 84       		.byte	-124
 733 02c0 C0       		.byte	-64
 734 02c1 FF       		.byte	-1
 735 02c2 C2       		.byte	-62
 736 02c3 FF       		.byte	-1
 737 02c4 C4       		.byte	-60
 738 02c5 FF       		.byte	-1
 739 02c6 CA       		.byte	-54
 740 02c7 F0       		.byte	-16
 741 02c8 CC       		.byte	-52
ARM GAS  C:\Users\Trung\AppData\Local\Temp\cc3YWWfn.s 			page 14


 742 02c9 F0       		.byte	-16
 743 02ca CE       		.byte	-50
 744 02cb F0       		.byte	-16
 745 02cc D0       		.byte	-48
 746 02cd E0       		.byte	-32
 747 02ce D6       		.byte	-42
 748 02cf F0       		.byte	-16
 749 02d0 00       		.byte	0
 750 02d1 30       		.byte	48
 751 02d2 01       		.byte	1
 752 02d3 0C       		.byte	12
 753 02d4 02       		.byte	2
 754 02d5 48       		.byte	72
 755 02d6 03       		.byte	3
 756 02d7 11       		.byte	17
 757 02d8 04       		.byte	4
 758 02d9 3A       		.byte	58
 759 02da 05       		.byte	5
 760 02db 20       		.byte	32
 761 02dc 06       		.byte	6
 762 02dd C0       		.byte	-64
 763 02de 07       		.byte	7
 764 02df 03       		.byte	3
 765 02e0 08       		.byte	8
 766 02e1 04       		.byte	4
 767 02e2 0A       		.byte	10
 768 02e3 58       		.byte	88
 769 02e4 0E       		.byte	14
 770 02e5 80       		.byte	-128
 771 02e6 11       		.byte	17
 772 02e7 10       		.byte	16
 773 02e8 15       		.byte	21
 774 02e9 10       		.byte	16
 775 02ea 17       		.byte	23
 776 02eb 0C       		.byte	12
 777 02ec 18       		.byte	24
 778 02ed 01       		.byte	1
 779 02ee 19       		.byte	25
 780 02ef 1C       		.byte	28
 781 02f0 1B       		.byte	27
 782 02f1 02       		.byte	2
 783 02f2 1C       		.byte	28
 784 02f3 3A       		.byte	58
 785 02f4 1E       		.byte	30
 786 02f5 40       		.byte	64
 787 02f6 21       		.byte	33
 788 02f7 09       		.byte	9
 789 02f8 23       		.byte	35
 790 02f9 10       		.byte	16
 791 02fa 24       		.byte	36
 792 02fb A0       		.byte	-96
 793 02fc 26       		.byte	38
 794 02fd 4A       		.byte	74
 795 02fe 2D       		.byte	45
 796 02ff 14       		.byte	20
 797 0300 30       		.byte	48
 798 0301 08       		.byte	8
ARM GAS  C:\Users\Trung\AppData\Local\Temp\cc3YWWfn.s 			page 15


 799 0302 32       		.byte	50
 800 0303 F0       		.byte	-16
 801 0304 33       		.byte	51
 802 0305 1F       		.byte	31
 803 0306 34       		.byte	52
 804 0307 01       		.byte	1
 805 0308 36       		.byte	54
 806 0309 06       		.byte	6
 807 030a 37       		.byte	55
 808 030b 20       		.byte	32
 809 030c 38       		.byte	56
 810 030d 80       		.byte	-128
 811 030e 3A       		.byte	58
 812 030f 08       		.byte	8
 813 0310 3E       		.byte	62
 814 0311 11       		.byte	17
 815 0312 3F       		.byte	63
 816 0313 40       		.byte	64
 817 0314 52       		.byte	82
 818 0315 F6       		.byte	-10
 819 0316 58       		.byte	88
 820 0317 04       		.byte	4
 821 0318 59       		.byte	89
 822 0319 04       		.byte	4
 823 031a 5B       		.byte	91
 824 031b 04       		.byte	4
 825 031c 5C       		.byte	92
 826 031d 11       		.byte	17
 827 031e 5F       		.byte	95
 828 031f 01       		.byte	1
 829 0320 80       		.byte	-128
 830 0321 01       		.byte	1
 831 0322 85       		.byte	-123
 832 0323 1F       		.byte	31
 833 0324 89       		.byte	-119
 834 0325 1F       		.byte	31
 835 0326 8A       		.byte	-118
 836 0327 02       		.byte	2
 837 0328 8E       		.byte	-114
 838 0329 02       		.byte	2
 839 032a 95       		.byte	-107
 840 032b 14       		.byte	20
 841 032c 96       		.byte	-106
 842 032d 04       		.byte	4
 843 032e 97       		.byte	-105
 844 032f 89       		.byte	-119
 845 0330 99       		.byte	-103
 846 0331 01       		.byte	1
 847 0332 9B       		.byte	-101
 848 0333 46       		.byte	70
 849 0334 A2       		.byte	-94
 850 0335 04       		.byte	4
 851 0336 A4       		.byte	-92
 852 0337 01       		.byte	1
 853 0338 A8       		.byte	-88
 854 0339 01       		.byte	1
 855 033a AD       		.byte	-83
ARM GAS  C:\Users\Trung\AppData\Local\Temp\cc3YWWfn.s 			page 16


 856 033b 0A       		.byte	10
 857 033c AF       		.byte	-81
 858 033d B1       		.byte	-79
 859 033e B0       		.byte	-80
 860 033f 04       		.byte	4
 861 0340 B1       		.byte	-79
 862 0341 20       		.byte	32
 863 0342 B3       		.byte	-77
 864 0343 18       		.byte	24
 865 0344 B4       		.byte	-76
 866 0345 02       		.byte	2
 867 0346 B5       		.byte	-75
 868 0347 07       		.byte	7
 869 0348 B6       		.byte	-74
 870 0349 01       		.byte	1
 871 034a B7       		.byte	-73
 872 034b C0       		.byte	-64
 873 034c BE       		.byte	-66
 874 034d 11       		.byte	17
 875 034e BF       		.byte	-65
 876 034f 40       		.byte	64
 877 0350 C0       		.byte	-64
 878 0351 25       		.byte	37
 879 0352 C1       		.byte	-63
 880 0353 06       		.byte	6
 881 0354 C2       		.byte	-62
 882 0355 03       		.byte	3
 883 0356 C4       		.byte	-60
 884 0357 01       		.byte	1
 885 0358 C5       		.byte	-59
 886 0359 CE       		.byte	-50
 887 035a C8       		.byte	-56
 888 035b 03       		.byte	3
 889 035c C9       		.byte	-55
 890 035d FF       		.byte	-1
 891 035e CA       		.byte	-54
 892 035f FF       		.byte	-1
 893 0360 CB       		.byte	-53
 894 0361 FF       		.byte	-1
 895 0362 CC       		.byte	-52
 896 0363 62       		.byte	98
 897 0364 CD       		.byte	-51
 898 0365 A0       		.byte	-96
 899 0366 CE       		.byte	-50
 900 0367 F0       		.byte	-16
 901 0368 CF       		.byte	-49
 902 0369 41       		.byte	65
 903 036a D0       		.byte	-48
 904 036b 0C       		.byte	12
 905 036c D4       		.byte	-44
 906 036d 18       		.byte	24
 907 036e D6       		.byte	-42
 908 036f 04       		.byte	4
 909 0370 D8       		.byte	-40
 910 0371 04       		.byte	4
 911 0372 D9       		.byte	-39
 912 0373 04       		.byte	4
ARM GAS  C:\Users\Trung\AppData\Local\Temp\cc3YWWfn.s 			page 17


 913 0374 DA       		.byte	-38
 914 0375 04       		.byte	4
 915 0376 DB       		.byte	-37
 916 0377 04       		.byte	4
 917 0378 DC       		.byte	-36
 918 0379 11       		.byte	17
 919 037a DD       		.byte	-35
 920 037b 11       		.byte	17
 921 037c DF       		.byte	-33
 922 037d 01       		.byte	1
 923 037e E6       		.byte	-26
 924 037f 40       		.byte	64
 925 0380 E7       		.byte	-25
 926 0381 02       		.byte	2
 927 0382 E9       		.byte	-23
 928 0383 10       		.byte	16
 929 0384 EA       		.byte	-22
 930 0385 30       		.byte	48
 931 0386 EB       		.byte	-21
 932 0387 10       		.byte	16
 933 0388 ED       		.byte	-19
 934 0389 10       		.byte	16
 935 038a EE       		.byte	-18
 936 038b 10       		.byte	16
 937 038c EF       		.byte	-17
 938 038d 12       		.byte	18
 939 038e 00       		.byte	0
 940 038f A2       		.byte	-94
 941 0390 05       		.byte	5
 942 0391 44       		.byte	68
 943 0392 06       		.byte	6
 944 0393 44       		.byte	68
 945 0394 07       		.byte	7
 946 0395 04       		.byte	4
 947 0396 0A       		.byte	10
 948 0397 10       		.byte	16
 949 0398 0C       		.byte	12
 950 0399 40       		.byte	64
 951 039a 0E       		.byte	14
 952 039b 01       		.byte	1
 953 039c 0F       		.byte	15
 954 039d 08       		.byte	8
 955 039e 10       		.byte	16
 956 039f 80       		.byte	-128
 957 03a0 11       		.byte	17
 958 03a1 14       		.byte	20
 959 03a2 15       		.byte	21
 960 03a3 08       		.byte	8
 961 03a4 19       		.byte	25
 962 03a5 90       		.byte	-112
 963 03a6 1A       		.byte	26
 964 03a7 02       		.byte	2
 965 03a8 1B       		.byte	27
 966 03a9 01       		.byte	1
 967 03aa 1D       		.byte	29
 968 03ab 4C       		.byte	76
 969 03ac 1E       		.byte	30
ARM GAS  C:\Users\Trung\AppData\Local\Temp\cc3YWWfn.s 			page 18


 970 03ad 48       		.byte	72
 971 03ae 1F       		.byte	31
 972 03af 40       		.byte	64
 973 03b0 20       		.byte	32
 974 03b1 41       		.byte	65
 975 03b2 21       		.byte	33
 976 03b3 20       		.byte	32
 977 03b4 22       		.byte	34
 978 03b5 04       		.byte	4
 979 03b6 25       		.byte	37
 980 03b7 44       		.byte	68
 981 03b8 28       		.byte	40
 982 03b9 02       		.byte	2
 983 03ba 2F       		.byte	47
 984 03bb 42       		.byte	66
 985 03bc 30       		.byte	48
 986 03bd 10       		.byte	16
 987 03be 31       		.byte	49
 988 03bf 20       		.byte	32
 989 03c0 32       		.byte	50
 990 03c1 04       		.byte	4
 991 03c2 35       		.byte	53
 992 03c3 06       		.byte	6
 993 03c4 36       		.byte	54
 994 03c5 10       		.byte	16
 995 03c6 39       		.byte	57
 996 03c7 14       		.byte	20
 997 03c8 3D       		.byte	61
 998 03c9 08       		.byte	8
 999 03ca 3E       		.byte	62
 1000 03cb 01       		.byte	1
 1001 03cc 40       		.byte	64
 1002 03cd 01       		.byte	1
 1003 03ce 42       		.byte	66
 1004 03cf 10       		.byte	16
 1005 03d0 43       		.byte	67
 1006 03d1 20       		.byte	32
 1007 03d2 48       		.byte	72
 1008 03d3 90       		.byte	-112
 1009 03d4 49       		.byte	73
 1010 03d5 A0       		.byte	-96
 1011 03d6 59       		.byte	89
 1012 03d7 20       		.byte	32
 1013 03d8 5A       		.byte	90
 1014 03d9 20       		.byte	32
 1015 03da 5B       		.byte	91
 1016 03db 02       		.byte	2
 1017 03dc 61       		.byte	97
 1018 03dd 10       		.byte	16
 1019 03de 63       		.byte	99
 1020 03df 42       		.byte	66
 1021 03e0 6E       		.byte	110
 1022 03e1 04       		.byte	4
 1023 03e2 6F       		.byte	111
 1024 03e3 08       		.byte	8
 1025 03e4 76       		.byte	118
 1026 03e5 02       		.byte	2
ARM GAS  C:\Users\Trung\AppData\Local\Temp\cc3YWWfn.s 			page 19


 1027 03e6 77       		.byte	119
 1028 03e7 68       		.byte	104
 1029 03e8 87       		.byte	-121
 1030 03e9 40       		.byte	64
 1031 03ea 8E       		.byte	-114
 1032 03eb 40       		.byte	64
 1033 03ec 91       		.byte	-111
 1034 03ed 1C       		.byte	28
 1035 03ee 92       		.byte	-110
 1036 03ef 11       		.byte	17
 1037 03f0 94       		.byte	-108
 1038 03f1 40       		.byte	64
 1039 03f2 96       		.byte	-106
 1040 03f3 22       		.byte	34
 1041 03f4 99       		.byte	-103
 1042 03f5 02       		.byte	2
 1043 03f6 9B       		.byte	-101
 1044 03f7 06       		.byte	6
 1045 03f8 9C       		.byte	-100
 1046 03f9 12       		.byte	18
 1047 03fa 9D       		.byte	-99
 1048 03fb 44       		.byte	68
 1049 03fc A0       		.byte	-96
 1050 03fd 41       		.byte	65
 1051 03fe A2       		.byte	-94
 1052 03ff 11       		.byte	17
 1053 0400 A3       		.byte	-93
 1054 0401 20       		.byte	32
 1055 0402 A6       		.byte	-90
 1056 0403 80       		.byte	-128
 1057 0404 A7       		.byte	-89
 1058 0405 08       		.byte	8
 1059 0406 C0       		.byte	-64
 1060 0407 FB       		.byte	-5
 1061 0408 C2       		.byte	-62
 1062 0409 C4       		.byte	-60
 1063 040a C4       		.byte	-60
 1064 040b 2E       		.byte	46
 1065 040c CA       		.byte	-54
 1066 040d 98       		.byte	-104
 1067 040e CC       		.byte	-52
 1068 040f E6       		.byte	-26
 1069 0410 CE       		.byte	-50
 1070 0411 C6       		.byte	-58
 1071 0412 D0       		.byte	-48
 1072 0413 0E       		.byte	14
 1073 0414 D2       		.byte	-46
 1074 0415 0C       		.byte	12
 1075 0416 D6       		.byte	-42
 1076 0417 01       		.byte	1
 1077 0418 D8       		.byte	-40
 1078 0419 0D       		.byte	13
 1079 041a E2       		.byte	-30
 1080 041b 10       		.byte	16
 1081 041c 01       		.byte	1
 1082 041d 10       		.byte	16
 1083 041e 04       		.byte	4
ARM GAS  C:\Users\Trung\AppData\Local\Temp\cc3YWWfn.s 			page 20


 1084 041f 5C       		.byte	92
 1085 0420 05       		.byte	5
 1086 0421 18       		.byte	24
 1087 0422 06       		.byte	6
 1088 0423 23       		.byte	35
 1089 0424 08       		.byte	8
 1090 0425 73       		.byte	115
 1091 0426 09       		.byte	9
 1092 0427 08       		.byte	8
 1093 0428 0A       		.byte	10
 1094 0429 0C       		.byte	12
 1095 042a 0C       		.byte	12
 1096 042b 1F       		.byte	31
 1097 042c 0E       		.byte	14
 1098 042d 60       		.byte	96
 1099 042e 0F       		.byte	15
 1100 042f 04       		.byte	4
 1101 0430 10       		.byte	16
 1102 0431 01       		.byte	1
 1103 0432 13       		.byte	19
 1104 0433 63       		.byte	99
 1105 0434 14       		.byte	20
 1106 0435 7F       		.byte	127
 1107 0436 15       		.byte	21
 1108 0437 1C       		.byte	28
 1109 0438 17       		.byte	23
 1110 0439 E2       		.byte	-30
 1111 043a 18       		.byte	24
 1112 043b 03       		.byte	3
 1113 043c 19       		.byte	25
 1114 043d FF       		.byte	-1
 1115 043e 1C       		.byte	28
 1116 043f 02       		.byte	2
 1117 0440 1D       		.byte	29
 1118 0441 40       		.byte	64
 1119 0442 20       		.byte	32
 1120 0443 08       		.byte	8
 1121 0444 21       		.byte	33
 1122 0445 1C       		.byte	28
 1123 0446 23       		.byte	35
 1124 0447 E1       		.byte	-31
 1125 0448 24       		.byte	36
 1126 0449 04       		.byte	4
 1127 044a 25       		.byte	37
 1128 044b 60       		.byte	96
 1129 044c 28       		.byte	40
 1130 044d 0C       		.byte	12
 1131 044e 29       		.byte	41
 1132 044f E7       		.byte	-25
 1133 0450 2B       		.byte	43
 1134 0451 18       		.byte	24
 1135 0452 2D       		.byte	45
 1136 0453 24       		.byte	36
 1137 0454 2E       		.byte	46
 1138 0455 63       		.byte	99
 1139 0456 30       		.byte	48
 1140 0457 10       		.byte	16
ARM GAS  C:\Users\Trung\AppData\Local\Temp\cc3YWWfn.s 			page 21


 1141 0458 31       		.byte	49
 1142 0459 80       		.byte	-128
 1143 045a 32       		.byte	50
 1144 045b 4C       		.byte	76
 1145 045c 34       		.byte	52
 1146 045d 0F       		.byte	15
 1147 045e 35       		.byte	53
 1148 045f 1F       		.byte	31
 1149 0460 36       		.byte	54
 1150 0461 2C       		.byte	44
 1151 0462 37       		.byte	55
 1152 0463 60       		.byte	96
 1153 0464 39       		.byte	57
 1154 0465 02       		.byte	2
 1155 0466 3A       		.byte	58
 1156 0467 A0       		.byte	-96
 1157 0468 3B       		.byte	59
 1158 0469 20       		.byte	32
 1159 046a 3E       		.byte	62
 1160 046b 01       		.byte	1
 1161 046c 56       		.byte	86
 1162 046d 02       		.byte	2
 1163 046e 57       		.byte	87
 1164 046f 13       		.byte	19
 1165 0470 58       		.byte	88
 1166 0471 04       		.byte	4
 1167 0472 59       		.byte	89
 1168 0473 04       		.byte	4
 1169 0474 5B       		.byte	91
 1170 0475 04       		.byte	4
 1171 0476 5C       		.byte	92
 1172 0477 11       		.byte	17
 1173 0478 5D       		.byte	93
 1174 0479 10       		.byte	16
 1175 047a 5F       		.byte	95
 1176 047b 01       		.byte	1
 1177 047c 82       		.byte	-126
 1178 047d 20       		.byte	32
 1179 047e 84       		.byte	-124
 1180 047f 07       		.byte	7
 1181 0480 86       		.byte	-122
 1182 0481 58       		.byte	88
 1183 0482 8E       		.byte	-114
 1184 0483 70       		.byte	112
 1185 0484 94       		.byte	-108
 1186 0485 72       		.byte	114
 1187 0486 96       		.byte	-106
 1188 0487 0C       		.byte	12
 1189 0488 9C       		.byte	-100
 1190 0489 07       		.byte	7
 1191 048a 9E       		.byte	-98
 1192 048b 38       		.byte	56
 1193 048c A6       		.byte	-90
 1194 048d 0D       		.byte	13
 1195 048e A9       		.byte	-87
 1196 048f 01       		.byte	1
 1197 0490 B1       		.byte	-79
ARM GAS  C:\Users\Trung\AppData\Local\Temp\cc3YWWfn.s 			page 22


 1198 0491 01       		.byte	1
 1199 0492 B2       		.byte	-78
 1200 0493 3C       		.byte	60
 1201 0494 B4       		.byte	-76
 1202 0495 03       		.byte	3
 1203 0496 B6       		.byte	-74
 1204 0497 68       		.byte	104
 1205 0498 B8       		.byte	-72
 1206 0499 20       		.byte	32
 1207 049a BA       		.byte	-70
 1208 049b 88       		.byte	-120
 1209 049c BE       		.byte	-66
 1210 049d 10       		.byte	16
 1211 049e C0       		.byte	-64
 1212 049f 02       		.byte	2
 1213 04a0 C5       		.byte	-59
 1214 04a1 40       		.byte	64
 1215 04a2 C9       		.byte	-55
 1216 04a3 FF       		.byte	-1
 1217 04a4 CA       		.byte	-54
 1218 04a5 07       		.byte	7
 1219 04a6 CB       		.byte	-53
 1220 04a7 FF       		.byte	-1
 1221 04a8 CC       		.byte	-52
 1222 04a9 40       		.byte	64
 1223 04aa CD       		.byte	-51
 1224 04ab 20       		.byte	32
 1225 04ac CE       		.byte	-50
 1226 04ad F0       		.byte	-16
 1227 04ae CF       		.byte	-49
 1228 04af 05       		.byte	5
 1229 04b0 D0       		.byte	-48
 1230 04b1 08       		.byte	8
 1231 04b2 D8       		.byte	-40
 1232 04b3 04       		.byte	4
 1233 04b4 D9       		.byte	-39
 1234 04b5 04       		.byte	4
 1235 04b6 DA       		.byte	-38
 1236 04b7 04       		.byte	4
 1237 04b8 DC       		.byte	-36
 1238 04b9 01       		.byte	1
 1239 04ba DD       		.byte	-35
 1240 04bb 01       		.byte	1
 1241 04bc DF       		.byte	-33
 1242 04bd 01       		.byte	1
 1243 04be E0       		.byte	-32
 1244 04bf 40       		.byte	64
 1245 04c0 E1       		.byte	-31
 1246 04c1 A8       		.byte	-88
 1247 04c2 E2       		.byte	-30
 1248 04c3 40       		.byte	64
 1249 04c4 E3       		.byte	-29
 1250 04c5 20       		.byte	32
 1251 04c6 00       		.byte	0
 1252 04c7 08       		.byte	8
 1253 04c8 01       		.byte	1
 1254 04c9 A0       		.byte	-96
ARM GAS  C:\Users\Trung\AppData\Local\Temp\cc3YWWfn.s 			page 23


 1255 04ca 05       		.byte	5
 1256 04cb 46       		.byte	70
 1257 04cc 08       		.byte	8
 1258 04cd 52       		.byte	82
 1259 04ce 0A       		.byte	10
 1260 04cf 20       		.byte	32
 1261 04d0 0D       		.byte	13
 1262 04d1 04       		.byte	4
 1263 04d2 0E       		.byte	14
 1264 04d3 21       		.byte	33
 1265 04d4 10       		.byte	16
 1266 04d5 82       		.byte	-126
 1267 04d6 13       		.byte	19
 1268 04d7 14       		.byte	20
 1269 04d8 16       		.byte	22
 1270 04d9 20       		.byte	32
 1271 04da 17       		.byte	23
 1272 04db 04       		.byte	4
 1273 04dc 19       		.byte	25
 1274 04dd A1       		.byte	-95
 1275 04de 1A       		.byte	26
 1276 04df 10       		.byte	16
 1277 04e0 1B       		.byte	27
 1278 04e1 A0       		.byte	-96
 1279 04e2 1E       		.byte	30
 1280 04e3 25       		.byte	37
 1281 04e4 20       		.byte	32
 1282 04e5 88       		.byte	-120
 1283 04e6 23       		.byte	35
 1284 04e7 02       		.byte	2
 1285 04e8 26       		.byte	38
 1286 04e9 01       		.byte	1
 1287 04ea 28       		.byte	40
 1288 04eb 12       		.byte	18
 1289 04ec 29       		.byte	41
 1290 04ed 20       		.byte	32
 1291 04ee 2B       		.byte	43
 1292 04ef 80       		.byte	-128
 1293 04f0 2F       		.byte	47
 1294 04f1 08       		.byte	8
 1295 04f2 30       		.byte	48
 1296 04f3 42       		.byte	66
 1297 04f4 32       		.byte	50
 1298 04f5 99       		.byte	-103
 1299 04f6 38       		.byte	56
 1300 04f7 68       		.byte	104
 1301 04f8 3A       		.byte	58
 1302 04f9 02       		.byte	2
 1303 04fa 3E       		.byte	62
 1304 04fb 0C       		.byte	12
 1305 04fc 46       		.byte	70
 1306 04fd 08       		.byte	8
 1307 04fe 48       		.byte	72
 1308 04ff 04       		.byte	4
 1309 0500 4A       		.byte	74
 1310 0501 08       		.byte	8
 1311 0502 4D       		.byte	77
ARM GAS  C:\Users\Trung\AppData\Local\Temp\cc3YWWfn.s 			page 24


 1312 0503 02       		.byte	2
 1313 0504 56       		.byte	86
 1314 0505 20       		.byte	32
 1315 0506 59       		.byte	89
 1316 0507 01       		.byte	1
 1317 0508 68       		.byte	104
 1318 0509 01       		.byte	1
 1319 050a 69       		.byte	105
 1320 050b 14       		.byte	20
 1321 050c 70       		.byte	112
 1322 050d 94       		.byte	-108
 1323 050e 72       		.byte	114
 1324 050f 02       		.byte	2
 1325 0510 73       		.byte	115
 1326 0511 14       		.byte	20
 1327 0512 C0       		.byte	-64
 1328 0513 B7       		.byte	-73
 1329 0514 C2       		.byte	-62
 1330 0515 AF       		.byte	-81
 1331 0516 C4       		.byte	-60
 1332 0517 2F       		.byte	47
 1333 0518 CA       		.byte	-54
 1334 0519 2F       		.byte	47
 1335 051a CC       		.byte	-52
 1336 051b 0F       		.byte	15
 1337 051c CE       		.byte	-50
 1338 051d 0F       		.byte	15
 1339 051e D0       		.byte	-48
 1340 051f 20       		.byte	32
 1341 0520 D6       		.byte	-42
 1342 0521 01       		.byte	1
 1343 0522 E2       		.byte	-30
 1344 0523 04       		.byte	4
 1345 0524 01       		.byte	1
 1346 0525 FD       		.byte	-3
 1347 0526 02       		.byte	2
 1348 0527 10       		.byte	16
 1349 0528 04       		.byte	4
 1350 0529 41       		.byte	65
 1351 052a 05       		.byte	5
 1352 052b 10       		.byte	16
 1353 052c 06       		.byte	6
 1354 052d 84       		.byte	-124
 1355 052e 07       		.byte	7
 1356 052f 20       		.byte	32
 1357 0530 08       		.byte	8
 1358 0531 20       		.byte	32
 1359 0532 09       		.byte	9
 1360 0533 03       		.byte	3
 1361 0534 0C       		.byte	12
 1362 0535 20       		.byte	32
 1363 0536 0D       		.byte	13
 1364 0537 40       		.byte	64
 1365 0538 0F       		.byte	15
 1366 0539 04       		.byte	4
 1367 053a 10       		.byte	16
 1368 053b 46       		.byte	70
ARM GAS  C:\Users\Trung\AppData\Local\Temp\cc3YWWfn.s 			page 25


 1369 053c 12       		.byte	18
 1370 053d 80       		.byte	-128
 1371 053e 16       		.byte	22
 1372 053f 02       		.byte	2
 1373 0540 17       		.byte	23
 1374 0541 50       		.byte	80
 1375 0542 19       		.byte	25
 1376 0543 40       		.byte	64
 1377 0544 1B       		.byte	27
 1378 0545 08       		.byte	8
 1379 0546 1C       		.byte	28
 1380 0547 05       		.byte	5
 1381 0548 1D       		.byte	29
 1382 0549 3C       		.byte	60
 1383 054a 1E       		.byte	30
 1384 054b 0A       		.byte	10
 1385 054c 20       		.byte	32
 1386 054d 01       		.byte	1
 1387 054e 22       		.byte	34
 1388 054f 02       		.byte	2
 1389 0550 23       		.byte	35
 1390 0551 20       		.byte	32
 1391 0552 24       		.byte	36
 1392 0553 01       		.byte	1
 1393 0554 26       		.byte	38
 1394 0555 02       		.byte	2
 1395 0556 27       		.byte	39
 1396 0557 60       		.byte	96
 1397 0558 28       		.byte	40
 1398 0559 08       		.byte	8
 1399 055a 2A       		.byte	42
 1400 055b 05       		.byte	5
 1401 055c 2C       		.byte	44
 1402 055d 0F       		.byte	15
 1403 055e 2D       		.byte	45
 1404 055f 03       		.byte	3
 1405 0560 2F       		.byte	47
 1406 0561 80       		.byte	-128
 1407 0562 31       		.byte	49
 1408 0563 FC       		.byte	-4
 1409 0564 33       		.byte	51
 1410 0565 01       		.byte	1
 1411 0566 34       		.byte	52
 1412 0567 E0       		.byte	-32
 1413 0568 35       		.byte	53
 1414 0569 02       		.byte	2
 1415 056a 36       		.byte	54
 1416 056b 1F       		.byte	31
 1417 056c 38       		.byte	56
 1418 056d 20       		.byte	32
 1419 056e 39       		.byte	57
 1420 056f 2A       		.byte	42
 1421 0570 3E       		.byte	62
 1422 0571 10       		.byte	16
 1423 0572 3F       		.byte	63
 1424 0573 10       		.byte	16
 1425 0574 58       		.byte	88
ARM GAS  C:\Users\Trung\AppData\Local\Temp\cc3YWWfn.s 			page 26


 1426 0575 04       		.byte	4
 1427 0576 59       		.byte	89
 1428 0577 04       		.byte	4
 1429 0578 5F       		.byte	95
 1430 0579 01       		.byte	1
 1431 057a 81       		.byte	-127
 1432 057b 14       		.byte	20
 1433 057c 83       		.byte	-125
 1434 057d 01       		.byte	1
 1435 057e 89       		.byte	-119
 1436 057f C1       		.byte	-63
 1437 0580 8B       		.byte	-117
 1438 0581 02       		.byte	2
 1439 0582 8F       		.byte	-113
 1440 0583 10       		.byte	16
 1441 0584 90       		.byte	-112
 1442 0585 01       		.byte	1
 1443 0586 93       		.byte	-109
 1444 0587 40       		.byte	64
 1445 0588 95       		.byte	-107
 1446 0589 15       		.byte	21
 1447 058a 97       		.byte	-105
 1448 058b 80       		.byte	-128
 1449 058c 99       		.byte	-103
 1450 058d 01       		.byte	1
 1451 058e 9B       		.byte	-101
 1452 058f 0E       		.byte	14
 1453 0590 9D       		.byte	-99
 1454 0591 14       		.byte	20
 1455 0592 9F       		.byte	-97
 1456 0593 81       		.byte	-127
 1457 0594 A1       		.byte	-95
 1458 0595 C1       		.byte	-63
 1459 0596 A3       		.byte	-93
 1460 0597 08       		.byte	8
 1461 0598 A5       		.byte	-91
 1462 0599 95       		.byte	-107
 1463 059a A9       		.byte	-87
 1464 059b 20       		.byte	32
 1465 059c AD       		.byte	-83
 1466 059d 95       		.byte	-107
 1467 059e B0       		.byte	-80
 1468 059f 01       		.byte	1
 1469 05a0 B1       		.byte	-79
 1470 05a1 C0       		.byte	-64
 1471 05a2 B3       		.byte	-77
 1472 05a3 30       		.byte	48
 1473 05a4 B5       		.byte	-75
 1474 05a5 0F       		.byte	15
 1475 05a6 B9       		.byte	-71
 1476 05a7 08       		.byte	8
 1477 05a8 BB       		.byte	-69
 1478 05a9 20       		.byte	32
 1479 05aa BE       		.byte	-66
 1480 05ab 01       		.byte	1
 1481 05ac BF       		.byte	-65
 1482 05ad 04       		.byte	4
ARM GAS  C:\Users\Trung\AppData\Local\Temp\cc3YWWfn.s 			page 27


 1483 05ae D4       		.byte	-44
 1484 05af 20       		.byte	32
 1485 05b0 D6       		.byte	-42
 1486 05b1 04       		.byte	4
 1487 05b2 D8       		.byte	-40
 1488 05b3 04       		.byte	4
 1489 05b4 D9       		.byte	-39
 1490 05b5 04       		.byte	4
 1491 05b6 DB       		.byte	-37
 1492 05b7 04       		.byte	4
 1493 05b8 DF       		.byte	-33
 1494 05b9 01       		.byte	1
 1495 05ba 04       		.byte	4
 1496 05bb 10       		.byte	16
 1497 05bc 05       		.byte	5
 1498 05bd 85       		.byte	-123
 1499 05be 06       		.byte	6
 1500 05bf 08       		.byte	8
 1501 05c0 07       		.byte	7
 1502 05c1 01       		.byte	1
 1503 05c2 0B       		.byte	11
 1504 05c3 40       		.byte	64
 1505 05c4 0E       		.byte	14
 1506 05c5 42       		.byte	66
 1507 05c6 0F       		.byte	15
 1508 05c7 10       		.byte	16
 1509 05c8 15       		.byte	21
 1510 05c9 04       		.byte	4
 1511 05ca 16       		.byte	22
 1512 05cb 41       		.byte	65
 1513 05cc 17       		.byte	23
 1514 05cd 10       		.byte	16
 1515 05ce 1A       		.byte	26
 1516 05cf 80       		.byte	-128
 1517 05d0 1C       		.byte	28
 1518 05d1 08       		.byte	8
 1519 05d2 1E       		.byte	30
 1520 05d3 02       		.byte	2
 1521 05d4 1F       		.byte	31
 1522 05d5 40       		.byte	64
 1523 05d6 22       		.byte	34
 1524 05d7 21       		.byte	33
 1525 05d8 23       		.byte	35
 1526 05d9 A0       		.byte	-96
 1527 05da 25       		.byte	37
 1528 05db 05       		.byte	5
 1529 05dc 26       		.byte	38
 1530 05dd 04       		.byte	4
 1531 05de 27       		.byte	39
 1532 05df 18       		.byte	24
 1533 05e0 29       		.byte	41
 1534 05e1 14       		.byte	20
 1535 05e2 2A       		.byte	42
 1536 05e3 01       		.byte	1
 1537 05e4 2B       		.byte	43
 1538 05e5 01       		.byte	1
 1539 05e6 2C       		.byte	44
ARM GAS  C:\Users\Trung\AppData\Local\Temp\cc3YWWfn.s 			page 28


 1540 05e7 20       		.byte	32
 1541 05e8 2D       		.byte	45
 1542 05e9 84       		.byte	-124
 1543 05ea 2F       		.byte	47
 1544 05eb 40       		.byte	64
 1545 05ec 32       		.byte	50
 1546 05ed 29       		.byte	41
 1547 05ee 33       		.byte	51
 1548 05ef 40       		.byte	64
 1549 05f0 36       		.byte	54
 1550 05f1 98       		.byte	-104
 1551 05f2 39       		.byte	57
 1552 05f3 01       		.byte	1
 1553 05f4 3A       		.byte	58
 1554 05f5 40       		.byte	64
 1555 05f6 3B       		.byte	59
 1556 05f7 20       		.byte	32
 1557 05f8 3C       		.byte	60
 1558 05f9 10       		.byte	16
 1559 05fa 3D       		.byte	61
 1560 05fb 08       		.byte	8
 1561 05fc 3E       		.byte	62
 1562 05fd 42       		.byte	66
 1563 05fe 58       		.byte	88
 1564 05ff 02       		.byte	2
 1565 0600 5A       		.byte	90
 1566 0601 20       		.byte	32
 1567 0602 5B       		.byte	91
 1568 0603 84       		.byte	-124
 1569 0604 61       		.byte	97
 1570 0605 60       		.byte	96
 1571 0606 63       		.byte	99
 1572 0607 80       		.byte	-128
 1573 0608 7D       		.byte	125
 1574 0609 01       		.byte	1
 1575 060a 7F       		.byte	127
 1576 060b 40       		.byte	64
 1577 060c 81       		.byte	-127
 1578 060d 01       		.byte	1
 1579 060e 83       		.byte	-125
 1580 060f 40       		.byte	64
 1581 0610 92       		.byte	-110
 1582 0611 44       		.byte	68
 1583 0612 93       		.byte	-109
 1584 0613 32       		.byte	50
 1585 0614 95       		.byte	-107
 1586 0615 01       		.byte	1
 1587 0616 96       		.byte	-106
 1588 0617 80       		.byte	-128
 1589 0618 99       		.byte	-103
 1590 0619 45       		.byte	69
 1591 061a 9A       		.byte	-102
 1592 061b 03       		.byte	3
 1593 061c 9B       		.byte	-101
 1594 061d 40       		.byte	64
 1595 061e 9E       		.byte	-98
 1596 061f 40       		.byte	64
ARM GAS  C:\Users\Trung\AppData\Local\Temp\cc3YWWfn.s 			page 29


 1597 0620 A0       		.byte	-96
 1598 0621 20       		.byte	32
 1599 0622 A2       		.byte	-94
 1600 0623 18       		.byte	24
 1601 0624 A3       		.byte	-93
 1602 0625 01       		.byte	1
 1603 0626 A4       		.byte	-92
 1604 0627 08       		.byte	8
 1605 0628 A6       		.byte	-90
 1606 0629 04       		.byte	4
 1607 062a AD       		.byte	-83
 1608 062b 20       		.byte	32
 1609 062c B0       		.byte	-80
 1610 062d 40       		.byte	64
 1611 062e B3       		.byte	-77
 1612 062f 20       		.byte	32
 1613 0630 B4       		.byte	-76
 1614 0631 A0       		.byte	-96
 1615 0632 B6       		.byte	-74
 1616 0633 1A       		.byte	26
 1617 0634 C0       		.byte	-64
 1618 0635 F0       		.byte	-16
 1619 0636 C2       		.byte	-62
 1620 0637 B8       		.byte	-72
 1621 0638 C4       		.byte	-60
 1622 0639 F0       		.byte	-16
 1623 063a CA       		.byte	-54
 1624 063b DF       		.byte	-33
 1625 063c CC       		.byte	-52
 1626 063d 7F       		.byte	127
 1627 063e CE       		.byte	-50
 1628 063f FD       		.byte	-3
 1629 0640 D6       		.byte	-42
 1630 0641 0F       		.byte	15
 1631 0642 D8       		.byte	-40
 1632 0643 0D       		.byte	13
 1633 0644 E4       		.byte	-28
 1634 0645 01       		.byte	1
 1635 0646 EC       		.byte	-20
 1636 0647 02       		.byte	2
 1637 0648 00       		.byte	0
 1638 0649 01       		.byte	1
 1639 064a 01       		.byte	1
 1640 064b 22       		.byte	34
 1641 064c 02       		.byte	2
 1642 064d 0A       		.byte	10
 1643 064e 03       		.byte	3
 1644 064f 90       		.byte	-112
 1645 0650 05       		.byte	5
 1646 0651 40       		.byte	64
 1647 0652 07       		.byte	7
 1648 0653 21       		.byte	33
 1649 0654 09       		.byte	9
 1650 0655 20       		.byte	32
 1651 0656 0B       		.byte	11
 1652 0657 C0       		.byte	-64
 1653 0658 11       		.byte	17
ARM GAS  C:\Users\Trung\AppData\Local\Temp\cc3YWWfn.s 			page 30


 1654 0659 02       		.byte	2
 1655 065a 13       		.byte	19
 1656 065b 1C       		.byte	28
 1657 065c 15       		.byte	21
 1658 065d 66       		.byte	102
 1659 065e 17       		.byte	23
 1660 065f 08       		.byte	8
 1661 0660 1D       		.byte	29
 1662 0661 6C       		.byte	108
 1663 0662 1E       		.byte	30
 1664 0663 04       		.byte	4
 1665 0664 1F       		.byte	31
 1666 0665 02       		.byte	2
 1667 0666 20       		.byte	32
 1668 0667 01       		.byte	1
 1669 0668 21       		.byte	33
 1670 0669 04       		.byte	4
 1671 066a 22       		.byte	34
 1672 066b 02       		.byte	2
 1673 066c 23       		.byte	35
 1674 066d 6A       		.byte	106
 1675 066e 25       		.byte	37
 1676 066f 0E       		.byte	14
 1677 0670 27       		.byte	39
 1678 0671 60       		.byte	96
 1679 0672 2B       		.byte	43
 1680 0673 60       		.byte	96
 1681 0674 2D       		.byte	45
 1682 0675 0E       		.byte	14
 1683 0676 2F       		.byte	47
 1684 0677 60       		.byte	96
 1685 0678 30       		.byte	48
 1686 0679 04       		.byte	4
 1687 067a 31       		.byte	49
 1688 067b 1E       		.byte	30
 1689 067c 32       		.byte	50
 1690 067d 08       		.byte	8
 1691 067e 34       		.byte	52
 1692 067f 03       		.byte	3
 1693 0680 35       		.byte	53
 1694 0681 E0       		.byte	-32
 1695 0682 37       		.byte	55
 1696 0683 01       		.byte	1
 1697 0684 3B       		.byte	59
 1698 0685 22       		.byte	34
 1699 0686 40       		.byte	64
 1700 0687 26       		.byte	38
 1701 0688 44       		.byte	68
 1702 0689 01       		.byte	1
 1703 068a 46       		.byte	70
 1704 068b 0D       		.byte	13
 1705 068c 47       		.byte	71
 1706 068d 0B       		.byte	11
 1707 068e 48       		.byte	72
 1708 068f 14       		.byte	20
 1709 0690 49       		.byte	73
 1710 0691 FF       		.byte	-1
ARM GAS  C:\Users\Trung\AppData\Local\Temp\cc3YWWfn.s 			page 31


 1711 0692 4A       		.byte	74
 1712 0693 7F       		.byte	127
 1713 0694 4B       		.byte	75
 1714 0695 FF       		.byte	-1
 1715 0696 4C       		.byte	76
 1716 0697 42       		.byte	66
 1717 0698 4D       		.byte	77
 1718 0699 A0       		.byte	-96
 1719 069a 4E       		.byte	78
 1720 069b 70       		.byte	112
 1721 069c 50       		.byte	80
 1722 069d 0C       		.byte	12
 1723 069e 58       		.byte	88
 1724 069f 04       		.byte	4
 1725 06a0 59       		.byte	89
 1726 06a1 04       		.byte	4
 1727 06a2 5A       		.byte	90
 1728 06a3 04       		.byte	4
 1729 06a4 5F       		.byte	95
 1730 06a5 01       		.byte	1
 1731 06a6 61       		.byte	97
 1732 06a7 09       		.byte	9
 1733 06a8 62       		.byte	98
 1734 06a9 40       		.byte	64
 1735 06aa 63       		.byte	99
 1736 06ab 09       		.byte	9
 1737 06ac 64       		.byte	100
 1738 06ad 30       		.byte	48
 1739 06ae 65       		.byte	101
 1740 06af 09       		.byte	9
 1741 06b0 80       		.byte	-128
 1742 06b1 01       		.byte	1
 1743 06b2 82       		.byte	-126
 1744 06b3 32       		.byte	50
 1745 06b4 83       		.byte	-125
 1746 06b5 0F       		.byte	15
 1747 06b6 85       		.byte	-123
 1748 06b7 0F       		.byte	15
 1749 06b8 86       		.byte	-122
 1750 06b9 13       		.byte	19
 1751 06ba 8A       		.byte	-118
 1752 06bb 1B       		.byte	27
 1753 06bc 8B       		.byte	-117
 1754 06bd 0F       		.byte	15
 1755 06be 96       		.byte	-106
 1756 06bf 13       		.byte	19
 1757 06c0 97       		.byte	-105
 1758 06c1 04       		.byte	4
 1759 06c2 98       		.byte	-104
 1760 06c3 01       		.byte	1
 1761 06c4 9A       		.byte	-102
 1762 06c5 06       		.byte	6
 1763 06c6 9B       		.byte	-101
 1764 06c7 02       		.byte	2
 1765 06c8 9C       		.byte	-100
 1766 06c9 12       		.byte	18
 1767 06ca 9E       		.byte	-98
ARM GAS  C:\Users\Trung\AppData\Local\Temp\cc3YWWfn.s 			page 32


 1768 06cb 01       		.byte	1
 1769 06cc 9F       		.byte	-97
 1770 06cd 08       		.byte	8
 1771 06ce A0       		.byte	-96
 1772 06cf 01       		.byte	1
 1773 06d0 A2       		.byte	-94
 1774 06d1 04       		.byte	4
 1775 06d2 A3       		.byte	-93
 1776 06d3 08       		.byte	8
 1777 06d4 A5       		.byte	-91
 1778 06d5 0F       		.byte	15
 1779 06d6 A7       		.byte	-89
 1780 06d7 10       		.byte	16
 1781 06d8 AF       		.byte	-81
 1782 06d9 01       		.byte	1
 1783 06da B0       		.byte	-80
 1784 06db 10       		.byte	16
 1785 06dc B2       		.byte	-78
 1786 06dd 08       		.byte	8
 1787 06de B4       		.byte	-76
 1788 06df 07       		.byte	7
 1789 06e0 B5       		.byte	-75
 1790 06e1 10       		.byte	16
 1791 06e2 B6       		.byte	-74
 1792 06e3 20       		.byte	32
 1793 06e4 B7       		.byte	-73
 1794 06e5 0F       		.byte	15
 1795 06e6 BA       		.byte	-70
 1796 06e7 20       		.byte	32
 1797 06e8 BE       		.byte	-66
 1798 06e9 01       		.byte	1
 1799 06ea BF       		.byte	-65
 1800 06eb 40       		.byte	64
 1801 06ec C0       		.byte	-64
 1802 06ed 32       		.byte	50
 1803 06ee C5       		.byte	-59
 1804 06ef 50       		.byte	80
 1805 06f0 C7       		.byte	-57
 1806 06f1 02       		.byte	2
 1807 06f2 C8       		.byte	-56
 1808 06f3 12       		.byte	18
 1809 06f4 C9       		.byte	-55
 1810 06f5 FF       		.byte	-1
 1811 06f6 CA       		.byte	-54
 1812 06f7 FF       		.byte	-1
 1813 06f8 CB       		.byte	-53
 1814 06f9 FF       		.byte	-1
 1815 06fa CC       		.byte	-52
 1816 06fb 42       		.byte	66
 1817 06fc CD       		.byte	-51
 1818 06fd A0       		.byte	-96
 1819 06fe CE       		.byte	-50
 1820 06ff 70       		.byte	112
 1821 0700 D0       		.byte	-48
 1822 0701 08       		.byte	8
 1823 0702 D1       		.byte	-47
 1824 0703 10       		.byte	16
ARM GAS  C:\Users\Trung\AppData\Local\Temp\cc3YWWfn.s 			page 33


 1825 0704 D8       		.byte	-40
 1826 0705 04       		.byte	4
 1827 0706 D9       		.byte	-39
 1828 0707 04       		.byte	4
 1829 0708 DA       		.byte	-38
 1830 0709 04       		.byte	4
 1831 070a DF       		.byte	-33
 1832 070b 01       		.byte	1
 1833 070c E1       		.byte	-31
 1834 070d 48       		.byte	72
 1835 070e E2       		.byte	-30
 1836 070f 40       		.byte	64
 1837 0710 E3       		.byte	-29
 1838 0711 48       		.byte	72
 1839 0712 E4       		.byte	-28
 1840 0713 80       		.byte	-128
 1841 0714 E5       		.byte	-27
 1842 0715 48       		.byte	72
 1843 0716 E6       		.byte	-26
 1844 0717 80       		.byte	-128
 1845 0718 E7       		.byte	-25
 1846 0719 48       		.byte	72
 1847 071a 00       		.byte	0
 1848 071b 02       		.byte	2
 1849 071c 05       		.byte	5
 1850 071d 09       		.byte	9
 1851 071e 07       		.byte	7
 1852 071f 04       		.byte	4
 1853 0720 09       		.byte	9
 1854 0721 80       		.byte	-128
 1855 0722 0D       		.byte	13
 1856 0723 08       		.byte	8
 1857 0724 0E       		.byte	14
 1858 0725 0A       		.byte	10
 1859 0726 11       		.byte	17
 1860 0727 02       		.byte	2
 1861 0728 15       		.byte	21
 1862 0729 02       		.byte	2
 1863 072a 19       		.byte	25
 1864 072b 19       		.byte	25
 1865 072c 1D       		.byte	29
 1866 072d 08       		.byte	8
 1867 072e 1E       		.byte	30
 1868 072f 0A       		.byte	10
 1869 0730 1F       		.byte	31
 1870 0731 02       		.byte	2
 1871 0732 21       		.byte	33
 1872 0733 90       		.byte	-112
 1873 0734 22       		.byte	34
 1874 0735 13       		.byte	19
 1875 0736 25       		.byte	37
 1876 0737 10       		.byte	16
 1877 0738 27       		.byte	39
 1878 0739 05       		.byte	5
 1879 073a 28       		.byte	40
 1880 073b 40       		.byte	64
 1881 073c 29       		.byte	41
ARM GAS  C:\Users\Trung\AppData\Local\Temp\cc3YWWfn.s 			page 34


 1882 073d 04       		.byte	4
 1883 073e 2B       		.byte	43
 1884 073f 05       		.byte	5
 1885 0740 2C       		.byte	44
 1886 0741 40       		.byte	64
 1887 0742 2D       		.byte	45
 1888 0743 08       		.byte	8
 1889 0744 2E       		.byte	46
 1890 0745 40       		.byte	64
 1891 0746 2F       		.byte	47
 1892 0747 40       		.byte	64
 1893 0748 32       		.byte	50
 1894 0749 09       		.byte	9
 1895 074a 33       		.byte	51
 1896 074b 40       		.byte	64
 1897 074c 36       		.byte	54
 1898 074d 18       		.byte	24
 1899 074e 37       		.byte	55
 1900 074f 40       		.byte	64
 1901 0750 38       		.byte	56
 1902 0751 08       		.byte	8
 1903 0752 39       		.byte	57
 1904 0753 22       		.byte	34
 1905 0754 3B       		.byte	59
 1906 0755 02       		.byte	2
 1907 0756 3D       		.byte	61
 1908 0757 2A       		.byte	42
 1909 0758 3F       		.byte	63
 1910 0759 08       		.byte	8
 1911 075a 41       		.byte	65
 1912 075b 80       		.byte	-128
 1913 075c 42       		.byte	66
 1914 075d 04       		.byte	4
 1915 075e 47       		.byte	71
 1916 075f 28       		.byte	40
 1917 0760 48       		.byte	72
 1918 0761 04       		.byte	4
 1919 0762 4E       		.byte	78
 1920 0763 80       		.byte	-128
 1921 0764 50       		.byte	80
 1922 0765 08       		.byte	8
 1923 0766 52       		.byte	82
 1924 0767 40       		.byte	64
 1925 0768 56       		.byte	86
 1926 0769 08       		.byte	8
 1927 076a 85       		.byte	-123
 1928 076b 20       		.byte	32
 1929 076c 87       		.byte	-121
 1930 076d 02       		.byte	2
 1931 076e 88       		.byte	-120
 1932 076f 01       		.byte	1
 1933 0770 8C       		.byte	-116
 1934 0771 04       		.byte	4
 1935 0772 92       		.byte	-110
 1936 0773 44       		.byte	68
 1937 0774 93       		.byte	-109
 1938 0775 82       		.byte	-126
ARM GAS  C:\Users\Trung\AppData\Local\Temp\cc3YWWfn.s 			page 35


 1939 0776 96       		.byte	-106
 1940 0777 20       		.byte	32
 1941 0778 99       		.byte	-103
 1942 0779 04       		.byte	4
 1943 077a 9B       		.byte	-101
 1944 077b 68       		.byte	104
 1945 077c 9D       		.byte	-99
 1946 077d 10       		.byte	16
 1947 077e 9E       		.byte	-98
 1948 077f 48       		.byte	72
 1949 0780 9F       		.byte	-97
 1950 0781 01       		.byte	1
 1951 0782 A0       		.byte	-96
 1952 0783 04       		.byte	4
 1953 0784 A1       		.byte	-95
 1954 0785 05       		.byte	5
 1955 0786 A2       		.byte	-94
 1956 0787 18       		.byte	24
 1957 0788 A3       		.byte	-93
 1958 0789 01       		.byte	1
 1959 078a A4       		.byte	-92
 1960 078b 08       		.byte	8
 1961 078c A5       		.byte	-91
 1962 078d 20       		.byte	32
 1963 078e A6       		.byte	-90
 1964 078f 82       		.byte	-126
 1965 0790 A8       		.byte	-88
 1966 0791 02       		.byte	2
 1967 0792 AA       		.byte	-86
 1968 0793 22       		.byte	34
 1969 0794 AB       		.byte	-85
 1970 0795 04       		.byte	4
 1971 0796 AF       		.byte	-81
 1972 0797 40       		.byte	64
 1973 0798 C0       		.byte	-64
 1974 0799 78       		.byte	120
 1975 079a C2       		.byte	-62
 1976 079b E1       		.byte	-31
 1977 079c C4       		.byte	-60
 1978 079d 18       		.byte	24
 1979 079e CA       		.byte	-54
 1980 079f DF       		.byte	-33
 1981 07a0 CC       		.byte	-52
 1982 07a1 7B       		.byte	123
 1983 07a2 CE       		.byte	-50
 1984 07a3 E7       		.byte	-25
 1985 07a4 D0       		.byte	-48
 1986 07a5 6C       		.byte	108
 1987 07a6 D2       		.byte	-46
 1988 07a7 04       		.byte	4
 1989 07a8 EE       		.byte	-18
 1990 07a9 02       		.byte	2
 1991 07aa 33       		.byte	51
 1992 07ab 28       		.byte	40
 1993 07ac 35       		.byte	53
 1994 07ad 80       		.byte	-128
 1995 07ae 37       		.byte	55
ARM GAS  C:\Users\Trung\AppData\Local\Temp\cc3YWWfn.s 			page 36


 1996 07af 02       		.byte	2
 1997 07b0 CC       		.byte	-52
 1998 07b1 F0       		.byte	-16
 1999 07b2 87       		.byte	-121
 2000 07b3 08       		.byte	8
 2001 07b4 8F       		.byte	-113
 2002 07b5 02       		.byte	2
 2003 07b6 9D       		.byte	-99
 2004 07b7 80       		.byte	-128
 2005 07b8 9F       		.byte	-97
 2006 07b9 02       		.byte	2
 2007 07ba A7       		.byte	-89
 2008 07bb 28       		.byte	40
 2009 07bc E6       		.byte	-26
 2010 07bd 40       		.byte	64
 2011 07be 9D       		.byte	-99
 2012 07bf 80       		.byte	-128
 2013 07c0 A7       		.byte	-89
 2014 07c1 20       		.byte	32
 2015 07c2 9D       		.byte	-99
 2016 07c3 80       		.byte	-128
 2017 07c4 AB       		.byte	-85
 2018 07c5 20       		.byte	32
 2019 07c6 EE       		.byte	-18
 2020 07c7 20       		.byte	32
 2021 07c8 00       		.byte	0
 2022 07c9 08       		.byte	8
 2023 07ca 50       		.byte	80
 2024 07cb 08       		.byte	8
 2025 07cc C0       		.byte	-64
 2026 07cd 08       		.byte	8
 2027 07ce D4       		.byte	-44
 2028 07cf 04       		.byte	4
 2029 07d0 1B       		.byte	27
 2030 07d1 04       		.byte	4
 2031 07d2 B0       		.byte	-80
 2032 07d3 0C       		.byte	12
 2033 07d4 C6       		.byte	-58
 2034 07d5 08       		.byte	8
 2035 07d6 EA       		.byte	-22
 2036 07d7 04       		.byte	4
 2037 07d8 EC       		.byte	-20
 2038 07d9 04       		.byte	4
 2039 07da AB       		.byte	-85
 2040 07db 04       		.byte	4
 2041 07dc 81       		.byte	-127
 2042 07dd 80       		.byte	-128
 2043 07de 9D       		.byte	-99
 2044 07df 80       		.byte	-128
 2045 07e0 E2       		.byte	-30
 2046 07e1 20       		.byte	32
 2047 07e2 01       		.byte	1
 2048 07e3 20       		.byte	32
 2049 07e4 82       		.byte	-126
 2050 07e5 20       		.byte	32
 2051 07e6 A1       		.byte	-95
 2052 07e7 80       		.byte	-128
ARM GAS  C:\Users\Trung\AppData\Local\Temp\cc3YWWfn.s 			page 37


 2053 07e8 AD       		.byte	-83
 2054 07e9 80       		.byte	-128
 2055 07ea C0       		.byte	-64
 2056 07eb 02       		.byte	2
 2057 07ec 01       		.byte	1
 2058 07ed 02       		.byte	2
 2059 07ee 05       		.byte	5
 2060 07ef 04       		.byte	4
 2061 07f0 52       		.byte	82
 2062 07f1 20       		.byte	32
 2063 07f2 55       		.byte	85
 2064 07f3 80       		.byte	-128
 2065 07f4 89       		.byte	-119
 2066 07f5 02       		.byte	2
 2067 07f6 8D       		.byte	-115
 2068 07f7 04       		.byte	4
 2069 07f8 A1       		.byte	-95
 2070 07f9 80       		.byte	-128
 2071 07fa A2       		.byte	-94
 2072 07fb 20       		.byte	32
 2073 07fc AD       		.byte	-83
 2074 07fd 20       		.byte	32
 2075 07fe C0       		.byte	-64
 2076 07ff 0C       		.byte	12
 2077 0800 D4       		.byte	-44
 2078 0801 06       		.byte	6
 2079 0802 E2       		.byte	-30
 2080 0803 09       		.byte	9
 2081 0804 00       		.byte	0
 2082 0805 03       		.byte	3
 2083 0806 0C       		.byte	12
 2084 0807 03       		.byte	3
 2085 0808 0E       		.byte	14
 2086 0809 03       		.byte	3
 2087 080a 10       		.byte	16
 2088 080b 01       		.byte	1
 2089 080c 1C       		.byte	28
 2090 080d 01       		.byte	1
 2091 080e 00       		.byte	0
 2092 080f FF       		.byte	-1
 2093 0810 04       		.byte	4
 2094 0811 00       		.byte	0
 2095 0812 00       		.byte	0
 2096 0813 0F       		.byte	15
 2097 0814 0B       		.byte	11
 2098 0815 00       		.byte	0
 2099 0816 00       		.byte	0
 2100 0817 00       		.byte	0
 2101 0818 00       		.byte	0
 2102 0819 00       		.byte	0
 2103 081a 00       		.byte	0
 2104 081b 00       		.byte	0
 2105 081c 02       		.byte	2
 2106 081d 00       		.byte	0
 2107 081e 01       		.byte	1
 2108 081f 02       		.byte	2
 2109 0820 02       		.byte	2
ARM GAS  C:\Users\Trung\AppData\Local\Temp\cc3YWWfn.s 			page 38


 2110 0821 00       		.byte	0
 2111 0822 02       		.byte	2
 2112 0823 00       		.byte	0
 2113 0824 00       		.byte	0
 2114 0825 00       		.byte	0
 2115 0826 00       		.byte	0
 2116 0827 00       		.byte	0
 2117 0828 00       		.byte	0
 2118 0829 00       		.byte	0
 2119 082a 00       		.byte	0
 2120 082b 00       		.byte	0
 2121 082c 00       		.byte	0
 2122 082d 00       		.byte	0
 2123 082e C1       		.byte	-63
 2124 082f 00       		.byte	0
 2125 0830 03       		.byte	3
 2126 0831 00       		.byte	0
 2127 0832 00       		.byte	0
 2128 0833 03       		.byte	3
 2129 0834 00       		.byte	0
 2130 0835 00       		.byte	0
 2131 0836 03       		.byte	3
 2132 0837 00       		.byte	0
 2133 0838 00       		.byte	0
 2134 0839 00       		.byte	0
 2135 083a 00       		.byte	0
 2136 083b 00       		.byte	0
 2137 083c 00       		.byte	0
 2138 083d 80       		.byte	-128
 2139 083e 80       		.byte	-128
 2140 083f 00       		.byte	0
 2141 0840 00       		.byte	0
 2142 0841 00       		.byte	0
 2143 0842 00       		.byte	0
 2144 0843 00       		.byte	0
 2145 0844 0E       		.byte	14
 2146 0845 00       		.byte	0
 2147 0846 18       		.byte	24
 2148 0847 01       		.byte	1
 2149              		.section	.cywolatch,"a",%progbits
 2150              		.align	2
 2151              		.type	cy_meta_wonvl, %object
 2152              		.size	cy_meta_wonvl, 4
 2153              	cy_meta_wonvl:
 2154 0000 BC       		.byte	-68
 2155 0001 90       		.byte	-112
 2156 0002 AC       		.byte	-84
 2157 0003 AF       		.byte	-81
 2158              		.section	.cycustnvl,"a",%progbits
 2159              		.align	2
 2160              		.type	cy_meta_custnvl, %object
 2161              		.size	cy_meta_custnvl, 4
 2162              	cy_meta_custnvl:
 2163 0000 00       		.byte	0
 2164 0001 00       		.byte	0
 2165 0002 40       		.byte	64
 2166 0003 05       		.byte	5
ARM GAS  C:\Users\Trung\AppData\Local\Temp\cc3YWWfn.s 			page 39


 2167              		.section	.cymeta,"a",%progbits
 2168              		.align	2
 2169              		.type	cy_metadata, %object
 2170              		.size	cy_metadata, 12
 2171              	cy_metadata:
 2172 0000 00       		.byte	0
 2173 0001 01       		.byte	1
 2174 0002 2E       		.byte	46
 2175 0003 16       		.byte	22
 2176 0004 00       		.byte	0
 2177 0005 69       		.byte	105
 2178 0006 00       		.byte	0
 2179 0007 01       		.byte	1
 2180 0008 00       		.byte	0
 2181 0009 00       		.byte	0
 2182 000a 00       		.byte	0
 2183 000b 00       		.byte	0
 2184              		.section	.cyflashprotect,"a",%progbits
 2185              		.align	2
 2186              		.type	cy_meta_flashprotect, %object
 2187              		.size	cy_meta_flashprotect, 256
 2188              	cy_meta_flashprotect:
 2189 0000 00000000 		.space	256
 2189      00000000 
 2189      00000000 
 2189      00000000 
 2189      00000000 
 2190              		.text
 2191              	.Letext0:
 2192              		.file 1 "d:\\tools\\psoc creator\\psoc creator\\4.4\\psoc creator\\import\\gnu\\arm\\5.4.1\\arm-no
 2193              		.file 2 "d:\\tools\\psoc creator\\psoc creator\\4.4\\psoc creator\\import\\gnu\\arm\\5.4.1\\arm-no
 2194              		.file 3 "Generated_Source\\PSoC5\\cymetadata.c"
 2195              		.section	.debug_info,"",%progbits
 2196              	.Ldebug_info0:
 2197 0000 35010000 		.4byte	0x135
 2198 0004 0400     		.2byte	0x4
 2199 0006 00000000 		.4byte	.Ldebug_abbrev0
 2200 000a 04       		.byte	0x4
 2201 000b 01       		.uleb128 0x1
 2202 000c 48000000 		.4byte	.LASF17
 2203 0010 0C       		.byte	0xc
 2204 0011 A2010000 		.4byte	.LASF18
 2205 0015 0A000000 		.4byte	.LASF19
 2206 0019 00000000 		.4byte	.Ldebug_line0
 2207 001d 02       		.uleb128 0x2
 2208 001e 01       		.byte	0x1
 2209 001f 06       		.byte	0x6
 2210 0020 96010000 		.4byte	.LASF0
 2211 0024 03       		.uleb128 0x3
 2212 0025 00000000 		.4byte	.LASF9
 2213 0029 01       		.byte	0x1
 2214 002a 1D       		.byte	0x1d
 2215 002b 2F000000 		.4byte	0x2f
 2216 002f 02       		.uleb128 0x2
 2217 0030 01       		.byte	0x1
 2218 0031 08       		.byte	0x8
 2219 0032 3A000000 		.4byte	.LASF1
ARM GAS  C:\Users\Trung\AppData\Local\Temp\cc3YWWfn.s 			page 40


 2220 0036 02       		.uleb128 0x2
 2221 0037 02       		.byte	0x2
 2222 0038 05       		.byte	0x5
 2223 0039 83010000 		.4byte	.LASF2
 2224 003d 02       		.uleb128 0x2
 2225 003e 02       		.byte	0x2
 2226 003f 07       		.byte	0x7
 2227 0040 E8000000 		.4byte	.LASF3
 2228 0044 02       		.uleb128 0x2
 2229 0045 04       		.byte	0x4
 2230 0046 05       		.byte	0x5
 2231 0047 8D010000 		.4byte	.LASF4
 2232 004b 02       		.uleb128 0x2
 2233 004c 04       		.byte	0x4
 2234 004d 07       		.byte	0x7
 2235 004e D6000000 		.4byte	.LASF5
 2236 0052 02       		.uleb128 0x2
 2237 0053 08       		.byte	0x8
 2238 0054 05       		.byte	0x5
 2239 0055 75010000 		.4byte	.LASF6
 2240 0059 02       		.uleb128 0x2
 2241 005a 08       		.byte	0x8
 2242 005b 07       		.byte	0x7
 2243 005c 2A010000 		.4byte	.LASF7
 2244 0060 04       		.uleb128 0x4
 2245 0061 04       		.byte	0x4
 2246 0062 05       		.byte	0x5
 2247 0063 696E7400 		.ascii	"int\000"
 2248 0067 02       		.uleb128 0x2
 2249 0068 04       		.byte	0x4
 2250 0069 07       		.byte	0x7
 2251 006a 1D010000 		.4byte	.LASF8
 2252 006e 03       		.uleb128 0x3
 2253 006f 41010000 		.4byte	.LASF10
 2254 0073 02       		.byte	0x2
 2255 0074 18       		.byte	0x18
 2256 0075 24000000 		.4byte	0x24
 2257 0079 05       		.uleb128 0x5
 2258 007a 91000000 		.4byte	0x91
 2259 007e 8A000000 		.4byte	0x8a
 2260 0082 06       		.uleb128 0x6
 2261 0083 8A000000 		.4byte	0x8a
 2262 0087 4708     		.2byte	0x847
 2263 0089 00       		.byte	0
 2264 008a 02       		.uleb128 0x2
 2265 008b 04       		.byte	0x4
 2266 008c 07       		.byte	0x7
 2267 008d 6C010000 		.4byte	.LASF11
 2268 0091 07       		.uleb128 0x7
 2269 0092 6E000000 		.4byte	0x6e
 2270 0096 08       		.uleb128 0x8
 2271 0097 0B010000 		.4byte	.LASF12
 2272 009b 03       		.byte	0x3
 2273 009c 1F       		.byte	0x1f
 2274 009d A7000000 		.4byte	0xa7
 2275 00a1 05       		.uleb128 0x5
 2276 00a2 03       		.byte	0x3
ARM GAS  C:\Users\Trung\AppData\Local\Temp\cc3YWWfn.s 			page 41


 2277 00a3 00000000 		.4byte	cy_meta_configecc
 2278 00a7 07       		.uleb128 0x7
 2279 00a8 79000000 		.4byte	0x79
 2280 00ac 05       		.uleb128 0x5
 2281 00ad 91000000 		.4byte	0x91
 2282 00b1 BC000000 		.4byte	0xbc
 2283 00b5 09       		.uleb128 0x9
 2284 00b6 8A000000 		.4byte	0x8a
 2285 00ba 03       		.byte	0x3
 2286 00bb 00       		.byte	0
 2287 00bc 0A       		.uleb128 0xa
 2288 00bd FB000000 		.4byte	.LASF13
 2289 00c1 03       		.byte	0x3
 2290 00c2 3501     		.2byte	0x135
 2291 00c4 CE000000 		.4byte	0xce
 2292 00c8 05       		.uleb128 0x5
 2293 00c9 03       		.byte	0x3
 2294 00ca 00000000 		.4byte	cy_meta_custnvl
 2295 00ce 07       		.uleb128 0x7
 2296 00cf AC000000 		.4byte	0xac
 2297 00d3 0A       		.uleb128 0xa
 2298 00d4 5E010000 		.4byte	.LASF14
 2299 00d8 03       		.byte	0x3
 2300 00d9 4301     		.2byte	0x143
 2301 00db E5000000 		.4byte	0xe5
 2302 00df 05       		.uleb128 0x5
 2303 00e0 03       		.byte	0x3
 2304 00e1 00000000 		.4byte	cy_meta_wonvl
 2305 00e5 07       		.uleb128 0x7
 2306 00e6 AC000000 		.4byte	0xac
 2307 00ea 05       		.uleb128 0x5
 2308 00eb 91000000 		.4byte	0x91
 2309 00ef FA000000 		.4byte	0xfa
 2310 00f3 09       		.uleb128 0x9
 2311 00f4 8A000000 		.4byte	0x8a
 2312 00f8 FF       		.byte	0xff
 2313 00f9 00       		.byte	0
 2314 00fa 0A       		.uleb128 0xa
 2315 00fb 49010000 		.4byte	.LASF15
 2316 00ff 03       		.byte	0x3
 2317 0100 5101     		.2byte	0x151
 2318 0102 0C010000 		.4byte	0x10c
 2319 0106 05       		.uleb128 0x5
 2320 0107 03       		.byte	0x3
 2321 0108 00000000 		.4byte	cy_meta_flashprotect
 2322 010c 07       		.uleb128 0x7
 2323 010d EA000000 		.4byte	0xea
 2324 0111 05       		.uleb128 0x5
 2325 0112 91000000 		.4byte	0x91
 2326 0116 21010000 		.4byte	0x121
 2327 011a 09       		.uleb128 0x9
 2328 011b 8A000000 		.4byte	0x8a
 2329 011f 0B       		.byte	0xb
 2330 0120 00       		.byte	0
 2331 0121 0A       		.uleb128 0xa
 2332 0122 2E000000 		.4byte	.LASF16
 2333 0126 03       		.byte	0x3
ARM GAS  C:\Users\Trung\AppData\Local\Temp\cc3YWWfn.s 			page 42


 2334 0127 7E01     		.2byte	0x17e
 2335 0129 33010000 		.4byte	0x133
 2336 012d 05       		.uleb128 0x5
 2337 012e 03       		.byte	0x3
 2338 012f 00000000 		.4byte	cy_metadata
 2339 0133 07       		.uleb128 0x7
 2340 0134 11010000 		.4byte	0x111
 2341 0138 00       		.byte	0
 2342              		.section	.debug_abbrev,"",%progbits
 2343              	.Ldebug_abbrev0:
 2344 0000 01       		.uleb128 0x1
 2345 0001 11       		.uleb128 0x11
 2346 0002 01       		.byte	0x1
 2347 0003 25       		.uleb128 0x25
 2348 0004 0E       		.uleb128 0xe
 2349 0005 13       		.uleb128 0x13
 2350 0006 0B       		.uleb128 0xb
 2351 0007 03       		.uleb128 0x3
 2352 0008 0E       		.uleb128 0xe
 2353 0009 1B       		.uleb128 0x1b
 2354 000a 0E       		.uleb128 0xe
 2355 000b 10       		.uleb128 0x10
 2356 000c 17       		.uleb128 0x17
 2357 000d 00       		.byte	0
 2358 000e 00       		.byte	0
 2359 000f 02       		.uleb128 0x2
 2360 0010 24       		.uleb128 0x24
 2361 0011 00       		.byte	0
 2362 0012 0B       		.uleb128 0xb
 2363 0013 0B       		.uleb128 0xb
 2364 0014 3E       		.uleb128 0x3e
 2365 0015 0B       		.uleb128 0xb
 2366 0016 03       		.uleb128 0x3
 2367 0017 0E       		.uleb128 0xe
 2368 0018 00       		.byte	0
 2369 0019 00       		.byte	0
 2370 001a 03       		.uleb128 0x3
 2371 001b 16       		.uleb128 0x16
 2372 001c 00       		.byte	0
 2373 001d 03       		.uleb128 0x3
 2374 001e 0E       		.uleb128 0xe
 2375 001f 3A       		.uleb128 0x3a
 2376 0020 0B       		.uleb128 0xb
 2377 0021 3B       		.uleb128 0x3b
 2378 0022 0B       		.uleb128 0xb
 2379 0023 49       		.uleb128 0x49
 2380 0024 13       		.uleb128 0x13
 2381 0025 00       		.byte	0
 2382 0026 00       		.byte	0
 2383 0027 04       		.uleb128 0x4
 2384 0028 24       		.uleb128 0x24
 2385 0029 00       		.byte	0
 2386 002a 0B       		.uleb128 0xb
 2387 002b 0B       		.uleb128 0xb
 2388 002c 3E       		.uleb128 0x3e
 2389 002d 0B       		.uleb128 0xb
 2390 002e 03       		.uleb128 0x3
ARM GAS  C:\Users\Trung\AppData\Local\Temp\cc3YWWfn.s 			page 43


 2391 002f 08       		.uleb128 0x8
 2392 0030 00       		.byte	0
 2393 0031 00       		.byte	0
 2394 0032 05       		.uleb128 0x5
 2395 0033 01       		.uleb128 0x1
 2396 0034 01       		.byte	0x1
 2397 0035 49       		.uleb128 0x49
 2398 0036 13       		.uleb128 0x13
 2399 0037 01       		.uleb128 0x1
 2400 0038 13       		.uleb128 0x13
 2401 0039 00       		.byte	0
 2402 003a 00       		.byte	0
 2403 003b 06       		.uleb128 0x6
 2404 003c 21       		.uleb128 0x21
 2405 003d 00       		.byte	0
 2406 003e 49       		.uleb128 0x49
 2407 003f 13       		.uleb128 0x13
 2408 0040 2F       		.uleb128 0x2f
 2409 0041 05       		.uleb128 0x5
 2410 0042 00       		.byte	0
 2411 0043 00       		.byte	0
 2412 0044 07       		.uleb128 0x7
 2413 0045 26       		.uleb128 0x26
 2414 0046 00       		.byte	0
 2415 0047 49       		.uleb128 0x49
 2416 0048 13       		.uleb128 0x13
 2417 0049 00       		.byte	0
 2418 004a 00       		.byte	0
 2419 004b 08       		.uleb128 0x8
 2420 004c 34       		.uleb128 0x34
 2421 004d 00       		.byte	0
 2422 004e 03       		.uleb128 0x3
 2423 004f 0E       		.uleb128 0xe
 2424 0050 3A       		.uleb128 0x3a
 2425 0051 0B       		.uleb128 0xb
 2426 0052 3B       		.uleb128 0x3b
 2427 0053 0B       		.uleb128 0xb
 2428 0054 49       		.uleb128 0x49
 2429 0055 13       		.uleb128 0x13
 2430 0056 3F       		.uleb128 0x3f
 2431 0057 19       		.uleb128 0x19
 2432 0058 02       		.uleb128 0x2
 2433 0059 18       		.uleb128 0x18
 2434 005a 00       		.byte	0
 2435 005b 00       		.byte	0
 2436 005c 09       		.uleb128 0x9
 2437 005d 21       		.uleb128 0x21
 2438 005e 00       		.byte	0
 2439 005f 49       		.uleb128 0x49
 2440 0060 13       		.uleb128 0x13
 2441 0061 2F       		.uleb128 0x2f
 2442 0062 0B       		.uleb128 0xb
 2443 0063 00       		.byte	0
 2444 0064 00       		.byte	0
 2445 0065 0A       		.uleb128 0xa
 2446 0066 34       		.uleb128 0x34
 2447 0067 00       		.byte	0
ARM GAS  C:\Users\Trung\AppData\Local\Temp\cc3YWWfn.s 			page 44


 2448 0068 03       		.uleb128 0x3
 2449 0069 0E       		.uleb128 0xe
 2450 006a 3A       		.uleb128 0x3a
 2451 006b 0B       		.uleb128 0xb
 2452 006c 3B       		.uleb128 0x3b
 2453 006d 05       		.uleb128 0x5
 2454 006e 49       		.uleb128 0x49
 2455 006f 13       		.uleb128 0x13
 2456 0070 3F       		.uleb128 0x3f
 2457 0071 19       		.uleb128 0x19
 2458 0072 02       		.uleb128 0x2
 2459 0073 18       		.uleb128 0x18
 2460 0074 00       		.byte	0
 2461 0075 00       		.byte	0
 2462 0076 00       		.byte	0
 2463              		.section	.debug_aranges,"",%progbits
 2464 0000 14000000 		.4byte	0x14
 2465 0004 0200     		.2byte	0x2
 2466 0006 00000000 		.4byte	.Ldebug_info0
 2467 000a 04       		.byte	0x4
 2468 000b 00       		.byte	0
 2469 000c 0000     		.2byte	0
 2470 000e 0000     		.2byte	0
 2471 0010 00000000 		.4byte	0
 2472 0014 00000000 		.4byte	0
 2473              		.section	.debug_line,"",%progbits
 2474              	.Ldebug_line0:
 2475 0000 2B010000 		.section	.debug_str,"MS",%progbits,1
 2475      02002501 
 2475      00000201 
 2475      FB0E0D00 
 2475      01010101 
 2476              	.LASF9:
 2477 0000 5F5F7569 		.ascii	"__uint8_t\000"
 2477      6E74385F 
 2477      7400
 2478              	.LASF19:
 2479 000a 443A5C67 		.ascii	"D:\\github\\MPS\\MPS_W22_Prakt_5.cydsn\000"
 2479      69746875 
 2479      625C4D50 
 2479      535C4D50 
 2479      535F5732 
 2480              	.LASF16:
 2481 002e 63795F6D 		.ascii	"cy_metadata\000"
 2481      65746164 
 2481      61746100 
 2482              	.LASF1:
 2483 003a 756E7369 		.ascii	"unsigned char\000"
 2483      676E6564 
 2483      20636861 
 2483      7200
 2484              	.LASF17:
 2485 0048 474E5520 		.ascii	"GNU C11 5.4.1 20160609 (release) [ARM/embedded-5-br"
 2485      43313120 
 2485      352E342E 
 2485      31203230 
 2485      31363036 
ARM GAS  C:\Users\Trung\AppData\Local\Temp\cc3YWWfn.s 			page 45


 2486 007b 616E6368 		.ascii	"anch revision 237715] -mcpu=cortex-m3 -mthumb -g -O"
 2486      20726576 
 2486      6973696F 
 2486      6E203233 
 2486      37373135 
 2487 00ae 67202D66 		.ascii	"g -ffunction-sections -ffat-lto-objects\000"
 2487      66756E63 
 2487      74696F6E 
 2487      2D736563 
 2487      74696F6E 
 2488              	.LASF5:
 2489 00d6 6C6F6E67 		.ascii	"long unsigned int\000"
 2489      20756E73 
 2489      69676E65 
 2489      6420696E 
 2489      7400
 2490              	.LASF3:
 2491 00e8 73686F72 		.ascii	"short unsigned int\000"
 2491      7420756E 
 2491      7369676E 
 2491      65642069 
 2491      6E7400
 2492              	.LASF13:
 2493 00fb 63795F6D 		.ascii	"cy_meta_custnvl\000"
 2493      6574615F 
 2493      63757374 
 2493      6E766C00 
 2494              	.LASF12:
 2495 010b 63795F6D 		.ascii	"cy_meta_configecc\000"
 2495      6574615F 
 2495      636F6E66 
 2495      69676563 
 2495      6300
 2496              	.LASF8:
 2497 011d 756E7369 		.ascii	"unsigned int\000"
 2497      676E6564 
 2497      20696E74 
 2497      00
 2498              	.LASF7:
 2499 012a 6C6F6E67 		.ascii	"long long unsigned int\000"
 2499      206C6F6E 
 2499      6720756E 
 2499      7369676E 
 2499      65642069 
 2500              	.LASF10:
 2501 0141 75696E74 		.ascii	"uint8_t\000"
 2501      385F7400 
 2502              	.LASF15:
 2503 0149 63795F6D 		.ascii	"cy_meta_flashprotect\000"
 2503      6574615F 
 2503      666C6173 
 2503      6870726F 
 2503      74656374 
 2504              	.LASF14:
 2505 015e 63795F6D 		.ascii	"cy_meta_wonvl\000"
 2505      6574615F 
 2505      776F6E76 
ARM GAS  C:\Users\Trung\AppData\Local\Temp\cc3YWWfn.s 			page 46


 2505      6C00
 2506              	.LASF11:
 2507 016c 73697A65 		.ascii	"sizetype\000"
 2507      74797065 
 2507      00
 2508              	.LASF6:
 2509 0175 6C6F6E67 		.ascii	"long long int\000"
 2509      206C6F6E 
 2509      6720696E 
 2509      7400
 2510              	.LASF2:
 2511 0183 73686F72 		.ascii	"short int\000"
 2511      7420696E 
 2511      7400
 2512              	.LASF4:
 2513 018d 6C6F6E67 		.ascii	"long int\000"
 2513      20696E74 
 2513      00
 2514              	.LASF0:
 2515 0196 7369676E 		.ascii	"signed char\000"
 2515      65642063 
 2515      68617200 
 2516              	.LASF18:
 2517 01a2 47656E65 		.ascii	"Generated_Source\\PSoC5\\cymetadata.c\000"
 2517      72617465 
 2517      645F536F 
 2517      75726365 
 2517      5C50536F 
 2518              		.ident	"GCC: (GNU Tools for ARM Embedded Processors) 5.4.1 20160609 (release) [ARM/embedded-5-bran
