ARM GAS  C:\Users\thieu\AppData\Local\Temp\ccETMwJb.s 			page 1


   1              		.syntax unified
   2              		.cpu cortex-m3
   3              		.fpu softvfp
   4              		.eabi_attribute 20, 1
   5              		.eabi_attribute 21, 1
   6              		.eabi_attribute 23, 3
   7              		.eabi_attribute 24, 1
   8              		.eabi_attribute 25, 1
   9              		.eabi_attribute 26, 1
  10              		.eabi_attribute 30, 1
  11              		.eabi_attribute 34, 1
  12              		.eabi_attribute 18, 4
  13              		.thumb
  14              		.syntax unified
  15              		.file	"main.c"
  16              		.text
  17              	.Ltext0:
  18              		.cfi_sections	.debug_frame
  19              		.section	.text.MyIsrUartRX,"ax",%progbits
  20              		.align	2
  21              		.global	MyIsrUartRX
  22              		.thumb
  23              		.thumb_func
  24              		.type	MyIsrUartRX, %function
  25              	MyIsrUartRX:
  26              	.LFB65:
  27              		.file 1 "main.c"
   1:main.c        **** /* ========================================
   2:main.c        ****  *
   3:main.c        ****  * Copyright R. Mayer, h_da, FbI, 2020
   4:main.c        ****  * All Rights Reserved
   5:main.c        ****  * UNPUBLISHED, LICENSED SOFTWARE.
   6:main.c        ****  *
   7:main.c        ****  * CONFIDENTIAL AND PROPRIETARY INFORMATION
   8:main.c        ****  * WHICH IS THE PROPERTY OF your company.
   9:main.c        ****  *
  10:main.c        ****  * ========================================
  11:main.c        **** */
  12:main.c        **** #include "project.h"
  13:main.c        **** #include <stdio.h>      // für string-Operationen wie sprintf
  14:main.c        **** 
  15:main.c        **** /*
  16:main.c        ****  * Diese Definitionen ermöglichen es, 
  17:main.c        ****  * einfach Compiler-Informationen und andere auf den Bildschirm zu schreiben
  18:main.c        ****  */
  19:main.c        **** #define _VERSION_NR     "ver. 1.0"      //!< Version number. Please update
  20:main.c        **** #define _PROJECT_NAME   "MPS22_Prakt_5a" //!< Project name
  21:main.c        **** #define _PROCESSOR      "PSoC 5LP"      //!< Processor type
  22:main.c        **** #define _DEVICE_NAME    "FreeSoC2"      //!< Board or device type
  23:main.c        **** #define _AUTHOR_        "Marie O'hana, Effi Driehn"        //!< Ihr(e) Name(n)!
  24:main.c        **** #define _COMPANY        "FbI Template MPS 5"
  25:main.c        **** 
  26:main.c        **** // String für die Anzeige zusammenbauen
  27:main.c        **** #define _VERSTR_       (_PROJECT_NAME", "_DEVICE_NAME", "_PROCESSOR", "_VERSION_NR"\n\r"\
  28:main.c        **** _AUTHOR_" ("_COMPANY"), "__DATE__" "__TIME__)
  29:main.c        **** 
  30:main.c        **** /* ++++++++++++++++++++++++++++++++++++++++++++++++++++++++++++++++++++++++++
ARM GAS  C:\Users\thieu\AppData\Local\Temp\ccETMwJb.s 			page 2


  31:main.c        ****  * +++ Lösungs Template: An- und Abschalten von Teillösungen und Optionen +++ 
  32:main.c        ****  * ++++++++++++++++++++++++++++++++++++++++++++++++++++++++++++++++++++++++++ */
  33:main.c        **** #define I2C_PROJ_ON         //!< use I2C hardware
  34:main.c        **** //#define I2C_SIMPLE_BLINK    //!< blink LED's  !Kommentar entfernen, wenn  implementiert!
  35:main.c        **** #define READ_ADC            //!< ADC lesen    !Kommentar entfernen, wenn  implementiert!
  36:main.c        **** 
  37:main.c        **** /* +++ settings for PCF8574 Philips/NXP) 7(!)-bit address +++ */
  38:main.c        **** #define I2C_PCF8574_BASE_ADDR (0x20)     //!< TODO!, ÄNDERN, FUNKTIONIERT NICHT! device base addre
  39:main.c        **** //probably 0b011, since VSS in connected to A2
  40:main.c        **** #define I2C_PCF8574_DEV_ADDR  (0b001)    //!< TODO!ÄNDERN, FUNKTIONIERT NICHT! individual device a
  41:main.c        **** #define I2C_PCF8574_ADDR      (I2C_PCF8574_BASE_ADDR | (I2C_PCF8574_DEV_ADDR)) //!< full 7-bit addr
  42:main.c        **** 
  43:main.c        **** 
  44:main.c        **** 
  45:main.c        **** 
  46:main.c        **** static uint8_t ADC_isr = 0;
  47:main.c        **** CY_ISR( myADC_isr) {
  48:main.c        ****     Pin_TIA_OUT_ClearInterrupt();
  49:main.c        ****     ADC_isr = 1;
  50:main.c        **** }
  51:main.c        **** /* 
  52:main.c        ****  * String Buffer für Anzeige am Bildschirm anlegen.
  53:main.c        ****  * Auf die maximale Größe achten!
  54:main.c        ****  */
  55:main.c        **** #define BUFFER_SIZE 128             //!< string output buffer size for sprintf
  56:main.c        **** static char buffer[BUFFER_SIZE];    //!< buffer (global) for sprintf
  57:main.c        **** 
  58:main.c        **** static char cRx = 0;                //!< character from UART, visible within main.c
  59:main.c        **** /** 
  60:main.c        ****  * UART RX interrupt service routine.
  61:main.c        ****  *
  62:main.c        ****  * Collect a characters from UART into a global input variable.
  63:main.c        ****  * @see cRx
  64:main.c        ****  */
  65:main.c        **** CY_ISR( MyIsrUartRX ) {
  28              		.loc 1 65 0
  29              		.cfi_startproc
  30              		@ args = 0, pretend = 0, frame = 0
  31              		@ frame_needed = 0, uses_anonymous_args = 0
  32 0000 08B5     		push	{r3, lr}
  33              		.cfi_def_cfa_offset 8
  34              		.cfi_offset 3, -8
  35              		.cfi_offset 14, -4
  66:main.c        ****     cRx = UART_GetChar();   // copy char
  36              		.loc 1 66 0
  37 0002 FFF7FEFF 		bl	UART_GetChar
  38              	.LVL0:
  39 0006 014B     		ldr	r3, .L3
  40 0008 1870     		strb	r0, [r3]
  41 000a 08BD     		pop	{r3, pc}
  42              	.L4:
  43              		.align	2
  44              	.L3:
  45 000c 00000000 		.word	.LANCHOR0
  46              		.cfi_endproc
  47              	.LFE65:
  48              		.size	MyIsrUartRX, .-MyIsrUartRX
ARM GAS  C:\Users\thieu\AppData\Local\Temp\ccETMwJb.s 			page 3


  49              		.section	.text.myADC_isr,"ax",%progbits
  50              		.align	2
  51              		.global	myADC_isr
  52              		.thumb
  53              		.thumb_func
  54              		.type	myADC_isr, %function
  55              	myADC_isr:
  56              	.LFB64:
  47:main.c        ****     Pin_TIA_OUT_ClearInterrupt();
  57              		.loc 1 47 0
  58              		.cfi_startproc
  59              		@ args = 0, pretend = 0, frame = 0
  60              		@ frame_needed = 0, uses_anonymous_args = 0
  61 0000 08B5     		push	{r3, lr}
  62              		.cfi_def_cfa_offset 8
  63              		.cfi_offset 3, -8
  64              		.cfi_offset 14, -4
  48:main.c        ****     ADC_isr = 1;
  65              		.loc 1 48 0
  66 0002 FFF7FEFF 		bl	Pin_TIA_OUT_ClearInterrupt
  67              	.LVL1:
  68 0006 08BD     		pop	{r3, pc}
  69              		.cfi_endproc
  70              	.LFE64:
  71              		.size	myADC_isr, .-myADC_isr
  72              		.section	.text.main,"ax",%progbits
  73              		.align	2
  74              		.global	main
  75              		.thumb
  76              		.thumb_func
  77              		.type	main, %function
  78              	main:
  79              	.LFB66:
  67:main.c        **** }
  68:main.c        **** 
  69:main.c        **** /**
  70:main.c        ****  * Projekt-Template mit LED-TIA und SAR-ADC and PCF8574 8-bit I/O-Expander. 
  71:main.c        ****  * 
  72:main.c        ****  * @author Ralf S. Mayer
  73:main.c        ****  * @date 2022-12-29
  74:main.c        ****  * @version 1.0
  75:main.c        ****  */
  76:main.c        **** int main(void)
  77:main.c        **** {
  80              		.loc 1 77 0
  81              		.cfi_startproc
  82              		@ args = 0, pretend = 0, frame = 8
  83              		@ frame_needed = 0, uses_anonymous_args = 0
  84 0000 30B5     		push	{r4, r5, lr}
  85              		.cfi_def_cfa_offset 12
  86              		.cfi_offset 4, -12
  87              		.cfi_offset 5, -8
  88              		.cfi_offset 14, -4
  89 0002 83B0     		sub	sp, sp, #12
  90              		.cfi_def_cfa_offset 24
  78:main.c        ****     /* +++ Initialisierung +++ */
  79:main.c        ****     UART_Start();                       // start UART
ARM GAS  C:\Users\thieu\AppData\Local\Temp\ccETMwJb.s 			page 4


  91              		.loc 1 79 0
  92 0004 FFF7FEFF 		bl	UART_Start
  93              	.LVL2:
  80:main.c        ****     isr_UART_RX_StartEx( MyIsrUartRX ); // register and enable itr uart
  94              		.loc 1 80 0
  95 0008 3D48     		ldr	r0, .L17
  96 000a FFF7FEFF 		bl	isr_UART_RX_StartEx
  97              	.LVL3:
  81:main.c        **** 
  82:main.c        ****     // Photo Diode ADC Initialization
  83:main.c        ****     TIA_PD_Start();             // Start TIA for photo diode
  98              		.loc 1 83 0
  99 000e FFF7FEFF 		bl	TIA_PD_Start
 100              	.LVL4:
  84:main.c        ****     ADC_SAR_PD_Start();         // Start ADC
 101              		.loc 1 84 0
 102 0012 FFF7FEFF 		bl	ADC_SAR_PD_Start
 103              	.LVL5:
  85:main.c        ****     // +++ TODO +++
  86:main.c        ****     ADC_SAR_PD_Init();
 104              		.loc 1 86 0
 105 0016 FFF7FEFF 		bl	ADC_SAR_PD_Init
 106              	.LVL6:
  87:main.c        ****     // !!! ADC Konversion starten, Befehl? !!!
  88:main.c        ****     // TODO!  // Start ADC conversion
  89:main.c        ****         
  90:main.c        **** #ifdef I2C_PROJ_ON
  91:main.c        ****     // +++ TODO +++
  92:main.c        ****     I2C_MasterSendStart(I2C_PCF8574_ADDR,1);
 107              		.loc 1 92 0
 108 001a 0121     		movs	r1, #1
 109 001c 2120     		movs	r0, #33
 110 001e FFF7FEFF 		bl	I2C_MasterSendStart
 111              	.LVL7:
  93:main.c        ****     /* Start I2C UDB Master */
  94:main.c        ****     I2C_Start();
 112              		.loc 1 94 0
 113 0022 FFF7FEFF 		bl	I2C_Start
 114              	.LVL8:
  95:main.c        ****     // !!! I2C starten, Befehl? !!!
  96:main.c        ****     // TODO!                        // start device
  97:main.c        **** #endif // I2C_PROJ_ON
  98:main.c        **** 
  99:main.c        ****     CyGlobalIntEnable; /* Enable global interrupts. */
 115              		.loc 1 99 0
 116              		.syntax unified
 117              	@ 99 "main.c" 1
 118 0026 62B6     		CPSIE   i
 119              	@ 0 "" 2
 100:main.c        **** 
 101:main.c        ****     /* Welcome and info text Ausgabe */
 102:main.c        ****     sprintf( buffer, "\n\rWelcome! %s\n\r", _VERSTR_);  // formatiert in Buffer
 120              		.loc 1 102 0
 121              		.thumb
 122              		.syntax unified
 123 0028 364C     		ldr	r4, .L17+4
 124 002a 374A     		ldr	r2, .L17+8
ARM GAS  C:\Users\thieu\AppData\Local\Temp\ccETMwJb.s 			page 5


 125 002c 3749     		ldr	r1, .L17+12
 126 002e 2046     		mov	r0, r4
 127 0030 FFF7FEFF 		bl	sprintf
 128              	.LVL9:
 103:main.c        ****     UART_PutString( buffer );                           // Ausgabe auf UART
 129              		.loc 1 103 0
 130 0034 2046     		mov	r0, r4
 131 0036 FFF7FEFF 		bl	UART_PutString
 132              	.LVL10:
 104:main.c        **** 
 105:main.c        ****     int16_t sarResult;                  // signed SAR result
 106:main.c        ****     int8_t sarResult8bit;
 107:main.c        ****     
 108:main.c        **** #ifdef I2C_PROJ_ON
 109:main.c        ****     uint8_t  sts = I2C_MSTR_NO_ERROR;    // I2C transfer status (no error)
 110:main.c        ****     
 111:main.c        ****     /* +++ test output for adresses +++ */
 112:main.c        ****     sprintf( buffer, "PCF8574 base I2C-address:    0x%02X\n\r", I2C_PCF8574_BASE_ADDR );
 133              		.loc 1 112 0
 134 003a 2022     		movs	r2, #32
 135 003c 3449     		ldr	r1, .L17+16
 136 003e 2046     		mov	r0, r4
 137 0040 FFF7FEFF 		bl	sprintf
 138              	.LVL11:
 113:main.c        ****     UART_PutString( buffer );
 139              		.loc 1 113 0
 140 0044 2046     		mov	r0, r4
 141 0046 FFF7FEFF 		bl	UART_PutString
 142              	.LVL12:
 114:main.c        ****     sprintf( buffer, "PCF8574 I2C-dev-address:     0x%02X\n\r", I2C_PCF8574_DEV_ADDR );
 143              		.loc 1 114 0
 144 004a 0122     		movs	r2, #1
 145 004c 3149     		ldr	r1, .L17+20
 146 004e 2046     		mov	r0, r4
 147 0050 FFF7FEFF 		bl	sprintf
 148              	.LVL13:
 115:main.c        ****     UART_PutString( buffer );
 149              		.loc 1 115 0
 150 0054 2046     		mov	r0, r4
 151 0056 FFF7FEFF 		bl	UART_PutString
 152              	.LVL14:
 116:main.c        ****     sprintf( buffer, "PCF8574 I2C-address (7 bit): 0x%02X\n\r", I2C_PCF8574_ADDR );
 153              		.loc 1 116 0
 154 005a 2122     		movs	r2, #33
 155 005c 2E49     		ldr	r1, .L17+24
 156 005e 2046     		mov	r0, r4
 157 0060 FFF7FEFF 		bl	sprintf
 158              	.LVL15:
 117:main.c        ****     UART_PutString( buffer );
 159              		.loc 1 117 0
 160 0064 2046     		mov	r0, r4
 161 0066 FFF7FEFF 		bl	UART_PutString
 162              	.LVL16:
 118:main.c        **** #endif // I2C_PROJ_ON
 119:main.c        **** 
 120:main.c        ****     /* +++ Declarationen +++ */
 121:main.c        ****     uint8_t     chr = 0;            // for char von der UART
ARM GAS  C:\Users\thieu\AppData\Local\Temp\ccETMwJb.s 			page 6


 163              		.loc 1 121 0
 164 006a 0024     		movs	r4, #0
 165              	.LVL17:
 166              	.L15:
 167              	.LBB2:
 122:main.c        **** 
 123:main.c        ****     /* +++ Applikationsschleife         +++
 124:main.c        ****      * +++ wird ständig durchlaufen     +++ 
 125:main.c        ****      */
 126:main.c        ****     for(;;)
 127:main.c        ****     {
 128:main.c        ****         
 129:main.c        **** #ifdef I2C_PROJ_ON
 130:main.c        ****         /* +++ I2C I/O-Expander +++ */
 131:main.c        ****         static uint8_t i2cByte = 0;         // warum static ?
 132:main.c        ****         sarResult = ADC_SAR_PD_GetResult16();
 168              		.loc 1 132 0
 169 006c FFF7FEFF 		bl	ADC_SAR_PD_GetResult16
 170              	.LVL18:
 133:main.c        ****         i2cByte = sarResult >> 8;                                        // ... weil nur einmal ini
 134:main.c        ****     #ifdef I2C_SIMPLE_BLINK             // simple blink LED's
 135:main.c        ****         // blinking all LED's
 136:main.c        ****         sts = I2C_MasterClearStatus();  // clear master status
 137:main.c        ****         if ( sts != I2C_MSTR_NO_ERROR ) {
 138:main.c        ****             UART_PutString( "I2C error clear\n\r" );
 139:main.c        ****         }
 140:main.c        ****         sts = I2C_MasterSendStart( I2C_PCF8574_ADDR, 0);  // send address for write
 141:main.c        ****         if ( sts != I2C_MSTR_NO_ERROR ) {
 142:main.c        ****             UART_PutString( "I2C error address\n\r" );
 143:main.c        ****         }
 144:main.c        ****         sts = I2C_MasterWriteByte(i2cByte);              // write byte
 145:main.c        ****         if ( sts != I2C_MSTR_NO_ERROR ) {
 146:main.c        ****             UART_PutString( "I2C error write\n\r" );
 147:main.c        ****         }
 148:main.c        ****         sts = I2C_MasterSendStop();                      // stop comm
 149:main.c        ****         if ( sts != I2C_MSTR_NO_ERROR ) {
 150:main.c        ****             UART_PutString( "I2C error stop\n\r" );
 151:main.c        ****         }
 152:main.c        ****         CyDelay( 100 );                 // some delay
 153:main.c        ****         i2cByte = ~i2cByte;             // invert all bits for blinking
 154:main.c        ****         #else  // implementieren
 155:main.c        ****         /* +++ TODO +++ */
 156:main.c        ****         /* eigene Werte auf I/O*/
 157:main.c        ****             uint8 data = ADC_SAR_PD_GetResult8();
 171              		.loc 1 157 0
 172 0070 FFF7FEFF 		bl	ADC_SAR_PD_GetResult8
 173              	.LVL19:
 174 0074 02A9     		add	r1, sp, #8
 175 0076 01F8010D 		strb	r0, [r1, #-1]!
 158:main.c        ****             I2C_MasterWriteBuf(I2C_PCF8574_ADDR , &data , 1, I2C_MODE_COMPLETE_XFER);
 176              		.loc 1 158 0
 177 007a 0023     		movs	r3, #0
 178 007c 0122     		movs	r2, #1
 179 007e 2120     		movs	r0, #33
 180 0080 FFF7FEFF 		bl	I2C_MasterWriteBuf
 181              	.LVL20:
 159:main.c        ****             
ARM GAS  C:\Users\thieu\AppData\Local\Temp\ccETMwJb.s 			page 7


 160:main.c        ****     #endif // I2C_SIMPLE_BLINK   
 161:main.c        **** 
 162:main.c        **** #endif // I2C_PROJ_ON
 163:main.c        **** 
 164:main.c        **** #ifdef READ_ADC
 165:main.c        **** 
 166:main.c        ****     /* +++ TODO +++ */
 167:main.c        ****     /* ??? wie kann man erreichen, dass hier das Ende der Konversion abgewartet wird ??? */
 168:main.c        ****     // TODO!   // blocks until end of conversion
 169:main.c        ****     if (ADC_SAR_PD_IsEndConversion(0)) {
 182              		.loc 1 169 0
 183 0084 0020     		movs	r0, #0
 184 0086 FFF7FEFF 		bl	ADC_SAR_PD_IsEndConversion
 185              	.LVL21:
 186 008a 58B1     		cbz	r0, .L8
 170:main.c        ****         /* !!! ADC-Wert in sarResult auslesen !!! */
 171:main.c        ****         sarResult = ADC_SAR_PD_GetResult16();
 187              		.loc 1 171 0
 188 008c FFF7FEFF 		bl	ADC_SAR_PD_GetResult16
 189              	.LVL22:
 172:main.c        ****         sarResult8bit = sarResult >> 8;
 173:main.c        ****         //sarResult = ADC_SAR_PD_GetResult8();        // read SAR
 174:main.c        ****         /* !!! ADC-Wert anzeigen !!! */
 175:main.c        ****         sprintf( buffer, "ADC: %d\n\r", sarResult8bit );
 190              		.loc 1 175 0
 191 0090 1C4D     		ldr	r5, .L17+4
 192 0092 40F30722 		sbfx	r2, r0, #8, #8
 193 0096 2149     		ldr	r1, .L17+28
 194 0098 2846     		mov	r0, r5
 195              	.LVL23:
 196 009a FFF7FEFF 		bl	sprintf
 197              	.LVL24:
 176:main.c        ****         UART_PutString( buffer );
 198              		.loc 1 176 0
 199 009e 2846     		mov	r0, r5
 200 00a0 FFF7FEFF 		bl	UART_PutString
 201              	.LVL25:
 202              	.L8:
 177:main.c        **** //        ADC_isr = 0;
 178:main.c        ****     }
 179:main.c        **** 
 180:main.c        **** #endif // READ_ADC
 181:main.c        **** 
 182:main.c        ****         /* +++ Character aus Uart, ISR abfragen +++ */
 183:main.c        ****         if ( cRx ) {
 203              		.loc 1 183 0
 204 00a4 1E4B     		ldr	r3, .L17+32
 205 00a6 1B78     		ldrb	r3, [r3]	@ zero_extendqisi2
 206 00a8 1BB1     		cbz	r3, .L9
 207              	.LVL26:
 184:main.c        ****             chr = cRx;                  // copy character
 185:main.c        ****             cRx = 0;                    // nicht vergessen!
 208              		.loc 1 185 0
 209 00aa 0021     		movs	r1, #0
 210 00ac 1C4A     		ldr	r2, .L17+32
 211 00ae 1170     		strb	r1, [r2]
 184:main.c        ****             chr = cRx;                  // copy character
ARM GAS  C:\Users\thieu\AppData\Local\Temp\ccETMwJb.s 			page 8


 212              		.loc 1 184 0
 213 00b0 1C46     		mov	r4, r3
 214              	.LVL27:
 215              	.L9:
 186:main.c        ****         }
 187:main.c        ****         /* +++ Character aus Uart auswerten +++ */
 188:main.c        ****         if ( chr != 0 ) {               // da kam ein Zeichen ...
 216              		.loc 1 188 0
 217 00b2 002C     		cmp	r4, #0
 218 00b4 DAD0     		beq	.L15
 189:main.c        ****             switch (chr) {              // Zeichen auswerten
 219              		.loc 1 189 0
 220 00b6 512C     		cmp	r4, #81
 221 00b8 13D0     		beq	.L12
 222 00ba 02D8     		bhi	.L13
 223 00bc 482C     		cmp	r4, #72
 224 00be 05D0     		beq	.L14
 225 00c0 13E0     		b	.L11
 226              	.L13:
 227 00c2 682C     		cmp	r4, #104
 228 00c4 02D0     		beq	.L14
 229 00c6 712C     		cmp	r4, #113
 230 00c8 0BD0     		beq	.L12
 231 00ca 0EE0     		b	.L11
 232              	.L14:
 190:main.c        ****                 //  *** nicht verlangt ***
 191:main.c        ****                 case 'h':               // Help
 192:main.c        ****                 case 'H':               // fallthrough
 193:main.c        ****                     UART_PutString( "Help:\n\r" );
 233              		.loc 1 193 0
 234 00cc 1548     		ldr	r0, .L17+36
 235 00ce FFF7FEFF 		bl	UART_PutString
 236              	.LVL28:
 194:main.c        ****                     UART_PutString( "\th,H:\tHelp\n\r" );
 237              		.loc 1 194 0
 238 00d2 1548     		ldr	r0, .L17+40
 239 00d4 FFF7FEFF 		bl	UART_PutString
 240              	.LVL29:
 195:main.c        ****                     UART_PutString( "\tQ:\tSoftware Reset\n\r" );
 241              		.loc 1 195 0
 242 00d8 1448     		ldr	r0, .L17+44
 243 00da FFF7FEFF 		bl	UART_PutString
 244              	.LVL30:
 196:main.c        ****                     break;
 197:main.c        ****                 //  *** nicht verlangt ***
 198:main.c        ****                 case 'q':               // 'q,Q' reset
 199:main.c        ****                 case 'Q':               // fallthrough
 200:main.c        ****                     CySoftwareReset();
 201:main.c        ****                     break;
 202:main.c        ****                 default:
 203:main.c        ****                     UART_PutString( "unbekannte Eingabe <" );
 204:main.c        ****                     UART_PutChar( chr );
 205:main.c        ****                     UART_PutString( "> !!! \n\r" );   // Zeilenabschluss LF CR
 206:main.c        ****                     
 207:main.c        ****                     break;
 208:main.c        ****             } // end switch
 209:main.c        ****             chr = 0;                    // nicht vergessen mit ISR
ARM GAS  C:\Users\thieu\AppData\Local\Temp\ccETMwJb.s 			page 9


 245              		.loc 1 209 0
 246 00de 0024     		movs	r4, #0
 247              	.LVL31:
 196:main.c        ****                     break;
 248              		.loc 1 196 0
 249 00e0 C4E7     		b	.L15
 250              	.LVL32:
 251              	.L12:
 200:main.c        ****                     break;
 252              		.loc 1 200 0
 253 00e2 FFF7FEFF 		bl	CySoftwareReset
 254              	.LVL33:
 255              		.loc 1 209 0
 256 00e6 0024     		movs	r4, #0
 257              	.LVL34:
 201:main.c        ****                 default:
 258              		.loc 1 201 0
 259 00e8 C0E7     		b	.L15
 260              	.LVL35:
 261              	.L11:
 203:main.c        ****                     UART_PutChar( chr );
 262              		.loc 1 203 0
 263 00ea 1148     		ldr	r0, .L17+48
 264 00ec FFF7FEFF 		bl	UART_PutString
 265              	.LVL36:
 204:main.c        ****                     UART_PutString( "> !!! \n\r" );   // Zeilenabschluss LF CR
 266              		.loc 1 204 0
 267 00f0 2046     		mov	r0, r4
 268 00f2 FFF7FEFF 		bl	UART_PutChar
 269              	.LVL37:
 205:main.c        ****                     
 270              		.loc 1 205 0
 271 00f6 0F48     		ldr	r0, .L17+52
 272 00f8 FFF7FEFF 		bl	UART_PutString
 273              	.LVL38:
 274              		.loc 1 209 0
 275 00fc 0024     		movs	r4, #0
 276              	.LVL39:
 277              	.LBE2:
 210:main.c        ****         }
 211:main.c        ****         
 212:main.c        ****     } // end for
 278              		.loc 1 212 0
 279 00fe B5E7     		b	.L15
 280              	.L18:
 281              		.align	2
 282              	.L17:
 283 0100 00000000 		.word	MyIsrUartRX
 284 0104 04000000 		.word	.LANCHOR0+4
 285 0108 00000000 		.word	.LC0
 286 010c 74000000 		.word	.LC1
 287 0110 84000000 		.word	.LC2
 288 0114 AC000000 		.word	.LC3
 289 0118 D4000000 		.word	.LC4
 290 011c FC000000 		.word	.LC5
 291 0120 00000000 		.word	.LANCHOR0
 292 0124 08010000 		.word	.LC6
ARM GAS  C:\Users\thieu\AppData\Local\Temp\ccETMwJb.s 			page 10


 293 0128 10010000 		.word	.LC7
 294 012c 20010000 		.word	.LC8
 295 0130 38010000 		.word	.LC9
 296 0134 50010000 		.word	.LC10
 297              		.cfi_endproc
 298              	.LFE66:
 299              		.size	main, .-main
 300              		.section	.rodata.str1.4,"aMS",%progbits,1
 301              		.align	2
 302              	.LC0:
 303 0000 4D505332 		.ascii	"MPS22_Prakt_5a, FreeSoC2, PSoC 5LP, ver. 1.0\012\015"
 303      325F5072 
 303      616B745F 
 303      35612C20 
 303      46726565 
 304 002e 4D617269 		.ascii	"Marie O'hana, Effi Driehn (FbI Template MPS 5), Jan"
 304      65204F27 
 304      68616E61 
 304      2C204566 
 304      66692044 
 305 0061 20323320 		.ascii	" 23 2023 18:09:29\000"
 305      32303233 
 305      2031383A 
 305      30393A32 
 305      3900
 306 0073 00       		.space	1
 307              	.LC1:
 308 0074 0A0D5765 		.ascii	"\012\015Welcome! %s\012\015\000"
 308      6C636F6D 
 308      65212025 
 308      730A0D00 
 309              	.LC2:
 310 0084 50434638 		.ascii	"PCF8574 base I2C-address:    0x%02X\012\015\000"
 310      35373420 
 310      62617365 
 310      20493243 
 310      2D616464 
 311 00aa 0000     		.space	2
 312              	.LC3:
 313 00ac 50434638 		.ascii	"PCF8574 I2C-dev-address:     0x%02X\012\015\000"
 313      35373420 
 313      4932432D 
 313      6465762D 
 313      61646472 
 314 00d2 0000     		.space	2
 315              	.LC4:
 316 00d4 50434638 		.ascii	"PCF8574 I2C-address (7 bit): 0x%02X\012\015\000"
 316      35373420 
 316      4932432D 
 316      61646472 
 316      65737320 
 317 00fa 0000     		.space	2
 318              	.LC5:
 319 00fc 4144433A 		.ascii	"ADC: %d\012\015\000"
 319      2025640A 
 319      0D00
 320 0106 0000     		.space	2
ARM GAS  C:\Users\thieu\AppData\Local\Temp\ccETMwJb.s 			page 11


 321              	.LC6:
 322 0108 48656C70 		.ascii	"Help:\012\015\000"
 322      3A0A0D00 
 323              	.LC7:
 324 0110 09682C48 		.ascii	"\011h,H:\011Help\012\015\000"
 324      3A094865 
 324      6C700A0D 
 324      00
 325 011d 000000   		.space	3
 326              	.LC8:
 327 0120 09513A09 		.ascii	"\011Q:\011Software Reset\012\015\000"
 327      536F6674 
 327      77617265 
 327      20526573 
 327      65740A0D 
 328 0135 000000   		.space	3
 329              	.LC9:
 330 0138 756E6265 		.ascii	"unbekannte Eingabe <\000"
 330      6B616E6E 
 330      74652045 
 330      696E6761 
 330      6265203C 
 331 014d 000000   		.space	3
 332              	.LC10:
 333 0150 3E202121 		.ascii	"> !!! \012\015\000"
 333      21200A0D 
 333      00
 334              		.bss
 335              		.align	2
 336              		.set	.LANCHOR0,. + 0
 337              		.type	cRx, %object
 338              		.size	cRx, 1
 339              	cRx:
 340 0000 00       		.space	1
 341 0001 000000   		.space	3
 342              		.type	buffer, %object
 343              		.size	buffer, 128
 344              	buffer:
 345 0004 00000000 		.space	128
 345      00000000 
 345      00000000 
 345      00000000 
 345      00000000 
 346              		.text
 347              	.Letext0:
 348              		.file 2 "e:\\psoc creator\\psoc creator\\4.4\\psoc creator\\import\\gnu\\arm\\5.4.1\\arm-none-eabi
 349              		.file 3 "e:\\psoc creator\\psoc creator\\4.4\\psoc creator\\import\\gnu\\arm\\5.4.1\\arm-none-eabi
 350              		.file 4 "Generated_Source\\PSoC5/cytypes.h"
 351              		.file 5 "Generated_Source\\PSoC5/UART.h"
 352              		.file 6 "Generated_Source\\PSoC5/Pin_TIA_OUT.h"
 353              		.file 7 "Generated_Source\\PSoC5/ADC_SAR_PD.h"
 354              		.file 8 "Generated_Source\\PSoC5/I2C.h"
 355              		.file 9 "e:\\psoc creator\\psoc creator\\4.4\\psoc creator\\import\\gnu\\arm\\5.4.1\\arm-none-eabi
 356              		.file 10 "Generated_Source\\PSoC5/CyLib.h"
 357              		.file 11 "Generated_Source\\PSoC5/isr_UART_RX.h"
 358              		.file 12 "Generated_Source\\PSoC5/TIA_PD.h"
 359              		.file 13 "Generated_Source\\PSoC5/core_cm3.h"
ARM GAS  C:\Users\thieu\AppData\Local\Temp\ccETMwJb.s 			page 12


 360              		.section	.debug_info,"",%progbits
 361              	.Ldebug_info0:
 362 0000 F6040000 		.4byte	0x4f6
 363 0004 0400     		.2byte	0x4
 364 0006 00000000 		.4byte	.Ldebug_abbrev0
 365 000a 04       		.byte	0x4
 366 000b 01       		.uleb128 0x1
 367 000c C1010000 		.4byte	.LASF48
 368 0010 0C       		.byte	0xc
 369 0011 7B020000 		.4byte	.LASF49
 370 0015 45010000 		.4byte	.LASF50
 371 0019 00000000 		.4byte	.Ldebug_ranges0+0
 372 001d 00000000 		.4byte	0
 373 0021 00000000 		.4byte	.Ldebug_line0
 374 0025 02       		.uleb128 0x2
 375 0026 00000000 		.4byte	.LASF0
 376 002a 02       		.byte	0x2
 377 002b 1B       		.byte	0x1b
 378 002c 30000000 		.4byte	0x30
 379 0030 03       		.uleb128 0x3
 380 0031 01       		.byte	0x1
 381 0032 06       		.byte	0x6
 382 0033 74000000 		.4byte	.LASF2
 383 0037 02       		.uleb128 0x2
 384 0038 09000000 		.4byte	.LASF1
 385 003c 02       		.byte	0x2
 386 003d 1D       		.byte	0x1d
 387 003e 42000000 		.4byte	0x42
 388 0042 03       		.uleb128 0x3
 389 0043 01       		.byte	0x1
 390 0044 08       		.byte	0x8
 391 0045 B2020000 		.4byte	.LASF3
 392 0049 02       		.uleb128 0x2
 393 004a 13000000 		.4byte	.LASF4
 394 004e 02       		.byte	0x2
 395 004f 29       		.byte	0x29
 396 0050 54000000 		.4byte	0x54
 397 0054 03       		.uleb128 0x3
 398 0055 02       		.byte	0x2
 399 0056 05       		.byte	0x5
 400 0057 A8020000 		.4byte	.LASF5
 401 005b 03       		.uleb128 0x3
 402 005c 02       		.byte	0x2
 403 005d 07       		.byte	0x7
 404 005e C3000000 		.4byte	.LASF6
 405 0062 02       		.uleb128 0x2
 406 0063 1D000000 		.4byte	.LASF7
 407 0067 02       		.byte	0x2
 408 0068 3F       		.byte	0x3f
 409 0069 6D000000 		.4byte	0x6d
 410 006d 03       		.uleb128 0x3
 411 006e 04       		.byte	0x4
 412 006f 05       		.byte	0x5
 413 0070 DD020000 		.4byte	.LASF8
 414 0074 03       		.uleb128 0x3
 415 0075 04       		.byte	0x4
 416 0076 07       		.byte	0x7
ARM GAS  C:\Users\thieu\AppData\Local\Temp\ccETMwJb.s 			page 13


 417 0077 A3000000 		.4byte	.LASF9
 418 007b 03       		.uleb128 0x3
 419 007c 08       		.byte	0x8
 420 007d 05       		.byte	0x5
 421 007e 6D020000 		.4byte	.LASF10
 422 0082 03       		.uleb128 0x3
 423 0083 08       		.byte	0x8
 424 0084 07       		.byte	0x7
 425 0085 9A010000 		.4byte	.LASF11
 426 0089 04       		.uleb128 0x4
 427 008a 04       		.byte	0x4
 428 008b 05       		.byte	0x5
 429 008c 696E7400 		.ascii	"int\000"
 430 0090 03       		.uleb128 0x3
 431 0091 04       		.byte	0x4
 432 0092 07       		.byte	0x7
 433 0093 76010000 		.4byte	.LASF12
 434 0097 02       		.uleb128 0x2
 435 0098 4A000000 		.4byte	.LASF13
 436 009c 03       		.byte	0x3
 437 009d 14       		.byte	0x14
 438 009e 25000000 		.4byte	0x25
 439 00a2 02       		.uleb128 0x2
 440 00a3 B1010000 		.4byte	.LASF14
 441 00a7 03       		.byte	0x3
 442 00a8 18       		.byte	0x18
 443 00a9 37000000 		.4byte	0x37
 444 00ad 02       		.uleb128 0x2
 445 00ae B9010000 		.4byte	.LASF15
 446 00b2 03       		.byte	0x3
 447 00b3 20       		.byte	0x20
 448 00b4 49000000 		.4byte	0x49
 449 00b8 02       		.uleb128 0x2
 450 00b9 4F020000 		.4byte	.LASF16
 451 00bd 03       		.byte	0x3
 452 00be 2C       		.byte	0x2c
 453 00bf 62000000 		.4byte	0x62
 454 00c3 05       		.uleb128 0x5
 455 00c4 C7020000 		.4byte	.LASF17
 456 00c8 04       		.byte	0x4
 457 00c9 E401     		.2byte	0x1e4
 458 00cb 42000000 		.4byte	0x42
 459 00cf 03       		.uleb128 0x3
 460 00d0 04       		.byte	0x4
 461 00d1 04       		.byte	0x4
 462 00d2 62000000 		.4byte	.LASF18
 463 00d6 03       		.uleb128 0x3
 464 00d7 08       		.byte	0x8
 465 00d8 04       		.byte	0x4
 466 00d9 39000000 		.4byte	.LASF19
 467 00dd 03       		.uleb128 0x3
 468 00de 01       		.byte	0x1
 469 00df 08       		.byte	0x8
 470 00e0 82020000 		.4byte	.LASF20
 471 00e4 03       		.uleb128 0x3
 472 00e5 08       		.byte	0x8
 473 00e6 04       		.byte	0x4
ARM GAS  C:\Users\thieu\AppData\Local\Temp\ccETMwJb.s 			page 14


 474 00e7 E6020000 		.4byte	.LASF21
 475 00eb 03       		.uleb128 0x3
 476 00ec 04       		.byte	0x4
 477 00ed 07       		.byte	0x7
 478 00ee 64020000 		.4byte	.LASF22
 479 00f2 06       		.uleb128 0x6
 480 00f3 68000000 		.4byte	.LASF23
 481 00f7 01       		.byte	0x1
 482 00f8 41       		.byte	0x41
 483 00f9 00000000 		.4byte	.LFB65
 484 00fd 10000000 		.4byte	.LFE65-.LFB65
 485 0101 01       		.uleb128 0x1
 486 0102 9C       		.byte	0x9c
 487 0103 11010000 		.4byte	0x111
 488 0107 07       		.uleb128 0x7
 489 0108 06000000 		.4byte	.LVL0
 490 010c 3E040000 		.4byte	0x43e
 491 0110 00       		.byte	0
 492 0111 06       		.uleb128 0x6
 493 0112 24030000 		.4byte	.LASF24
 494 0116 01       		.byte	0x1
 495 0117 2F       		.byte	0x2f
 496 0118 00000000 		.4byte	.LFB64
 497 011c 08000000 		.4byte	.LFE64-.LFB64
 498 0120 01       		.uleb128 0x1
 499 0121 9C       		.byte	0x9c
 500 0122 30010000 		.4byte	0x130
 501 0126 07       		.uleb128 0x7
 502 0127 06000000 		.4byte	.LVL1
 503 012b 49040000 		.4byte	0x449
 504 012f 00       		.byte	0
 505 0130 08       		.uleb128 0x8
 506 0131 69010000 		.4byte	.LASF51
 507 0135 01       		.byte	0x1
 508 0136 4C       		.byte	0x4c
 509 0137 89000000 		.4byte	0x89
 510 013b 00000000 		.4byte	.LFB66
 511 013f 38010000 		.4byte	.LFE66-.LFB66
 512 0143 01       		.uleb128 0x1
 513 0144 9C       		.byte	0x9c
 514 0145 F0030000 		.4byte	0x3f0
 515 0149 09       		.uleb128 0x9
 516 014a 20010000 		.4byte	.LASF25
 517 014e 01       		.byte	0x1
 518 014f 69       		.byte	0x69
 519 0150 AD000000 		.4byte	0xad
 520 0154 00000000 		.4byte	.LLST0
 521 0158 09       		.uleb128 0x9
 522 0159 B5000000 		.4byte	.LASF26
 523 015d 01       		.byte	0x1
 524 015e 6A       		.byte	0x6a
 525 015f 97000000 		.4byte	0x97
 526 0163 13000000 		.4byte	.LLST1
 527 0167 0A       		.uleb128 0xa
 528 0168 73747300 		.ascii	"sts\000"
 529 016c 01       		.byte	0x1
 530 016d 6D       		.byte	0x6d
ARM GAS  C:\Users\thieu\AppData\Local\Temp\ccETMwJb.s 			page 15


 531 016e A2000000 		.4byte	0xa2
 532 0172 00       		.byte	0
 533 0173 0B       		.uleb128 0xb
 534 0174 63687200 		.ascii	"chr\000"
 535 0178 01       		.byte	0x1
 536 0179 79       		.byte	0x79
 537 017a A2000000 		.4byte	0xa2
 538 017e 2E000000 		.4byte	.LLST2
 539 0182 0C       		.uleb128 0xc
 540 0183 6C000000 		.4byte	.LBB2
 541 0187 92000000 		.4byte	.LBE2-.LBB2
 542 018b B8020000 		.4byte	0x2b8
 543 018f 0D       		.uleb128 0xd
 544 0190 18010000 		.4byte	.LASF28
 545 0194 01       		.byte	0x1
 546 0195 83       		.byte	0x83
 547 0196 A2000000 		.4byte	0xa2
 548 019a 0E       		.uleb128 0xe
 549 019b 34000000 		.4byte	.LASF27
 550 019f 01       		.byte	0x1
 551 01a0 9D       		.byte	0x9d
 552 01a1 C3000000 		.4byte	0xc3
 553 01a5 02       		.uleb128 0x2
 554 01a6 91       		.byte	0x91
 555 01a7 6F       		.sleb128 -17
 556 01a8 07       		.uleb128 0x7
 557 01a9 70000000 		.4byte	.LVL18
 558 01ad 54040000 		.4byte	0x454
 559 01b1 07       		.uleb128 0x7
 560 01b2 74000000 		.4byte	.LVL19
 561 01b6 5F040000 		.4byte	0x45f
 562 01ba 0F       		.uleb128 0xf
 563 01bb 84000000 		.4byte	.LVL20
 564 01bf 6A040000 		.4byte	0x46a
 565 01c3 DE010000 		.4byte	0x1de
 566 01c7 10       		.uleb128 0x10
 567 01c8 01       		.uleb128 0x1
 568 01c9 50       		.byte	0x50
 569 01ca 02       		.uleb128 0x2
 570 01cb 08       		.byte	0x8
 571 01cc 21       		.byte	0x21
 572 01cd 10       		.uleb128 0x10
 573 01ce 01       		.uleb128 0x1
 574 01cf 51       		.byte	0x51
 575 01d0 02       		.uleb128 0x2
 576 01d1 91       		.byte	0x91
 577 01d2 6F       		.sleb128 -17
 578 01d3 10       		.uleb128 0x10
 579 01d4 01       		.uleb128 0x1
 580 01d5 52       		.byte	0x52
 581 01d6 01       		.uleb128 0x1
 582 01d7 31       		.byte	0x31
 583 01d8 10       		.uleb128 0x10
 584 01d9 01       		.uleb128 0x1
 585 01da 53       		.byte	0x53
 586 01db 01       		.uleb128 0x1
 587 01dc 30       		.byte	0x30
ARM GAS  C:\Users\thieu\AppData\Local\Temp\ccETMwJb.s 			page 16


 588 01dd 00       		.byte	0
 589 01de 0F       		.uleb128 0xf
 590 01df 8A000000 		.4byte	.LVL21
 591 01e3 75040000 		.4byte	0x475
 592 01e7 F1010000 		.4byte	0x1f1
 593 01eb 10       		.uleb128 0x10
 594 01ec 01       		.uleb128 0x1
 595 01ed 50       		.byte	0x50
 596 01ee 01       		.uleb128 0x1
 597 01ef 30       		.byte	0x30
 598 01f0 00       		.byte	0
 599 01f1 07       		.uleb128 0x7
 600 01f2 90000000 		.4byte	.LVL22
 601 01f6 54040000 		.4byte	0x454
 602 01fa 0F       		.uleb128 0xf
 603 01fb 9E000000 		.4byte	.LVL24
 604 01ff 80040000 		.4byte	0x480
 605 0203 17020000 		.4byte	0x217
 606 0207 10       		.uleb128 0x10
 607 0208 01       		.uleb128 0x1
 608 0209 50       		.byte	0x50
 609 020a 02       		.uleb128 0x2
 610 020b 75       		.byte	0x75
 611 020c 00       		.sleb128 0
 612 020d 10       		.uleb128 0x10
 613 020e 01       		.uleb128 0x1
 614 020f 51       		.byte	0x51
 615 0210 05       		.uleb128 0x5
 616 0211 03       		.byte	0x3
 617 0212 FC000000 		.4byte	.LC5
 618 0216 00       		.byte	0
 619 0217 0F       		.uleb128 0xf
 620 0218 A4000000 		.4byte	.LVL25
 621 021c 8B040000 		.4byte	0x48b
 622 0220 2B020000 		.4byte	0x22b
 623 0224 10       		.uleb128 0x10
 624 0225 01       		.uleb128 0x1
 625 0226 50       		.byte	0x50
 626 0227 02       		.uleb128 0x2
 627 0228 75       		.byte	0x75
 628 0229 00       		.sleb128 0
 629 022a 00       		.byte	0
 630 022b 0F       		.uleb128 0xf
 631 022c D2000000 		.4byte	.LVL28
 632 0230 8B040000 		.4byte	0x48b
 633 0234 42020000 		.4byte	0x242
 634 0238 10       		.uleb128 0x10
 635 0239 01       		.uleb128 0x1
 636 023a 50       		.byte	0x50
 637 023b 05       		.uleb128 0x5
 638 023c 03       		.byte	0x3
 639 023d 08010000 		.4byte	.LC6
 640 0241 00       		.byte	0
 641 0242 0F       		.uleb128 0xf
 642 0243 D8000000 		.4byte	.LVL29
 643 0247 8B040000 		.4byte	0x48b
 644 024b 59020000 		.4byte	0x259
ARM GAS  C:\Users\thieu\AppData\Local\Temp\ccETMwJb.s 			page 17


 645 024f 10       		.uleb128 0x10
 646 0250 01       		.uleb128 0x1
 647 0251 50       		.byte	0x50
 648 0252 05       		.uleb128 0x5
 649 0253 03       		.byte	0x3
 650 0254 10010000 		.4byte	.LC7
 651 0258 00       		.byte	0
 652 0259 0F       		.uleb128 0xf
 653 025a DE000000 		.4byte	.LVL30
 654 025e 8B040000 		.4byte	0x48b
 655 0262 70020000 		.4byte	0x270
 656 0266 10       		.uleb128 0x10
 657 0267 01       		.uleb128 0x1
 658 0268 50       		.byte	0x50
 659 0269 05       		.uleb128 0x5
 660 026a 03       		.byte	0x3
 661 026b 20010000 		.4byte	.LC8
 662 026f 00       		.byte	0
 663 0270 07       		.uleb128 0x7
 664 0271 E6000000 		.4byte	.LVL33
 665 0275 96040000 		.4byte	0x496
 666 0279 0F       		.uleb128 0xf
 667 027a F0000000 		.4byte	.LVL36
 668 027e 8B040000 		.4byte	0x48b
 669 0282 90020000 		.4byte	0x290
 670 0286 10       		.uleb128 0x10
 671 0287 01       		.uleb128 0x1
 672 0288 50       		.byte	0x50
 673 0289 05       		.uleb128 0x5
 674 028a 03       		.byte	0x3
 675 028b 38010000 		.4byte	.LC9
 676 028f 00       		.byte	0
 677 0290 0F       		.uleb128 0xf
 678 0291 F6000000 		.4byte	.LVL37
 679 0295 A1040000 		.4byte	0x4a1
 680 0299 A4020000 		.4byte	0x2a4
 681 029d 10       		.uleb128 0x10
 682 029e 01       		.uleb128 0x1
 683 029f 50       		.byte	0x50
 684 02a0 02       		.uleb128 0x2
 685 02a1 74       		.byte	0x74
 686 02a2 00       		.sleb128 0
 687 02a3 00       		.byte	0
 688 02a4 11       		.uleb128 0x11
 689 02a5 FC000000 		.4byte	.LVL38
 690 02a9 8B040000 		.4byte	0x48b
 691 02ad 10       		.uleb128 0x10
 692 02ae 01       		.uleb128 0x1
 693 02af 50       		.byte	0x50
 694 02b0 05       		.uleb128 0x5
 695 02b1 03       		.byte	0x3
 696 02b2 50010000 		.4byte	.LC10
 697 02b6 00       		.byte	0
 698 02b7 00       		.byte	0
 699 02b8 07       		.uleb128 0x7
 700 02b9 08000000 		.4byte	.LVL2
 701 02bd AC040000 		.4byte	0x4ac
ARM GAS  C:\Users\thieu\AppData\Local\Temp\ccETMwJb.s 			page 18


 702 02c1 0F       		.uleb128 0xf
 703 02c2 0E000000 		.4byte	.LVL3
 704 02c6 B7040000 		.4byte	0x4b7
 705 02ca D8020000 		.4byte	0x2d8
 706 02ce 10       		.uleb128 0x10
 707 02cf 01       		.uleb128 0x1
 708 02d0 50       		.byte	0x50
 709 02d1 05       		.uleb128 0x5
 710 02d2 03       		.byte	0x3
 711 02d3 00000000 		.4byte	MyIsrUartRX
 712 02d7 00       		.byte	0
 713 02d8 07       		.uleb128 0x7
 714 02d9 12000000 		.4byte	.LVL4
 715 02dd C2040000 		.4byte	0x4c2
 716 02e1 07       		.uleb128 0x7
 717 02e2 16000000 		.4byte	.LVL5
 718 02e6 CD040000 		.4byte	0x4cd
 719 02ea 07       		.uleb128 0x7
 720 02eb 1A000000 		.4byte	.LVL6
 721 02ef D8040000 		.4byte	0x4d8
 722 02f3 0F       		.uleb128 0xf
 723 02f4 22000000 		.4byte	.LVL7
 724 02f8 E3040000 		.4byte	0x4e3
 725 02fc 0C030000 		.4byte	0x30c
 726 0300 10       		.uleb128 0x10
 727 0301 01       		.uleb128 0x1
 728 0302 50       		.byte	0x50
 729 0303 02       		.uleb128 0x2
 730 0304 08       		.byte	0x8
 731 0305 21       		.byte	0x21
 732 0306 10       		.uleb128 0x10
 733 0307 01       		.uleb128 0x1
 734 0308 51       		.byte	0x51
 735 0309 01       		.uleb128 0x1
 736 030a 31       		.byte	0x31
 737 030b 00       		.byte	0
 738 030c 07       		.uleb128 0x7
 739 030d 26000000 		.4byte	.LVL8
 740 0311 EE040000 		.4byte	0x4ee
 741 0315 0F       		.uleb128 0xf
 742 0316 34000000 		.4byte	.LVL9
 743 031a 80040000 		.4byte	0x480
 744 031e 3B030000 		.4byte	0x33b
 745 0322 10       		.uleb128 0x10
 746 0323 01       		.uleb128 0x1
 747 0324 50       		.byte	0x50
 748 0325 02       		.uleb128 0x2
 749 0326 74       		.byte	0x74
 750 0327 00       		.sleb128 0
 751 0328 10       		.uleb128 0x10
 752 0329 01       		.uleb128 0x1
 753 032a 51       		.byte	0x51
 754 032b 05       		.uleb128 0x5
 755 032c 03       		.byte	0x3
 756 032d 74000000 		.4byte	.LC1
 757 0331 10       		.uleb128 0x10
 758 0332 01       		.uleb128 0x1
ARM GAS  C:\Users\thieu\AppData\Local\Temp\ccETMwJb.s 			page 19


 759 0333 52       		.byte	0x52
 760 0334 05       		.uleb128 0x5
 761 0335 03       		.byte	0x3
 762 0336 00000000 		.4byte	.LC0
 763 033a 00       		.byte	0
 764 033b 0F       		.uleb128 0xf
 765 033c 3A000000 		.4byte	.LVL10
 766 0340 8B040000 		.4byte	0x48b
 767 0344 4F030000 		.4byte	0x34f
 768 0348 10       		.uleb128 0x10
 769 0349 01       		.uleb128 0x1
 770 034a 50       		.byte	0x50
 771 034b 02       		.uleb128 0x2
 772 034c 74       		.byte	0x74
 773 034d 00       		.sleb128 0
 774 034e 00       		.byte	0
 775 034f 0F       		.uleb128 0xf
 776 0350 44000000 		.4byte	.LVL11
 777 0354 80040000 		.4byte	0x480
 778 0358 72030000 		.4byte	0x372
 779 035c 10       		.uleb128 0x10
 780 035d 01       		.uleb128 0x1
 781 035e 50       		.byte	0x50
 782 035f 02       		.uleb128 0x2
 783 0360 74       		.byte	0x74
 784 0361 00       		.sleb128 0
 785 0362 10       		.uleb128 0x10
 786 0363 01       		.uleb128 0x1
 787 0364 51       		.byte	0x51
 788 0365 05       		.uleb128 0x5
 789 0366 03       		.byte	0x3
 790 0367 84000000 		.4byte	.LC2
 791 036b 10       		.uleb128 0x10
 792 036c 01       		.uleb128 0x1
 793 036d 52       		.byte	0x52
 794 036e 02       		.uleb128 0x2
 795 036f 08       		.byte	0x8
 796 0370 20       		.byte	0x20
 797 0371 00       		.byte	0
 798 0372 0F       		.uleb128 0xf
 799 0373 4A000000 		.4byte	.LVL12
 800 0377 8B040000 		.4byte	0x48b
 801 037b 86030000 		.4byte	0x386
 802 037f 10       		.uleb128 0x10
 803 0380 01       		.uleb128 0x1
 804 0381 50       		.byte	0x50
 805 0382 02       		.uleb128 0x2
 806 0383 74       		.byte	0x74
 807 0384 00       		.sleb128 0
 808 0385 00       		.byte	0
 809 0386 0F       		.uleb128 0xf
 810 0387 54000000 		.4byte	.LVL13
 811 038b 80040000 		.4byte	0x480
 812 038f A8030000 		.4byte	0x3a8
 813 0393 10       		.uleb128 0x10
 814 0394 01       		.uleb128 0x1
 815 0395 50       		.byte	0x50
ARM GAS  C:\Users\thieu\AppData\Local\Temp\ccETMwJb.s 			page 20


 816 0396 02       		.uleb128 0x2
 817 0397 74       		.byte	0x74
 818 0398 00       		.sleb128 0
 819 0399 10       		.uleb128 0x10
 820 039a 01       		.uleb128 0x1
 821 039b 51       		.byte	0x51
 822 039c 05       		.uleb128 0x5
 823 039d 03       		.byte	0x3
 824 039e AC000000 		.4byte	.LC3
 825 03a2 10       		.uleb128 0x10
 826 03a3 01       		.uleb128 0x1
 827 03a4 52       		.byte	0x52
 828 03a5 01       		.uleb128 0x1
 829 03a6 31       		.byte	0x31
 830 03a7 00       		.byte	0
 831 03a8 0F       		.uleb128 0xf
 832 03a9 5A000000 		.4byte	.LVL14
 833 03ad 8B040000 		.4byte	0x48b
 834 03b1 BC030000 		.4byte	0x3bc
 835 03b5 10       		.uleb128 0x10
 836 03b6 01       		.uleb128 0x1
 837 03b7 50       		.byte	0x50
 838 03b8 02       		.uleb128 0x2
 839 03b9 74       		.byte	0x74
 840 03ba 00       		.sleb128 0
 841 03bb 00       		.byte	0
 842 03bc 0F       		.uleb128 0xf
 843 03bd 64000000 		.4byte	.LVL15
 844 03c1 80040000 		.4byte	0x480
 845 03c5 DF030000 		.4byte	0x3df
 846 03c9 10       		.uleb128 0x10
 847 03ca 01       		.uleb128 0x1
 848 03cb 50       		.byte	0x50
 849 03cc 02       		.uleb128 0x2
 850 03cd 74       		.byte	0x74
 851 03ce 00       		.sleb128 0
 852 03cf 10       		.uleb128 0x10
 853 03d0 01       		.uleb128 0x1
 854 03d1 51       		.byte	0x51
 855 03d2 05       		.uleb128 0x5
 856 03d3 03       		.byte	0x3
 857 03d4 D4000000 		.4byte	.LC4
 858 03d8 10       		.uleb128 0x10
 859 03d9 01       		.uleb128 0x1
 860 03da 52       		.byte	0x52
 861 03db 02       		.uleb128 0x2
 862 03dc 08       		.byte	0x8
 863 03dd 21       		.byte	0x21
 864 03de 00       		.byte	0
 865 03df 11       		.uleb128 0x11
 866 03e0 6A000000 		.4byte	.LVL16
 867 03e4 8B040000 		.4byte	0x48b
 868 03e8 10       		.uleb128 0x10
 869 03e9 01       		.uleb128 0x1
 870 03ea 50       		.byte	0x50
 871 03eb 02       		.uleb128 0x2
 872 03ec 74       		.byte	0x74
ARM GAS  C:\Users\thieu\AppData\Local\Temp\ccETMwJb.s 			page 21


 873 03ed 00       		.sleb128 0
 874 03ee 00       		.byte	0
 875 03ef 00       		.byte	0
 876 03f0 0D       		.uleb128 0xd
 877 03f1 6E010000 		.4byte	.LASF29
 878 03f5 01       		.byte	0x1
 879 03f6 2E       		.byte	0x2e
 880 03f7 A2000000 		.4byte	0xa2
 881 03fb 12       		.uleb128 0x12
 882 03fc DD000000 		.4byte	0xdd
 883 0400 0B040000 		.4byte	0x40b
 884 0404 13       		.uleb128 0x13
 885 0405 EB000000 		.4byte	0xeb
 886 0409 7F       		.byte	0x7f
 887 040a 00       		.byte	0
 888 040b 0E       		.uleb128 0xe
 889 040c C0020000 		.4byte	.LASF30
 890 0410 01       		.byte	0x1
 891 0411 38       		.byte	0x38
 892 0412 FB030000 		.4byte	0x3fb
 893 0416 05       		.uleb128 0x5
 894 0417 03       		.byte	0x3
 895 0418 04000000 		.4byte	buffer
 896 041c 14       		.uleb128 0x14
 897 041d 63527800 		.ascii	"cRx\000"
 898 0421 01       		.byte	0x1
 899 0422 3A       		.byte	0x3a
 900 0423 DD000000 		.4byte	0xdd
 901 0427 05       		.uleb128 0x5
 902 0428 03       		.byte	0x3
 903 0429 00000000 		.4byte	cRx
 904 042d 15       		.uleb128 0x15
 905 042e 0B010000 		.4byte	.LASF52
 906 0432 0D       		.byte	0xd
 907 0433 1207     		.2byte	0x712
 908 0435 39040000 		.4byte	0x439
 909 0439 16       		.uleb128 0x16
 910 043a B8000000 		.4byte	0xb8
 911 043e 17       		.uleb128 0x17
 912 043f 87020000 		.4byte	.LASF31
 913 0443 87020000 		.4byte	.LASF31
 914 0447 05       		.byte	0x5
 915 0448 71       		.byte	0x71
 916 0449 17       		.uleb128 0x17
 917 044a F2020000 		.4byte	.LASF32
 918 044e F2020000 		.4byte	.LASF32
 919 0452 06       		.byte	0x6
 920 0453 2B       		.byte	0x2b
 921 0454 17       		.uleb128 0x17
 922 0455 83010000 		.4byte	.LASF33
 923 0459 83010000 		.4byte	.LASF33
 924 045d 07       		.byte	0x7
 925 045e 3B       		.byte	0x3b
 926 045f 17       		.uleb128 0x17
 927 0460 F5000000 		.4byte	.LASF34
 928 0464 F5000000 		.4byte	.LASF34
 929 0468 07       		.byte	0x7
ARM GAS  C:\Users\thieu\AppData\Local\Temp\ccETMwJb.s 			page 22


 930 0469 3A       		.byte	0x3a
 931 046a 17       		.uleb128 0x17
 932 046b 90000000 		.4byte	.LASF35
 933 046f 90000000 		.4byte	.LASF35
 934 0473 08       		.byte	0x8
 935 0474 A7       		.byte	0xa7
 936 0475 17       		.uleb128 0x17
 937 0476 2A010000 		.4byte	.LASF36
 938 047a 2A010000 		.4byte	.LASF36
 939 047e 07       		.byte	0x7
 940 047f 39       		.byte	0x39
 941 0480 17       		.uleb128 0x17
 942 0481 1C030000 		.4byte	.LASF37
 943 0485 1C030000 		.4byte	.LASF37
 944 0489 09       		.byte	0x9
 945 048a E7       		.byte	0xe7
 946 048b 17       		.uleb128 0x17
 947 048c 0D030000 		.4byte	.LASF38
 948 0490 0D030000 		.4byte	.LASF38
 949 0494 05       		.byte	0x5
 950 0495 8B       		.byte	0x8b
 951 0496 17       		.uleb128 0x17
 952 0497 CD020000 		.4byte	.LASF39
 953 049b CD020000 		.4byte	.LASF39
 954 049f 0A       		.byte	0xa
 955 04a0 7B       		.byte	0x7b
 956 04a1 17       		.uleb128 0x17
 957 04a2 57020000 		.4byte	.LASF40
 958 04a6 57020000 		.4byte	.LASF40
 959 04aa 05       		.byte	0x5
 960 04ab 8A       		.byte	0x8a
 961 04ac 17       		.uleb128 0x17
 962 04ad D6000000 		.4byte	.LASF41
 963 04b1 D6000000 		.4byte	.LASF41
 964 04b5 05       		.byte	0x5
 965 04b6 54       		.byte	0x54
 966 04b7 17       		.uleb128 0x17
 967 04b8 94020000 		.4byte	.LASF42
 968 04bc 94020000 		.4byte	.LASF42
 969 04c0 0B       		.byte	0xb
 970 04c1 18       		.byte	0x18
 971 04c2 17       		.uleb128 0x17
 972 04c3 27000000 		.4byte	.LASF43
 973 04c7 27000000 		.4byte	.LASF43
 974 04cb 0C       		.byte	0xc
 975 04cc 3D       		.byte	0x3d
 976 04cd 17       		.uleb128 0x17
 977 04ce 51000000 		.4byte	.LASF44
 978 04d2 51000000 		.4byte	.LASF44
 979 04d6 07       		.byte	0x7
 980 04d7 34       		.byte	0x34
 981 04d8 17       		.uleb128 0x17
 982 04d9 80000000 		.4byte	.LASF45
 983 04dd 80000000 		.4byte	.LASF45
 984 04e1 07       		.byte	0x7
 985 04e2 43       		.byte	0x43
 986 04e3 17       		.uleb128 0x17
ARM GAS  C:\Users\thieu\AppData\Local\Temp\ccETMwJb.s 			page 23


 987 04e4 E1000000 		.4byte	.LASF46
 988 04e8 E1000000 		.4byte	.LASF46
 989 04ec 08       		.byte	0x8
 990 04ed B1       		.byte	0xb1
 991 04ee 17       		.uleb128 0x17
 992 04ef 40000000 		.4byte	.LASF47
 993 04f3 40000000 		.4byte	.LASF47
 994 04f7 08       		.byte	0x8
 995 04f8 93       		.byte	0x93
 996 04f9 00       		.byte	0
 997              		.section	.debug_abbrev,"",%progbits
 998              	.Ldebug_abbrev0:
 999 0000 01       		.uleb128 0x1
 1000 0001 11       		.uleb128 0x11
 1001 0002 01       		.byte	0x1
 1002 0003 25       		.uleb128 0x25
 1003 0004 0E       		.uleb128 0xe
 1004 0005 13       		.uleb128 0x13
 1005 0006 0B       		.uleb128 0xb
 1006 0007 03       		.uleb128 0x3
 1007 0008 0E       		.uleb128 0xe
 1008 0009 1B       		.uleb128 0x1b
 1009 000a 0E       		.uleb128 0xe
 1010 000b 55       		.uleb128 0x55
 1011 000c 17       		.uleb128 0x17
 1012 000d 11       		.uleb128 0x11
 1013 000e 01       		.uleb128 0x1
 1014 000f 10       		.uleb128 0x10
 1015 0010 17       		.uleb128 0x17
 1016 0011 00       		.byte	0
 1017 0012 00       		.byte	0
 1018 0013 02       		.uleb128 0x2
 1019 0014 16       		.uleb128 0x16
 1020 0015 00       		.byte	0
 1021 0016 03       		.uleb128 0x3
 1022 0017 0E       		.uleb128 0xe
 1023 0018 3A       		.uleb128 0x3a
 1024 0019 0B       		.uleb128 0xb
 1025 001a 3B       		.uleb128 0x3b
 1026 001b 0B       		.uleb128 0xb
 1027 001c 49       		.uleb128 0x49
 1028 001d 13       		.uleb128 0x13
 1029 001e 00       		.byte	0
 1030 001f 00       		.byte	0
 1031 0020 03       		.uleb128 0x3
 1032 0021 24       		.uleb128 0x24
 1033 0022 00       		.byte	0
 1034 0023 0B       		.uleb128 0xb
 1035 0024 0B       		.uleb128 0xb
 1036 0025 3E       		.uleb128 0x3e
 1037 0026 0B       		.uleb128 0xb
 1038 0027 03       		.uleb128 0x3
 1039 0028 0E       		.uleb128 0xe
 1040 0029 00       		.byte	0
 1041 002a 00       		.byte	0
 1042 002b 04       		.uleb128 0x4
 1043 002c 24       		.uleb128 0x24
ARM GAS  C:\Users\thieu\AppData\Local\Temp\ccETMwJb.s 			page 24


 1044 002d 00       		.byte	0
 1045 002e 0B       		.uleb128 0xb
 1046 002f 0B       		.uleb128 0xb
 1047 0030 3E       		.uleb128 0x3e
 1048 0031 0B       		.uleb128 0xb
 1049 0032 03       		.uleb128 0x3
 1050 0033 08       		.uleb128 0x8
 1051 0034 00       		.byte	0
 1052 0035 00       		.byte	0
 1053 0036 05       		.uleb128 0x5
 1054 0037 16       		.uleb128 0x16
 1055 0038 00       		.byte	0
 1056 0039 03       		.uleb128 0x3
 1057 003a 0E       		.uleb128 0xe
 1058 003b 3A       		.uleb128 0x3a
 1059 003c 0B       		.uleb128 0xb
 1060 003d 3B       		.uleb128 0x3b
 1061 003e 05       		.uleb128 0x5
 1062 003f 49       		.uleb128 0x49
 1063 0040 13       		.uleb128 0x13
 1064 0041 00       		.byte	0
 1065 0042 00       		.byte	0
 1066 0043 06       		.uleb128 0x6
 1067 0044 2E       		.uleb128 0x2e
 1068 0045 01       		.byte	0x1
 1069 0046 3F       		.uleb128 0x3f
 1070 0047 19       		.uleb128 0x19
 1071 0048 03       		.uleb128 0x3
 1072 0049 0E       		.uleb128 0xe
 1073 004a 3A       		.uleb128 0x3a
 1074 004b 0B       		.uleb128 0xb
 1075 004c 3B       		.uleb128 0x3b
 1076 004d 0B       		.uleb128 0xb
 1077 004e 27       		.uleb128 0x27
 1078 004f 19       		.uleb128 0x19
 1079 0050 11       		.uleb128 0x11
 1080 0051 01       		.uleb128 0x1
 1081 0052 12       		.uleb128 0x12
 1082 0053 06       		.uleb128 0x6
 1083 0054 40       		.uleb128 0x40
 1084 0055 18       		.uleb128 0x18
 1085 0056 9742     		.uleb128 0x2117
 1086 0058 19       		.uleb128 0x19
 1087 0059 01       		.uleb128 0x1
 1088 005a 13       		.uleb128 0x13
 1089 005b 00       		.byte	0
 1090 005c 00       		.byte	0
 1091 005d 07       		.uleb128 0x7
 1092 005e 898201   		.uleb128 0x4109
 1093 0061 00       		.byte	0
 1094 0062 11       		.uleb128 0x11
 1095 0063 01       		.uleb128 0x1
 1096 0064 31       		.uleb128 0x31
 1097 0065 13       		.uleb128 0x13
 1098 0066 00       		.byte	0
 1099 0067 00       		.byte	0
 1100 0068 08       		.uleb128 0x8
ARM GAS  C:\Users\thieu\AppData\Local\Temp\ccETMwJb.s 			page 25


 1101 0069 2E       		.uleb128 0x2e
 1102 006a 01       		.byte	0x1
 1103 006b 3F       		.uleb128 0x3f
 1104 006c 19       		.uleb128 0x19
 1105 006d 03       		.uleb128 0x3
 1106 006e 0E       		.uleb128 0xe
 1107 006f 3A       		.uleb128 0x3a
 1108 0070 0B       		.uleb128 0xb
 1109 0071 3B       		.uleb128 0x3b
 1110 0072 0B       		.uleb128 0xb
 1111 0073 27       		.uleb128 0x27
 1112 0074 19       		.uleb128 0x19
 1113 0075 49       		.uleb128 0x49
 1114 0076 13       		.uleb128 0x13
 1115 0077 8701     		.uleb128 0x87
 1116 0079 19       		.uleb128 0x19
 1117 007a 11       		.uleb128 0x11
 1118 007b 01       		.uleb128 0x1
 1119 007c 12       		.uleb128 0x12
 1120 007d 06       		.uleb128 0x6
 1121 007e 40       		.uleb128 0x40
 1122 007f 18       		.uleb128 0x18
 1123 0080 9742     		.uleb128 0x2117
 1124 0082 19       		.uleb128 0x19
 1125 0083 01       		.uleb128 0x1
 1126 0084 13       		.uleb128 0x13
 1127 0085 00       		.byte	0
 1128 0086 00       		.byte	0
 1129 0087 09       		.uleb128 0x9
 1130 0088 34       		.uleb128 0x34
 1131 0089 00       		.byte	0
 1132 008a 03       		.uleb128 0x3
 1133 008b 0E       		.uleb128 0xe
 1134 008c 3A       		.uleb128 0x3a
 1135 008d 0B       		.uleb128 0xb
 1136 008e 3B       		.uleb128 0x3b
 1137 008f 0B       		.uleb128 0xb
 1138 0090 49       		.uleb128 0x49
 1139 0091 13       		.uleb128 0x13
 1140 0092 02       		.uleb128 0x2
 1141 0093 17       		.uleb128 0x17
 1142 0094 00       		.byte	0
 1143 0095 00       		.byte	0
 1144 0096 0A       		.uleb128 0xa
 1145 0097 34       		.uleb128 0x34
 1146 0098 00       		.byte	0
 1147 0099 03       		.uleb128 0x3
 1148 009a 08       		.uleb128 0x8
 1149 009b 3A       		.uleb128 0x3a
 1150 009c 0B       		.uleb128 0xb
 1151 009d 3B       		.uleb128 0x3b
 1152 009e 0B       		.uleb128 0xb
 1153 009f 49       		.uleb128 0x49
 1154 00a0 13       		.uleb128 0x13
 1155 00a1 1C       		.uleb128 0x1c
 1156 00a2 0B       		.uleb128 0xb
 1157 00a3 00       		.byte	0
ARM GAS  C:\Users\thieu\AppData\Local\Temp\ccETMwJb.s 			page 26


 1158 00a4 00       		.byte	0
 1159 00a5 0B       		.uleb128 0xb
 1160 00a6 34       		.uleb128 0x34
 1161 00a7 00       		.byte	0
 1162 00a8 03       		.uleb128 0x3
 1163 00a9 08       		.uleb128 0x8
 1164 00aa 3A       		.uleb128 0x3a
 1165 00ab 0B       		.uleb128 0xb
 1166 00ac 3B       		.uleb128 0x3b
 1167 00ad 0B       		.uleb128 0xb
 1168 00ae 49       		.uleb128 0x49
 1169 00af 13       		.uleb128 0x13
 1170 00b0 02       		.uleb128 0x2
 1171 00b1 17       		.uleb128 0x17
 1172 00b2 00       		.byte	0
 1173 00b3 00       		.byte	0
 1174 00b4 0C       		.uleb128 0xc
 1175 00b5 0B       		.uleb128 0xb
 1176 00b6 01       		.byte	0x1
 1177 00b7 11       		.uleb128 0x11
 1178 00b8 01       		.uleb128 0x1
 1179 00b9 12       		.uleb128 0x12
 1180 00ba 06       		.uleb128 0x6
 1181 00bb 01       		.uleb128 0x1
 1182 00bc 13       		.uleb128 0x13
 1183 00bd 00       		.byte	0
 1184 00be 00       		.byte	0
 1185 00bf 0D       		.uleb128 0xd
 1186 00c0 34       		.uleb128 0x34
 1187 00c1 00       		.byte	0
 1188 00c2 03       		.uleb128 0x3
 1189 00c3 0E       		.uleb128 0xe
 1190 00c4 3A       		.uleb128 0x3a
 1191 00c5 0B       		.uleb128 0xb
 1192 00c6 3B       		.uleb128 0x3b
 1193 00c7 0B       		.uleb128 0xb
 1194 00c8 49       		.uleb128 0x49
 1195 00c9 13       		.uleb128 0x13
 1196 00ca 00       		.byte	0
 1197 00cb 00       		.byte	0
 1198 00cc 0E       		.uleb128 0xe
 1199 00cd 34       		.uleb128 0x34
 1200 00ce 00       		.byte	0
 1201 00cf 03       		.uleb128 0x3
 1202 00d0 0E       		.uleb128 0xe
 1203 00d1 3A       		.uleb128 0x3a
 1204 00d2 0B       		.uleb128 0xb
 1205 00d3 3B       		.uleb128 0x3b
 1206 00d4 0B       		.uleb128 0xb
 1207 00d5 49       		.uleb128 0x49
 1208 00d6 13       		.uleb128 0x13
 1209 00d7 02       		.uleb128 0x2
 1210 00d8 18       		.uleb128 0x18
 1211 00d9 00       		.byte	0
 1212 00da 00       		.byte	0
 1213 00db 0F       		.uleb128 0xf
 1214 00dc 898201   		.uleb128 0x4109
ARM GAS  C:\Users\thieu\AppData\Local\Temp\ccETMwJb.s 			page 27


 1215 00df 01       		.byte	0x1
 1216 00e0 11       		.uleb128 0x11
 1217 00e1 01       		.uleb128 0x1
 1218 00e2 31       		.uleb128 0x31
 1219 00e3 13       		.uleb128 0x13
 1220 00e4 01       		.uleb128 0x1
 1221 00e5 13       		.uleb128 0x13
 1222 00e6 00       		.byte	0
 1223 00e7 00       		.byte	0
 1224 00e8 10       		.uleb128 0x10
 1225 00e9 8A8201   		.uleb128 0x410a
 1226 00ec 00       		.byte	0
 1227 00ed 02       		.uleb128 0x2
 1228 00ee 18       		.uleb128 0x18
 1229 00ef 9142     		.uleb128 0x2111
 1230 00f1 18       		.uleb128 0x18
 1231 00f2 00       		.byte	0
 1232 00f3 00       		.byte	0
 1233 00f4 11       		.uleb128 0x11
 1234 00f5 898201   		.uleb128 0x4109
 1235 00f8 01       		.byte	0x1
 1236 00f9 11       		.uleb128 0x11
 1237 00fa 01       		.uleb128 0x1
 1238 00fb 31       		.uleb128 0x31
 1239 00fc 13       		.uleb128 0x13
 1240 00fd 00       		.byte	0
 1241 00fe 00       		.byte	0
 1242 00ff 12       		.uleb128 0x12
 1243 0100 01       		.uleb128 0x1
 1244 0101 01       		.byte	0x1
 1245 0102 49       		.uleb128 0x49
 1246 0103 13       		.uleb128 0x13
 1247 0104 01       		.uleb128 0x1
 1248 0105 13       		.uleb128 0x13
 1249 0106 00       		.byte	0
 1250 0107 00       		.byte	0
 1251 0108 13       		.uleb128 0x13
 1252 0109 21       		.uleb128 0x21
 1253 010a 00       		.byte	0
 1254 010b 49       		.uleb128 0x49
 1255 010c 13       		.uleb128 0x13
 1256 010d 2F       		.uleb128 0x2f
 1257 010e 0B       		.uleb128 0xb
 1258 010f 00       		.byte	0
 1259 0110 00       		.byte	0
 1260 0111 14       		.uleb128 0x14
 1261 0112 34       		.uleb128 0x34
 1262 0113 00       		.byte	0
 1263 0114 03       		.uleb128 0x3
 1264 0115 08       		.uleb128 0x8
 1265 0116 3A       		.uleb128 0x3a
 1266 0117 0B       		.uleb128 0xb
 1267 0118 3B       		.uleb128 0x3b
 1268 0119 0B       		.uleb128 0xb
 1269 011a 49       		.uleb128 0x49
 1270 011b 13       		.uleb128 0x13
 1271 011c 02       		.uleb128 0x2
ARM GAS  C:\Users\thieu\AppData\Local\Temp\ccETMwJb.s 			page 28


 1272 011d 18       		.uleb128 0x18
 1273 011e 00       		.byte	0
 1274 011f 00       		.byte	0
 1275 0120 15       		.uleb128 0x15
 1276 0121 34       		.uleb128 0x34
 1277 0122 00       		.byte	0
 1278 0123 03       		.uleb128 0x3
 1279 0124 0E       		.uleb128 0xe
 1280 0125 3A       		.uleb128 0x3a
 1281 0126 0B       		.uleb128 0xb
 1282 0127 3B       		.uleb128 0x3b
 1283 0128 05       		.uleb128 0x5
 1284 0129 49       		.uleb128 0x49
 1285 012a 13       		.uleb128 0x13
 1286 012b 3F       		.uleb128 0x3f
 1287 012c 19       		.uleb128 0x19
 1288 012d 3C       		.uleb128 0x3c
 1289 012e 19       		.uleb128 0x19
 1290 012f 00       		.byte	0
 1291 0130 00       		.byte	0
 1292 0131 16       		.uleb128 0x16
 1293 0132 35       		.uleb128 0x35
 1294 0133 00       		.byte	0
 1295 0134 49       		.uleb128 0x49
 1296 0135 13       		.uleb128 0x13
 1297 0136 00       		.byte	0
 1298 0137 00       		.byte	0
 1299 0138 17       		.uleb128 0x17
 1300 0139 2E       		.uleb128 0x2e
 1301 013a 00       		.byte	0
 1302 013b 3F       		.uleb128 0x3f
 1303 013c 19       		.uleb128 0x19
 1304 013d 3C       		.uleb128 0x3c
 1305 013e 19       		.uleb128 0x19
 1306 013f 6E       		.uleb128 0x6e
 1307 0140 0E       		.uleb128 0xe
 1308 0141 03       		.uleb128 0x3
 1309 0142 0E       		.uleb128 0xe
 1310 0143 3A       		.uleb128 0x3a
 1311 0144 0B       		.uleb128 0xb
 1312 0145 3B       		.uleb128 0x3b
 1313 0146 0B       		.uleb128 0xb
 1314 0147 00       		.byte	0
 1315 0148 00       		.byte	0
 1316 0149 00       		.byte	0
 1317              		.section	.debug_loc,"",%progbits
 1318              	.Ldebug_loc0:
 1319              	.LLST0:
 1320 0000 90000000 		.4byte	.LVL22
 1321 0004 9A000000 		.4byte	.LVL23
 1322 0008 0100     		.2byte	0x1
 1323 000a 50       		.byte	0x50
 1324 000b 00000000 		.4byte	0
 1325 000f 00000000 		.4byte	0
 1326              	.LLST1:
 1327 0013 90000000 		.4byte	.LVL22
 1328 0017 9A000000 		.4byte	.LVL23
ARM GAS  C:\Users\thieu\AppData\Local\Temp\ccETMwJb.s 			page 29


 1329 001b 0900     		.2byte	0x9
 1330 001d 70       		.byte	0x70
 1331 001e 00       		.sleb128 0
 1332 001f 09       		.byte	0x9
 1333 0020 F4       		.byte	0xf4
 1334 0021 24       		.byte	0x24
 1335 0022 09       		.byte	0x9
 1336 0023 FC       		.byte	0xfc
 1337 0024 26       		.byte	0x26
 1338 0025 9F       		.byte	0x9f
 1339 0026 00000000 		.4byte	0
 1340 002a 00000000 		.4byte	0
 1341              	.LLST2:
 1342 002e 6A000000 		.4byte	.LVL16
 1343 0032 6C000000 		.4byte	.LVL17
 1344 0036 0200     		.2byte	0x2
 1345 0038 30       		.byte	0x30
 1346 0039 9F       		.byte	0x9f
 1347 003a 6C000000 		.4byte	.LVL17
 1348 003e AA000000 		.4byte	.LVL26
 1349 0042 0100     		.2byte	0x1
 1350 0044 54       		.byte	0x54
 1351 0045 AA000000 		.4byte	.LVL26
 1352 0049 B2000000 		.4byte	.LVL27
 1353 004d 0100     		.2byte	0x1
 1354 004f 53       		.byte	0x53
 1355 0050 B2000000 		.4byte	.LVL27
 1356 0054 E0000000 		.4byte	.LVL31
 1357 0058 0100     		.2byte	0x1
 1358 005a 54       		.byte	0x54
 1359 005b E2000000 		.4byte	.LVL32
 1360 005f E8000000 		.4byte	.LVL34
 1361 0063 0100     		.2byte	0x1
 1362 0065 54       		.byte	0x54
 1363 0066 EA000000 		.4byte	.LVL35
 1364 006a 38010000 		.4byte	.LFE66
 1365 006e 0100     		.2byte	0x1
 1366 0070 54       		.byte	0x54
 1367 0071 00000000 		.4byte	0
 1368 0075 00000000 		.4byte	0
 1369              		.section	.debug_aranges,"",%progbits
 1370 0000 2C000000 		.4byte	0x2c
 1371 0004 0200     		.2byte	0x2
 1372 0006 00000000 		.4byte	.Ldebug_info0
 1373 000a 04       		.byte	0x4
 1374 000b 00       		.byte	0
 1375 000c 0000     		.2byte	0
 1376 000e 0000     		.2byte	0
 1377 0010 00000000 		.4byte	.LFB65
 1378 0014 10000000 		.4byte	.LFE65-.LFB65
 1379 0018 00000000 		.4byte	.LFB64
 1380 001c 08000000 		.4byte	.LFE64-.LFB64
 1381 0020 00000000 		.4byte	.LFB66
 1382 0024 38010000 		.4byte	.LFE66-.LFB66
 1383 0028 00000000 		.4byte	0
 1384 002c 00000000 		.4byte	0
 1385              		.section	.debug_ranges,"",%progbits
ARM GAS  C:\Users\thieu\AppData\Local\Temp\ccETMwJb.s 			page 30


 1386              	.Ldebug_ranges0:
 1387 0000 00000000 		.4byte	.LFB65
 1388 0004 10000000 		.4byte	.LFE65
 1389 0008 00000000 		.4byte	.LFB64
 1390 000c 08000000 		.4byte	.LFE64
 1391 0010 00000000 		.4byte	.LFB66
 1392 0014 38010000 		.4byte	.LFE66
 1393 0018 00000000 		.4byte	0
 1394 001c 00000000 		.4byte	0
 1395              		.section	.debug_line,"",%progbits
 1396              	.Ldebug_line0:
 1397 0000 5F020000 		.section	.debug_str,"MS",%progbits,1
 1397      0200EE01 
 1397      00000201 
 1397      FB0E0D00 
 1397      01010101 
 1398              	.LASF0:
 1399 0000 5F5F696E 		.ascii	"__int8_t\000"
 1399      74385F74 
 1399      00
 1400              	.LASF1:
 1401 0009 5F5F7569 		.ascii	"__uint8_t\000"
 1401      6E74385F 
 1401      7400
 1402              	.LASF4:
 1403 0013 5F5F696E 		.ascii	"__int16_t\000"
 1403      7431365F 
 1403      7400
 1404              	.LASF7:
 1405 001d 5F5F696E 		.ascii	"__int32_t\000"
 1405      7433325F 
 1405      7400
 1406              	.LASF43:
 1407 0027 5449415F 		.ascii	"TIA_PD_Start\000"
 1407      50445F53 
 1407      74617274 
 1407      00
 1408              	.LASF27:
 1409 0034 64617461 		.ascii	"data\000"
 1409      00
 1410              	.LASF19:
 1411 0039 646F7562 		.ascii	"double\000"
 1411      6C6500
 1412              	.LASF47:
 1413 0040 4932435F 		.ascii	"I2C_Start\000"
 1413      53746172 
 1413      7400
 1414              	.LASF13:
 1415 004a 696E7438 		.ascii	"int8_t\000"
 1415      5F7400
 1416              	.LASF44:
 1417 0051 4144435F 		.ascii	"ADC_SAR_PD_Start\000"
 1417      5341525F 
 1417      50445F53 
 1417      74617274 
 1417      00
 1418              	.LASF18:
ARM GAS  C:\Users\thieu\AppData\Local\Temp\ccETMwJb.s 			page 31


 1419 0062 666C6F61 		.ascii	"float\000"
 1419      7400
 1420              	.LASF23:
 1421 0068 4D794973 		.ascii	"MyIsrUartRX\000"
 1421      72556172 
 1421      74525800 
 1422              	.LASF2:
 1423 0074 7369676E 		.ascii	"signed char\000"
 1423      65642063 
 1423      68617200 
 1424              	.LASF45:
 1425 0080 4144435F 		.ascii	"ADC_SAR_PD_Init\000"
 1425      5341525F 
 1425      50445F49 
 1425      6E697400 
 1426              	.LASF35:
 1427 0090 4932435F 		.ascii	"I2C_MasterWriteBuf\000"
 1427      4D617374 
 1427      65725772 
 1427      69746542 
 1427      756600
 1428              	.LASF9:
 1429 00a3 6C6F6E67 		.ascii	"long unsigned int\000"
 1429      20756E73 
 1429      69676E65 
 1429      6420696E 
 1429      7400
 1430              	.LASF26:
 1431 00b5 73617252 		.ascii	"sarResult8bit\000"
 1431      6573756C 
 1431      74386269 
 1431      7400
 1432              	.LASF6:
 1433 00c3 73686F72 		.ascii	"short unsigned int\000"
 1433      7420756E 
 1433      7369676E 
 1433      65642069 
 1433      6E7400
 1434              	.LASF41:
 1435 00d6 55415254 		.ascii	"UART_Start\000"
 1435      5F537461 
 1435      727400
 1436              	.LASF46:
 1437 00e1 4932435F 		.ascii	"I2C_MasterSendStart\000"
 1437      4D617374 
 1437      65725365 
 1437      6E645374 
 1437      61727400 
 1438              	.LASF34:
 1439 00f5 4144435F 		.ascii	"ADC_SAR_PD_GetResult8\000"
 1439      5341525F 
 1439      50445F47 
 1439      65745265 
 1439      73756C74 
 1440              	.LASF52:
 1441 010b 49544D5F 		.ascii	"ITM_RxBuffer\000"
 1441      52784275 
ARM GAS  C:\Users\thieu\AppData\Local\Temp\ccETMwJb.s 			page 32


 1441      66666572 
 1441      00
 1442              	.LASF28:
 1443 0118 69326342 		.ascii	"i2cByte\000"
 1443      79746500 
 1444              	.LASF25:
 1445 0120 73617252 		.ascii	"sarResult\000"
 1445      6573756C 
 1445      7400
 1446              	.LASF36:
 1447 012a 4144435F 		.ascii	"ADC_SAR_PD_IsEndConversion\000"
 1447      5341525F 
 1447      50445F49 
 1447      73456E64 
 1447      436F6E76 
 1448              	.LASF50:
 1449 0145 453A5C67 		.ascii	"E:\\github\\MPS\\MPS_W22_Prakt_5.cydsn\000"
 1449      69746875 
 1449      625C4D50 
 1449      535C4D50 
 1449      535F5732 
 1450              	.LASF51:
 1451 0169 6D61696E 		.ascii	"main\000"
 1451      00
 1452              	.LASF29:
 1453 016e 4144435F 		.ascii	"ADC_isr\000"
 1453      69737200 
 1454              	.LASF12:
 1455 0176 756E7369 		.ascii	"unsigned int\000"
 1455      676E6564 
 1455      20696E74 
 1455      00
 1456              	.LASF33:
 1457 0183 4144435F 		.ascii	"ADC_SAR_PD_GetResult16\000"
 1457      5341525F 
 1457      50445F47 
 1457      65745265 
 1457      73756C74 
 1458              	.LASF11:
 1459 019a 6C6F6E67 		.ascii	"long long unsigned int\000"
 1459      206C6F6E 
 1459      6720756E 
 1459      7369676E 
 1459      65642069 
 1460              	.LASF14:
 1461 01b1 75696E74 		.ascii	"uint8_t\000"
 1461      385F7400 
 1462              	.LASF15:
 1463 01b9 696E7431 		.ascii	"int16_t\000"
 1463      365F7400 
 1464              	.LASF48:
 1465 01c1 474E5520 		.ascii	"GNU C11 5.4.1 20160609 (release) [ARM/embedded-5-br"
 1465      43313120 
 1465      352E342E 
 1465      31203230 
 1465      31363036 
 1466 01f4 616E6368 		.ascii	"anch revision 237715] -mcpu=cortex-m3 -mthumb -g -O"
ARM GAS  C:\Users\thieu\AppData\Local\Temp\ccETMwJb.s 			page 33


 1466      20726576 
 1466      6973696F 
 1466      6E203233 
 1466      37373135 
 1467 0227 67202D66 		.ascii	"g -ffunction-sections -ffat-lto-objects\000"
 1467      66756E63 
 1467      74696F6E 
 1467      2D736563 
 1467      74696F6E 
 1468              	.LASF16:
 1469 024f 696E7433 		.ascii	"int32_t\000"
 1469      325F7400 
 1470              	.LASF40:
 1471 0257 55415254 		.ascii	"UART_PutChar\000"
 1471      5F507574 
 1471      43686172 
 1471      00
 1472              	.LASF22:
 1473 0264 73697A65 		.ascii	"sizetype\000"
 1473      74797065 
 1473      00
 1474              	.LASF10:
 1475 026d 6C6F6E67 		.ascii	"long long int\000"
 1475      206C6F6E 
 1475      6720696E 
 1475      7400
 1476              	.LASF49:
 1477 027b 6D61696E 		.ascii	"main.c\000"
 1477      2E6300
 1478              	.LASF20:
 1479 0282 63686172 		.ascii	"char\000"
 1479      00
 1480              	.LASF31:
 1481 0287 55415254 		.ascii	"UART_GetChar\000"
 1481      5F476574 
 1481      43686172 
 1481      00
 1482              	.LASF42:
 1483 0294 6973725F 		.ascii	"isr_UART_RX_StartEx\000"
 1483      55415254 
 1483      5F52585F 
 1483      53746172 
 1483      74457800 
 1484              	.LASF5:
 1485 02a8 73686F72 		.ascii	"short int\000"
 1485      7420696E 
 1485      7400
 1486              	.LASF3:
 1487 02b2 756E7369 		.ascii	"unsigned char\000"
 1487      676E6564 
 1487      20636861 
 1487      7200
 1488              	.LASF30:
 1489 02c0 62756666 		.ascii	"buffer\000"
 1489      657200
 1490              	.LASF17:
 1491 02c7 75696E74 		.ascii	"uint8\000"
ARM GAS  C:\Users\thieu\AppData\Local\Temp\ccETMwJb.s 			page 34


 1491      3800
 1492              	.LASF39:
 1493 02cd 4379536F 		.ascii	"CySoftwareReset\000"
 1493      66747761 
 1493      72655265 
 1493      73657400 
 1494              	.LASF8:
 1495 02dd 6C6F6E67 		.ascii	"long int\000"
 1495      20696E74 
 1495      00
 1496              	.LASF21:
 1497 02e6 6C6F6E67 		.ascii	"long double\000"
 1497      20646F75 
 1497      626C6500 
 1498              	.LASF32:
 1499 02f2 50696E5F 		.ascii	"Pin_TIA_OUT_ClearInterrupt\000"
 1499      5449415F 
 1499      4F55545F 
 1499      436C6561 
 1499      72496E74 
 1500              	.LASF38:
 1501 030d 55415254 		.ascii	"UART_PutString\000"
 1501      5F507574 
 1501      53747269 
 1501      6E6700
 1502              	.LASF37:
 1503 031c 73707269 		.ascii	"sprintf\000"
 1503      6E746600 
 1504              	.LASF24:
 1505 0324 6D794144 		.ascii	"myADC_isr\000"
 1505      435F6973 
 1505      7200
 1506              		.ident	"GCC: (GNU Tools for ARM Embedded Processors) 5.4.1 20160609 (release) [ARM/embedded-5-bran
