ARM GAS  C:\Users\thieu\AppData\Local\Temp\ccjlbVXg.s 			page 1


   1              		.syntax unified
   2              		.cpu cortex-m3
   3              		.fpu softvfp
   4              		.eabi_attribute 20, 1
   5              		.eabi_attribute 21, 1
   6              		.eabi_attribute 23, 3
   7              		.eabi_attribute 24, 1
   8              		.eabi_attribute 25, 1
   9              		.eabi_attribute 26, 1
  10              		.eabi_attribute 30, 6
  11              		.eabi_attribute 34, 1
  12              		.eabi_attribute 18, 4
  13              		.thumb
  14              		.syntax unified
  15              		.file	"cymetadata.c"
  16              		.text
  17              	.Ltext0:
  18              		.cfi_sections	.debug_frame
  19              		.global	cy_meta_configecc
  20              		.section	.cyconfigecc,"a",%progbits
  21              		.align	2
  22              		.type	cy_meta_configecc, %object
  23              		.size	cy_meta_configecc, 1152
  24              	cy_meta_configecc:
  25 0000 01       		.byte	1
  26 0001 45       		.byte	69
  27 0002 00       		.byte	0
  28 0003 40       		.byte	64
  29 0004 02       		.byte	2
  30 0005 52       		.byte	82
  31 0006 00       		.byte	0
  32 0007 40       		.byte	64
  33 0008 04       		.byte	4
  34 0009 64       		.byte	100
  35 000a 00       		.byte	0
  36 000b 40       		.byte	64
  37 000c 01       		.byte	1
  38 000d 05       		.byte	5
  39 000e 01       		.byte	1
  40 000f 40       		.byte	64
  41 0010 04       		.byte	4
  42 0011 09       		.byte	9
  43 0012 01       		.byte	1
  44 0013 40       		.byte	64
  45 0014 5C       		.byte	92
  46 0015 0A       		.byte	10
  47 0016 01       		.byte	1
  48 0017 40       		.byte	64
  49 0018 4A       		.byte	74
  50 0019 0B       		.byte	11
  51 001a 01       		.byte	1
  52 001b 40       		.byte	64
  53 001c 62       		.byte	98
  54 001d 0C       		.byte	12
  55 001e 01       		.byte	1
  56 001f 40       		.byte	64
  57 0020 47       		.byte	71
ARM GAS  C:\Users\thieu\AppData\Local\Temp\ccjlbVXg.s 			page 2


  58 0021 0D       		.byte	13
  59 0022 01       		.byte	1
  60 0023 40       		.byte	64
  61 0024 51       		.byte	81
  62 0025 0E       		.byte	14
  63 0026 01       		.byte	1
  64 0027 40       		.byte	64
  65 0028 34       		.byte	52
  66 0029 0F       		.byte	15
  67 002a 01       		.byte	1
  68 002b 40       		.byte	64
  69 002c 03       		.byte	3
  70 002d 40       		.byte	64
  71 002e 01       		.byte	1
  72 002f 40       		.byte	64
  73 0030 02       		.byte	2
  74 0031 41       		.byte	65
  75 0032 01       		.byte	1
  76 0033 40       		.byte	64
  77 0034 04       		.byte	4
  78 0035 42       		.byte	66
  79 0036 01       		.byte	1
  80 0037 40       		.byte	64
  81 0038 01       		.byte	1
  82 0039 43       		.byte	67
  83 003a 01       		.byte	1
  84 003b 40       		.byte	64
  85 003c 01       		.byte	1
  86 003d 44       		.byte	68
  87 003e 01       		.byte	1
  88 003f 40       		.byte	64
  89 0040 08       		.byte	8
  90 0041 45       		.byte	69
  91 0042 01       		.byte	1
  92 0043 40       		.byte	64
  93 0044 02       		.byte	2
  94 0045 46       		.byte	70
  95 0046 01       		.byte	1
  96 0047 40       		.byte	64
  97 0048 03       		.byte	3
  98 0049 48       		.byte	72
  99 004a 01       		.byte	1
 100 004b 40       		.byte	64
 101 004c 03       		.byte	3
 102 004d 50       		.byte	80
 103 004e 01       		.byte	1
 104 004f 40       		.byte	64
 105 0050 01       		.byte	1
 106 0051 51       		.byte	81
 107 0052 01       		.byte	1
 108 0053 40       		.byte	64
 109 0054 35       		.byte	53
 110 0055 02       		.byte	2
 111 0056 11       		.byte	17
 112 0057 02       		.byte	2
 113 0058 14       		.byte	20
 114 0059 01       		.byte	1
ARM GAS  C:\Users\thieu\AppData\Local\Temp\ccjlbVXg.s 			page 3


 115 005a 8A       		.byte	-118
 116 005b 0F       		.byte	15
 117 005c 8B       		.byte	-117
 118 005d 38       		.byte	56
 119 005e 8C       		.byte	-116
 120 005f 72       		.byte	114
 121 0060 8E       		.byte	-114
 122 0061 0D       		.byte	13
 123 0062 E2       		.byte	-30
 124 0063 08       		.byte	8
 125 0064 AC       		.byte	-84
 126 0065 10       		.byte	16
 127 0066 AD       		.byte	-83
 128 0067 80       		.byte	-128
 129 0068 B0       		.byte	-80
 130 0069 10       		.byte	16
 131 006a B1       		.byte	-79
 132 006b 80       		.byte	-128
 133 006c 00       		.byte	0
 134 006d 03       		.byte	3
 135 006e 02       		.byte	2
 136 006f 04       		.byte	4
 137 0070 04       		.byte	4
 138 0071 13       		.byte	19
 139 0072 05       		.byte	5
 140 0073 03       		.byte	3
 141 0074 06       		.byte	6
 142 0075 0C       		.byte	12
 143 0076 0C       		.byte	12
 144 0077 0A       		.byte	10
 145 0078 0D       		.byte	13
 146 0079 02       		.byte	2
 147 007a 0E       		.byte	14
 148 007b 14       		.byte	20
 149 007c 13       		.byte	19
 150 007d 01       		.byte	1
 151 007e 16       		.byte	22
 152 007f 08       		.byte	8
 153 0080 28       		.byte	40
 154 0081 13       		.byte	19
 155 0082 29       		.byte	41
 156 0083 03       		.byte	3
 157 0084 2A       		.byte	42
 158 0085 04       		.byte	4
 159 0086 2C       		.byte	44
 160 0087 20       		.byte	32
 161 0088 2D       		.byte	45
 162 0089 04       		.byte	4
 163 008a 2E       		.byte	46
 164 008b 05       		.byte	5
 165 008c 32       		.byte	50
 166 008d 30       		.byte	48
 167 008e 33       		.byte	51
 168 008f 04       		.byte	4
 169 0090 34       		.byte	52
 170 0091 0F       		.byte	15
 171 0092 35       		.byte	53
ARM GAS  C:\Users\thieu\AppData\Local\Temp\ccjlbVXg.s 			page 4


 172 0093 03       		.byte	3
 173 0094 38       		.byte	56
 174 0095 08       		.byte	8
 175 0096 39       		.byte	57
 176 0097 20       		.byte	32
 177 0098 3A       		.byte	58
 178 0099 20       		.byte	32
 179 009a 3F       		.byte	63
 180 009b 14       		.byte	20
 181 009c 40       		.byte	64
 182 009d 02       		.byte	2
 183 009e 47       		.byte	71
 184 009f 04       		.byte	4
 185 00a0 49       		.byte	73
 186 00a1 FF       		.byte	-1
 187 00a2 4A       		.byte	74
 188 00a3 07       		.byte	7
 189 00a4 4B       		.byte	75
 190 00a5 FF       		.byte	-1
 191 00a6 4C       		.byte	76
 192 00a7 40       		.byte	64
 193 00a8 4D       		.byte	77
 194 00a9 20       		.byte	32
 195 00aa 4E       		.byte	78
 196 00ab F0       		.byte	-16
 197 00ac 4F       		.byte	79
 198 00ad 05       		.byte	5
 199 00ae 50       		.byte	80
 200 00af 08       		.byte	8
 201 00b0 54       		.byte	84
 202 00b1 01       		.byte	1
 203 00b2 58       		.byte	88
 204 00b3 04       		.byte	4
 205 00b4 59       		.byte	89
 206 00b5 04       		.byte	4
 207 00b6 5A       		.byte	90
 208 00b7 04       		.byte	4
 209 00b8 5B       		.byte	91
 210 00b9 04       		.byte	4
 211 00ba 5F       		.byte	95
 212 00bb 01       		.byte	1
 213 00bc 60       		.byte	96
 214 00bd 40       		.byte	64
 215 00be 61       		.byte	97
 216 00bf A8       		.byte	-88
 217 00c0 62       		.byte	98
 218 00c1 40       		.byte	64
 219 00c2 63       		.byte	99
 220 00c3 20       		.byte	32
 221 00c4 82       		.byte	-126
 222 00c5 20       		.byte	32
 223 00c6 84       		.byte	-124
 224 00c7 09       		.byte	9
 225 00c8 85       		.byte	-123
 226 00c9 3B       		.byte	59
 227 00ca 86       		.byte	-122
 228 00cb 10       		.byte	16
ARM GAS  C:\Users\thieu\AppData\Local\Temp\ccjlbVXg.s 			page 5


 229 00cc 88       		.byte	-120
 230 00cd 30       		.byte	48
 231 00ce 89       		.byte	-119
 232 00cf 3B       		.byte	59
 233 00d0 8A       		.byte	-118
 234 00d1 0C       		.byte	12
 235 00d2 8C       		.byte	-116
 236 00d3 1C       		.byte	28
 237 00d4 8E       		.byte	-114
 238 00d5 22       		.byte	34
 239 00d6 91       		.byte	-111
 240 00d7 10       		.byte	16
 241 00d8 93       		.byte	-109
 242 00d9 28       		.byte	40
 243 00da 94       		.byte	-108
 244 00db 10       		.byte	16
 245 00dc 99       		.byte	-103
 246 00dd 22       		.byte	34
 247 00de 9A       		.byte	-102
 248 00df 03       		.byte	3
 249 00e0 9B       		.byte	-101
 250 00e1 11       		.byte	17
 251 00e2 A1       		.byte	-95
 252 00e3 09       		.byte	9
 253 00e4 A2       		.byte	-94
 254 00e5 20       		.byte	32
 255 00e6 A3       		.byte	-93
 256 00e7 16       		.byte	22
 257 00e8 A4       		.byte	-92
 258 00e9 2C       		.byte	44
 259 00ea A6       		.byte	-90
 260 00eb 11       		.byte	17
 261 00ec A8       		.byte	-88
 262 00ed 14       		.byte	20
 263 00ee B2       		.byte	-78
 264 00ef 20       		.byte	32
 265 00f0 B3       		.byte	-77
 266 00f1 03       		.byte	3
 267 00f2 B4       		.byte	-76
 268 00f3 1F       		.byte	31
 269 00f4 B5       		.byte	-75
 270 00f5 04       		.byte	4
 271 00f6 B7       		.byte	-73
 272 00f7 38       		.byte	56
 273 00f8 BE       		.byte	-66
 274 00f9 04       		.byte	4
 275 00fa C0       		.byte	-64
 276 00fb 65       		.byte	101
 277 00fc C1       		.byte	-63
 278 00fd 02       		.byte	2
 279 00fe C6       		.byte	-58
 280 00ff 0C       		.byte	12
 281 0100 C7       		.byte	-57
 282 0101 EB       		.byte	-21
 283 0102 C8       		.byte	-56
 284 0103 34       		.byte	52
 285 0104 C9       		.byte	-55
ARM GAS  C:\Users\thieu\AppData\Local\Temp\ccjlbVXg.s 			page 6


 286 0105 FF       		.byte	-1
 287 0106 CA       		.byte	-54
 288 0107 FF       		.byte	-1
 289 0108 CB       		.byte	-53
 290 0109 FF       		.byte	-1
 291 010a CE       		.byte	-50
 292 010b F0       		.byte	-16
 293 010c CF       		.byte	-49
 294 010d 44       		.byte	68
 295 010e D0       		.byte	-48
 296 010f 0C       		.byte	12
 297 0110 D4       		.byte	-44
 298 0111 18       		.byte	24
 299 0112 D6       		.byte	-42
 300 0113 04       		.byte	4
 301 0114 D8       		.byte	-40
 302 0115 04       		.byte	4
 303 0116 D9       		.byte	-39
 304 0117 04       		.byte	4
 305 0118 DA       		.byte	-38
 306 0119 04       		.byte	4
 307 011a DB       		.byte	-37
 308 011b 04       		.byte	4
 309 011c DF       		.byte	-33
 310 011d 01       		.byte	1
 311 011e E6       		.byte	-26
 312 011f C0       		.byte	-64
 313 0120 EA       		.byte	-22
 314 0121 40       		.byte	64
 315 0122 EB       		.byte	-21
 316 0123 02       		.byte	2
 317 0124 00       		.byte	0
 318 0125 40       		.byte	64
 319 0126 02       		.byte	2
 320 0127 40       		.byte	64
 321 0128 03       		.byte	3
 322 0129 20       		.byte	32
 323 012a 04       		.byte	4
 324 012b 40       		.byte	64
 325 012c 05       		.byte	5
 326 012d 28       		.byte	40
 327 012e 06       		.byte	6
 328 012f 40       		.byte	64
 329 0130 0A       		.byte	10
 330 0131 20       		.byte	32
 331 0132 0C       		.byte	12
 332 0133 08       		.byte	8
 333 0134 0E       		.byte	14
 334 0135 08       		.byte	8
 335 0136 10       		.byte	16
 336 0137 02       		.byte	2
 337 0138 12       		.byte	18
 338 0139 04       		.byte	4
 339 013a 15       		.byte	21
 340 013b 0A       		.byte	10
 341 013c 16       		.byte	22
 342 013d 08       		.byte	8
ARM GAS  C:\Users\thieu\AppData\Local\Temp\ccjlbVXg.s 			page 7


 343 013e 19       		.byte	25
 344 013f 28       		.byte	40
 345 0140 1A       		.byte	26
 346 0141 20       		.byte	32
 347 0142 1B       		.byte	27
 348 0143 20       		.byte	32
 349 0144 1C       		.byte	28
 350 0145 28       		.byte	40
 351 0146 1E       		.byte	30
 352 0147 08       		.byte	8
 353 0148 20       		.byte	32
 354 0149 04       		.byte	4
 355 014a 22       		.byte	34
 356 014b 04       		.byte	4
 357 014c 24       		.byte	36
 358 014d 20       		.byte	32
 359 014e 26       		.byte	38
 360 014f 20       		.byte	32
 361 0150 27       		.byte	39
 362 0151 11       		.byte	17
 363 0152 28       		.byte	40
 364 0153 01       		.byte	1
 365 0154 29       		.byte	41
 366 0155 20       		.byte	32
 367 0156 2B       		.byte	43
 368 0157 02       		.byte	2
 369 0158 2D       		.byte	45
 370 0159 02       		.byte	2
 371 015a 30       		.byte	48
 372 015b 02       		.byte	2
 373 015c 37       		.byte	55
 374 015d 11       		.byte	17
 375 015e 38       		.byte	56
 376 015f 48       		.byte	72
 377 0160 39       		.byte	57
 378 0161 08       		.byte	8
 379 0162 3A       		.byte	58
 380 0163 04       		.byte	4
 381 0164 3E       		.byte	62
 382 0165 14       		.byte	20
 383 0166 40       		.byte	64
 384 0167 04       		.byte	4
 385 0168 46       		.byte	70
 386 0169 04       		.byte	4
 387 016a 4C       		.byte	76
 388 016b 02       		.byte	2
 389 016c 4D       		.byte	77
 390 016d 20       		.byte	32
 391 016e 50       		.byte	80
 392 016f 0A       		.byte	10
 393 0170 51       		.byte	81
 394 0171 03       		.byte	3
 395 0172 55       		.byte	85
 396 0173 80       		.byte	-128
 397 0174 56       		.byte	86
 398 0175 48       		.byte	72
 399 0176 57       		.byte	87
ARM GAS  C:\Users\thieu\AppData\Local\Temp\ccjlbVXg.s 			page 8


 400 0177 02       		.byte	2
 401 0178 58       		.byte	88
 402 0179 11       		.byte	17
 403 017a 59       		.byte	89
 404 017b 80       		.byte	-128
 405 017c 5A       		.byte	90
 406 017d 08       		.byte	8
 407 017e 5E       		.byte	94
 408 017f 02       		.byte	2
 409 0180 67       		.byte	103
 410 0181 8A       		.byte	-118
 411 0182 87       		.byte	-121
 412 0183 40       		.byte	64
 413 0184 8D       		.byte	-115
 414 0185 10       		.byte	16
 415 0186 8F       		.byte	-113
 416 0187 01       		.byte	1
 417 0188 90       		.byte	-112
 418 0189 48       		.byte	72
 419 018a 92       		.byte	-110
 420 018b 14       		.byte	20
 421 018c 93       		.byte	-109
 422 018d 08       		.byte	8
 423 018e 94       		.byte	-108
 424 018f 20       		.byte	32
 425 0190 99       		.byte	-103
 426 0191 12       		.byte	18
 427 0192 9D       		.byte	-99
 428 0193 28       		.byte	40
 429 0194 9F       		.byte	-97
 430 0195 01       		.byte	1
 431 0196 A2       		.byte	-94
 432 0197 01       		.byte	1
 433 0198 A4       		.byte	-92
 434 0199 0C       		.byte	12
 435 019a A5       		.byte	-91
 436 019b 02       		.byte	2
 437 019c A6       		.byte	-90
 438 019d 20       		.byte	32
 439 019e B1       		.byte	-79
 440 019f 02       		.byte	2
 441 01a0 B3       		.byte	-77
 442 01a1 01       		.byte	1
 443 01a2 B6       		.byte	-74
 444 01a3 84       		.byte	-124
 445 01a4 C0       		.byte	-64
 446 01a5 FD       		.byte	-3
 447 01a6 C2       		.byte	-62
 448 01a7 64       		.byte	100
 449 01a8 C4       		.byte	-60
 450 01a9 73       		.byte	115
 451 01aa CA       		.byte	-54
 452 01ab 8C       		.byte	-116
 453 01ac CC       		.byte	-52
 454 01ad A1       		.byte	-95
 455 01ae CE       		.byte	-50
 456 01af 6A       		.byte	106
ARM GAS  C:\Users\thieu\AppData\Local\Temp\ccjlbVXg.s 			page 9


 457 01b0 D0       		.byte	-48
 458 01b1 24       		.byte	36
 459 01b2 D2       		.byte	-46
 460 01b3 30       		.byte	48
 461 01b4 D6       		.byte	-42
 462 01b5 8F       		.byte	-113
 463 01b6 D8       		.byte	-40
 464 01b7 B0       		.byte	-80
 465 01b8 01       		.byte	1
 466 01b9 10       		.byte	16
 467 01ba 02       		.byte	2
 468 01bb 13       		.byte	19
 469 01bc 04       		.byte	4
 470 01bd 0C       		.byte	12
 471 01be 05       		.byte	5
 472 01bf 08       		.byte	8
 473 01c0 06       		.byte	6
 474 01c1 13       		.byte	19
 475 01c2 08       		.byte	8
 476 01c3 02       		.byte	2
 477 01c4 09       		.byte	9
 478 01c5 FF       		.byte	-1
 479 01c6 0C       		.byte	12
 480 01c7 08       		.byte	8
 481 01c8 0F       		.byte	15
 482 01c9 E6       		.byte	-26
 483 01ca 10       		.byte	16
 484 01cb 0F       		.byte	15
 485 01cc 11       		.byte	17
 486 01cd C0       		.byte	-64
 487 01ce 12       		.byte	18
 488 01cf 10       		.byte	16
 489 01d0 14       		.byte	20
 490 01d1 1F       		.byte	31
 491 01d2 15       		.byte	21
 492 01d3 18       		.byte	24
 493 01d4 18       		.byte	24
 494 01d5 13       		.byte	19
 495 01d6 1A       		.byte	26
 496 01d7 0C       		.byte	12
 497 01d8 1B       		.byte	27
 498 01d9 01       		.byte	1
 499 01da 1C       		.byte	28
 500 01db 01       		.byte	1
 501 01dc 1D       		.byte	29
 502 01dd E7       		.byte	-25
 503 01de 1F       		.byte	31
 504 01df 18       		.byte	24
 505 01e0 20       		.byte	32
 506 01e1 03       		.byte	3
 507 01e2 21       		.byte	33
 508 01e3 41       		.byte	65
 509 01e4 24       		.byte	36
 510 01e5 04       		.byte	4
 511 01e6 25       		.byte	37
 512 01e7 80       		.byte	-128
 513 01e8 28       		.byte	40
ARM GAS  C:\Users\thieu\AppData\Local\Temp\ccjlbVXg.s 			page 10


 514 01e9 0C       		.byte	12
 515 01ea 29       		.byte	41
 516 01eb 39       		.byte	57
 517 01ec 2B       		.byte	43
 518 01ed C4       		.byte	-60
 519 01ee 2D       		.byte	45
 520 01ef 19       		.byte	25
 521 01f0 2F       		.byte	47
 522 01f1 E2       		.byte	-30
 523 01f2 30       		.byte	48
 524 01f3 1C       		.byte	28
 525 01f4 31       		.byte	49
 526 01f5 C0       		.byte	-64
 527 01f6 33       		.byte	51
 528 01f7 1F       		.byte	31
 529 01f8 34       		.byte	52
 530 01f9 0F       		.byte	15
 531 01fa 35       		.byte	53
 532 01fb 38       		.byte	56
 533 01fc 3A       		.byte	58
 534 01fd 2A       		.byte	42
 535 01fe 3B       		.byte	59
 536 01ff 08       		.byte	8
 537 0200 40       		.byte	64
 538 0201 60       		.byte	96
 539 0202 41       		.byte	65
 540 0203 02       		.byte	2
 541 0204 49       		.byte	73
 542 0205 FF       		.byte	-1
 543 0206 4A       		.byte	74
 544 0207 FF       		.byte	-1
 545 0208 4B       		.byte	75
 546 0209 FF       		.byte	-1
 547 020a 4D       		.byte	77
 548 020b A0       		.byte	-96
 549 020c 4F       		.byte	79
 550 020d 04       		.byte	4
 551 020e 50       		.byte	80
 552 020f 18       		.byte	24
 553 0210 56       		.byte	86
 554 0211 02       		.byte	2
 555 0212 57       		.byte	87
 556 0213 11       		.byte	17
 557 0214 58       		.byte	88
 558 0215 04       		.byte	4
 559 0216 59       		.byte	89
 560 0217 04       		.byte	4
 561 0218 5A       		.byte	90
 562 0219 04       		.byte	4
 563 021a 5B       		.byte	91
 564 021b 04       		.byte	4
 565 021c 5D       		.byte	93
 566 021d 01       		.byte	1
 567 021e 5F       		.byte	95
 568 021f 01       		.byte	1
 569 0220 60       		.byte	96
 570 0221 40       		.byte	64
ARM GAS  C:\Users\thieu\AppData\Local\Temp\ccjlbVXg.s 			page 11


 571 0222 62       		.byte	98
 572 0223 C0       		.byte	-64
 573 0224 64       		.byte	100
 574 0225 40       		.byte	64
 575 0226 65       		.byte	101
 576 0227 40       		.byte	64
 577 0228 66       		.byte	102
 578 0229 C0       		.byte	-64
 579 022a 68       		.byte	104
 580 022b C0       		.byte	-64
 581 022c 6A       		.byte	106
 582 022d C0       		.byte	-64
 583 022e 6C       		.byte	108
 584 022f C0       		.byte	-64
 585 0230 6E       		.byte	110
 586 0231 C0       		.byte	-64
 587 0232 86       		.byte	-122
 588 0233 1C       		.byte	28
 589 0234 88       		.byte	-120
 590 0235 01       		.byte	1
 591 0236 8A       		.byte	-118
 592 0237 16       		.byte	22
 593 0238 8C       		.byte	-116
 594 0239 1C       		.byte	28
 595 023a 8E       		.byte	-114
 596 023b 03       		.byte	3
 597 023c 92       		.byte	-110
 598 023d 03       		.byte	3
 599 023e 98       		.byte	-104
 600 023f 01       		.byte	1
 601 0240 9A       		.byte	-102
 602 0241 0E       		.byte	14
 603 0242 AA       		.byte	-86
 604 0243 08       		.byte	8
 605 0244 B0       		.byte	-80
 606 0245 0F       		.byte	15
 607 0246 B4       		.byte	-76
 608 0247 1A       		.byte	26
 609 0248 BA       		.byte	-70
 610 0249 22       		.byte	34
 611 024a C0       		.byte	-64
 612 024b 30       		.byte	48
 613 024c C1       		.byte	-63
 614 024d 06       		.byte	6
 615 024e C5       		.byte	-59
 616 024f D1       		.byte	-47
 617 0250 C7       		.byte	-57
 618 0251 02       		.byte	2
 619 0252 C8       		.byte	-56
 620 0253 17       		.byte	23
 621 0254 C9       		.byte	-55
 622 0255 FF       		.byte	-1
 623 0256 CA       		.byte	-54
 624 0257 FF       		.byte	-1
 625 0258 CB       		.byte	-53
 626 0259 FF       		.byte	-1
 627 025a CD       		.byte	-51
ARM GAS  C:\Users\thieu\AppData\Local\Temp\ccjlbVXg.s 			page 12


 628 025b AF       		.byte	-81
 629 025c CE       		.byte	-50
 630 025d 0F       		.byte	15
 631 025e CF       		.byte	-49
 632 025f 04       		.byte	4
 633 0260 D0       		.byte	-48
 634 0261 18       		.byte	24
 635 0262 D8       		.byte	-40
 636 0263 04       		.byte	4
 637 0264 DA       		.byte	-38
 638 0265 04       		.byte	4
 639 0266 DD       		.byte	-35
 640 0267 01       		.byte	1
 641 0268 DF       		.byte	-33
 642 0269 01       		.byte	1
 643 026a E0       		.byte	-32
 644 026b 40       		.byte	64
 645 026c E2       		.byte	-30
 646 026d C0       		.byte	-64
 647 026e E4       		.byte	-28
 648 026f 40       		.byte	64
 649 0270 E5       		.byte	-27
 650 0271 40       		.byte	64
 651 0272 E6       		.byte	-26
 652 0273 C0       		.byte	-64
 653 0274 E8       		.byte	-24
 654 0275 C0       		.byte	-64
 655 0276 EA       		.byte	-22
 656 0277 C0       		.byte	-64
 657 0278 EC       		.byte	-20
 658 0279 C0       		.byte	-64
 659 027a EE       		.byte	-18
 660 027b C0       		.byte	-64
 661 027c 00       		.byte	0
 662 027d 40       		.byte	64
 663 027e 01       		.byte	1
 664 027f 28       		.byte	40
 665 0280 04       		.byte	4
 666 0281 22       		.byte	34
 667 0282 06       		.byte	6
 668 0283 21       		.byte	33
 669 0284 07       		.byte	7
 670 0285 10       		.byte	16
 671 0286 09       		.byte	9
 672 0287 02       		.byte	2
 673 0288 0A       		.byte	10
 674 0289 08       		.byte	8
 675 028a 0D       		.byte	13
 676 028b 08       		.byte	8
 677 028c 0E       		.byte	14
 678 028d 48       		.byte	72
 679 028e 0F       		.byte	15
 680 028f 02       		.byte	2
 681 0290 10       		.byte	16
 682 0291 08       		.byte	8
 683 0292 17       		.byte	23
 684 0293 25       		.byte	37
ARM GAS  C:\Users\thieu\AppData\Local\Temp\ccjlbVXg.s 			page 13


 685 0294 18       		.byte	24
 686 0295 48       		.byte	72
 687 0296 1A       		.byte	26
 688 0297 08       		.byte	8
 689 0298 1C       		.byte	28
 690 0299 20       		.byte	32
 691 029a 1D       		.byte	29
 692 029b 08       		.byte	8
 693 029c 1E       		.byte	30
 694 029d 48       		.byte	72
 695 029e 24       		.byte	36
 696 029f 04       		.byte	4
 697 02a0 26       		.byte	38
 698 02a1 01       		.byte	1
 699 02a2 27       		.byte	39
 700 02a3 10       		.byte	16
 701 02a4 28       		.byte	40
 702 02a5 20       		.byte	32
 703 02a6 2B       		.byte	43
 704 02a7 10       		.byte	16
 705 02a8 2D       		.byte	45
 706 02a9 02       		.byte	2
 707 02aa 2E       		.byte	46
 708 02ab 60       		.byte	96
 709 02ac 2F       		.byte	47
 710 02ad 10       		.byte	16
 711 02ae 35       		.byte	53
 712 02af 04       		.byte	4
 713 02b0 36       		.byte	54
 714 02b1 A0       		.byte	-96
 715 02b2 37       		.byte	55
 716 02b3 01       		.byte	1
 717 02b4 38       		.byte	56
 718 02b5 20       		.byte	32
 719 02b6 3B       		.byte	59
 720 02b7 20       		.byte	32
 721 02b8 3C       		.byte	60
 722 02b9 20       		.byte	32
 723 02ba 3D       		.byte	61
 724 02bb 80       		.byte	-128
 725 02bc 3E       		.byte	62
 726 02bd 0A       		.byte	10
 727 02be 40       		.byte	64
 728 02bf 20       		.byte	32
 729 02c0 46       		.byte	70
 730 02c1 04       		.byte	4
 731 02c2 48       		.byte	72
 732 02c3 20       		.byte	32
 733 02c4 49       		.byte	73
 734 02c5 01       		.byte	1
 735 02c6 4A       		.byte	74
 736 02c7 08       		.byte	8
 737 02c8 4F       		.byte	79
 738 02c9 20       		.byte	32
 739 02ca 52       		.byte	82
 740 02cb 4C       		.byte	76
 741 02cc 5E       		.byte	94
ARM GAS  C:\Users\thieu\AppData\Local\Temp\ccjlbVXg.s 			page 14


 742 02cd 20       		.byte	32
 743 02ce 6E       		.byte	110
 744 02cf 14       		.byte	20
 745 02d0 6F       		.byte	111
 746 02d1 2A       		.byte	42
 747 02d2 75       		.byte	117
 748 02d3 04       		.byte	4
 749 02d4 76       		.byte	118
 750 02d5 0B       		.byte	11
 751 02d6 77       		.byte	119
 752 02d7 24       		.byte	36
 753 02d8 90       		.byte	-112
 754 02d9 02       		.byte	2
 755 02da 93       		.byte	-109
 756 02db 08       		.byte	8
 757 02dc 94       		.byte	-108
 758 02dd 24       		.byte	36
 759 02de 96       		.byte	-106
 760 02df 40       		.byte	64
 761 02e0 99       		.byte	-103
 762 02e1 10       		.byte	16
 763 02e2 9D       		.byte	-99
 764 02e3 03       		.byte	3
 765 02e4 9E       		.byte	-98
 766 02e5 44       		.byte	68
 767 02e6 9F       		.byte	-97
 768 02e7 11       		.byte	17
 769 02e8 A1       		.byte	-95
 770 02e9 40       		.byte	64
 771 02ea A2       		.byte	-94
 772 02eb 10       		.byte	16
 773 02ec A3       		.byte	-93
 774 02ed 10       		.byte	16
 775 02ee A4       		.byte	-92
 776 02ef 34       		.byte	52
 777 02f0 A6       		.byte	-90
 778 02f1 04       		.byte	4
 779 02f2 A7       		.byte	-89
 780 02f3 2A       		.byte	42
 781 02f4 A8       		.byte	-88
 782 02f5 10       		.byte	16
 783 02f6 C0       		.byte	-64
 784 02f7 F7       		.byte	-9
 785 02f8 C2       		.byte	-62
 786 02f9 FA       		.byte	-6
 787 02fa C4       		.byte	-60
 788 02fb 72       		.byte	114
 789 02fc CA       		.byte	-54
 790 02fd F0       		.byte	-16
 791 02fe CC       		.byte	-52
 792 02ff F0       		.byte	-16
 793 0300 CE       		.byte	-50
 794 0301 F0       		.byte	-16
 795 0302 D0       		.byte	-48
 796 0303 22       		.byte	34
 797 0304 D2       		.byte	-46
 798 0305 24       		.byte	36
ARM GAS  C:\Users\thieu\AppData\Local\Temp\ccjlbVXg.s 			page 15


 799 0306 D6       		.byte	-42
 800 0307 20       		.byte	32
 801 0308 EC       		.byte	-20
 802 0309 01       		.byte	1
 803 030a 0A       		.byte	10
 804 030b 0E       		.byte	14
 805 030c 12       		.byte	18
 806 030d 01       		.byte	1
 807 030e 1B       		.byte	27
 808 030f 02       		.byte	2
 809 0310 20       		.byte	32
 810 0311 10       		.byte	16
 811 0312 22       		.byte	34
 812 0313 04       		.byte	4
 813 0314 24       		.byte	36
 814 0315 10       		.byte	16
 815 0316 25       		.byte	37
 816 0317 03       		.byte	3
 817 0318 26       		.byte	38
 818 0319 08       		.byte	8
 819 031a 2A       		.byte	42
 820 031b 02       		.byte	2
 821 031c 2F       		.byte	47
 822 031d 01       		.byte	1
 823 031e 30       		.byte	48
 824 031f 02       		.byte	2
 825 0320 32       		.byte	50
 826 0321 10       		.byte	16
 827 0322 34       		.byte	52
 828 0323 01       		.byte	1
 829 0324 36       		.byte	54
 830 0325 0C       		.byte	12
 831 0326 37       		.byte	55
 832 0327 03       		.byte	3
 833 0328 38       		.byte	56
 834 0329 08       		.byte	8
 835 032a 3E       		.byte	62
 836 032b 01       		.byte	1
 837 032c 52       		.byte	82
 838 032d 80       		.byte	-128
 839 032e 54       		.byte	84
 840 032f 05       		.byte	5
 841 0330 58       		.byte	88
 842 0331 04       		.byte	4
 843 0332 59       		.byte	89
 844 0333 04       		.byte	4
 845 0334 5B       		.byte	91
 846 0335 04       		.byte	4
 847 0336 5C       		.byte	92
 848 0337 11       		.byte	17
 849 0338 5D       		.byte	93
 850 0339 10       		.byte	16
 851 033a 5F       		.byte	95
 852 033b 01       		.byte	1
 853 033c 82       		.byte	-126
 854 033d 02       		.byte	2
 855 033e 85       		.byte	-123
ARM GAS  C:\Users\thieu\AppData\Local\Temp\ccjlbVXg.s 			page 16


 856 033f 04       		.byte	4
 857 0340 86       		.byte	-122
 858 0341 08       		.byte	8
 859 0342 89       		.byte	-119
 860 0343 02       		.byte	2
 861 0344 8A       		.byte	-118
 862 0345 02       		.byte	2
 863 0346 8D       		.byte	-115
 864 0347 02       		.byte	2
 865 0348 92       		.byte	-110
 866 0349 10       		.byte	16
 867 034a 95       		.byte	-107
 868 034b 02       		.byte	2
 869 034c 96       		.byte	-106
 870 034d 10       		.byte	16
 871 034e 99       		.byte	-103
 872 034f 02       		.byte	2
 873 0350 9A       		.byte	-102
 874 0351 01       		.byte	1
 875 0352 9E       		.byte	-98
 876 0353 08       		.byte	8
 877 0354 A2       		.byte	-94
 878 0355 04       		.byte	4
 879 0356 A4       		.byte	-92
 880 0357 01       		.byte	1
 881 0358 A5       		.byte	-91
 882 0359 01       		.byte	1
 883 035a A8       		.byte	-88
 884 035b 01       		.byte	1
 885 035c A9       		.byte	-87
 886 035d 01       		.byte	1
 887 035e AD       		.byte	-83
 888 035f 01       		.byte	1
 889 0360 AE       		.byte	-82
 890 0361 01       		.byte	1
 891 0362 B0       		.byte	-80
 892 0363 01       		.byte	1
 893 0364 B2       		.byte	-78
 894 0365 10       		.byte	16
 895 0366 B3       		.byte	-77
 896 0367 04       		.byte	4
 897 0368 B4       		.byte	-76
 898 0369 08       		.byte	8
 899 036a B5       		.byte	-75
 900 036b 02       		.byte	2
 901 036c B6       		.byte	-74
 902 036d 06       		.byte	6
 903 036e B7       		.byte	-73
 904 036f 01       		.byte	1
 905 0370 B8       		.byte	-72
 906 0371 02       		.byte	2
 907 0372 BE       		.byte	-66
 908 0373 54       		.byte	84
 909 0374 BF       		.byte	-65
 910 0375 14       		.byte	20
 911 0376 C0       		.byte	-64
 912 0377 35       		.byte	53
ARM GAS  C:\Users\thieu\AppData\Local\Temp\ccjlbVXg.s 			page 17


 913 0378 C1       		.byte	-63
 914 0379 02       		.byte	2
 915 037a C2       		.byte	-62
 916 037b 06       		.byte	6
 917 037c C4       		.byte	-60
 918 037d 01       		.byte	1
 919 037e C5       		.byte	-59
 920 037f C0       		.byte	-64
 921 0380 C7       		.byte	-57
 922 0381 0E       		.byte	14
 923 0382 C8       		.byte	-56
 924 0383 12       		.byte	18
 925 0384 C9       		.byte	-55
 926 0385 FF       		.byte	-1
 927 0386 CA       		.byte	-54
 928 0387 FF       		.byte	-1
 929 0388 CB       		.byte	-53
 930 0389 FF       		.byte	-1
 931 038a CC       		.byte	-52
 932 038b 62       		.byte	98
 933 038c CD       		.byte	-51
 934 038d A0       		.byte	-96
 935 038e CE       		.byte	-50
 936 038f F0       		.byte	-16
 937 0390 CF       		.byte	-49
 938 0391 41       		.byte	65
 939 0392 D0       		.byte	-48
 940 0393 0C       		.byte	12
 941 0394 D8       		.byte	-40
 942 0395 04       		.byte	4
 943 0396 D9       		.byte	-39
 944 0397 04       		.byte	4
 945 0398 DA       		.byte	-38
 946 0399 04       		.byte	4
 947 039a DF       		.byte	-33
 948 039b 01       		.byte	1
 949 039c E6       		.byte	-26
 950 039d 40       		.byte	64
 951 039e E7       		.byte	-25
 952 039f 02       		.byte	2
 953 03a0 E9       		.byte	-23
 954 03a1 10       		.byte	16
 955 03a2 EA       		.byte	-22
 956 03a3 30       		.byte	48
 957 03a4 EB       		.byte	-21
 958 03a5 10       		.byte	16
 959 03a6 ED       		.byte	-19
 960 03a7 10       		.byte	16
 961 03a8 EE       		.byte	-18
 962 03a9 10       		.byte	16
 963 03aa EF       		.byte	-17
 964 03ab 12       		.byte	18
 965 03ac 01       		.byte	1
 966 03ad 20       		.byte	32
 967 03ae 04       		.byte	4
 968 03af 2C       		.byte	44
 969 03b0 05       		.byte	5
ARM GAS  C:\Users\thieu\AppData\Local\Temp\ccjlbVXg.s 			page 18


 970 03b1 02       		.byte	2
 971 03b2 09       		.byte	9
 972 03b3 02       		.byte	2
 973 03b4 0C       		.byte	12
 974 03b5 18       		.byte	24
 975 03b6 0E       		.byte	14
 976 03b7 80       		.byte	-128
 977 03b8 0F       		.byte	15
 978 03b9 02       		.byte	2
 979 03ba 10       		.byte	16
 980 03bb 20       		.byte	32
 981 03bc 12       		.byte	18
 982 03bd 44       		.byte	68
 983 03be 15       		.byte	21
 984 03bf 50       		.byte	80
 985 03c0 17       		.byte	23
 986 03c1 05       		.byte	5
 987 03c2 18       		.byte	24
 988 03c3 40       		.byte	64
 989 03c4 19       		.byte	25
 990 03c5 A8       		.byte	-88
 991 03c6 1B       		.byte	27
 992 03c7 10       		.byte	16
 993 03c8 1D       		.byte	29
 994 03c9 90       		.byte	-112
 995 03ca 1E       		.byte	30
 996 03cb 80       		.byte	-128
 997 03cc 1F       		.byte	31
 998 03cd 04       		.byte	4
 999 03ce 22       		.byte	34
 1000 03cf 40       		.byte	64
 1001 03d0 24       		.byte	36
 1002 03d1 12       		.byte	18
 1003 03d2 25       		.byte	37
 1004 03d3 40       		.byte	64
 1005 03d4 26       		.byte	38
 1006 03d5 10       		.byte	16
 1007 03d6 29       		.byte	41
 1008 03d7 08       		.byte	8
 1009 03d8 2A       		.byte	42
 1010 03d9 40       		.byte	64
 1011 03da 2F       		.byte	47
 1012 03db 2A       		.byte	42
 1013 03dc 30       		.byte	48
 1014 03dd 20       		.byte	32
 1015 03de 34       		.byte	52
 1016 03df 10       		.byte	16
 1017 03e0 36       		.byte	54
 1018 03e1 04       		.byte	4
 1019 03e2 37       		.byte	55
 1020 03e3 14       		.byte	20
 1021 03e4 3C       		.byte	60
 1022 03e5 28       		.byte	40
 1023 03e6 3D       		.byte	61
 1024 03e7 70       		.byte	112
 1025 03e8 3E       		.byte	62
 1026 03e9 40       		.byte	64
ARM GAS  C:\Users\thieu\AppData\Local\Temp\ccjlbVXg.s 			page 19


 1027 03ea 45       		.byte	69
 1028 03eb 90       		.byte	-112
 1029 03ec 47       		.byte	71
 1030 03ed 04       		.byte	4
 1031 03ee 4C       		.byte	76
 1032 03ef 05       		.byte	5
 1033 03f0 4F       		.byte	79
 1034 03f1 02       		.byte	2
 1035 03f2 54       		.byte	84
 1036 03f3 08       		.byte	8
 1037 03f4 58       		.byte	88
 1038 03f5 08       		.byte	8
 1039 03f6 59       		.byte	89
 1040 03f7 01       		.byte	1
 1041 03f8 5A       		.byte	90
 1042 03f9 80       		.byte	-128
 1043 03fa 71       		.byte	113
 1044 03fb 02       		.byte	2
 1045 03fc 85       		.byte	-123
 1046 03fd 80       		.byte	-128
 1047 03fe 8C       		.byte	-116
 1048 03ff 48       		.byte	72
 1049 0400 C0       		.byte	-64
 1050 0401 72       		.byte	114
 1051 0402 C2       		.byte	-62
 1052 0403 F8       		.byte	-8
 1053 0404 C4       		.byte	-60
 1054 0405 FE       		.byte	-2
 1055 0406 CA       		.byte	-54
 1056 0407 7A       		.byte	122
 1057 0408 CC       		.byte	-52
 1058 0409 64       		.byte	100
 1059 040a CE       		.byte	-50
 1060 040b 70       		.byte	112
 1061 040c D0       		.byte	-48
 1062 040d 70       		.byte	112
 1063 040e D2       		.byte	-46
 1064 040f 30       		.byte	48
 1065 0410 D6       		.byte	-42
 1066 0411 0B       		.byte	11
 1067 0412 E0       		.byte	-32
 1068 0413 08       		.byte	8
 1069 0414 33       		.byte	51
 1070 0415 40       		.byte	64
 1071 0416 35       		.byte	53
 1072 0417 80       		.byte	-128
 1073 0418 CC       		.byte	-52
 1074 0419 30       		.byte	48
 1075 041a 9D       		.byte	-99
 1076 041b 80       		.byte	-128
 1077 041c 9F       		.byte	-97
 1078 041d 40       		.byte	64
 1079 041e 85       		.byte	-123
 1080 041f 80       		.byte	-128
 1081 0420 9D       		.byte	-99
 1082 0421 80       		.byte	-128
 1083 0422 9F       		.byte	-97
ARM GAS  C:\Users\thieu\AppData\Local\Temp\ccjlbVXg.s 			page 20


 1084 0423 40       		.byte	64
 1085 0424 E2       		.byte	-30
 1086 0425 10       		.byte	16
 1087 0426 9F       		.byte	-97
 1088 0427 40       		.byte	64
 1089 0428 86       		.byte	-122
 1090 0429 40       		.byte	64
 1091 042a 00       		.byte	0
 1092 042b 02       		.byte	2
 1093 042c 52       		.byte	82
 1094 042d 40       		.byte	64
 1095 042e 58       		.byte	88
 1096 042f 80       		.byte	-128
 1097 0430 98       		.byte	-104
 1098 0431 80       		.byte	-128
 1099 0432 9A       		.byte	-102
 1100 0433 40       		.byte	64
 1101 0434 A8       		.byte	-88
 1102 0435 80       		.byte	-128
 1103 0436 C0       		.byte	-64
 1104 0437 08       		.byte	8
 1105 0438 D4       		.byte	-44
 1106 0439 05       		.byte	5
 1107 043a B0       		.byte	-80
 1108 043b 01       		.byte	1
 1109 043c EA       		.byte	-22
 1110 043d 01       		.byte	1
 1111 043e 27       		.byte	39
 1112 043f 40       		.byte	64
 1113 0440 9F       		.byte	-97
 1114 0441 40       		.byte	64
 1115 0442 C8       		.byte	-56
 1116 0443 80       		.byte	-128
 1117 0444 00       		.byte	0
 1118 0445 03       		.byte	3
 1119 0446 0C       		.byte	12
 1120 0447 01       		.byte	1
 1121 0448 0E       		.byte	14
 1122 0449 03       		.byte	3
 1123 044a 00       		.byte	0
 1124 044b 0F       		.byte	15
 1125 044c 30       		.byte	48
 1126 044d 00       		.byte	0
 1127 044e 00       		.byte	0
 1128 044f 30       		.byte	48
 1129 0450 30       		.byte	48
 1130 0451 00       		.byte	0
 1131 0452 00       		.byte	0
 1132 0453 00       		.byte	0
 1133 0454 00       		.byte	0
 1134 0455 00       		.byte	0
 1135 0456 00       		.byte	0
 1136 0457 00       		.byte	0
 1137 0458 00       		.byte	0
 1138 0459 30       		.byte	48
 1139 045a 30       		.byte	48
 1140 045b 00       		.byte	0
ARM GAS  C:\Users\thieu\AppData\Local\Temp\ccjlbVXg.s 			page 21


 1141 045c 00       		.byte	0
 1142 045d 00       		.byte	0
 1143 045e 00       		.byte	0
 1144 045f 00       		.byte	0
 1145 0460 00       		.byte	0
 1146 0461 0B       		.byte	11
 1147 0462 0B       		.byte	11
 1148 0463 00       		.byte	0
 1149 0464 00       		.byte	0
 1150 0465 00       		.byte	0
 1151 0466 00       		.byte	0
 1152 0467 00       		.byte	0
 1153 0468 FE       		.byte	-2
 1154 0469 00       		.byte	0
 1155 046a 01       		.byte	1
 1156 046b FE       		.byte	-2
 1157 046c FE       		.byte	-2
 1158 046d 00       		.byte	0
 1159 046e 06       		.byte	6
 1160 046f 00       		.byte	0
 1161 0470 00       		.byte	0
 1162 0471 00       		.byte	0
 1163 0472 00       		.byte	0
 1164 0473 00       		.byte	0
 1165 0474 3F       		.byte	63
 1166 0475 00       		.byte	0
 1167 0476 00       		.byte	0
 1168 0477 3F       		.byte	63
 1169 0478 1C       		.byte	28
 1170 0479 00       		.byte	0
 1171 047a 00       		.byte	0
 1172 047b 00       		.byte	0
 1173 047c 00       		.byte	0
 1174 047d 00       		.byte	0
 1175 047e 00       		.byte	0
 1176 047f 00       		.byte	0
 1177              		.global	cy_meta_custnvl
 1178              		.section	.cycustnvl,"a",%progbits
 1179              		.align	2
 1180              		.type	cy_meta_custnvl, %object
 1181              		.size	cy_meta_custnvl, 4
 1182              	cy_meta_custnvl:
 1183 0000 00       		.byte	0
 1184 0001 00       		.byte	0
 1185 0002 40       		.byte	64
 1186 0003 05       		.byte	5
 1187              		.global	cy_meta_wonvl
 1188              		.section	.cywolatch,"a",%progbits
 1189              		.align	2
 1190              		.type	cy_meta_wonvl, %object
 1191              		.size	cy_meta_wonvl, 4
 1192              	cy_meta_wonvl:
 1193 0000 BC       		.byte	-68
 1194 0001 90       		.byte	-112
 1195 0002 AC       		.byte	-84
 1196 0003 AF       		.byte	-81
 1197              		.global	cy_meta_flashprotect
ARM GAS  C:\Users\thieu\AppData\Local\Temp\ccjlbVXg.s 			page 22


 1198              		.section	.cyflashprotect,"a",%progbits
 1199              		.align	2
 1200              		.type	cy_meta_flashprotect, %object
 1201              		.size	cy_meta_flashprotect, 256
 1202              	cy_meta_flashprotect:
 1203 0000 00000000 		.space	256
 1203      00000000 
 1203      00000000 
 1203      00000000 
 1203      00000000 
 1204              		.global	cy_metadata
 1205              		.section	.cymeta,"a",%progbits
 1206              		.align	2
 1207              		.type	cy_metadata, %object
 1208              		.size	cy_metadata, 12
 1209              	cy_metadata:
 1210 0000 00       		.byte	0
 1211 0001 01       		.byte	1
 1212 0002 2E       		.byte	46
 1213 0003 16       		.byte	22
 1214 0004 00       		.byte	0
 1215 0005 69       		.byte	105
 1216 0006 00       		.byte	0
 1217 0007 01       		.byte	1
 1218 0008 00       		.byte	0
 1219 0009 00       		.byte	0
 1220 000a 00       		.byte	0
 1221 000b 00       		.byte	0
 1222              		.text
 1223              	.Letext0:
 1224              		.file 1 "e:\\psoc creator\\psoc creator\\4.4\\psoc creator\\import\\gnu\\arm\\5.4.1\\arm-none-eabi
 1225              		.file 2 "e:\\psoc creator\\psoc creator\\4.4\\psoc creator\\import\\gnu\\arm\\5.4.1\\arm-none-eabi
 1226              		.file 3 "Generated_Source\\PSoC5\\cymetadata.c"
 1227              		.section	.debug_info,"",%progbits
 1228              	.Ldebug_info0:
 1229 0000 32010000 		.4byte	0x132
 1230 0004 0400     		.2byte	0x4
 1231 0006 00000000 		.4byte	.Ldebug_abbrev0
 1232 000a 04       		.byte	0x4
 1233 000b 01       		.uleb128 0x1
 1234 000c 0A000000 		.4byte	.LASF17
 1235 0010 0C       		.byte	0xc
 1236 0011 A2010000 		.4byte	.LASF18
 1237 0015 A4000000 		.4byte	.LASF19
 1238 0019 00000000 		.4byte	.Ldebug_line0
 1239 001d 02       		.uleb128 0x2
 1240 001e 01       		.byte	0x1
 1241 001f 06       		.byte	0x6
 1242 0020 96010000 		.4byte	.LASF0
 1243 0024 03       		.uleb128 0x3
 1244 0025 00000000 		.4byte	.LASF9
 1245 0029 01       		.byte	0x1
 1246 002a 1D       		.byte	0x1d
 1247 002b 2F000000 		.4byte	0x2f
 1248 002f 02       		.uleb128 0x2
 1249 0030 01       		.byte	0x1
 1250 0031 08       		.byte	0x8
ARM GAS  C:\Users\thieu\AppData\Local\Temp\ccjlbVXg.s 			page 23


 1251 0032 C8000000 		.4byte	.LASF1
 1252 0036 02       		.uleb128 0x2
 1253 0037 02       		.byte	0x2
 1254 0038 05       		.byte	0x5
 1255 0039 83010000 		.4byte	.LASF2
 1256 003d 02       		.uleb128 0x2
 1257 003e 02       		.byte	0x2
 1258 003f 07       		.byte	0x7
 1259 0040 E8000000 		.4byte	.LASF3
 1260 0044 02       		.uleb128 0x2
 1261 0045 04       		.byte	0x4
 1262 0046 05       		.byte	0x5
 1263 0047 8D010000 		.4byte	.LASF4
 1264 004b 02       		.uleb128 0x2
 1265 004c 04       		.byte	0x4
 1266 004d 07       		.byte	0x7
 1267 004e D6000000 		.4byte	.LASF5
 1268 0052 02       		.uleb128 0x2
 1269 0053 08       		.byte	0x8
 1270 0054 05       		.byte	0x5
 1271 0055 75010000 		.4byte	.LASF6
 1272 0059 02       		.uleb128 0x2
 1273 005a 08       		.byte	0x8
 1274 005b 07       		.byte	0x7
 1275 005c 2A010000 		.4byte	.LASF7
 1276 0060 04       		.uleb128 0x4
 1277 0061 04       		.byte	0x4
 1278 0062 05       		.byte	0x5
 1279 0063 696E7400 		.ascii	"int\000"
 1280 0067 02       		.uleb128 0x2
 1281 0068 04       		.byte	0x4
 1282 0069 07       		.byte	0x7
 1283 006a 1D010000 		.4byte	.LASF8
 1284 006e 03       		.uleb128 0x3
 1285 006f 41010000 		.4byte	.LASF10
 1286 0073 02       		.byte	0x2
 1287 0074 18       		.byte	0x18
 1288 0075 24000000 		.4byte	0x24
 1289 0079 05       		.uleb128 0x5
 1290 007a 91000000 		.4byte	0x91
 1291 007e 8A000000 		.4byte	0x8a
 1292 0082 06       		.uleb128 0x6
 1293 0083 8A000000 		.4byte	0x8a
 1294 0087 7F04     		.2byte	0x47f
 1295 0089 00       		.byte	0
 1296 008a 02       		.uleb128 0x2
 1297 008b 04       		.byte	0x4
 1298 008c 07       		.byte	0x7
 1299 008d 6C010000 		.4byte	.LASF11
 1300 0091 07       		.uleb128 0x7
 1301 0092 6E000000 		.4byte	0x6e
 1302 0096 08       		.uleb128 0x8
 1303 0097 0B010000 		.4byte	.LASF12
 1304 009b 03       		.byte	0x3
 1305 009c 1F       		.byte	0x1f
 1306 009d A7000000 		.4byte	0xa7
 1307 00a1 05       		.uleb128 0x5
ARM GAS  C:\Users\thieu\AppData\Local\Temp\ccjlbVXg.s 			page 24


 1308 00a2 03       		.byte	0x3
 1309 00a3 00000000 		.4byte	cy_meta_configecc
 1310 00a7 07       		.uleb128 0x7
 1311 00a8 79000000 		.4byte	0x79
 1312 00ac 05       		.uleb128 0x5
 1313 00ad 91000000 		.4byte	0x91
 1314 00b1 BC000000 		.4byte	0xbc
 1315 00b5 09       		.uleb128 0x9
 1316 00b6 8A000000 		.4byte	0x8a
 1317 00ba 03       		.byte	0x3
 1318 00bb 00       		.byte	0
 1319 00bc 08       		.uleb128 0x8
 1320 00bd FB000000 		.4byte	.LASF13
 1321 00c1 03       		.byte	0x3
 1322 00c2 BC       		.byte	0xbc
 1323 00c3 CD000000 		.4byte	0xcd
 1324 00c7 05       		.uleb128 0x5
 1325 00c8 03       		.byte	0x3
 1326 00c9 00000000 		.4byte	cy_meta_custnvl
 1327 00cd 07       		.uleb128 0x7
 1328 00ce AC000000 		.4byte	0xac
 1329 00d2 08       		.uleb128 0x8
 1330 00d3 5E010000 		.4byte	.LASF14
 1331 00d7 03       		.byte	0x3
 1332 00d8 CA       		.byte	0xca
 1333 00d9 E3000000 		.4byte	0xe3
 1334 00dd 05       		.uleb128 0x5
 1335 00de 03       		.byte	0x3
 1336 00df 00000000 		.4byte	cy_meta_wonvl
 1337 00e3 07       		.uleb128 0x7
 1338 00e4 AC000000 		.4byte	0xac
 1339 00e8 05       		.uleb128 0x5
 1340 00e9 91000000 		.4byte	0x91
 1341 00ed F8000000 		.4byte	0xf8
 1342 00f1 09       		.uleb128 0x9
 1343 00f2 8A000000 		.4byte	0x8a
 1344 00f6 FF       		.byte	0xff
 1345 00f7 00       		.byte	0
 1346 00f8 08       		.uleb128 0x8
 1347 00f9 49010000 		.4byte	.LASF15
 1348 00fd 03       		.byte	0x3
 1349 00fe D8       		.byte	0xd8
 1350 00ff 09010000 		.4byte	0x109
 1351 0103 05       		.uleb128 0x5
 1352 0104 03       		.byte	0x3
 1353 0105 00000000 		.4byte	cy_meta_flashprotect
 1354 0109 07       		.uleb128 0x7
 1355 010a E8000000 		.4byte	0xe8
 1356 010e 05       		.uleb128 0x5
 1357 010f 91000000 		.4byte	0x91
 1358 0113 1E010000 		.4byte	0x11e
 1359 0117 09       		.uleb128 0x9
 1360 0118 8A000000 		.4byte	0x8a
 1361 011c 0B       		.byte	0xb
 1362 011d 00       		.byte	0
 1363 011e 0A       		.uleb128 0xa
 1364 011f 98000000 		.4byte	.LASF16
ARM GAS  C:\Users\thieu\AppData\Local\Temp\ccjlbVXg.s 			page 25


 1365 0123 03       		.byte	0x3
 1366 0124 0501     		.2byte	0x105
 1367 0126 30010000 		.4byte	0x130
 1368 012a 05       		.uleb128 0x5
 1369 012b 03       		.byte	0x3
 1370 012c 00000000 		.4byte	cy_metadata
 1371 0130 07       		.uleb128 0x7
 1372 0131 0E010000 		.4byte	0x10e
 1373 0135 00       		.byte	0
 1374              		.section	.debug_abbrev,"",%progbits
 1375              	.Ldebug_abbrev0:
 1376 0000 01       		.uleb128 0x1
 1377 0001 11       		.uleb128 0x11
 1378 0002 01       		.byte	0x1
 1379 0003 25       		.uleb128 0x25
 1380 0004 0E       		.uleb128 0xe
 1381 0005 13       		.uleb128 0x13
 1382 0006 0B       		.uleb128 0xb
 1383 0007 03       		.uleb128 0x3
 1384 0008 0E       		.uleb128 0xe
 1385 0009 1B       		.uleb128 0x1b
 1386 000a 0E       		.uleb128 0xe
 1387 000b 10       		.uleb128 0x10
 1388 000c 17       		.uleb128 0x17
 1389 000d 00       		.byte	0
 1390 000e 00       		.byte	0
 1391 000f 02       		.uleb128 0x2
 1392 0010 24       		.uleb128 0x24
 1393 0011 00       		.byte	0
 1394 0012 0B       		.uleb128 0xb
 1395 0013 0B       		.uleb128 0xb
 1396 0014 3E       		.uleb128 0x3e
 1397 0015 0B       		.uleb128 0xb
 1398 0016 03       		.uleb128 0x3
 1399 0017 0E       		.uleb128 0xe
 1400 0018 00       		.byte	0
 1401 0019 00       		.byte	0
 1402 001a 03       		.uleb128 0x3
 1403 001b 16       		.uleb128 0x16
 1404 001c 00       		.byte	0
 1405 001d 03       		.uleb128 0x3
 1406 001e 0E       		.uleb128 0xe
 1407 001f 3A       		.uleb128 0x3a
 1408 0020 0B       		.uleb128 0xb
 1409 0021 3B       		.uleb128 0x3b
 1410 0022 0B       		.uleb128 0xb
 1411 0023 49       		.uleb128 0x49
 1412 0024 13       		.uleb128 0x13
 1413 0025 00       		.byte	0
 1414 0026 00       		.byte	0
 1415 0027 04       		.uleb128 0x4
 1416 0028 24       		.uleb128 0x24
 1417 0029 00       		.byte	0
 1418 002a 0B       		.uleb128 0xb
 1419 002b 0B       		.uleb128 0xb
 1420 002c 3E       		.uleb128 0x3e
 1421 002d 0B       		.uleb128 0xb
ARM GAS  C:\Users\thieu\AppData\Local\Temp\ccjlbVXg.s 			page 26


 1422 002e 03       		.uleb128 0x3
 1423 002f 08       		.uleb128 0x8
 1424 0030 00       		.byte	0
 1425 0031 00       		.byte	0
 1426 0032 05       		.uleb128 0x5
 1427 0033 01       		.uleb128 0x1
 1428 0034 01       		.byte	0x1
 1429 0035 49       		.uleb128 0x49
 1430 0036 13       		.uleb128 0x13
 1431 0037 01       		.uleb128 0x1
 1432 0038 13       		.uleb128 0x13
 1433 0039 00       		.byte	0
 1434 003a 00       		.byte	0
 1435 003b 06       		.uleb128 0x6
 1436 003c 21       		.uleb128 0x21
 1437 003d 00       		.byte	0
 1438 003e 49       		.uleb128 0x49
 1439 003f 13       		.uleb128 0x13
 1440 0040 2F       		.uleb128 0x2f
 1441 0041 05       		.uleb128 0x5
 1442 0042 00       		.byte	0
 1443 0043 00       		.byte	0
 1444 0044 07       		.uleb128 0x7
 1445 0045 26       		.uleb128 0x26
 1446 0046 00       		.byte	0
 1447 0047 49       		.uleb128 0x49
 1448 0048 13       		.uleb128 0x13
 1449 0049 00       		.byte	0
 1450 004a 00       		.byte	0
 1451 004b 08       		.uleb128 0x8
 1452 004c 34       		.uleb128 0x34
 1453 004d 00       		.byte	0
 1454 004e 03       		.uleb128 0x3
 1455 004f 0E       		.uleb128 0xe
 1456 0050 3A       		.uleb128 0x3a
 1457 0051 0B       		.uleb128 0xb
 1458 0052 3B       		.uleb128 0x3b
 1459 0053 0B       		.uleb128 0xb
 1460 0054 49       		.uleb128 0x49
 1461 0055 13       		.uleb128 0x13
 1462 0056 3F       		.uleb128 0x3f
 1463 0057 19       		.uleb128 0x19
 1464 0058 02       		.uleb128 0x2
 1465 0059 18       		.uleb128 0x18
 1466 005a 00       		.byte	0
 1467 005b 00       		.byte	0
 1468 005c 09       		.uleb128 0x9
 1469 005d 21       		.uleb128 0x21
 1470 005e 00       		.byte	0
 1471 005f 49       		.uleb128 0x49
 1472 0060 13       		.uleb128 0x13
 1473 0061 2F       		.uleb128 0x2f
 1474 0062 0B       		.uleb128 0xb
 1475 0063 00       		.byte	0
 1476 0064 00       		.byte	0
 1477 0065 0A       		.uleb128 0xa
 1478 0066 34       		.uleb128 0x34
ARM GAS  C:\Users\thieu\AppData\Local\Temp\ccjlbVXg.s 			page 27


 1479 0067 00       		.byte	0
 1480 0068 03       		.uleb128 0x3
 1481 0069 0E       		.uleb128 0xe
 1482 006a 3A       		.uleb128 0x3a
 1483 006b 0B       		.uleb128 0xb
 1484 006c 3B       		.uleb128 0x3b
 1485 006d 05       		.uleb128 0x5
 1486 006e 49       		.uleb128 0x49
 1487 006f 13       		.uleb128 0x13
 1488 0070 3F       		.uleb128 0x3f
 1489 0071 19       		.uleb128 0x19
 1490 0072 02       		.uleb128 0x2
 1491 0073 18       		.uleb128 0x18
 1492 0074 00       		.byte	0
 1493 0075 00       		.byte	0
 1494 0076 00       		.byte	0
 1495              		.section	.debug_aranges,"",%progbits
 1496 0000 14000000 		.4byte	0x14
 1497 0004 0200     		.2byte	0x2
 1498 0006 00000000 		.4byte	.Ldebug_info0
 1499 000a 04       		.byte	0x4
 1500 000b 00       		.byte	0
 1501 000c 0000     		.2byte	0
 1502 000e 0000     		.2byte	0
 1503 0010 00000000 		.4byte	0
 1504 0014 00000000 		.4byte	0
 1505              		.section	.debug_line,"",%progbits
 1506              	.Ldebug_line0:
 1507 0000 1F010000 		.section	.debug_str,"MS",%progbits,1
 1507      02001901 
 1507      00000201 
 1507      FB0E0D00 
 1507      01010101 
 1508              	.LASF9:
 1509 0000 5F5F7569 		.ascii	"__uint8_t\000"
 1509      6E74385F 
 1509      7400
 1510              	.LASF17:
 1511 000a 474E5520 		.ascii	"GNU C11 5.4.1 20160609 (release) [ARM/embedded-5-br"
 1511      43313120 
 1511      352E342E 
 1511      31203230 
 1511      31363036 
 1512 003d 616E6368 		.ascii	"anch revision 237715] -mcpu=cortex-m3 -mthumb -g -O"
 1512      20726576 
 1512      6973696F 
 1512      6E203233 
 1512      37373135 
 1513 0070 30202D66 		.ascii	"0 -ffunction-sections -ffat-lto-objects\000"
 1513      66756E63 
 1513      74696F6E 
 1513      2D736563 
 1513      74696F6E 
 1514              	.LASF16:
 1515 0098 63795F6D 		.ascii	"cy_metadata\000"
 1515      65746164 
 1515      61746100 
ARM GAS  C:\Users\thieu\AppData\Local\Temp\ccjlbVXg.s 			page 28


 1516              	.LASF19:
 1517 00a4 453A5C67 		.ascii	"E:\\github\\MPS\\MPS_W22_Prakt_3.cydsn\000"
 1517      69746875 
 1517      625C4D50 
 1517      535C4D50 
 1517      535F5732 
 1518              	.LASF1:
 1519 00c8 756E7369 		.ascii	"unsigned char\000"
 1519      676E6564 
 1519      20636861 
 1519      7200
 1520              	.LASF5:
 1521 00d6 6C6F6E67 		.ascii	"long unsigned int\000"
 1521      20756E73 
 1521      69676E65 
 1521      6420696E 
 1521      7400
 1522              	.LASF3:
 1523 00e8 73686F72 		.ascii	"short unsigned int\000"
 1523      7420756E 
 1523      7369676E 
 1523      65642069 
 1523      6E7400
 1524              	.LASF13:
 1525 00fb 63795F6D 		.ascii	"cy_meta_custnvl\000"
 1525      6574615F 
 1525      63757374 
 1525      6E766C00 
 1526              	.LASF12:
 1527 010b 63795F6D 		.ascii	"cy_meta_configecc\000"
 1527      6574615F 
 1527      636F6E66 
 1527      69676563 
 1527      6300
 1528              	.LASF8:
 1529 011d 756E7369 		.ascii	"unsigned int\000"
 1529      676E6564 
 1529      20696E74 
 1529      00
 1530              	.LASF7:
 1531 012a 6C6F6E67 		.ascii	"long long unsigned int\000"
 1531      206C6F6E 
 1531      6720756E 
 1531      7369676E 
 1531      65642069 
 1532              	.LASF10:
 1533 0141 75696E74 		.ascii	"uint8_t\000"
 1533      385F7400 
 1534              	.LASF15:
 1535 0149 63795F6D 		.ascii	"cy_meta_flashprotect\000"
 1535      6574615F 
 1535      666C6173 
 1535      6870726F 
 1535      74656374 
 1536              	.LASF14:
 1537 015e 63795F6D 		.ascii	"cy_meta_wonvl\000"
 1537      6574615F 
ARM GAS  C:\Users\thieu\AppData\Local\Temp\ccjlbVXg.s 			page 29


 1537      776F6E76 
 1537      6C00
 1538              	.LASF11:
 1539 016c 73697A65 		.ascii	"sizetype\000"
 1539      74797065 
 1539      00
 1540              	.LASF6:
 1541 0175 6C6F6E67 		.ascii	"long long int\000"
 1541      206C6F6E 
 1541      6720696E 
 1541      7400
 1542              	.LASF2:
 1543 0183 73686F72 		.ascii	"short int\000"
 1543      7420696E 
 1543      7400
 1544              	.LASF4:
 1545 018d 6C6F6E67 		.ascii	"long int\000"
 1545      20696E74 
 1545      00
 1546              	.LASF0:
 1547 0196 7369676E 		.ascii	"signed char\000"
 1547      65642063 
 1547      68617200 
 1548              	.LASF18:
 1549 01a2 47656E65 		.ascii	"Generated_Source\\PSoC5\\cymetadata.c\000"
 1549      72617465 
 1549      645F536F 
 1549      75726365 
 1549      5C50536F 
 1550              		.ident	"GCC: (GNU Tools for ARM Embedded Processors) 5.4.1 20160609 (release) [ARM/embedded-5-bran
