ARM GAS  C:\Users\dmaks\AppData\Local\Temp\ccTCkJAM.s 			page 1


   1              		.syntax unified
   2              		.cpu cortex-m3
   3              		.fpu softvfp
   4              		.eabi_attribute 20, 1
   5              		.eabi_attribute 21, 1
   6              		.eabi_attribute 23, 3
   7              		.eabi_attribute 24, 1
   8              		.eabi_attribute 25, 1
   9              		.eabi_attribute 26, 1
  10              		.eabi_attribute 30, 6
  11              		.eabi_attribute 34, 1
  12              		.eabi_attribute 18, 4
  13              		.thumb
  14              		.syntax unified
  15              		.file	"cymetadata.c"
  16              		.text
  17              	.Ltext0:
  18              		.cfi_sections	.debug_frame
  19              		.global	cy_meta_configecc
  20              		.section	.cyconfigecc,"a",%progbits
  21              		.align	2
  22              		.type	cy_meta_configecc, %object
  23              		.size	cy_meta_configecc, 1168
  24              	cy_meta_configecc:
  25 0000 01       		.byte	1
  26 0001 45       		.byte	69
  27 0002 00       		.byte	0
  28 0003 40       		.byte	64
  29 0004 03       		.byte	3
  30 0005 52       		.byte	82
  31 0006 00       		.byte	0
  32 0007 40       		.byte	64
  33 0008 04       		.byte	4
  34 0009 64       		.byte	100
  35 000a 00       		.byte	0
  36 000b 40       		.byte	64
  37 000c 01       		.byte	1
  38 000d 05       		.byte	5
  39 000e 01       		.byte	1
  40 000f 40       		.byte	64
  41 0010 5C       		.byte	92
  42 0011 0A       		.byte	10
  43 0012 01       		.byte	1
  44 0013 40       		.byte	64
  45 0014 48       		.byte	72
  46 0015 0B       		.byte	11
  47 0016 01       		.byte	1
  48 0017 40       		.byte	64
  49 0018 6E       		.byte	110
  50 0019 0C       		.byte	12
  51 001a 01       		.byte	1
  52 001b 40       		.byte	64
  53 001c 4E       		.byte	78
  54 001d 0D       		.byte	13
  55 001e 01       		.byte	1
  56 001f 40       		.byte	64
  57 0020 4B       		.byte	75
ARM GAS  C:\Users\dmaks\AppData\Local\Temp\ccTCkJAM.s 			page 2


  58 0021 0E       		.byte	14
  59 0022 01       		.byte	1
  60 0023 40       		.byte	64
  61 0024 36       		.byte	54
  62 0025 0F       		.byte	15
  63 0026 01       		.byte	1
  64 0027 40       		.byte	64
  65 0028 03       		.byte	3
  66 0029 40       		.byte	64
  67 002a 01       		.byte	1
  68 002b 40       		.byte	64
  69 002c 02       		.byte	2
  70 002d 41       		.byte	65
  71 002e 01       		.byte	1
  72 002f 40       		.byte	64
  73 0030 04       		.byte	4
  74 0031 42       		.byte	66
  75 0032 01       		.byte	1
  76 0033 40       		.byte	64
  77 0034 01       		.byte	1
  78 0035 43       		.byte	67
  79 0036 01       		.byte	1
  80 0037 40       		.byte	64
  81 0038 06       		.byte	6
  82 0039 45       		.byte	69
  83 003a 01       		.byte	1
  84 003b 40       		.byte	64
  85 003c 07       		.byte	7
  86 003d 46       		.byte	70
  87 003e 01       		.byte	1
  88 003f 40       		.byte	64
  89 0040 03       		.byte	3
  90 0041 48       		.byte	72
  91 0042 01       		.byte	1
  92 0043 40       		.byte	64
  93 0044 03       		.byte	3
  94 0045 50       		.byte	80
  95 0046 01       		.byte	1
  96 0047 40       		.byte	64
  97 0048 01       		.byte	1
  98 0049 51       		.byte	81
  99 004a 01       		.byte	1
 100 004b 40       		.byte	64
 101 004c 35       		.byte	53
 102 004d 02       		.byte	2
 103 004e 10       		.byte	16
 104 004f 0C       		.byte	12
 105 0050 11       		.byte	17
 106 0051 0C       		.byte	12
 107 0052 14       		.byte	20
 108 0053 01       		.byte	1
 109 0054 8A       		.byte	-118
 110 0055 0D       		.byte	13
 111 0056 8B       		.byte	-117
 112 0057 38       		.byte	56
 113 0058 8D       		.byte	-115
 114 0059 0F       		.byte	15
ARM GAS  C:\Users\dmaks\AppData\Local\Temp\ccTCkJAM.s 			page 3


 115 005a 8F       		.byte	-113
 116 005b 72       		.byte	114
 117 005c E2       		.byte	-30
 118 005d 08       		.byte	8
 119 005e 06       		.byte	6
 120 005f 0E       		.byte	14
 121 0060 0A       		.byte	10
 122 0061 04       		.byte	4
 123 0062 12       		.byte	18
 124 0063 01       		.byte	1
 125 0064 1A       		.byte	26
 126 0065 08       		.byte	8
 127 0066 1D       		.byte	29
 128 0067 01       		.byte	1
 129 0068 26       		.byte	38
 130 0069 02       		.byte	2
 131 006a 30       		.byte	48
 132 006b 0C       		.byte	12
 133 006c 31       		.byte	49
 134 006d 01       		.byte	1
 135 006e 32       		.byte	50
 136 006f 02       		.byte	2
 137 0070 34       		.byte	52
 138 0071 01       		.byte	1
 139 0072 3E       		.byte	62
 140 0073 04       		.byte	4
 141 0074 3F       		.byte	63
 142 0075 01       		.byte	1
 143 0076 40       		.byte	64
 144 0077 06       		.byte	6
 145 0078 46       		.byte	70
 146 0079 04       		.byte	4
 147 007a 49       		.byte	73
 148 007b FF       		.byte	-1
 149 007c 4A       		.byte	74
 150 007d 07       		.byte	7
 151 007e 4B       		.byte	75
 152 007f FF       		.byte	-1
 153 0080 4C       		.byte	76
 154 0081 40       		.byte	64
 155 0082 4D       		.byte	77
 156 0083 20       		.byte	32
 157 0084 4E       		.byte	78
 158 0085 F0       		.byte	-16
 159 0086 4F       		.byte	79
 160 0087 05       		.byte	5
 161 0088 50       		.byte	80
 162 0089 08       		.byte	8
 163 008a 52       		.byte	82
 164 008b 80       		.byte	-128
 165 008c 54       		.byte	84
 166 008d 05       		.byte	5
 167 008e 58       		.byte	88
 168 008f 04       		.byte	4
 169 0090 59       		.byte	89
 170 0091 04       		.byte	4
 171 0092 5A       		.byte	90
ARM GAS  C:\Users\dmaks\AppData\Local\Temp\ccTCkJAM.s 			page 4


 172 0093 04       		.byte	4
 173 0094 5B       		.byte	91
 174 0095 04       		.byte	4
 175 0096 5C       		.byte	92
 176 0097 01       		.byte	1
 177 0098 5D       		.byte	93
 178 0099 10       		.byte	16
 179 009a 5F       		.byte	95
 180 009b 01       		.byte	1
 181 009c 60       		.byte	96
 182 009d 40       		.byte	64
 183 009e 61       		.byte	97
 184 009f A8       		.byte	-88
 185 00a0 62       		.byte	98
 186 00a1 40       		.byte	64
 187 00a2 63       		.byte	99
 188 00a3 20       		.byte	32
 189 00a4 83       		.byte	-125
 190 00a5 02       		.byte	2
 191 00a6 85       		.byte	-123
 192 00a7 01       		.byte	1
 193 00a8 8B       		.byte	-117
 194 00a9 10       		.byte	16
 195 00aa 8C       		.byte	-116
 196 00ab 03       		.byte	3
 197 00ac 8F       		.byte	-113
 198 00ad 10       		.byte	16
 199 00ae 91       		.byte	-111
 200 00af 08       		.byte	8
 201 00b0 97       		.byte	-105
 202 00b1 01       		.byte	1
 203 00b2 98       		.byte	-104
 204 00b3 04       		.byte	4
 205 00b4 9A       		.byte	-102
 206 00b5 02       		.byte	2
 207 00b6 9B       		.byte	-101
 208 00b7 04       		.byte	4
 209 00b8 9D       		.byte	-99
 210 00b9 01       		.byte	1
 211 00ba A3       		.byte	-93
 212 00bb 01       		.byte	1
 213 00bc A4       		.byte	-92
 214 00bd 04       		.byte	4
 215 00be A6       		.byte	-90
 216 00bf 01       		.byte	1
 217 00c0 A7       		.byte	-89
 218 00c1 02       		.byte	2
 219 00c2 A9       		.byte	-87
 220 00c3 08       		.byte	8
 221 00c4 AD       		.byte	-83
 222 00c5 08       		.byte	8
 223 00c6 B0       		.byte	-80
 224 00c7 03       		.byte	3
 225 00c8 B1       		.byte	-79
 226 00c9 06       		.byte	6
 227 00ca B3       		.byte	-77
 228 00cb 10       		.byte	16
ARM GAS  C:\Users\dmaks\AppData\Local\Temp\ccTCkJAM.s 			page 5


 229 00cc B5       		.byte	-75
 230 00cd 01       		.byte	1
 231 00ce B6       		.byte	-74
 232 00cf 04       		.byte	4
 233 00d0 B7       		.byte	-73
 234 00d1 08       		.byte	8
 235 00d2 B8       		.byte	-72
 236 00d3 80       		.byte	-128
 237 00d4 B9       		.byte	-71
 238 00d5 20       		.byte	32
 239 00d6 BF       		.byte	-65
 240 00d7 05       		.byte	5
 241 00d8 C0       		.byte	-64
 242 00d9 24       		.byte	36
 243 00da C1       		.byte	-63
 244 00db 03       		.byte	3
 245 00dc C2       		.byte	-62
 246 00dd 05       		.byte	5
 247 00de C4       		.byte	-60
 248 00df 01       		.byte	1
 249 00e0 C6       		.byte	-58
 250 00e1 0E       		.byte	14
 251 00e2 C7       		.byte	-57
 252 00e3 C0       		.byte	-64
 253 00e4 C8       		.byte	-56
 254 00e5 24       		.byte	36
 255 00e6 C9       		.byte	-55
 256 00e7 FF       		.byte	-1
 257 00e8 CA       		.byte	-54
 258 00e9 FF       		.byte	-1
 259 00ea CB       		.byte	-53
 260 00eb FF       		.byte	-1
 261 00ec CC       		.byte	-52
 262 00ed 62       		.byte	98
 263 00ee CD       		.byte	-51
 264 00ef A0       		.byte	-96
 265 00f0 CE       		.byte	-50
 266 00f1 F0       		.byte	-16
 267 00f2 CF       		.byte	-49
 268 00f3 41       		.byte	65
 269 00f4 D0       		.byte	-48
 270 00f5 0C       		.byte	12
 271 00f6 D4       		.byte	-44
 272 00f7 18       		.byte	24
 273 00f8 D6       		.byte	-42
 274 00f9 04       		.byte	4
 275 00fa D8       		.byte	-40
 276 00fb 04       		.byte	4
 277 00fc D9       		.byte	-39
 278 00fd 04       		.byte	4
 279 00fe DA       		.byte	-38
 280 00ff 04       		.byte	4
 281 0100 DB       		.byte	-37
 282 0101 04       		.byte	4
 283 0102 DC       		.byte	-36
 284 0103 01       		.byte	1
 285 0104 DF       		.byte	-33
ARM GAS  C:\Users\dmaks\AppData\Local\Temp\ccTCkJAM.s 			page 6


 286 0105 01       		.byte	1
 287 0106 E6       		.byte	-26
 288 0107 40       		.byte	64
 289 0108 E7       		.byte	-25
 290 0109 02       		.byte	2
 291 010a E9       		.byte	-23
 292 010b 10       		.byte	16
 293 010c EA       		.byte	-22
 294 010d 30       		.byte	48
 295 010e EB       		.byte	-21
 296 010f 10       		.byte	16
 297 0110 ED       		.byte	-19
 298 0111 10       		.byte	16
 299 0112 EE       		.byte	-18
 300 0113 10       		.byte	16
 301 0114 EF       		.byte	-17
 302 0115 12       		.byte	18
 303 0116 00       		.byte	0
 304 0117 04       		.byte	4
 305 0118 03       		.byte	3
 306 0119 04       		.byte	4
 307 011a 05       		.byte	5
 308 011b 40       		.byte	64
 309 011c 08       		.byte	8
 310 011d 18       		.byte	24
 311 011e 09       		.byte	9
 312 011f 06       		.byte	6
 313 0120 0C       		.byte	12
 314 0121 30       		.byte	48
 315 0122 12       		.byte	18
 316 0123 10       		.byte	16
 317 0124 15       		.byte	21
 318 0125 08       		.byte	8
 319 0126 17       		.byte	23
 320 0127 04       		.byte	4
 321 0128 18       		.byte	24
 322 0129 44       		.byte	68
 323 012a 19       		.byte	25
 324 012b 24       		.byte	36
 325 012c 1D       		.byte	29
 326 012d 40       		.byte	64
 327 012e 1E       		.byte	30
 328 012f 40       		.byte	64
 329 0130 21       		.byte	33
 330 0131 01       		.byte	1
 331 0132 25       		.byte	37
 332 0133 54       		.byte	84
 333 0134 27       		.byte	39
 334 0135 41       		.byte	65
 335 0136 2C       		.byte	44
 336 0137 04       		.byte	4
 337 0138 2D       		.byte	45
 338 0139 40       		.byte	64
 339 013a 2E       		.byte	46
 340 013b 02       		.byte	2
 341 013c 2F       		.byte	47
 342 013d 10       		.byte	16
ARM GAS  C:\Users\dmaks\AppData\Local\Temp\ccTCkJAM.s 			page 7


 343 013e 32       		.byte	50
 344 013f 40       		.byte	64
 345 0140 34       		.byte	52
 346 0141 02       		.byte	2
 347 0142 35       		.byte	53
 348 0143 80       		.byte	-128
 349 0144 36       		.byte	54
 350 0145 04       		.byte	4
 351 0146 37       		.byte	55
 352 0147 20       		.byte	32
 353 0148 3D       		.byte	61
 354 0149 20       		.byte	32
 355 014a 3E       		.byte	62
 356 014b 08       		.byte	8
 357 014c 3F       		.byte	63
 358 014d 82       		.byte	-126
 359 014e 46       		.byte	70
 360 014f 0C       		.byte	12
 361 0150 47       		.byte	71
 362 0151 49       		.byte	73
 363 0152 48       		.byte	72
 364 0153 04       		.byte	4
 365 0154 4C       		.byte	76
 366 0155 01       		.byte	1
 367 0156 50       		.byte	80
 368 0157 10       		.byte	16
 369 0158 52       		.byte	82
 370 0159 40       		.byte	64
 371 015a 56       		.byte	86
 372 015b 01       		.byte	1
 373 015c 57       		.byte	87
 374 015d 40       		.byte	64
 375 015e 59       		.byte	89
 376 015f 05       		.byte	5
 377 0160 5A       		.byte	90
 378 0161 40       		.byte	64
 379 0162 5E       		.byte	94
 380 0163 02       		.byte	2
 381 0164 64       		.byte	100
 382 0165 08       		.byte	8
 383 0166 67       		.byte	103
 384 0167 82       		.byte	-126
 385 0168 71       		.byte	113
 386 0169 02       		.byte	2
 387 016a 85       		.byte	-123
 388 016b 01       		.byte	1
 389 016c 87       		.byte	-121
 390 016d 40       		.byte	64
 391 016e 8C       		.byte	-116
 392 016f 40       		.byte	64
 393 0170 90       		.byte	-112
 394 0171 02       		.byte	2
 395 0172 91       		.byte	-111
 396 0173 48       		.byte	72
 397 0174 92       		.byte	-110
 398 0175 80       		.byte	-128
 399 0176 93       		.byte	-109
ARM GAS  C:\Users\dmaks\AppData\Local\Temp\ccTCkJAM.s 			page 8


 400 0177 22       		.byte	34
 401 0178 94       		.byte	-108
 402 0179 20       		.byte	32
 403 017a 98       		.byte	-104
 404 017b 06       		.byte	6
 405 017c 99       		.byte	-103
 406 017d 81       		.byte	-127
 407 017e 9A       		.byte	-102
 408 017f 16       		.byte	22
 409 0180 9B       		.byte	-101
 410 0181 28       		.byte	40
 411 0182 9D       		.byte	-99
 412 0183 20       		.byte	32
 413 0184 9E       		.byte	-98
 414 0185 41       		.byte	65
 415 0186 A0       		.byte	-96
 416 0187 24       		.byte	36
 417 0188 A2       		.byte	-94
 418 0189 05       		.byte	5
 419 018a A3       		.byte	-93
 420 018b 01       		.byte	1
 421 018c A5       		.byte	-91
 422 018d 40       		.byte	64
 423 018e B3       		.byte	-77
 424 018f 21       		.byte	33
 425 0190 C0       		.byte	-64
 426 0191 86       		.byte	-122
 427 0192 C2       		.byte	-62
 428 0193 4A       		.byte	74
 429 0194 C4       		.byte	-60
 430 0195 24       		.byte	36
 431 0196 CA       		.byte	-54
 432 0197 F0       		.byte	-16
 433 0198 CC       		.byte	-52
 434 0199 F8       		.byte	-8
 435 019a CE       		.byte	-50
 436 019b F0       		.byte	-16
 437 019c D0       		.byte	-48
 438 019d F0       		.byte	-16
 439 019e D2       		.byte	-46
 440 019f 14       		.byte	20
 441 01a0 D6       		.byte	-42
 442 01a1 8B       		.byte	-117
 443 01a2 D8       		.byte	-40
 444 01a3 B0       		.byte	-80
 445 01a4 E4       		.byte	-28
 446 01a5 02       		.byte	2
 447 01a6 01       		.byte	1
 448 01a7 05       		.byte	5
 449 01a8 02       		.byte	2
 450 01a9 04       		.byte	4
 451 01aa 03       		.byte	3
 452 01ab 08       		.byte	8
 453 01ac 04       		.byte	4
 454 01ad 02       		.byte	2
 455 01ae 05       		.byte	5
 456 01af 1C       		.byte	28
ARM GAS  C:\Users\dmaks\AppData\Local\Temp\ccTCkJAM.s 			page 9


 457 01b0 06       		.byte	6
 458 01b1 01       		.byte	1
 459 01b2 0F       		.byte	15
 460 01b3 03       		.byte	3
 461 01b4 14       		.byte	20
 462 01b5 03       		.byte	3
 463 01b6 17       		.byte	23
 464 01b7 03       		.byte	3
 465 01b8 19       		.byte	25
 466 01b9 0B       		.byte	11
 467 01ba 1B       		.byte	27
 468 01bb 14       		.byte	20
 469 01bc 1C       		.byte	28
 470 01bd 01       		.byte	1
 471 01be 1D       		.byte	29
 472 01bf 03       		.byte	3
 473 01c0 1E       		.byte	30
 474 01c1 0A       		.byte	10
 475 01c2 23       		.byte	35
 476 01c3 03       		.byte	3
 477 01c4 24       		.byte	36
 478 01c5 03       		.byte	3
 479 01c6 25       		.byte	37
 480 01c7 12       		.byte	18
 481 01c8 27       		.byte	39
 482 01c9 08       		.byte	8
 483 01ca 29       		.byte	41
 484 01cb 1C       		.byte	28
 485 01cc 2D       		.byte	45
 486 01cd 03       		.byte	3
 487 01ce 2E       		.byte	46
 488 01cf 04       		.byte	4
 489 01d0 30       		.byte	48
 490 01d1 04       		.byte	4
 491 01d2 31       		.byte	49
 492 01d3 03       		.byte	3
 493 01d4 32       		.byte	50
 494 01d5 08       		.byte	8
 495 01d6 33       		.byte	51
 496 01d7 1C       		.byte	28
 497 01d8 34       		.byte	52
 498 01d9 03       		.byte	3
 499 01da 3E       		.byte	62
 500 01db 01       		.byte	1
 501 01dc 40       		.byte	64
 502 01dd 60       		.byte	96
 503 01de 41       		.byte	65
 504 01df 03       		.byte	3
 505 01e0 49       		.byte	73
 506 01e1 FF       		.byte	-1
 507 01e2 4A       		.byte	74
 508 01e3 FF       		.byte	-1
 509 01e4 4B       		.byte	75
 510 01e5 FF       		.byte	-1
 511 01e6 4D       		.byte	77
 512 01e7 A0       		.byte	-96
 513 01e8 4F       		.byte	79
ARM GAS  C:\Users\dmaks\AppData\Local\Temp\ccTCkJAM.s 			page 10


 514 01e9 04       		.byte	4
 515 01ea 50       		.byte	80
 516 01eb 18       		.byte	24
 517 01ec 58       		.byte	88
 518 01ed 04       		.byte	4
 519 01ee 59       		.byte	89
 520 01ef 04       		.byte	4
 521 01f0 5A       		.byte	90
 522 01f1 04       		.byte	4
 523 01f2 5D       		.byte	93
 524 01f3 01       		.byte	1
 525 01f4 5F       		.byte	95
 526 01f5 01       		.byte	1
 527 01f6 60       		.byte	96
 528 01f7 40       		.byte	64
 529 01f8 62       		.byte	98
 530 01f9 C0       		.byte	-64
 531 01fa 64       		.byte	100
 532 01fb 40       		.byte	64
 533 01fc 65       		.byte	101
 534 01fd 40       		.byte	64
 535 01fe 66       		.byte	102
 536 01ff C0       		.byte	-64
 537 0200 68       		.byte	104
 538 0201 C0       		.byte	-64
 539 0202 6A       		.byte	106
 540 0203 C0       		.byte	-64
 541 0204 6C       		.byte	108
 542 0205 C0       		.byte	-64
 543 0206 6E       		.byte	110
 544 0207 C0       		.byte	-64
 545 0208 80       		.byte	-128
 546 0209 10       		.byte	16
 547 020a 82       		.byte	-126
 548 020b 40       		.byte	64
 549 020c 84       		.byte	-124
 550 020d DC       		.byte	-36
 551 020e 85       		.byte	-123
 552 020f 2A       		.byte	42
 553 0210 86       		.byte	-122
 554 0211 22       		.byte	34
 555 0212 87       		.byte	-121
 556 0213 44       		.byte	68
 557 0214 89       		.byte	-119
 558 0215 80       		.byte	-128
 559 0216 8B       		.byte	-117
 560 0217 15       		.byte	21
 561 0218 8C       		.byte	-116
 562 0219 09       		.byte	9
 563 021a 8E       		.byte	-114
 564 021b D0       		.byte	-48
 565 021c 8F       		.byte	-113
 566 021d 08       		.byte	8
 567 021e 92       		.byte	-110
 568 021f 03       		.byte	3
 569 0220 94       		.byte	-108
 570 0221 10       		.byte	16
ARM GAS  C:\Users\dmaks\AppData\Local\Temp\ccTCkJAM.s 			page 11


 571 0222 95       		.byte	-107
 572 0223 73       		.byte	115
 573 0224 96       		.byte	-106
 574 0225 AC       		.byte	-84
 575 0226 97       		.byte	-105
 576 0227 0C       		.byte	12
 577 0228 98       		.byte	-104
 578 0229 0C       		.byte	12
 579 022a 9A       		.byte	-102
 580 022b 71       		.byte	113
 581 022c A0       		.byte	-96
 582 022d 14       		.byte	20
 583 022e A5       		.byte	-91
 584 022f 03       		.byte	3
 585 0230 A7       		.byte	-89
 586 0231 04       		.byte	4
 587 0232 A9       		.byte	-87
 588 0233 73       		.byte	115
 589 0234 AA       		.byte	-86
 590 0235 20       		.byte	32
 591 0236 AB       		.byte	-85
 592 0237 04       		.byte	4
 593 0238 B0       		.byte	-80
 594 0239 1F       		.byte	31
 595 023a B1       		.byte	-79
 596 023b C0       		.byte	-64
 597 023c B3       		.byte	-77
 598 023d 0F       		.byte	15
 599 023e B4       		.byte	-76
 600 023f E0       		.byte	-32
 601 0240 B5       		.byte	-75
 602 0241 30       		.byte	48
 603 0242 B9       		.byte	-71
 604 0243 22       		.byte	34
 605 0244 BA       		.byte	-70
 606 0245 20       		.byte	32
 607 0246 BB       		.byte	-69
 608 0247 08       		.byte	8
 609 0248 BF       		.byte	-65
 610 0249 10       		.byte	16
 611 024a C0       		.byte	-64
 612 024b 60       		.byte	96
 613 024c C1       		.byte	-63
 614 024d 03       		.byte	3
 615 024e C5       		.byte	-59
 616 024f D1       		.byte	-47
 617 0250 C6       		.byte	-58
 618 0251 20       		.byte	32
 619 0252 C8       		.byte	-56
 620 0253 1B       		.byte	27
 621 0254 C9       		.byte	-55
 622 0255 FF       		.byte	-1
 623 0256 CA       		.byte	-54
 624 0257 FF       		.byte	-1
 625 0258 CB       		.byte	-53
 626 0259 FF       		.byte	-1
 627 025a CD       		.byte	-51
ARM GAS  C:\Users\dmaks\AppData\Local\Temp\ccTCkJAM.s 			page 12


 628 025b AF       		.byte	-81
 629 025c CE       		.byte	-50
 630 025d 0F       		.byte	15
 631 025e CF       		.byte	-49
 632 025f 04       		.byte	4
 633 0260 D0       		.byte	-48
 634 0261 18       		.byte	24
 635 0262 D4       		.byte	-44
 636 0263 01       		.byte	1
 637 0264 D8       		.byte	-40
 638 0265 04       		.byte	4
 639 0266 D9       		.byte	-39
 640 0267 04       		.byte	4
 641 0268 DA       		.byte	-38
 642 0269 04       		.byte	4
 643 026a DB       		.byte	-37
 644 026b 04       		.byte	4
 645 026c DD       		.byte	-35
 646 026d 01       		.byte	1
 647 026e DF       		.byte	-33
 648 026f 01       		.byte	1
 649 0270 E0       		.byte	-32
 650 0271 40       		.byte	64
 651 0272 E2       		.byte	-30
 652 0273 C0       		.byte	-64
 653 0274 E4       		.byte	-28
 654 0275 40       		.byte	64
 655 0276 E5       		.byte	-27
 656 0277 40       		.byte	64
 657 0278 E6       		.byte	-26
 658 0279 C0       		.byte	-64
 659 027a E8       		.byte	-24
 660 027b C0       		.byte	-64
 661 027c EA       		.byte	-22
 662 027d C0       		.byte	-64
 663 027e EC       		.byte	-20
 664 027f C0       		.byte	-64
 665 0280 EE       		.byte	-18
 666 0281 C0       		.byte	-64
 667 0282 00       		.byte	0
 668 0283 44       		.byte	68
 669 0284 02       		.byte	2
 670 0285 40       		.byte	64
 671 0286 04       		.byte	4
 672 0287 02       		.byte	2
 673 0288 05       		.byte	5
 674 0289 08       		.byte	8
 675 028a 09       		.byte	9
 676 028b 08       		.byte	8
 677 028c 0A       		.byte	10
 678 028d 88       		.byte	-120
 679 028e 0C       		.byte	12
 680 028f 04       		.byte	4
 681 0290 0E       		.byte	14
 682 0291 20       		.byte	32
 683 0292 0F       		.byte	15
 684 0293 02       		.byte	2
ARM GAS  C:\Users\dmaks\AppData\Local\Temp\ccTCkJAM.s 			page 13


 685 0294 10       		.byte	16
 686 0295 80       		.byte	-128
 687 0296 11       		.byte	17
 688 0297 10       		.byte	16
 689 0298 15       		.byte	21
 690 0299 04       		.byte	4
 691 029a 16       		.byte	22
 692 029b 01       		.byte	1
 693 029c 19       		.byte	25
 694 029d 10       		.byte	16
 695 029e 1A       		.byte	26
 696 029f 88       		.byte	-120
 697 02a0 1C       		.byte	28
 698 02a1 20       		.byte	32
 699 02a2 1F       		.byte	31
 700 02a3 11       		.byte	17
 701 02a4 20       		.byte	32
 702 02a5 48       		.byte	72
 703 02a6 21       		.byte	33
 704 02a7 08       		.byte	8
 705 02a8 26       		.byte	38
 706 02a9 01       		.byte	1
 707 02aa 27       		.byte	39
 708 02ab 20       		.byte	32
 709 02ac 28       		.byte	40
 710 02ad 20       		.byte	32
 711 02ae 29       		.byte	41
 712 02af 14       		.byte	20
 713 02b0 2C       		.byte	44
 714 02b1 04       		.byte	4
 715 02b2 2E       		.byte	46
 716 02b3 82       		.byte	-126
 717 02b4 2F       		.byte	47
 718 02b5 10       		.byte	16
 719 02b6 31       		.byte	49
 720 02b7 08       		.byte	8
 721 02b8 35       		.byte	53
 722 02b9 80       		.byte	-128
 723 02ba 36       		.byte	54
 724 02bb 04       		.byte	4
 725 02bc 37       		.byte	55
 726 02bd 20       		.byte	32
 727 02be 38       		.byte	56
 728 02bf 64       		.byte	100
 729 02c0 39       		.byte	57
 730 02c1 30       		.byte	48
 731 02c2 3D       		.byte	61
 732 02c3 84       		.byte	-124
 733 02c4 3F       		.byte	63
 734 02c5 02       		.byte	2
 735 02c6 42       		.byte	66
 736 02c7 20       		.byte	32
 737 02c8 46       		.byte	70
 738 02c9 30       		.byte	48
 739 02ca 48       		.byte	72
 740 02cb 20       		.byte	32
 741 02cc 49       		.byte	73
ARM GAS  C:\Users\dmaks\AppData\Local\Temp\ccTCkJAM.s 			page 14


 742 02cd 21       		.byte	33
 743 02ce 4D       		.byte	77
 744 02cf 20       		.byte	32
 745 02d0 51       		.byte	81
 746 02d1 04       		.byte	4
 747 02d2 52       		.byte	82
 748 02d3 10       		.byte	16
 749 02d4 58       		.byte	88
 750 02d5 20       		.byte	32
 751 02d6 5A       		.byte	90
 752 02d7 41       		.byte	65
 753 02d8 5B       		.byte	91
 754 02d9 04       		.byte	4
 755 02da 5F       		.byte	95
 756 02db 30       		.byte	48
 757 02dc 65       		.byte	101
 758 02dd 08       		.byte	8
 759 02de 67       		.byte	103
 760 02df 20       		.byte	32
 761 02e0 89       		.byte	-119
 762 02e1 80       		.byte	-128
 763 02e2 8B       		.byte	-117
 764 02e3 48       		.byte	72
 765 02e4 8E       		.byte	-114
 766 02e5 84       		.byte	-124
 767 02e6 90       		.byte	-112
 768 02e7 06       		.byte	6
 769 02e8 91       		.byte	-111
 770 02e9 44       		.byte	68
 771 02ea 92       		.byte	-110
 772 02eb 41       		.byte	65
 773 02ec 93       		.byte	-109
 774 02ed 80       		.byte	-128
 775 02ee 94       		.byte	-108
 776 02ef 40       		.byte	64
 777 02f0 95       		.byte	-107
 778 02f1 30       		.byte	48
 779 02f2 96       		.byte	-106
 780 02f3 08       		.byte	8
 781 02f4 97       		.byte	-105
 782 02f5 10       		.byte	16
 783 02f6 98       		.byte	-104
 784 02f7 02       		.byte	2
 785 02f8 99       		.byte	-103
 786 02f9 04       		.byte	4
 787 02fa 9A       		.byte	-102
 788 02fb 06       		.byte	6
 789 02fc 9B       		.byte	-101
 790 02fd 04       		.byte	4
 791 02fe 9D       		.byte	-99
 792 02ff 08       		.byte	8
 793 0300 9E       		.byte	-98
 794 0301 40       		.byte	64
 795 0302 A0       		.byte	-96
 796 0303 80       		.byte	-128
 797 0304 A2       		.byte	-94
 798 0305 14       		.byte	20
ARM GAS  C:\Users\dmaks\AppData\Local\Temp\ccTCkJAM.s 			page 15


 799 0306 A4       		.byte	-92
 800 0307 10       		.byte	16
 801 0308 A5       		.byte	-91
 802 0309 48       		.byte	72
 803 030a A7       		.byte	-89
 804 030b 21       		.byte	33
 805 030c C0       		.byte	-64
 806 030d 3D       		.byte	61
 807 030e C2       		.byte	-62
 808 030f AE       		.byte	-82
 809 0310 C4       		.byte	-60
 810 0311 AA       		.byte	-86
 811 0312 CA       		.byte	-54
 812 0313 F6       		.byte	-10
 813 0314 CC       		.byte	-52
 814 0315 72       		.byte	114
 815 0316 CE       		.byte	-50
 816 0317 DE       		.byte	-34
 817 0318 D0       		.byte	-48
 818 0319 42       		.byte	66
 819 031a D2       		.byte	-46
 820 031b 24       		.byte	36
 821 031c D6       		.byte	-42
 822 031d 0F       		.byte	15
 823 031e 04       		.byte	4
 824 031f 18       		.byte	24
 825 0320 06       		.byte	6
 826 0321 07       		.byte	7
 827 0322 0E       		.byte	14
 828 0323 18       		.byte	24
 829 0324 14       		.byte	20
 830 0325 03       		.byte	3
 831 0326 16       		.byte	22
 832 0327 0C       		.byte	12
 833 0328 18       		.byte	24
 834 0329 03       		.byte	3
 835 032a 1A       		.byte	26
 836 032b 1C       		.byte	28
 837 032c 22       		.byte	34
 838 032d 10       		.byte	16
 839 032e 26       		.byte	38
 840 032f 01       		.byte	1
 841 0330 2A       		.byte	42
 842 0331 07       		.byte	7
 843 0332 30       		.byte	48
 844 0333 01       		.byte	1
 845 0334 34       		.byte	52
 846 0335 1E       		.byte	30
 847 0336 3A       		.byte	58
 848 0337 20       		.byte	32
 849 0338 3E       		.byte	62
 850 0339 01       		.byte	1
 851 033a 40       		.byte	64
 852 033b 32       		.byte	50
 853 033c 41       		.byte	65
 854 033d 06       		.byte	6
 855 033e 45       		.byte	69
ARM GAS  C:\Users\dmaks\AppData\Local\Temp\ccTCkJAM.s 			page 16


 856 033f EC       		.byte	-20
 857 0340 46       		.byte	70
 858 0341 0B       		.byte	11
 859 0342 48       		.byte	72
 860 0343 07       		.byte	7
 861 0344 49       		.byte	73
 862 0345 FF       		.byte	-1
 863 0346 4A       		.byte	74
 864 0347 FF       		.byte	-1
 865 0348 4B       		.byte	75
 866 0349 FF       		.byte	-1
 867 034a 4E       		.byte	78
 868 034b F0       		.byte	-16
 869 034c 4F       		.byte	79
 870 034d 44       		.byte	68
 871 034e 50       		.byte	80
 872 034f 0C       		.byte	12
 873 0350 58       		.byte	88
 874 0351 04       		.byte	4
 875 0352 5A       		.byte	90
 876 0353 04       		.byte	4
 877 0354 5F       		.byte	95
 878 0355 01       		.byte	1
 879 0356 66       		.byte	102
 880 0357 C0       		.byte	-64
 881 0358 6A       		.byte	106
 882 0359 40       		.byte	64
 883 035a 6B       		.byte	107
 884 035b 02       		.byte	2
 885 035c 80       		.byte	-128
 886 035d 1F       		.byte	31
 887 035e 81       		.byte	-127
 888 035f 40       		.byte	64
 889 0360 82       		.byte	-126
 890 0361 20       		.byte	32
 891 0362 84       		.byte	-124
 892 0363 02       		.byte	2
 893 0364 85       		.byte	-123
 894 0365 08       		.byte	8
 895 0366 88       		.byte	-120
 896 0367 33       		.byte	51
 897 0368 8A       		.byte	-118
 898 0369 0C       		.byte	12
 899 036a 8B       		.byte	-117
 900 036b 01       		.byte	1
 901 036c 8C       		.byte	-116
 902 036d 3F       		.byte	63
 903 036e 8F       		.byte	-113
 904 036f 26       		.byte	38
 905 0370 91       		.byte	-111
 906 0371 10       		.byte	16
 907 0372 94       		.byte	-108
 908 0373 03       		.byte	3
 909 0374 95       		.byte	-107
 910 0375 39       		.byte	57
 911 0376 97       		.byte	-105
 912 0377 04       		.byte	4
ARM GAS  C:\Users\dmaks\AppData\Local\Temp\ccTCkJAM.s 			page 17


 913 0378 98       		.byte	-104
 914 0379 1C       		.byte	28
 915 037a 99       		.byte	-103
 916 037b 27       		.byte	39
 917 037c 9A       		.byte	-102
 918 037d 23       		.byte	35
 919 037e 9B       		.byte	-101
 920 037f 18       		.byte	24
 921 0380 9C       		.byte	-100
 922 0381 01       		.byte	1
 923 0382 9D       		.byte	-99
 924 0383 3F       		.byte	63
 925 0384 A2       		.byte	-94
 926 0385 23       		.byte	35
 927 0386 A4       		.byte	-92
 928 0387 04       		.byte	4
 929 0388 A5       		.byte	-91
 930 0389 01       		.byte	1
 931 038a A8       		.byte	-88
 932 038b 0C       		.byte	12
 933 038c A9       		.byte	-87
 934 038d 18       		.byte	24
 935 038e AC       		.byte	-84
 936 038f 08       		.byte	8
 937 0390 AD       		.byte	-83
 938 0391 19       		.byte	25
 939 0392 AF       		.byte	-81
 940 0393 22       		.byte	34
 941 0394 B0       		.byte	-80
 942 0395 2C       		.byte	44
 943 0396 B2       		.byte	-78
 944 0397 10       		.byte	16
 945 0398 B3       		.byte	-77
 946 0399 1F       		.byte	31
 947 039a B4       		.byte	-76
 948 039b 0F       		.byte	15
 949 039c B5       		.byte	-75
 950 039d 40       		.byte	64
 951 039e B7       		.byte	-73
 952 039f 38       		.byte	56
 953 03a0 BA       		.byte	-70
 954 03a1 A2       		.byte	-94
 955 03a2 BB       		.byte	-69
 956 03a3 08       		.byte	8
 957 03a4 BE       		.byte	-66
 958 03a5 04       		.byte	4
 959 03a6 BF       		.byte	-65
 960 03a7 10       		.byte	16
 961 03a8 D6       		.byte	-42
 962 03a9 02       		.byte	2
 963 03aa D7       		.byte	-41
 964 03ab 11       		.byte	17
 965 03ac D8       		.byte	-40
 966 03ad 04       		.byte	4
 967 03ae D9       		.byte	-39
 968 03af 04       		.byte	4
 969 03b0 DB       		.byte	-37
ARM GAS  C:\Users\dmaks\AppData\Local\Temp\ccTCkJAM.s 			page 18


 970 03b1 04       		.byte	4
 971 03b2 DF       		.byte	-33
 972 03b3 01       		.byte	1
 973 03b4 00       		.byte	0
 974 03b5 44       		.byte	68
 975 03b6 05       		.byte	5
 976 03b7 59       		.byte	89
 977 03b8 06       		.byte	6
 978 03b9 04       		.byte	4
 979 03ba 09       		.byte	9
 980 03bb 08       		.byte	8
 981 03bc 0A       		.byte	10
 982 03bd 08       		.byte	8
 983 03be 0E       		.byte	14
 984 03bf 08       		.byte	8
 985 03c0 0F       		.byte	15
 986 03c1 12       		.byte	18
 987 03c2 10       		.byte	16
 988 03c3 20       		.byte	32
 989 03c4 11       		.byte	17
 990 03c5 10       		.byte	16
 991 03c6 12       		.byte	18
 992 03c7 40       		.byte	64
 993 03c8 16       		.byte	22
 994 03c9 81       		.byte	-127
 995 03ca 17       		.byte	23
 996 03cb 28       		.byte	40
 997 03cc 18       		.byte	24
 998 03cd 04       		.byte	4
 999 03ce 1A       		.byte	26
 1000 03cf 40       		.byte	64
 1001 03d0 1C       		.byte	28
 1002 03d1 10       		.byte	16
 1003 03d2 1D       		.byte	29
 1004 03d3 51       		.byte	81
 1005 03d4 1F       		.byte	31
 1006 03d5 42       		.byte	66
 1007 03d6 24       		.byte	36
 1008 03d7 02       		.byte	2
 1009 03d8 26       		.byte	38
 1010 03d9 04       		.byte	4
 1011 03da 27       		.byte	39
 1012 03db 04       		.byte	4
 1013 03dc 29       		.byte	41
 1014 03dd 01       		.byte	1
 1015 03de 2A       		.byte	42
 1016 03df 02       		.byte	2
 1017 03e0 2E       		.byte	46
 1018 03e1 20       		.byte	32
 1019 03e2 2F       		.byte	47
 1020 03e3 22       		.byte	34
 1021 03e4 35       		.byte	53
 1022 03e5 50       		.byte	80
 1023 03e6 36       		.byte	54
 1024 03e7 04       		.byte	4
 1025 03e8 37       		.byte	55
 1026 03e9 01       		.byte	1
ARM GAS  C:\Users\dmaks\AppData\Local\Temp\ccTCkJAM.s 			page 19


 1027 03ea 3C       		.byte	60
 1028 03eb 20       		.byte	32
 1029 03ec 3D       		.byte	61
 1030 03ed 80       		.byte	-128
 1031 03ee 3E       		.byte	62
 1032 03ef 89       		.byte	-119
 1033 03f0 3F       		.byte	63
 1034 03f1 01       		.byte	1
 1035 03f2 41       		.byte	65
 1036 03f3 18       		.byte	24
 1037 03f4 48       		.byte	72
 1038 03f5 20       		.byte	32
 1039 03f6 49       		.byte	73
 1040 03f7 24       		.byte	36
 1041 03f8 4B       		.byte	75
 1042 03f9 01       		.byte	1
 1043 03fa 4D       		.byte	77
 1044 03fb 20       		.byte	32
 1045 03fc 4E       		.byte	78
 1046 03fd 04       		.byte	4
 1047 03fe 50       		.byte	80
 1048 03ff 80       		.byte	-128
 1049 0400 5C       		.byte	92
 1050 0401 10       		.byte	16
 1051 0402 6D       		.byte	109
 1052 0403 44       		.byte	68
 1053 0404 6E       		.byte	110
 1054 0405 20       		.byte	32
 1055 0406 76       		.byte	118
 1056 0407 29       		.byte	41
 1057 0408 77       		.byte	119
 1058 0409 29       		.byte	41
 1059 040a 88       		.byte	-120
 1060 040b 02       		.byte	2
 1061 040c 89       		.byte	-119
 1062 040d 04       		.byte	4
 1063 040e C0       		.byte	-64
 1064 040f F5       		.byte	-11
 1065 0410 C2       		.byte	-62
 1066 0411 E6       		.byte	-26
 1067 0412 C4       		.byte	-60
 1068 0413 FE       		.byte	-2
 1069 0414 CA       		.byte	-54
 1070 0415 70       		.byte	112
 1071 0416 CC       		.byte	-52
 1072 0417 F0       		.byte	-16
 1073 0418 CE       		.byte	-50
 1074 0419 F0       		.byte	-16
 1075 041a D0       		.byte	-48
 1076 041b 06       		.byte	6
 1077 041c D2       		.byte	-46
 1078 041d 04       		.byte	4
 1079 041e D6       		.byte	-42
 1080 041f 20       		.byte	32
 1081 0420 33       		.byte	51
 1082 0421 40       		.byte	64
 1083 0422 35       		.byte	53
ARM GAS  C:\Users\dmaks\AppData\Local\Temp\ccTCkJAM.s 			page 20


 1084 0423 80       		.byte	-128
 1085 0424 CC       		.byte	-52
 1086 0425 30       		.byte	48
 1087 0426 9D       		.byte	-99
 1088 0427 80       		.byte	-128
 1089 0428 9F       		.byte	-97
 1090 0429 40       		.byte	64
 1091 042a 85       		.byte	-123
 1092 042b 80       		.byte	-128
 1093 042c 9D       		.byte	-99
 1094 042d 80       		.byte	-128
 1095 042e 9F       		.byte	-97
 1096 042f 40       		.byte	64
 1097 0430 E2       		.byte	-30
 1098 0431 10       		.byte	16
 1099 0432 9F       		.byte	-97
 1100 0433 40       		.byte	64
 1101 0434 00       		.byte	0
 1102 0435 02       		.byte	2
 1103 0436 52       		.byte	82
 1104 0437 20       		.byte	32
 1105 0438 5D       		.byte	93
 1106 0439 40       		.byte	64
 1107 043a C0       		.byte	-64
 1108 043b 08       		.byte	8
 1109 043c D4       		.byte	-44
 1110 043d 04       		.byte	4
 1111 043e D6       		.byte	-42
 1112 043f 04       		.byte	4
 1113 0440 86       		.byte	-122
 1114 0441 20       		.byte	32
 1115 0442 8D       		.byte	-115
 1116 0443 40       		.byte	64
 1117 0444 95       		.byte	-107
 1118 0445 40       		.byte	64
 1119 0446 A6       		.byte	-90
 1120 0447 20       		.byte	32
 1121 0448 B0       		.byte	-80
 1122 0449 01       		.byte	1
 1123 044a E0       		.byte	-32
 1124 044b 02       		.byte	2
 1125 044c EA       		.byte	-22
 1126 044d 01       		.byte	1
 1127 044e 27       		.byte	39
 1128 044f 40       		.byte	64
 1129 0450 9F       		.byte	-97
 1130 0451 40       		.byte	64
 1131 0452 C8       		.byte	-56
 1132 0453 80       		.byte	-128
 1133 0454 00       		.byte	0
 1134 0455 03       		.byte	3
 1135 0456 0C       		.byte	12
 1136 0457 03       		.byte	3
 1137 0458 0E       		.byte	14
 1138 0459 03       		.byte	3
 1139 045a 00       		.byte	0
 1140 045b 0F       		.byte	15
ARM GAS  C:\Users\dmaks\AppData\Local\Temp\ccTCkJAM.s 			page 21


 1141 045c 30       		.byte	48
 1142 045d 00       		.byte	0
 1143 045e 00       		.byte	0
 1144 045f 30       		.byte	48
 1145 0460 30       		.byte	48
 1146 0461 00       		.byte	0
 1147 0462 00       		.byte	0
 1148 0463 00       		.byte	0
 1149 0464 00       		.byte	0
 1150 0465 00       		.byte	0
 1151 0466 00       		.byte	0
 1152 0467 00       		.byte	0
 1153 0468 00       		.byte	0
 1154 0469 30       		.byte	48
 1155 046a 30       		.byte	48
 1156 046b 00       		.byte	0
 1157 046c 00       		.byte	0
 1158 046d 00       		.byte	0
 1159 046e 00       		.byte	0
 1160 046f 00       		.byte	0
 1161 0470 00       		.byte	0
 1162 0471 0B       		.byte	11
 1163 0472 0B       		.byte	11
 1164 0473 00       		.byte	0
 1165 0474 00       		.byte	0
 1166 0475 00       		.byte	0
 1167 0476 00       		.byte	0
 1168 0477 00       		.byte	0
 1169 0478 FE       		.byte	-2
 1170 0479 00       		.byte	0
 1171 047a 01       		.byte	1
 1172 047b FE       		.byte	-2
 1173 047c FE       		.byte	-2
 1174 047d 00       		.byte	0
 1175 047e 0E       		.byte	14
 1176 047f 00       		.byte	0
 1177 0480 00       		.byte	0
 1178 0481 00       		.byte	0
 1179 0482 00       		.byte	0
 1180 0483 00       		.byte	0
 1181 0484 3F       		.byte	63
 1182 0485 00       		.byte	0
 1183 0486 00       		.byte	0
 1184 0487 3F       		.byte	63
 1185 0488 1C       		.byte	28
 1186 0489 00       		.byte	0
 1187 048a 00       		.byte	0
 1188 048b 00       		.byte	0
 1189 048c 00       		.byte	0
 1190 048d 00       		.byte	0
 1191 048e 00       		.byte	0
 1192 048f 00       		.byte	0
 1193              		.global	cy_meta_custnvl
 1194              		.section	.cycustnvl,"a",%progbits
 1195              		.align	2
 1196              		.type	cy_meta_custnvl, %object
 1197              		.size	cy_meta_custnvl, 4
ARM GAS  C:\Users\dmaks\AppData\Local\Temp\ccTCkJAM.s 			page 22


 1198              	cy_meta_custnvl:
 1199 0000 00       		.byte	0
 1200 0001 00       		.byte	0
 1201 0002 40       		.byte	64
 1202 0003 05       		.byte	5
 1203              		.global	cy_meta_wonvl
 1204              		.section	.cywolatch,"a",%progbits
 1205              		.align	2
 1206              		.type	cy_meta_wonvl, %object
 1207              		.size	cy_meta_wonvl, 4
 1208              	cy_meta_wonvl:
 1209 0000 BC       		.byte	-68
 1210 0001 90       		.byte	-112
 1211 0002 AC       		.byte	-84
 1212 0003 AF       		.byte	-81
 1213              		.global	cy_meta_flashprotect
 1214              		.section	.cyflashprotect,"a",%progbits
 1215              		.align	2
 1216              		.type	cy_meta_flashprotect, %object
 1217              		.size	cy_meta_flashprotect, 256
 1218              	cy_meta_flashprotect:
 1219 0000 00000000 		.space	256
 1219      00000000 
 1219      00000000 
 1219      00000000 
 1219      00000000 
 1220              		.global	cy_metadata
 1221              		.section	.cymeta,"a",%progbits
 1222              		.align	2
 1223              		.type	cy_metadata, %object
 1224              		.size	cy_metadata, 12
 1225              	cy_metadata:
 1226 0000 00       		.byte	0
 1227 0001 01       		.byte	1
 1228 0002 2E       		.byte	46
 1229 0003 16       		.byte	22
 1230 0004 00       		.byte	0
 1231 0005 69       		.byte	105
 1232 0006 00       		.byte	0
 1233 0007 01       		.byte	1
 1234 0008 00       		.byte	0
 1235 0009 00       		.byte	0
 1236 000a 00       		.byte	0
 1237 000b 00       		.byte	0
 1238              		.text
 1239              	.Letext0:
 1240              		.file 1 "c:\\program files (x86)\\cypress\\psoc creator\\4.4\\psoc creator\\import\\gnu\\arm\\5.4.
 1241              		.file 2 "c:\\program files (x86)\\cypress\\psoc creator\\4.4\\psoc creator\\import\\gnu\\arm\\5.4.
 1242              		.file 3 "Generated_Source\\PSoC5\\cymetadata.c"
 1243              		.section	.debug_info,"",%progbits
 1244              	.Ldebug_info0:
 1245 0000 32010000 		.4byte	0x132
 1246 0004 0400     		.2byte	0x4
 1247 0006 00000000 		.4byte	.Ldebug_abbrev0
 1248 000a 04       		.byte	0x4
 1249 000b 01       		.uleb128 0x1
 1250 000c 0A000000 		.4byte	.LASF17
ARM GAS  C:\Users\dmaks\AppData\Local\Temp\ccTCkJAM.s 			page 23


 1251 0010 0C       		.byte	0xc
 1252 0011 D3010000 		.4byte	.LASF18
 1253 0015 C4000000 		.4byte	.LASF19
 1254 0019 00000000 		.4byte	.Ldebug_line0
 1255 001d 02       		.uleb128 0x2
 1256 001e 01       		.byte	0x1
 1257 001f 06       		.byte	0x6
 1258 0020 C7010000 		.4byte	.LASF0
 1259 0024 03       		.uleb128 0x3
 1260 0025 00000000 		.4byte	.LASF9
 1261 0029 01       		.byte	0x1
 1262 002a 1D       		.byte	0x1d
 1263 002b 2F000000 		.4byte	0x2f
 1264 002f 02       		.uleb128 0x2
 1265 0030 01       		.byte	0x1
 1266 0031 08       		.byte	0x8
 1267 0032 A4000000 		.4byte	.LASF1
 1268 0036 02       		.uleb128 0x2
 1269 0037 02       		.byte	0x2
 1270 0038 05       		.byte	0x5
 1271 0039 B4010000 		.4byte	.LASF2
 1272 003d 02       		.uleb128 0x2
 1273 003e 02       		.byte	0x2
 1274 003f 07       		.byte	0x7
 1275 0040 19010000 		.4byte	.LASF3
 1276 0044 02       		.uleb128 0x2
 1277 0045 04       		.byte	0x4
 1278 0046 05       		.byte	0x5
 1279 0047 BE010000 		.4byte	.LASF4
 1280 004b 02       		.uleb128 0x2
 1281 004c 04       		.byte	0x4
 1282 004d 07       		.byte	0x7
 1283 004e B2000000 		.4byte	.LASF5
 1284 0052 02       		.uleb128 0x2
 1285 0053 08       		.byte	0x8
 1286 0054 05       		.byte	0x5
 1287 0055 A6010000 		.4byte	.LASF6
 1288 0059 02       		.uleb128 0x2
 1289 005a 08       		.byte	0x8
 1290 005b 07       		.byte	0x7
 1291 005c 5B010000 		.4byte	.LASF7
 1292 0060 04       		.uleb128 0x4
 1293 0061 04       		.byte	0x4
 1294 0062 05       		.byte	0x5
 1295 0063 696E7400 		.ascii	"int\000"
 1296 0067 02       		.uleb128 0x2
 1297 0068 04       		.byte	0x4
 1298 0069 07       		.byte	0x7
 1299 006a 4E010000 		.4byte	.LASF8
 1300 006e 03       		.uleb128 0x3
 1301 006f 72010000 		.4byte	.LASF10
 1302 0073 02       		.byte	0x2
 1303 0074 18       		.byte	0x18
 1304 0075 24000000 		.4byte	0x24
 1305 0079 05       		.uleb128 0x5
 1306 007a 91000000 		.4byte	0x91
 1307 007e 8A000000 		.4byte	0x8a
ARM GAS  C:\Users\dmaks\AppData\Local\Temp\ccTCkJAM.s 			page 24


 1308 0082 06       		.uleb128 0x6
 1309 0083 8A000000 		.4byte	0x8a
 1310 0087 8F04     		.2byte	0x48f
 1311 0089 00       		.byte	0
 1312 008a 02       		.uleb128 0x2
 1313 008b 04       		.byte	0x4
 1314 008c 07       		.byte	0x7
 1315 008d 9D010000 		.4byte	.LASF11
 1316 0091 07       		.uleb128 0x7
 1317 0092 6E000000 		.4byte	0x6e
 1318 0096 08       		.uleb128 0x8
 1319 0097 3C010000 		.4byte	.LASF12
 1320 009b 03       		.byte	0x3
 1321 009c 1F       		.byte	0x1f
 1322 009d A7000000 		.4byte	0xa7
 1323 00a1 05       		.uleb128 0x5
 1324 00a2 03       		.byte	0x3
 1325 00a3 00000000 		.4byte	cy_meta_configecc
 1326 00a7 07       		.uleb128 0x7
 1327 00a8 79000000 		.4byte	0x79
 1328 00ac 05       		.uleb128 0x5
 1329 00ad 91000000 		.4byte	0x91
 1330 00b1 BC000000 		.4byte	0xbc
 1331 00b5 09       		.uleb128 0x9
 1332 00b6 8A000000 		.4byte	0x8a
 1333 00ba 03       		.byte	0x3
 1334 00bb 00       		.byte	0
 1335 00bc 08       		.uleb128 0x8
 1336 00bd 2C010000 		.4byte	.LASF13
 1337 00c1 03       		.byte	0x3
 1338 00c2 BE       		.byte	0xbe
 1339 00c3 CD000000 		.4byte	0xcd
 1340 00c7 05       		.uleb128 0x5
 1341 00c8 03       		.byte	0x3
 1342 00c9 00000000 		.4byte	cy_meta_custnvl
 1343 00cd 07       		.uleb128 0x7
 1344 00ce AC000000 		.4byte	0xac
 1345 00d2 08       		.uleb128 0x8
 1346 00d3 8F010000 		.4byte	.LASF14
 1347 00d7 03       		.byte	0x3
 1348 00d8 CC       		.byte	0xcc
 1349 00d9 E3000000 		.4byte	0xe3
 1350 00dd 05       		.uleb128 0x5
 1351 00de 03       		.byte	0x3
 1352 00df 00000000 		.4byte	cy_meta_wonvl
 1353 00e3 07       		.uleb128 0x7
 1354 00e4 AC000000 		.4byte	0xac
 1355 00e8 05       		.uleb128 0x5
 1356 00e9 91000000 		.4byte	0x91
 1357 00ed F8000000 		.4byte	0xf8
 1358 00f1 09       		.uleb128 0x9
 1359 00f2 8A000000 		.4byte	0x8a
 1360 00f6 FF       		.byte	0xff
 1361 00f7 00       		.byte	0
 1362 00f8 08       		.uleb128 0x8
 1363 00f9 7A010000 		.4byte	.LASF15
 1364 00fd 03       		.byte	0x3
ARM GAS  C:\Users\dmaks\AppData\Local\Temp\ccTCkJAM.s 			page 25


 1365 00fe DA       		.byte	0xda
 1366 00ff 09010000 		.4byte	0x109
 1367 0103 05       		.uleb128 0x5
 1368 0104 03       		.byte	0x3
 1369 0105 00000000 		.4byte	cy_meta_flashprotect
 1370 0109 07       		.uleb128 0x7
 1371 010a E8000000 		.4byte	0xe8
 1372 010e 05       		.uleb128 0x5
 1373 010f 91000000 		.4byte	0x91
 1374 0113 1E010000 		.4byte	0x11e
 1375 0117 09       		.uleb128 0x9
 1376 0118 8A000000 		.4byte	0x8a
 1377 011c 0B       		.byte	0xb
 1378 011d 00       		.byte	0
 1379 011e 0A       		.uleb128 0xa
 1380 011f 98000000 		.4byte	.LASF16
 1381 0123 03       		.byte	0x3
 1382 0124 0701     		.2byte	0x107
 1383 0126 30010000 		.4byte	0x130
 1384 012a 05       		.uleb128 0x5
 1385 012b 03       		.byte	0x3
 1386 012c 00000000 		.4byte	cy_metadata
 1387 0130 07       		.uleb128 0x7
 1388 0131 0E010000 		.4byte	0x10e
 1389 0135 00       		.byte	0
 1390              		.section	.debug_abbrev,"",%progbits
 1391              	.Ldebug_abbrev0:
 1392 0000 01       		.uleb128 0x1
 1393 0001 11       		.uleb128 0x11
 1394 0002 01       		.byte	0x1
 1395 0003 25       		.uleb128 0x25
 1396 0004 0E       		.uleb128 0xe
 1397 0005 13       		.uleb128 0x13
 1398 0006 0B       		.uleb128 0xb
 1399 0007 03       		.uleb128 0x3
 1400 0008 0E       		.uleb128 0xe
 1401 0009 1B       		.uleb128 0x1b
 1402 000a 0E       		.uleb128 0xe
 1403 000b 10       		.uleb128 0x10
 1404 000c 17       		.uleb128 0x17
 1405 000d 00       		.byte	0
 1406 000e 00       		.byte	0
 1407 000f 02       		.uleb128 0x2
 1408 0010 24       		.uleb128 0x24
 1409 0011 00       		.byte	0
 1410 0012 0B       		.uleb128 0xb
 1411 0013 0B       		.uleb128 0xb
 1412 0014 3E       		.uleb128 0x3e
 1413 0015 0B       		.uleb128 0xb
 1414 0016 03       		.uleb128 0x3
 1415 0017 0E       		.uleb128 0xe
 1416 0018 00       		.byte	0
 1417 0019 00       		.byte	0
 1418 001a 03       		.uleb128 0x3
 1419 001b 16       		.uleb128 0x16
 1420 001c 00       		.byte	0
 1421 001d 03       		.uleb128 0x3
ARM GAS  C:\Users\dmaks\AppData\Local\Temp\ccTCkJAM.s 			page 26


 1422 001e 0E       		.uleb128 0xe
 1423 001f 3A       		.uleb128 0x3a
 1424 0020 0B       		.uleb128 0xb
 1425 0021 3B       		.uleb128 0x3b
 1426 0022 0B       		.uleb128 0xb
 1427 0023 49       		.uleb128 0x49
 1428 0024 13       		.uleb128 0x13
 1429 0025 00       		.byte	0
 1430 0026 00       		.byte	0
 1431 0027 04       		.uleb128 0x4
 1432 0028 24       		.uleb128 0x24
 1433 0029 00       		.byte	0
 1434 002a 0B       		.uleb128 0xb
 1435 002b 0B       		.uleb128 0xb
 1436 002c 3E       		.uleb128 0x3e
 1437 002d 0B       		.uleb128 0xb
 1438 002e 03       		.uleb128 0x3
 1439 002f 08       		.uleb128 0x8
 1440 0030 00       		.byte	0
 1441 0031 00       		.byte	0
 1442 0032 05       		.uleb128 0x5
 1443 0033 01       		.uleb128 0x1
 1444 0034 01       		.byte	0x1
 1445 0035 49       		.uleb128 0x49
 1446 0036 13       		.uleb128 0x13
 1447 0037 01       		.uleb128 0x1
 1448 0038 13       		.uleb128 0x13
 1449 0039 00       		.byte	0
 1450 003a 00       		.byte	0
 1451 003b 06       		.uleb128 0x6
 1452 003c 21       		.uleb128 0x21
 1453 003d 00       		.byte	0
 1454 003e 49       		.uleb128 0x49
 1455 003f 13       		.uleb128 0x13
 1456 0040 2F       		.uleb128 0x2f
 1457 0041 05       		.uleb128 0x5
 1458 0042 00       		.byte	0
 1459 0043 00       		.byte	0
 1460 0044 07       		.uleb128 0x7
 1461 0045 26       		.uleb128 0x26
 1462 0046 00       		.byte	0
 1463 0047 49       		.uleb128 0x49
 1464 0048 13       		.uleb128 0x13
 1465 0049 00       		.byte	0
 1466 004a 00       		.byte	0
 1467 004b 08       		.uleb128 0x8
 1468 004c 34       		.uleb128 0x34
 1469 004d 00       		.byte	0
 1470 004e 03       		.uleb128 0x3
 1471 004f 0E       		.uleb128 0xe
 1472 0050 3A       		.uleb128 0x3a
 1473 0051 0B       		.uleb128 0xb
 1474 0052 3B       		.uleb128 0x3b
 1475 0053 0B       		.uleb128 0xb
 1476 0054 49       		.uleb128 0x49
 1477 0055 13       		.uleb128 0x13
 1478 0056 3F       		.uleb128 0x3f
ARM GAS  C:\Users\dmaks\AppData\Local\Temp\ccTCkJAM.s 			page 27


 1479 0057 19       		.uleb128 0x19
 1480 0058 02       		.uleb128 0x2
 1481 0059 18       		.uleb128 0x18
 1482 005a 00       		.byte	0
 1483 005b 00       		.byte	0
 1484 005c 09       		.uleb128 0x9
 1485 005d 21       		.uleb128 0x21
 1486 005e 00       		.byte	0
 1487 005f 49       		.uleb128 0x49
 1488 0060 13       		.uleb128 0x13
 1489 0061 2F       		.uleb128 0x2f
 1490 0062 0B       		.uleb128 0xb
 1491 0063 00       		.byte	0
 1492 0064 00       		.byte	0
 1493 0065 0A       		.uleb128 0xa
 1494 0066 34       		.uleb128 0x34
 1495 0067 00       		.byte	0
 1496 0068 03       		.uleb128 0x3
 1497 0069 0E       		.uleb128 0xe
 1498 006a 3A       		.uleb128 0x3a
 1499 006b 0B       		.uleb128 0xb
 1500 006c 3B       		.uleb128 0x3b
 1501 006d 05       		.uleb128 0x5
 1502 006e 49       		.uleb128 0x49
 1503 006f 13       		.uleb128 0x13
 1504 0070 3F       		.uleb128 0x3f
 1505 0071 19       		.uleb128 0x19
 1506 0072 02       		.uleb128 0x2
 1507 0073 18       		.uleb128 0x18
 1508 0074 00       		.byte	0
 1509 0075 00       		.byte	0
 1510 0076 00       		.byte	0
 1511              		.section	.debug_aranges,"",%progbits
 1512 0000 14000000 		.4byte	0x14
 1513 0004 0200     		.2byte	0x2
 1514 0006 00000000 		.4byte	.Ldebug_info0
 1515 000a 04       		.byte	0x4
 1516 000b 00       		.byte	0
 1517 000c 0000     		.2byte	0
 1518 000e 0000     		.2byte	0
 1519 0010 00000000 		.4byte	0
 1520 0014 00000000 		.4byte	0
 1521              		.section	.debug_line,"",%progbits
 1522              	.Ldebug_line0:
 1523 0000 3D010000 		.section	.debug_str,"MS",%progbits,1
 1523      02003701 
 1523      00000201 
 1523      FB0E0D00 
 1523      01010101 
 1524              	.LASF9:
 1525 0000 5F5F7569 		.ascii	"__uint8_t\000"
 1525      6E74385F 
 1525      7400
 1526              	.LASF17:
 1527 000a 474E5520 		.ascii	"GNU C11 5.4.1 20160609 (release) [ARM/embedded-5-br"
 1527      43313120 
 1527      352E342E 
ARM GAS  C:\Users\dmaks\AppData\Local\Temp\ccTCkJAM.s 			page 28


 1527      31203230 
 1527      31363036 
 1528 003d 616E6368 		.ascii	"anch revision 237715] -mcpu=cortex-m3 -mthumb -g -O"
 1528      20726576 
 1528      6973696F 
 1528      6E203233 
 1528      37373135 
 1529 0070 30202D66 		.ascii	"0 -ffunction-sections -ffat-lto-objects\000"
 1529      66756E63 
 1529      74696F6E 
 1529      2D736563 
 1529      74696F6E 
 1530              	.LASF16:
 1531 0098 63795F6D 		.ascii	"cy_metadata\000"
 1531      65746164 
 1531      61746100 
 1532              	.LASF1:
 1533 00a4 756E7369 		.ascii	"unsigned char\000"
 1533      676E6564 
 1533      20636861 
 1533      7200
 1534              	.LASF5:
 1535 00b2 6C6F6E67 		.ascii	"long unsigned int\000"
 1535      20756E73 
 1535      69676E65 
 1535      6420696E 
 1535      7400
 1536              	.LASF19:
 1537 00c4 453A5C55 		.ascii	"E:\\UNI - ALL\\UNI\\Semester 6\\MPS\\Praktikum\\Pra"
 1537      4E49202D 
 1537      20414C4C 
 1537      5C554E49 
 1537      5C53656D 
 1538 00f1 6B74696B 		.ascii	"ktikum 3\\Variante B\\MPS22_Prakt_3.cydsn\000"
 1538      756D2033 
 1538      5C566172 
 1538      69616E74 
 1538      6520425C 
 1539              	.LASF3:
 1540 0119 73686F72 		.ascii	"short unsigned int\000"
 1540      7420756E 
 1540      7369676E 
 1540      65642069 
 1540      6E7400
 1541              	.LASF13:
 1542 012c 63795F6D 		.ascii	"cy_meta_custnvl\000"
 1542      6574615F 
 1542      63757374 
 1542      6E766C00 
 1543              	.LASF12:
 1544 013c 63795F6D 		.ascii	"cy_meta_configecc\000"
 1544      6574615F 
 1544      636F6E66 
 1544      69676563 
 1544      6300
 1545              	.LASF8:
 1546 014e 756E7369 		.ascii	"unsigned int\000"
ARM GAS  C:\Users\dmaks\AppData\Local\Temp\ccTCkJAM.s 			page 29


 1546      676E6564 
 1546      20696E74 
 1546      00
 1547              	.LASF7:
 1548 015b 6C6F6E67 		.ascii	"long long unsigned int\000"
 1548      206C6F6E 
 1548      6720756E 
 1548      7369676E 
 1548      65642069 
 1549              	.LASF10:
 1550 0172 75696E74 		.ascii	"uint8_t\000"
 1550      385F7400 
 1551              	.LASF15:
 1552 017a 63795F6D 		.ascii	"cy_meta_flashprotect\000"
 1552      6574615F 
 1552      666C6173 
 1552      6870726F 
 1552      74656374 
 1553              	.LASF14:
 1554 018f 63795F6D 		.ascii	"cy_meta_wonvl\000"
 1554      6574615F 
 1554      776F6E76 
 1554      6C00
 1555              	.LASF11:
 1556 019d 73697A65 		.ascii	"sizetype\000"
 1556      74797065 
 1556      00
 1557              	.LASF6:
 1558 01a6 6C6F6E67 		.ascii	"long long int\000"
 1558      206C6F6E 
 1558      6720696E 
 1558      7400
 1559              	.LASF2:
 1560 01b4 73686F72 		.ascii	"short int\000"
 1560      7420696E 
 1560      7400
 1561              	.LASF4:
 1562 01be 6C6F6E67 		.ascii	"long int\000"
 1562      20696E74 
 1562      00
 1563              	.LASF0:
 1564 01c7 7369676E 		.ascii	"signed char\000"
 1564      65642063 
 1564      68617200 
 1565              	.LASF18:
 1566 01d3 47656E65 		.ascii	"Generated_Source\\PSoC5\\cymetadata.c\000"
 1566      72617465 
 1566      645F536F 
 1566      75726365 
 1566      5C50536F 
 1567              		.ident	"GCC: (GNU Tools for ARM Embedded Processors) 5.4.1 20160609 (release) [ARM/embedded-5-bran
