ARM GAS  C:\Users\Trung\AppData\Local\Temp\ccmdo2I6.s 			page 1


   1              		.syntax unified
   2              		.cpu cortex-m3
   3              		.fpu softvfp
   4              		.eabi_attribute 20, 1
   5              		.eabi_attribute 21, 1
   6              		.eabi_attribute 23, 3
   7              		.eabi_attribute 24, 1
   8              		.eabi_attribute 25, 1
   9              		.eabi_attribute 26, 1
  10              		.eabi_attribute 30, 1
  11              		.eabi_attribute 34, 1
  12              		.eabi_attribute 18, 4
  13              		.thumb
  14              		.syntax unified
  15              		.file	"cymetadata.c"
  16              		.text
  17              	.Ltext0:
  18              		.cfi_sections	.debug_frame
  19              		.global	cy_metadata
  20              		.global	cy_meta_flashprotect
  21              		.global	cy_meta_wonvl
  22              		.global	cy_meta_custnvl
  23              		.global	cy_meta_configecc
  24              		.section	.cyconfigecc,"a",%progbits
  25              		.align	2
  26              		.type	cy_meta_configecc, %object
  27              		.size	cy_meta_configecc, 1564
  28              	cy_meta_configecc:
  29 0000 03       		.byte	3
  30 0001 52       		.byte	82
  31 0002 00       		.byte	0
  32 0003 40       		.byte	64
  33 0004 03       		.byte	3
  34 0005 64       		.byte	100
  35 0006 00       		.byte	0
  36 0007 40       		.byte	64
  37 0008 01       		.byte	1
  38 0009 65       		.byte	101
  39 000a 00       		.byte	0
  40 000b 40       		.byte	64
  41 000c 01       		.byte	1
  42 000d 01       		.byte	1
  43 000e 01       		.byte	1
  44 000f 40       		.byte	64
  45 0010 01       		.byte	1
  46 0011 03       		.byte	3
  47 0012 01       		.byte	1
  48 0013 40       		.byte	64
  49 0014 4D       		.byte	77
  50 0015 08       		.byte	8
  51 0016 01       		.byte	1
  52 0017 40       		.byte	64
  53 0018 41       		.byte	65
  54 0019 09       		.byte	9
  55 001a 01       		.byte	1
  56 001b 40       		.byte	64
  57 001c 46       		.byte	70
ARM GAS  C:\Users\Trung\AppData\Local\Temp\ccmdo2I6.s 			page 2


  58 001d 0A       		.byte	10
  59 001e 01       		.byte	1
  60 001f 40       		.byte	64
  61 0020 45       		.byte	69
  62 0021 0B       		.byte	11
  63 0022 01       		.byte	1
  64 0023 40       		.byte	64
  65 0024 4D       		.byte	77
  66 0025 0C       		.byte	12
  67 0026 01       		.byte	1
  68 0027 40       		.byte	64
  69 0028 47       		.byte	71
  70 0029 0D       		.byte	13
  71 002a 01       		.byte	1
  72 002b 40       		.byte	64
  73 002c 3F       		.byte	63
  74 002d 0E       		.byte	14
  75 002e 01       		.byte	1
  76 002f 40       		.byte	64
  77 0030 33       		.byte	51
  78 0031 0F       		.byte	15
  79 0032 01       		.byte	1
  80 0033 40       		.byte	64
  81 0034 58       		.byte	88
  82 0035 18       		.byte	24
  83 0036 01       		.byte	1
  84 0037 40       		.byte	64
  85 0038 36       		.byte	54
  86 0039 19       		.byte	25
  87 003a 01       		.byte	1
  88 003b 40       		.byte	64
  89 003c 04       		.byte	4
  90 003d 40       		.byte	64
  91 003e 01       		.byte	1
  92 003f 40       		.byte	64
  93 0040 04       		.byte	4
  94 0041 41       		.byte	65
  95 0042 01       		.byte	1
  96 0043 40       		.byte	64
  97 0044 04       		.byte	4
  98 0045 45       		.byte	69
  99 0046 01       		.byte	1
 100 0047 40       		.byte	64
 101 0048 03       		.byte	3
 102 0049 46       		.byte	70
 103 004a 01       		.byte	1
 104 004b 40       		.byte	64
 105 004c 03       		.byte	3
 106 004d 47       		.byte	71
 107 004e 01       		.byte	1
 108 004f 40       		.byte	64
 109 0050 0A       		.byte	10
 110 0051 50       		.byte	80
 111 0052 01       		.byte	1
 112 0053 40       		.byte	64
 113 0054 01       		.byte	1
 114 0055 51       		.byte	81
ARM GAS  C:\Users\Trung\AppData\Local\Temp\ccmdo2I6.s 			page 3


 115 0056 01       		.byte	1
 116 0057 40       		.byte	64
 117 0058 00       		.byte	0
 118 0059 40       		.byte	64
 119 005a 11       		.byte	17
 120 005b 02       		.byte	2
 121 005c 14       		.byte	20
 122 005d 01       		.byte	1
 123 005e 8A       		.byte	-118
 124 005f 72       		.byte	114
 125 0060 8D       		.byte	-115
 126 0061 0F       		.byte	15
 127 0062 8E       		.byte	-114
 128 0063 38       		.byte	56
 129 0064 89       		.byte	-119
 130 0065 0D       		.byte	13
 131 0066 E6       		.byte	-26
 132 0067 01       		.byte	1
 133 0068 E6       		.byte	-26
 134 0069 02       		.byte	2
 135 006a 03       		.byte	3
 136 006b 02       		.byte	2
 137 006c 07       		.byte	7
 138 006d 04       		.byte	4
 139 006e 0D       		.byte	13
 140 006f 05       		.byte	5
 141 0070 0F       		.byte	15
 142 0071 0A       		.byte	10
 143 0072 13       		.byte	19
 144 0073 08       		.byte	8
 145 0074 15       		.byte	21
 146 0075 03       		.byte	3
 147 0076 17       		.byte	23
 148 0077 0C       		.byte	12
 149 0078 1B       		.byte	27
 150 0079 10       		.byte	16
 151 007a 1E       		.byte	30
 152 007b 01       		.byte	1
 153 007c 22       		.byte	34
 154 007d 01       		.byte	1
 155 007e 27       		.byte	39
 156 007f 30       		.byte	48
 157 0080 2B       		.byte	43
 158 0081 30       		.byte	48
 159 0082 2F       		.byte	47
 160 0083 01       		.byte	1
 161 0084 31       		.byte	49
 162 0085 10       		.byte	16
 163 0086 32       		.byte	50
 164 0087 01       		.byte	1
 165 0088 33       		.byte	51
 166 0089 20       		.byte	32
 167 008a 35       		.byte	53
 168 008b 0F       		.byte	15
 169 008c 3B       		.byte	59
 170 008d 0A       		.byte	10
 171 008e 3F       		.byte	63
ARM GAS  C:\Users\Trung\AppData\Local\Temp\ccmdo2I6.s 			page 4


 172 008f 10       		.byte	16
 173 0090 58       		.byte	88
 174 0091 0A       		.byte	10
 175 0092 59       		.byte	89
 176 0093 09       		.byte	9
 177 0094 5C       		.byte	92
 178 0095 09       		.byte	9
 179 0096 5F       		.byte	95
 180 0097 01       		.byte	1
 181 0098 85       		.byte	-123
 182 0099 18       		.byte	24
 183 009a 87       		.byte	-121
 184 009b 22       		.byte	34
 185 009c 89       		.byte	-119
 186 009d 01       		.byte	1
 187 009e 8C       		.byte	-116
 188 009f 03       		.byte	3
 189 00a0 8D       		.byte	-115
 190 00a1 01       		.byte	1
 191 00a2 8E       		.byte	-114
 192 00a3 0C       		.byte	12
 193 00a4 92       		.byte	-110
 194 00a5 05       		.byte	5
 195 00a6 93       		.byte	-109
 196 00a7 06       		.byte	6
 197 00a8 94       		.byte	-108
 198 00a9 0A       		.byte	10
 199 00aa 95       		.byte	-107
 200 00ab 20       		.byte	32
 201 00ac 96       		.byte	-106
 202 00ad 04       		.byte	4
 203 00ae 99       		.byte	-103
 204 00af 38       		.byte	56
 205 00b0 9B       		.byte	-101
 206 00b1 04       		.byte	4
 207 00b2 9D       		.byte	-99
 208 00b3 12       		.byte	18
 209 00b4 9E       		.byte	-98
 210 00b5 08       		.byte	8
 211 00b6 9F       		.byte	-97
 212 00b7 20       		.byte	32
 213 00b8 A0       		.byte	-96
 214 00b9 03       		.byte	3
 215 00ba A1       		.byte	-95
 216 00bb 28       		.byte	40
 217 00bc A2       		.byte	-94
 218 00bd 04       		.byte	4
 219 00be A5       		.byte	-91
 220 00bf 01       		.byte	1
 221 00c0 A8       		.byte	-88
 222 00c1 03       		.byte	3
 223 00c2 A9       		.byte	-87
 224 00c3 01       		.byte	1
 225 00c4 AA       		.byte	-86
 226 00c5 04       		.byte	4
 227 00c6 AC       		.byte	-84
 228 00c7 10       		.byte	16
ARM GAS  C:\Users\Trung\AppData\Local\Temp\ccmdo2I6.s 			page 5


 229 00c8 AD       		.byte	-83
 230 00c9 20       		.byte	32
 231 00ca AF       		.byte	-81
 232 00cb 18       		.byte	24
 233 00cc B0       		.byte	-80
 234 00cd 0F       		.byte	15
 235 00ce B1       		.byte	-79
 236 00cf 3E       		.byte	62
 237 00d0 B4       		.byte	-76
 238 00d1 10       		.byte	16
 239 00d2 B7       		.byte	-73
 240 00d3 01       		.byte	1
 241 00d4 BA       		.byte	-70
 242 00d5 0A       		.byte	10
 243 00d6 BE       		.byte	-66
 244 00d7 10       		.byte	16
 245 00d8 BF       		.byte	-65
 246 00d9 40       		.byte	64
 247 00da C0       		.byte	-64
 248 00db 45       		.byte	69
 249 00dc C1       		.byte	-63
 250 00dd 06       		.byte	6
 251 00de C5       		.byte	-59
 252 00df E0       		.byte	-32
 253 00e0 C6       		.byte	-58
 254 00e1 0C       		.byte	12
 255 00e2 C7       		.byte	-57
 256 00e3 B0       		.byte	-80
 257 00e4 C8       		.byte	-56
 258 00e5 26       		.byte	38
 259 00e6 C9       		.byte	-55
 260 00e7 FF       		.byte	-1
 261 00e8 CA       		.byte	-54
 262 00e9 FF       		.byte	-1
 263 00ea CB       		.byte	-53
 264 00eb FF       		.byte	-1
 265 00ec CE       		.byte	-50
 266 00ed F0       		.byte	-16
 267 00ee CF       		.byte	-49
 268 00ef 44       		.byte	68
 269 00f0 D0       		.byte	-48
 270 00f1 0C       		.byte	12
 271 00f2 D8       		.byte	-40
 272 00f3 04       		.byte	4
 273 00f4 D9       		.byte	-39
 274 00f5 04       		.byte	4
 275 00f6 DA       		.byte	-38
 276 00f7 04       		.byte	4
 277 00f8 DC       		.byte	-36
 278 00f9 11       		.byte	17
 279 00fa DD       		.byte	-35
 280 00fb 01       		.byte	1
 281 00fc DF       		.byte	-33
 282 00fd 01       		.byte	1
 283 00fe E6       		.byte	-26
 284 00ff C0       		.byte	-64
 285 0100 EA       		.byte	-22
ARM GAS  C:\Users\Trung\AppData\Local\Temp\ccmdo2I6.s 			page 6


 286 0101 40       		.byte	64
 287 0102 EB       		.byte	-21
 288 0103 02       		.byte	2
 289 0104 00       		.byte	0
 290 0105 40       		.byte	64
 291 0106 08       		.byte	8
 292 0107 40       		.byte	64
 293 0108 0A       		.byte	10
 294 0109 20       		.byte	32
 295 010a 0B       		.byte	11
 296 010b 40       		.byte	64
 297 010c 0D       		.byte	13
 298 010d 80       		.byte	-128
 299 010e 10       		.byte	16
 300 010f 88       		.byte	-120
 301 0110 12       		.byte	18
 302 0111 04       		.byte	4
 303 0112 13       		.byte	19
 304 0113 80       		.byte	-128
 305 0114 16       		.byte	22
 306 0115 80       		.byte	-128
 307 0116 18       		.byte	24
 308 0117 40       		.byte	64
 309 0118 19       		.byte	25
 310 0119 05       		.byte	5
 311 011a 1B       		.byte	27
 312 011b 11       		.byte	17
 313 011c 1F       		.byte	31
 314 011d 04       		.byte	4
 315 011e 22       		.byte	34
 316 011f 41       		.byte	65
 317 0120 23       		.byte	35
 318 0121 80       		.byte	-128
 319 0122 26       		.byte	38
 320 0123 30       		.byte	48
 321 0124 27       		.byte	39
 322 0125 60       		.byte	96
 323 0126 28       		.byte	40
 324 0127 20       		.byte	32
 325 0128 29       		.byte	41
 326 0129 24       		.byte	36
 327 012a 2A       		.byte	42
 328 012b 01       		.byte	1
 329 012c 2B       		.byte	43
 330 012d 01       		.byte	1
 331 012e 2F       		.byte	47
 332 012f 1A       		.byte	26
 333 0130 30       		.byte	48
 334 0131 40       		.byte	64
 335 0132 32       		.byte	50
 336 0133 19       		.byte	25
 337 0134 36       		.byte	54
 338 0135 02       		.byte	2
 339 0136 37       		.byte	55
 340 0137 24       		.byte	36
 341 0138 38       		.byte	56
 342 0139 A0       		.byte	-96
ARM GAS  C:\Users\Trung\AppData\Local\Temp\ccmdo2I6.s 			page 7


 343 013a 3A       		.byte	58
 344 013b 04       		.byte	4
 345 013c 3D       		.byte	61
 346 013d 82       		.byte	-126
 347 013e 3E       		.byte	62
 348 013f 05       		.byte	5
 349 0140 40       		.byte	64
 350 0141 40       		.byte	64
 351 0142 48       		.byte	72
 352 0143 08       		.byte	8
 353 0144 49       		.byte	73
 354 0145 10       		.byte	16
 355 0146 4A       		.byte	74
 356 0147 01       		.byte	1
 357 0148 4B       		.byte	75
 358 0149 42       		.byte	66
 359 014a 50       		.byte	80
 360 014b 80       		.byte	-128
 361 014c 52       		.byte	82
 362 014d 01       		.byte	1
 363 014e 58       		.byte	88
 364 014f 40       		.byte	64
 365 0150 5A       		.byte	90
 366 0151 4C       		.byte	76
 367 0152 7E       		.byte	126
 368 0153 24       		.byte	36
 369 0154 8F       		.byte	-113
 370 0155 10       		.byte	16
 371 0156 90       		.byte	-112
 372 0157 A0       		.byte	-96
 373 0158 92       		.byte	-110
 374 0159 45       		.byte	69
 375 015a 93       		.byte	-109
 376 015b 20       		.byte	32
 377 015c 94       		.byte	-108
 378 015d 40       		.byte	64
 379 015e 96       		.byte	-106
 380 015f A0       		.byte	-96
 381 0160 97       		.byte	-105
 382 0161 4A       		.byte	74
 383 0162 99       		.byte	-103
 384 0163 20       		.byte	32
 385 0164 9B       		.byte	-101
 386 0165 04       		.byte	4
 387 0166 9C       		.byte	-100
 388 0167 20       		.byte	32
 389 0168 9D       		.byte	-99
 390 0169 11       		.byte	17
 391 016a 9F       		.byte	-97
 392 016b 60       		.byte	96
 393 016c A1       		.byte	-95
 394 016d 40       		.byte	64
 395 016e A2       		.byte	-94
 396 016f 0B       		.byte	11
 397 0170 A3       		.byte	-93
 398 0171 08       		.byte	8
 399 0172 A4       		.byte	-92
ARM GAS  C:\Users\Trung\AppData\Local\Temp\ccmdo2I6.s 			page 8


 400 0173 80       		.byte	-128
 401 0174 C0       		.byte	-64
 402 0175 01       		.byte	1
 403 0176 C2       		.byte	-62
 404 0177 8D       		.byte	-115
 405 0178 C4       		.byte	-60
 406 0179 1B       		.byte	27
 407 017a CA       		.byte	-54
 408 017b 7F       		.byte	127
 409 017c CC       		.byte	-52
 410 017d EF       		.byte	-17
 411 017e CE       		.byte	-50
 412 017f DE       		.byte	-34
 413 0180 D0       		.byte	-48
 414 0181 01       		.byte	1
 415 0182 D2       		.byte	-46
 416 0183 0C       		.byte	12
 417 0184 DE       		.byte	-34
 418 0185 60       		.byte	96
 419 0186 04       		.byte	4
 420 0187 08       		.byte	8
 421 0188 05       		.byte	5
 422 0189 01       		.byte	1
 423 018a 08       		.byte	8
 424 018b 01       		.byte	1
 425 018c 09       		.byte	9
 426 018d 01       		.byte	1
 427 018e 0A       		.byte	10
 428 018f 06       		.byte	6
 429 0190 0C       		.byte	12
 430 0191 08       		.byte	8
 431 0192 0D       		.byte	13
 432 0193 01       		.byte	1
 433 0194 10       		.byte	16
 434 0195 02       		.byte	2
 435 0196 12       		.byte	18
 436 0197 01       		.byte	1
 437 0198 16       		.byte	22
 438 0199 08       		.byte	8
 439 019a 17       		.byte	23
 440 019b 02       		.byte	2
 441 019c 18       		.byte	24
 442 019d 04       		.byte	4
 443 019e 19       		.byte	25
 444 019f 04       		.byte	4
 445 01a0 1A       		.byte	26
 446 01a1 01       		.byte	1
 447 01a2 21       		.byte	33
 448 01a3 06       		.byte	6
 449 01a4 24       		.byte	36
 450 01a5 07       		.byte	7
 451 01a6 28       		.byte	40
 452 01a7 07       		.byte	7
 453 01a8 29       		.byte	41
 454 01a9 06       		.byte	6
 455 01aa 2C       		.byte	44
 456 01ab 10       		.byte	16
ARM GAS  C:\Users\Trung\AppData\Local\Temp\ccmdo2I6.s 			page 9


 457 01ac 30       		.byte	48
 458 01ad 18       		.byte	24
 459 01ae 31       		.byte	49
 460 01af 01       		.byte	1
 461 01b0 34       		.byte	52
 462 01b1 07       		.byte	7
 463 01b2 35       		.byte	53
 464 01b3 06       		.byte	6
 465 01b4 38       		.byte	56
 466 01b5 02       		.byte	2
 467 01b6 39       		.byte	57
 468 01b7 20       		.byte	32
 469 01b8 3F       		.byte	63
 470 01b9 10       		.byte	16
 471 01ba 40       		.byte	64
 472 01bb 02       		.byte	2
 473 01bc 47       		.byte	71
 474 01bd 04       		.byte	4
 475 01be 49       		.byte	73
 476 01bf FF       		.byte	-1
 477 01c0 4A       		.byte	74
 478 01c1 07       		.byte	7
 479 01c2 4B       		.byte	75
 480 01c3 FF       		.byte	-1
 481 01c4 4C       		.byte	76
 482 01c5 40       		.byte	64
 483 01c6 4D       		.byte	77
 484 01c7 20       		.byte	32
 485 01c8 4E       		.byte	78
 486 01c9 F0       		.byte	-16
 487 01ca 4F       		.byte	79
 488 01cb 05       		.byte	5
 489 01cc 50       		.byte	80
 490 01cd 08       		.byte	8
 491 01ce 56       		.byte	86
 492 01cf 02       		.byte	2
 493 01d0 57       		.byte	87
 494 01d1 10       		.byte	16
 495 01d2 58       		.byte	88
 496 01d3 04       		.byte	4
 497 01d4 59       		.byte	89
 498 01d5 04       		.byte	4
 499 01d6 5A       		.byte	90
 500 01d7 04       		.byte	4
 501 01d8 5B       		.byte	91
 502 01d9 04       		.byte	4
 503 01da 5C       		.byte	92
 504 01db 11       		.byte	17
 505 01dc 5D       		.byte	93
 506 01dd 11       		.byte	17
 507 01de 5F       		.byte	95
 508 01df 01       		.byte	1
 509 01e0 60       		.byte	96
 510 01e1 40       		.byte	64
 511 01e2 61       		.byte	97
 512 01e3 A8       		.byte	-88
 513 01e4 62       		.byte	98
ARM GAS  C:\Users\Trung\AppData\Local\Temp\ccmdo2I6.s 			page 10


 514 01e5 40       		.byte	64
 515 01e6 63       		.byte	99
 516 01e7 20       		.byte	32
 517 01e8 84       		.byte	-124
 518 01e9 02       		.byte	2
 519 01ea 86       		.byte	-122
 520 01eb 08       		.byte	8
 521 01ec 93       		.byte	-109
 522 01ed 03       		.byte	3
 523 01ee 94       		.byte	-108
 524 01ef 04       		.byte	4
 525 01f0 96       		.byte	-106
 526 01f1 08       		.byte	8
 527 01f2 99       		.byte	-103
 528 01f3 01       		.byte	1
 529 01f4 9A       		.byte	-102
 530 01f5 0F       		.byte	15
 531 01f6 9C       		.byte	-100
 532 01f7 06       		.byte	6
 533 01f8 AC       		.byte	-84
 534 01f9 08       		.byte	8
 535 01fa B1       		.byte	-79
 536 01fb 01       		.byte	1
 537 01fc B2       		.byte	-78
 538 01fd 01       		.byte	1
 539 01fe B5       		.byte	-75
 540 01ff 02       		.byte	2
 541 0200 B6       		.byte	-74
 542 0201 0E       		.byte	14
 543 0202 B8       		.byte	-72
 544 0203 A0       		.byte	-96
 545 0204 B9       		.byte	-71
 546 0205 82       		.byte	-126
 547 0206 BA       		.byte	-70
 548 0207 08       		.byte	8
 549 0208 BB       		.byte	-69
 550 0209 20       		.byte	32
 551 020a D8       		.byte	-40
 552 020b 0A       		.byte	10
 553 020c D9       		.byte	-39
 554 020d 04       		.byte	4
 555 020e DB       		.byte	-37
 556 020f 04       		.byte	4
 557 0210 DF       		.byte	-33
 558 0211 01       		.byte	1
 559 0212 00       		.byte	0
 560 0213 40       		.byte	64
 561 0214 02       		.byte	2
 562 0215 14       		.byte	20
 563 0216 07       		.byte	7
 564 0217 20       		.byte	32
 565 0218 08       		.byte	8
 566 0219 02       		.byte	2
 567 021a 0A       		.byte	10
 568 021b 28       		.byte	40
 569 021c 0E       		.byte	14
 570 021d 29       		.byte	41
ARM GAS  C:\Users\Trung\AppData\Local\Temp\ccmdo2I6.s 			page 11


 571 021e 10       		.byte	16
 572 021f 20       		.byte	32
 573 0220 11       		.byte	17
 574 0221 10       		.byte	16
 575 0222 13       		.byte	19
 576 0223 40       		.byte	64
 577 0224 17       		.byte	23
 578 0225 40       		.byte	64
 579 0226 1A       		.byte	26
 580 0227 40       		.byte	64
 581 0228 1B       		.byte	27
 582 0229 10       		.byte	16
 583 022a 1E       		.byte	30
 584 022b 29       		.byte	41
 585 022c 1F       		.byte	31
 586 022d 18       		.byte	24
 587 022e 20       		.byte	32
 588 022f 04       		.byte	4
 589 0230 21       		.byte	33
 590 0231 01       		.byte	1
 591 0232 26       		.byte	38
 592 0233 22       		.byte	34
 593 0234 27       		.byte	39
 594 0235 01       		.byte	1
 595 0236 28       		.byte	40
 596 0237 04       		.byte	4
 597 0238 29       		.byte	41
 598 0239 11       		.byte	17
 599 023a 2A       		.byte	42
 600 023b 10       		.byte	16
 601 023c 30       		.byte	48
 602 023d 10       		.byte	16
 603 023e 31       		.byte	49
 604 023f 04       		.byte	4
 605 0240 32       		.byte	50
 606 0241 10       		.byte	16
 607 0242 36       		.byte	54
 608 0243 20       		.byte	32
 609 0244 37       		.byte	55
 610 0245 01       		.byte	1
 611 0246 39       		.byte	57
 612 0247 54       		.byte	84
 613 0248 40       		.byte	64
 614 0249 04       		.byte	4
 615 024a 48       		.byte	72
 616 024b 10       		.byte	16
 617 024c 49       		.byte	73
 618 024d 04       		.byte	4
 619 024e 52       		.byte	82
 620 024f 08       		.byte	8
 621 0250 58       		.byte	88
 622 0251 01       		.byte	1
 623 0252 59       		.byte	89
 624 0253 01       		.byte	1
 625 0254 5A       		.byte	90
 626 0255 80       		.byte	-128
 627 0256 68       		.byte	104
ARM GAS  C:\Users\Trung\AppData\Local\Temp\ccmdo2I6.s 			page 12


 628 0257 20       		.byte	32
 629 0258 69       		.byte	105
 630 0259 54       		.byte	84
 631 025a 6D       		.byte	109
 632 025b 80       		.byte	-128
 633 025c 6F       		.byte	111
 634 025d 04       		.byte	4
 635 025e 71       		.byte	113
 636 025f 28       		.byte	40
 637 0260 72       		.byte	114
 638 0261 02       		.byte	2
 639 0262 7F       		.byte	127
 640 0263 20       		.byte	32
 641 0264 8D       		.byte	-115
 642 0265 04       		.byte	4
 643 0266 8E       		.byte	-114
 644 0267 01       		.byte	1
 645 0268 90       		.byte	-112
 646 0269 A0       		.byte	-96
 647 026a 92       		.byte	-110
 648 026b 0C       		.byte	12
 649 026c 95       		.byte	-107
 650 026d 12       		.byte	18
 651 026e 97       		.byte	-105
 652 026f 0A       		.byte	10
 653 0270 98       		.byte	-104
 654 0271 02       		.byte	2
 655 0272 99       		.byte	-103
 656 0273 20       		.byte	32
 657 0274 9A       		.byte	-102
 658 0275 04       		.byte	4
 659 0276 9C       		.byte	-100
 660 0277 35       		.byte	53
 661 0278 9E       		.byte	-98
 662 0279 02       		.byte	2
 663 027a A3       		.byte	-93
 664 027b 20       		.byte	32
 665 027c A4       		.byte	-92
 666 027d B0       		.byte	-80
 667 027e A5       		.byte	-91
 668 027f 28       		.byte	40
 669 0280 A6       		.byte	-90
 670 0281 02       		.byte	2
 671 0282 A7       		.byte	-89
 672 0283 10       		.byte	16
 673 0284 B0       		.byte	-80
 674 0285 02       		.byte	2
 675 0286 B4       		.byte	-76
 676 0287 80       		.byte	-128
 677 0288 B7       		.byte	-73
 678 0289 10       		.byte	16
 679 028a C0       		.byte	-64
 680 028b 27       		.byte	39
 681 028c C2       		.byte	-62
 682 028d EE       		.byte	-18
 683 028e C4       		.byte	-60
 684 028f 87       		.byte	-121
ARM GAS  C:\Users\Trung\AppData\Local\Temp\ccmdo2I6.s 			page 13


 685 0290 CA       		.byte	-54
 686 0291 05       		.byte	5
 687 0292 CC       		.byte	-52
 688 0293 A6       		.byte	-90
 689 0294 CE       		.byte	-50
 690 0295 0E       		.byte	14
 691 0296 D0       		.byte	-48
 692 0297 04       		.byte	4
 693 0298 D6       		.byte	-42
 694 0299 08       		.byte	8
 695 029a DE       		.byte	-34
 696 029b 40       		.byte	64
 697 029c 0F       		.byte	15
 698 029d 02       		.byte	2
 699 029e 1B       		.byte	27
 700 029f 02       		.byte	2
 701 02a0 2B       		.byte	43
 702 02a1 01       		.byte	1
 703 02a2 2F       		.byte	47
 704 02a3 01       		.byte	1
 705 02a4 35       		.byte	53
 706 02a5 02       		.byte	2
 707 02a6 37       		.byte	55
 708 02a7 01       		.byte	1
 709 02a8 3A       		.byte	58
 710 02a9 0C       		.byte	12
 711 02aa 3B       		.byte	59
 712 02ab 20       		.byte	32
 713 02ac 3F       		.byte	63
 714 02ad 40       		.byte	64
 715 02ae 58       		.byte	88
 716 02af 09       		.byte	9
 717 02b0 59       		.byte	89
 718 02b1 08       		.byte	8
 719 02b2 5B       		.byte	91
 720 02b3 04       		.byte	4
 721 02b4 5C       		.byte	92
 722 02b5 09       		.byte	9
 723 02b6 5F       		.byte	95
 724 02b7 01       		.byte	1
 725 02b8 83       		.byte	-125
 726 02b9 0C       		.byte	12
 727 02ba 85       		.byte	-123
 728 02bb 0C       		.byte	12
 729 02bc 86       		.byte	-122
 730 02bd 04       		.byte	4
 731 02be 89       		.byte	-119
 732 02bf 03       		.byte	3
 733 02c0 8A       		.byte	-118
 734 02c1 01       		.byte	1
 735 02c2 8E       		.byte	-114
 736 02c3 04       		.byte	4
 737 02c4 8F       		.byte	-113
 738 02c5 0C       		.byte	12
 739 02c6 90       		.byte	-112
 740 02c7 01       		.byte	1
 741 02c8 94       		.byte	-108
ARM GAS  C:\Users\Trung\AppData\Local\Temp\ccmdo2I6.s 			page 14


 742 02c9 01       		.byte	1
 743 02ca 95       		.byte	-107
 744 02cb 0A       		.byte	10
 745 02cc 97       		.byte	-105
 746 02cd 41       		.byte	65
 747 02ce 99       		.byte	-103
 748 02cf 03       		.byte	3
 749 02d0 9A       		.byte	-102
 750 02d1 01       		.byte	1
 751 02d2 9C       		.byte	-100
 752 02d3 02       		.byte	2
 753 02d4 9F       		.byte	-97
 754 02d5 0C       		.byte	12
 755 02d6 A2       		.byte	-94
 756 02d7 01       		.byte	1
 757 02d8 A4       		.byte	-92
 758 02d9 04       		.byte	4
 759 02da A5       		.byte	-91
 760 02db 0C       		.byte	12
 761 02dc A7       		.byte	-89
 762 02dd 20       		.byte	32
 763 02de A8       		.byte	-88
 764 02df 04       		.byte	4
 765 02e0 A9       		.byte	-87
 766 02e1 0C       		.byte	12
 767 02e2 AD       		.byte	-83
 768 02e3 05       		.byte	5
 769 02e4 AF       		.byte	-81
 770 02e5 52       		.byte	82
 771 02e6 B0       		.byte	-80
 772 02e7 04       		.byte	4
 773 02e8 B1       		.byte	-79
 774 02e9 0C       		.byte	12
 775 02ea B2       		.byte	-78
 776 02eb 02       		.byte	2
 777 02ec B3       		.byte	-77
 778 02ed 03       		.byte	3
 779 02ee B5       		.byte	-75
 780 02ef 10       		.byte	16
 781 02f0 B6       		.byte	-74
 782 02f1 01       		.byte	1
 783 02f2 B7       		.byte	-73
 784 02f3 60       		.byte	96
 785 02f4 B8       		.byte	-72
 786 02f5 02       		.byte	2
 787 02f6 BE       		.byte	-66
 788 02f7 44       		.byte	68
 789 02f8 BF       		.byte	-65
 790 02f9 40       		.byte	64
 791 02fa C0       		.byte	-64
 792 02fb 64       		.byte	100
 793 02fc C1       		.byte	-63
 794 02fd 03       		.byte	3
 795 02fe C2       		.byte	-62
 796 02ff 05       		.byte	5
 797 0300 C4       		.byte	-60
 798 0301 01       		.byte	1
ARM GAS  C:\Users\Trung\AppData\Local\Temp\ccmdo2I6.s 			page 15


 799 0302 C7       		.byte	-57
 800 0303 EC       		.byte	-20
 801 0304 C8       		.byte	-56
 802 0305 30       		.byte	48
 803 0306 C9       		.byte	-55
 804 0307 FF       		.byte	-1
 805 0308 CA       		.byte	-54
 806 0309 FF       		.byte	-1
 807 030a CB       		.byte	-53
 808 030b FF       		.byte	-1
 809 030c CC       		.byte	-52
 810 030d 62       		.byte	98
 811 030e CD       		.byte	-51
 812 030f A0       		.byte	-96
 813 0310 CE       		.byte	-50
 814 0311 F0       		.byte	-16
 815 0312 CF       		.byte	-49
 816 0313 41       		.byte	65
 817 0314 D0       		.byte	-48
 818 0315 0C       		.byte	12
 819 0316 D4       		.byte	-44
 820 0317 01       		.byte	1
 821 0318 D8       		.byte	-40
 822 0319 04       		.byte	4
 823 031a D9       		.byte	-39
 824 031b 04       		.byte	4
 825 031c DA       		.byte	-38
 826 031d 04       		.byte	4
 827 031e DB       		.byte	-37
 828 031f 04       		.byte	4
 829 0320 DC       		.byte	-36
 830 0321 11       		.byte	17
 831 0322 DD       		.byte	-35
 832 0323 11       		.byte	17
 833 0324 DF       		.byte	-33
 834 0325 01       		.byte	1
 835 0326 E6       		.byte	-26
 836 0327 40       		.byte	64
 837 0328 E7       		.byte	-25
 838 0329 02       		.byte	2
 839 032a E9       		.byte	-23
 840 032b 10       		.byte	16
 841 032c EA       		.byte	-22
 842 032d 30       		.byte	48
 843 032e EB       		.byte	-21
 844 032f 10       		.byte	16
 845 0330 ED       		.byte	-19
 846 0331 10       		.byte	16
 847 0332 EE       		.byte	-18
 848 0333 10       		.byte	16
 849 0334 EF       		.byte	-17
 850 0335 12       		.byte	18
 851 0336 00       		.byte	0
 852 0337 60       		.byte	96
 853 0338 02       		.byte	2
 854 0339 20       		.byte	32
 855 033a 08       		.byte	8
ARM GAS  C:\Users\Trung\AppData\Local\Temp\ccmdo2I6.s 			page 16


 856 033b 15       		.byte	21
 857 033c 0A       		.byte	10
 858 033d 01       		.byte	1
 859 033e 0B       		.byte	11
 860 033f 02       		.byte	2
 861 0340 10       		.byte	16
 862 0341 80       		.byte	-128
 863 0342 12       		.byte	18
 864 0343 08       		.byte	8
 865 0344 13       		.byte	19
 866 0345 04       		.byte	4
 867 0346 19       		.byte	25
 868 0347 85       		.byte	-123
 869 0348 1F       		.byte	31
 870 0349 08       		.byte	8
 871 034a 20       		.byte	32
 872 034b 09       		.byte	9
 873 034c 22       		.byte	34
 874 034d 05       		.byte	5
 875 034e 25       		.byte	37
 876 034f 80       		.byte	-128
 877 0350 27       		.byte	39
 878 0351 08       		.byte	8
 879 0352 28       		.byte	40
 880 0353 02       		.byte	2
 881 0354 29       		.byte	41
 882 0355 20       		.byte	32
 883 0356 2A       		.byte	42
 884 0357 04       		.byte	4
 885 0358 2B       		.byte	43
 886 0359 10       		.byte	16
 887 035a 2D       		.byte	45
 888 035b 40       		.byte	64
 889 035c 2F       		.byte	47
 890 035d 08       		.byte	8
 891 035e 30       		.byte	48
 892 035f 20       		.byte	32
 893 0360 32       		.byte	50
 894 0361 04       		.byte	4
 895 0362 33       		.byte	51
 896 0363 40       		.byte	64
 897 0364 36       		.byte	54
 898 0365 10       		.byte	16
 899 0366 38       		.byte	56
 900 0367 80       		.byte	-128
 901 0368 39       		.byte	57
 902 0369 1A       		.byte	26
 903 036a 3B       		.byte	59
 904 036b 04       		.byte	4
 905 036c 3D       		.byte	61
 906 036d 80       		.byte	-128
 907 036e 40       		.byte	64
 908 036f 21       		.byte	33
 909 0370 41       		.byte	65
 910 0371 05       		.byte	5
 911 0372 48       		.byte	72
 912 0373 01       		.byte	1
ARM GAS  C:\Users\Trung\AppData\Local\Temp\ccmdo2I6.s 			page 17


 913 0374 49       		.byte	73
 914 0375 20       		.byte	32
 915 0376 4A       		.byte	74
 916 0377 08       		.byte	8
 917 0378 50       		.byte	80
 918 0379 04       		.byte	4
 919 037a 53       		.byte	83
 920 037b 02       		.byte	2
 921 037c 59       		.byte	89
 922 037d 84       		.byte	-124
 923 037e 5A       		.byte	90
 924 037f 01       		.byte	1
 925 0380 5B       		.byte	91
 926 0381 10       		.byte	16
 927 0382 6D       		.byte	109
 928 0383 40       		.byte	64
 929 0384 7E       		.byte	126
 930 0385 02       		.byte	2
 931 0386 7F       		.byte	127
 932 0387 04       		.byte	4
 933 0388 85       		.byte	-123
 934 0389 80       		.byte	-128
 935 038a 90       		.byte	-112
 936 038b E0       		.byte	-32
 937 038c 92       		.byte	-110
 938 038d 04       		.byte	4
 939 038e 94       		.byte	-108
 940 038f 08       		.byte	8
 941 0390 95       		.byte	-107
 942 0391 02       		.byte	2
 943 0392 96       		.byte	-106
 944 0393 0A       		.byte	10
 945 0394 99       		.byte	-103
 946 0395 20       		.byte	32
 947 0396 9B       		.byte	-101
 948 0397 40       		.byte	64
 949 0398 9C       		.byte	-100
 950 0399 22       		.byte	34
 951 039a 9D       		.byte	-99
 952 039b 01       		.byte	1
 953 039c 9E       		.byte	-98
 954 039d 06       		.byte	6
 955 039e 9F       		.byte	-97
 956 039f 08       		.byte	8
 957 03a0 A0       		.byte	-96
 958 03a1 01       		.byte	1
 959 03a2 A1       		.byte	-95
 960 03a3 40       		.byte	64
 961 03a4 A2       		.byte	-94
 962 03a5 30       		.byte	48
 963 03a6 A3       		.byte	-93
 964 03a7 20       		.byte	32
 965 03a8 A4       		.byte	-92
 966 03a9 04       		.byte	4
 967 03aa A5       		.byte	-91
 968 03ab 28       		.byte	40
 969 03ac A6       		.byte	-90
ARM GAS  C:\Users\Trung\AppData\Local\Temp\ccmdo2I6.s 			page 18


 970 03ad 0A       		.byte	10
 971 03ae A7       		.byte	-89
 972 03af 02       		.byte	2
 973 03b0 C0       		.byte	-64
 974 03b1 07       		.byte	7
 975 03b2 C2       		.byte	-62
 976 03b3 0F       		.byte	15
 977 03b4 C4       		.byte	-60
 978 03b5 0E       		.byte	14
 979 03b6 CA       		.byte	-54
 980 03b7 3E       		.byte	62
 981 03b8 CC       		.byte	-52
 982 03b9 2E       		.byte	46
 983 03ba CE       		.byte	-50
 984 03bb 1F       		.byte	31
 985 03bc D0       		.byte	-48
 986 03bd 0B       		.byte	11
 987 03be D2       		.byte	-46
 988 03bf 0C       		.byte	12
 989 03c0 D6       		.byte	-42
 990 03c1 0F       		.byte	15
 991 03c2 DE       		.byte	-34
 992 03c3 30       		.byte	48
 993 03c4 00       		.byte	0
 994 03c5 4F       		.byte	79
 995 03c6 02       		.byte	2
 996 03c7 90       		.byte	-112
 997 03c8 03       		.byte	3
 998 03c9 02       		.byte	2
 999 03ca 06       		.byte	6
 1000 03cb 40       		.byte	64
 1001 03cc 07       		.byte	7
 1002 03cd 01       		.byte	1
 1003 03ce 08       		.byte	8
 1004 03cf 03       		.byte	3
 1005 03d0 09       		.byte	9
 1006 03d1 0C       		.byte	12
 1007 03d2 0B       		.byte	11
 1008 03d3 02       		.byte	2
 1009 03d4 0C       		.byte	12
 1010 03d5 4C       		.byte	76
 1011 03d6 0D       		.byte	13
 1012 03d7 0E       		.byte	14
 1013 03d8 0E       		.byte	14
 1014 03d9 A3       		.byte	-93
 1015 03da 10       		.byte	16
 1016 03db 41       		.byte	65
 1017 03dc 13       		.byte	19
 1018 03dd 10       		.byte	16
 1019 03de 14       		.byte	20
 1020 03df 0C       		.byte	12
 1021 03e0 15       		.byte	21
 1022 03e1 0C       		.byte	12
 1023 03e2 18       		.byte	24
 1024 03e3 02       		.byte	2
 1025 03e4 19       		.byte	25
 1026 03e5 04       		.byte	4
ARM GAS  C:\Users\Trung\AppData\Local\Temp\ccmdo2I6.s 			page 19


 1027 03e6 1C       		.byte	28
 1028 03e7 08       		.byte	8
 1029 03e8 1F       		.byte	31
 1030 03e9 01       		.byte	1
 1031 03ea 20       		.byte	32
 1032 03eb 04       		.byte	4
 1033 03ec 21       		.byte	33
 1034 03ed 08       		.byte	8
 1035 03ee 24       		.byte	36
 1036 03ef FF       		.byte	-1
 1037 03f0 25       		.byte	37
 1038 03f1 0E       		.byte	14
 1039 03f2 28       		.byte	40
 1040 03f3 F3       		.byte	-13
 1041 03f4 29       		.byte	41
 1042 03f5 02       		.byte	2
 1043 03f6 2A       		.byte	42
 1044 03f7 0C       		.byte	12
 1045 03f8 2B       		.byte	43
 1046 03f9 0C       		.byte	12
 1047 03fa 2E       		.byte	46
 1048 03fb B3       		.byte	-77
 1049 03fc 2F       		.byte	47
 1050 03fd 10       		.byte	16
 1051 03fe 30       		.byte	48
 1052 03ff 7C       		.byte	124
 1053 0400 32       		.byte	50
 1054 0401 8C       		.byte	-116
 1055 0402 33       		.byte	51
 1056 0403 01       		.byte	1
 1057 0404 34       		.byte	52
 1058 0405 0F       		.byte	15
 1059 0406 35       		.byte	53
 1060 0407 10       		.byte	16
 1061 0408 37       		.byte	55
 1062 0409 0E       		.byte	14
 1063 040a 3A       		.byte	58
 1064 040b 2A       		.byte	42
 1065 040c 3F       		.byte	63
 1066 040d 14       		.byte	20
 1067 040e 54       		.byte	84
 1068 040f 18       		.byte	24
 1069 0410 56       		.byte	86
 1070 0411 04       		.byte	4
 1071 0412 58       		.byte	88
 1072 0413 04       		.byte	4
 1073 0414 59       		.byte	89
 1074 0415 04       		.byte	4
 1075 0416 5B       		.byte	91
 1076 0417 04       		.byte	4
 1077 0418 5C       		.byte	92
 1078 0419 11       		.byte	17
 1079 041a 5D       		.byte	93
 1080 041b 10       		.byte	16
 1081 041c 5F       		.byte	95
 1082 041d 01       		.byte	1
 1083 041e 84       		.byte	-124
ARM GAS  C:\Users\Trung\AppData\Local\Temp\ccmdo2I6.s 			page 20


 1084 041f 04       		.byte	4
 1085 0420 93       		.byte	-109
 1086 0421 01       		.byte	1
 1087 0422 96       		.byte	-106
 1088 0423 07       		.byte	7
 1089 0424 97       		.byte	-105
 1090 0425 01       		.byte	1
 1091 0426 98       		.byte	-104
 1092 0427 03       		.byte	3
 1093 0428 9B       		.byte	-101
 1094 0429 03       		.byte	3
 1095 042a A0       		.byte	-96
 1096 042b 02       		.byte	2
 1097 042c A2       		.byte	-94
 1098 042d 04       		.byte	4
 1099 042e A4       		.byte	-92
 1100 042f 01       		.byte	1
 1101 0430 A6       		.byte	-90
 1102 0431 04       		.byte	4
 1103 0432 B3       		.byte	-77
 1104 0433 01       		.byte	1
 1105 0434 B4       		.byte	-76
 1106 0435 07       		.byte	7
 1107 0436 B7       		.byte	-73
 1108 0437 02       		.byte	2
 1109 0438 B8       		.byte	-72
 1110 0439 28       		.byte	40
 1111 043a BB       		.byte	-69
 1112 043b 88       		.byte	-120
 1113 043c D8       		.byte	-40
 1114 043d 08       		.byte	8
 1115 043e D9       		.byte	-39
 1116 043f 08       		.byte	8
 1117 0440 DF       		.byte	-33
 1118 0441 01       		.byte	1
 1119 0442 00       		.byte	0
 1120 0443 48       		.byte	72
 1121 0444 02       		.byte	2
 1122 0445 04       		.byte	4
 1123 0446 03       		.byte	3
 1124 0447 40       		.byte	64
 1125 0448 07       		.byte	7
 1126 0449 20       		.byte	32
 1127 044a 08       		.byte	8
 1128 044b 42       		.byte	66
 1129 044c 09       		.byte	9
 1130 044d 08       		.byte	8
 1131 044e 0A       		.byte	10
 1132 044f 08       		.byte	8
 1133 0450 0E       		.byte	14
 1134 0451 24       		.byte	36
 1135 0452 10       		.byte	16
 1136 0453 90       		.byte	-112
 1137 0454 12       		.byte	18
 1138 0455 09       		.byte	9
 1139 0456 17       		.byte	23
 1140 0457 09       		.byte	9
ARM GAS  C:\Users\Trung\AppData\Local\Temp\ccmdo2I6.s 			page 21


 1141 0458 18       		.byte	24
 1142 0459 E0       		.byte	-32
 1143 045a 19       		.byte	25
 1144 045b 20       		.byte	32
 1145 045c 1B       		.byte	27
 1146 045d 08       		.byte	8
 1147 045e 1E       		.byte	30
 1148 045f 24       		.byte	36
 1149 0460 1F       		.byte	31
 1150 0461 20       		.byte	32
 1151 0462 20       		.byte	32
 1152 0463 06       		.byte	6
 1153 0464 21       		.byte	33
 1154 0465 80       		.byte	-128
 1155 0466 23       		.byte	35
 1156 0467 10       		.byte	16
 1157 0468 25       		.byte	37
 1158 0469 40       		.byte	64
 1159 046a 27       		.byte	39
 1160 046b 21       		.byte	33
 1161 046c 28       		.byte	40
 1162 046d 70       		.byte	112
 1163 046e 29       		.byte	41
 1164 046f 20       		.byte	32
 1165 0470 2A       		.byte	42
 1166 0471 02       		.byte	2
 1167 0472 2B       		.byte	43
 1168 0473 02       		.byte	2
 1169 0474 31       		.byte	49
 1170 0475 A9       		.byte	-87
 1171 0476 36       		.byte	54
 1172 0477 10       		.byte	16
 1173 0478 37       		.byte	55
 1174 0479 09       		.byte	9
 1175 047a 38       		.byte	56
 1176 047b 68       		.byte	104
 1177 047c 39       		.byte	57
 1178 047d 02       		.byte	2
 1179 047e 3A       		.byte	58
 1180 047f 01       		.byte	1
 1181 0480 5A       		.byte	90
 1182 0481 02       		.byte	2
 1183 0482 60       		.byte	96
 1184 0483 84       		.byte	-124
 1185 0484 62       		.byte	98
 1186 0485 40       		.byte	64
 1187 0486 7E       		.byte	126
 1188 0487 02       		.byte	2
 1189 0488 80       		.byte	-128
 1190 0489 80       		.byte	-128
 1191 048a 8A       		.byte	-118
 1192 048b 40       		.byte	64
 1193 048c 8B       		.byte	-117
 1194 048d 10       		.byte	16
 1195 048e 8C       		.byte	-116
 1196 048f 80       		.byte	-128
 1197 0490 8D       		.byte	-115
ARM GAS  C:\Users\Trung\AppData\Local\Temp\ccmdo2I6.s 			page 22


 1198 0491 20       		.byte	32
 1199 0492 8E       		.byte	-114
 1200 0493 20       		.byte	32
 1201 0494 8F       		.byte	-113
 1202 0495 48       		.byte	72
 1203 0496 C0       		.byte	-64
 1204 0497 2F       		.byte	47
 1205 0498 C2       		.byte	-62
 1206 0499 6F       		.byte	111
 1207 049a C4       		.byte	-60
 1208 049b 3F       		.byte	63
 1209 049c CA       		.byte	-54
 1210 049d 0F       		.byte	15
 1211 049e CC       		.byte	-52
 1212 049f EF       		.byte	-17
 1213 04a0 CE       		.byte	-50
 1214 04a1 0F       		.byte	15
 1215 04a2 D6       		.byte	-42
 1216 04a3 01       		.byte	1
 1217 04a4 D8       		.byte	-40
 1218 04a5 0D       		.byte	13
 1219 04a6 DE       		.byte	-34
 1220 04a7 10       		.byte	16
 1221 04a8 10       		.byte	16
 1222 04a9 03       		.byte	3
 1223 04aa 14       		.byte	20
 1224 04ab 02       		.byte	2
 1225 04ac 16       		.byte	22
 1226 04ad 1C       		.byte	28
 1227 04ae 18       		.byte	24
 1228 04af 01       		.byte	1
 1229 04b0 1A       		.byte	26
 1230 04b1 0C       		.byte	12
 1231 04b2 1C       		.byte	28
 1232 04b3 04       		.byte	4
 1233 04b4 2E       		.byte	46
 1234 04b5 3F       		.byte	63
 1235 04b6 30       		.byte	48
 1236 04b7 07       		.byte	7
 1237 04b8 32       		.byte	50
 1238 04b9 20       		.byte	32
 1239 04ba 34       		.byte	52
 1240 04bb 10       		.byte	16
 1241 04bc 36       		.byte	54
 1242 04bd 08       		.byte	8
 1243 04be 38       		.byte	56
 1244 04bf 02       		.byte	2
 1245 04c0 39       		.byte	57
 1246 04c1 02       		.byte	2
 1247 04c2 3A       		.byte	58
 1248 04c3 A8       		.byte	-88
 1249 04c4 40       		.byte	64
 1250 04c5 41       		.byte	65
 1251 04c6 49       		.byte	73
 1252 04c7 FF       		.byte	-1
 1253 04c8 4A       		.byte	74
 1254 04c9 FF       		.byte	-1
ARM GAS  C:\Users\Trung\AppData\Local\Temp\ccmdo2I6.s 			page 23


 1255 04ca 4B       		.byte	75
 1256 04cb FF       		.byte	-1
 1257 04cc 4F       		.byte	79
 1258 04cd 01       		.byte	1
 1259 04ce 50       		.byte	80
 1260 04cf 18       		.byte	24
 1261 04d0 52       		.byte	82
 1262 04d1 80       		.byte	-128
 1263 04d2 58       		.byte	88
 1264 04d3 0B       		.byte	11
 1265 04d4 59       		.byte	89
 1266 04d5 0B       		.byte	11
 1267 04d6 5A       		.byte	90
 1268 04d7 0A       		.byte	10
 1269 04d8 5B       		.byte	91
 1270 04d9 0A       		.byte	10
 1271 04da 5D       		.byte	93
 1272 04db 99       		.byte	-103
 1273 04dc 5F       		.byte	95
 1274 04dd 01       		.byte	1
 1275 04de 60       		.byte	96
 1276 04df 40       		.byte	64
 1277 04e0 62       		.byte	98
 1278 04e1 40       		.byte	64
 1279 04e2 64       		.byte	100
 1280 04e3 40       		.byte	64
 1281 04e4 65       		.byte	101
 1282 04e5 40       		.byte	64
 1283 04e6 66       		.byte	102
 1284 04e7 80       		.byte	-128
 1285 04e8 68       		.byte	104
 1286 04e9 80       		.byte	-128
 1287 04ea 6A       		.byte	106
 1288 04eb 80       		.byte	-128
 1289 04ec 6C       		.byte	108
 1290 04ed 80       		.byte	-128
 1291 04ee 6E       		.byte	110
 1292 04ef 80       		.byte	-128
 1293 04f0 82       		.byte	-126
 1294 04f1 08       		.byte	8
 1295 04f2 8D       		.byte	-115
 1296 04f3 01       		.byte	1
 1297 04f4 8E       		.byte	-114
 1298 04f5 05       		.byte	5
 1299 04f6 8F       		.byte	-113
 1300 04f7 06       		.byte	6
 1301 04f8 92       		.byte	-110
 1302 04f9 01       		.byte	1
 1303 04fa 94       		.byte	-108
 1304 04fb 06       		.byte	6
 1305 04fc 96       		.byte	-106
 1306 04fd 01       		.byte	1
 1307 04fe 97       		.byte	-105
 1308 04ff 08       		.byte	8
 1309 0500 99       		.byte	-103
 1310 0501 0C       		.byte	12
 1311 0502 9A       		.byte	-102
ARM GAS  C:\Users\Trung\AppData\Local\Temp\ccmdo2I6.s 			page 24


 1312 0503 03       		.byte	3
 1313 0504 9B       		.byte	-101
 1314 0505 03       		.byte	3
 1315 0506 9E       		.byte	-98
 1316 0507 08       		.byte	8
 1317 0508 A2       		.byte	-94
 1318 0509 06       		.byte	6
 1319 050a A3       		.byte	-93
 1320 050b 0C       		.byte	12
 1321 050c A9       		.byte	-87
 1322 050d 01       		.byte	1
 1323 050e AA       		.byte	-86
 1324 050f 02       		.byte	2
 1325 0510 AB       		.byte	-85
 1326 0511 0E       		.byte	14
 1327 0512 AF       		.byte	-81
 1328 0513 03       		.byte	3
 1329 0514 B0       		.byte	-80
 1330 0515 08       		.byte	8
 1331 0516 B4       		.byte	-76
 1332 0517 07       		.byte	7
 1333 0518 B5       		.byte	-75
 1334 0519 0F       		.byte	15
 1335 051a BA       		.byte	-70
 1336 051b 20       		.byte	32
 1337 051c BB       		.byte	-69
 1338 051d 20       		.byte	32
 1339 051e BE       		.byte	-66
 1340 051f 01       		.byte	1
 1341 0520 C0       		.byte	-64
 1342 0521 41       		.byte	65
 1343 0522 C5       		.byte	-59
 1344 0523 EC       		.byte	-20
 1345 0524 C6       		.byte	-58
 1346 0525 02       		.byte	2
 1347 0526 C8       		.byte	-56
 1348 0527 07       		.byte	7
 1349 0528 C9       		.byte	-55
 1350 0529 FF       		.byte	-1
 1351 052a CA       		.byte	-54
 1352 052b FF       		.byte	-1
 1353 052c CB       		.byte	-53
 1354 052d FF       		.byte	-1
 1355 052e CD       		.byte	-51
 1356 052f 83       		.byte	-125
 1357 0530 CE       		.byte	-50
 1358 0531 03       		.byte	3
 1359 0532 CF       		.byte	-49
 1360 0533 01       		.byte	1
 1361 0534 D0       		.byte	-48
 1362 0535 18       		.byte	24
 1363 0536 D4       		.byte	-44
 1364 0537 01       		.byte	1
 1365 0538 D8       		.byte	-40
 1366 0539 04       		.byte	4
 1367 053a D9       		.byte	-39
 1368 053b 04       		.byte	4
ARM GAS  C:\Users\Trung\AppData\Local\Temp\ccmdo2I6.s 			page 25


 1369 053c DA       		.byte	-38
 1370 053d 0A       		.byte	10
 1371 053e DB       		.byte	-37
 1372 053f 0A       		.byte	10
 1373 0540 DC       		.byte	-36
 1374 0541 11       		.byte	17
 1375 0542 DD       		.byte	-35
 1376 0543 99       		.byte	-103
 1377 0544 DF       		.byte	-33
 1378 0545 01       		.byte	1
 1379 0546 E0       		.byte	-32
 1380 0547 40       		.byte	64
 1381 0548 E2       		.byte	-30
 1382 0549 40       		.byte	64
 1383 054a E4       		.byte	-28
 1384 054b 40       		.byte	64
 1385 054c E5       		.byte	-27
 1386 054d 40       		.byte	64
 1387 054e E6       		.byte	-26
 1388 054f 80       		.byte	-128
 1389 0550 E8       		.byte	-24
 1390 0551 80       		.byte	-128
 1391 0552 EA       		.byte	-22
 1392 0553 80       		.byte	-128
 1393 0554 EC       		.byte	-20
 1394 0555 80       		.byte	-128
 1395 0556 EE       		.byte	-18
 1396 0557 80       		.byte	-128
 1397 0558 00       		.byte	0
 1398 0559 40       		.byte	64
 1399 055a 01       		.byte	1
 1400 055b 02       		.byte	2
 1401 055c 08       		.byte	8
 1402 055d 02       		.byte	2
 1403 055e 09       		.byte	9
 1404 055f 80       		.byte	-128
 1405 0560 0A       		.byte	10
 1406 0561 24       		.byte	36
 1407 0562 0B       		.byte	11
 1408 0563 40       		.byte	64
 1409 0564 0D       		.byte	13
 1410 0565 02       		.byte	2
 1411 0566 0E       		.byte	14
 1412 0567 1A       		.byte	26
 1413 0568 10       		.byte	16
 1414 0569 40       		.byte	64
 1415 056a 12       		.byte	18
 1416 056b 08       		.byte	8
 1417 056c 17       		.byte	23
 1418 056d 80       		.byte	-128
 1419 056e 19       		.byte	25
 1420 056f 10       		.byte	16
 1421 0570 1A       		.byte	26
 1422 0571 44       		.byte	68
 1423 0572 1D       		.byte	29
 1424 0573 02       		.byte	2
 1425 0574 1E       		.byte	30
ARM GAS  C:\Users\Trung\AppData\Local\Temp\ccmdo2I6.s 			page 26


 1426 0575 1A       		.byte	26
 1427 0576 1F       		.byte	31
 1428 0577 02       		.byte	2
 1429 0578 22       		.byte	34
 1430 0579 10       		.byte	16
 1431 057a 27       		.byte	39
 1432 057b 80       		.byte	-128
 1433 057c 28       		.byte	40
 1434 057d 42       		.byte	66
 1435 057e 29       		.byte	41
 1436 057f 10       		.byte	16
 1437 0580 32       		.byte	50
 1438 0581 18       		.byte	24
 1439 0582 38       		.byte	56
 1440 0583 40       		.byte	64
 1441 0584 41       		.byte	65
 1442 0585 80       		.byte	-128
 1443 0586 42       		.byte	66
 1444 0587 80       		.byte	-128
 1445 0588 45       		.byte	69
 1446 0589 80       		.byte	-128
 1447 058a 46       		.byte	70
 1448 058b 80       		.byte	-128
 1449 058c 49       		.byte	73
 1450 058d 05       		.byte	5
 1451 058e 51       		.byte	81
 1452 058f 80       		.byte	-128
 1453 0590 59       		.byte	89
 1454 0591 05       		.byte	5
 1455 0592 5A       		.byte	90
 1456 0593 40       		.byte	64
 1457 0594 75       		.byte	117
 1458 0595 02       		.byte	2
 1459 0596 76       		.byte	118
 1460 0597 80       		.byte	-128
 1461 0598 7A       		.byte	122
 1462 0599 10       		.byte	16
 1463 059a 7D       		.byte	125
 1464 059b 02       		.byte	2
 1465 059c 7E       		.byte	126
 1466 059d 20       		.byte	32
 1467 059e 90       		.byte	-112
 1468 059f 40       		.byte	64
 1469 05a0 93       		.byte	-109
 1470 05a1 40       		.byte	64
 1471 05a2 96       		.byte	-106
 1472 05a3 20       		.byte	32
 1473 05a4 98       		.byte	-104
 1474 05a5 40       		.byte	64
 1475 05a6 9D       		.byte	-99
 1476 05a7 10       		.byte	16
 1477 05a8 9E       		.byte	-98
 1478 05a9 80       		.byte	-128
 1479 05aa A1       		.byte	-95
 1480 05ab 01       		.byte	1
 1481 05ac A2       		.byte	-94
 1482 05ad 38       		.byte	56
ARM GAS  C:\Users\Trung\AppData\Local\Temp\ccmdo2I6.s 			page 27


 1483 05ae A5       		.byte	-91
 1484 05af 80       		.byte	-128
 1485 05b0 A7       		.byte	-89
 1486 05b1 02       		.byte	2
 1487 05b2 C0       		.byte	-64
 1488 05b3 09       		.byte	9
 1489 05b4 C2       		.byte	-62
 1490 05b5 FF       		.byte	-1
 1491 05b6 C4       		.byte	-60
 1492 05b7 8A       		.byte	-118
 1493 05b8 CA       		.byte	-54
 1494 05b9 0D       		.byte	13
 1495 05ba CC       		.byte	-52
 1496 05bb 06       		.byte	6
 1497 05bc CE       		.byte	-50
 1498 05bd 08       		.byte	8
 1499 05be D0       		.byte	-48
 1500 05bf 99       		.byte	-103
 1501 05c0 D6       		.byte	-42
 1502 05c1 0B       		.byte	11
 1503 05c2 DE       		.byte	-34
 1504 05c3 C2       		.byte	-62
 1505 05c4 32       		.byte	50
 1506 05c5 40       		.byte	64
 1507 05c6 82       		.byte	-126
 1508 05c7 40       		.byte	64
 1509 05c8 CC       		.byte	-52
 1510 05c9 10       		.byte	16
 1511 05ca E6       		.byte	-26
 1512 05cb 80       		.byte	-128
 1513 05cc 5C       		.byte	92
 1514 05cd 02       		.byte	2
 1515 05ce 84       		.byte	-124
 1516 05cf 02       		.byte	2
 1517 05d0 D6       		.byte	-42
 1518 05d1 80       		.byte	-128
 1519 05d2 E6       		.byte	-26
 1520 05d3 40       		.byte	64
 1521 05d4 00       		.byte	0
 1522 05d5 08       		.byte	8
 1523 05d6 5B       		.byte	91
 1524 05d7 40       		.byte	64
 1525 05d8 C0       		.byte	-64
 1526 05d9 08       		.byte	8
 1527 05da D4       		.byte	-44
 1528 05db 01       		.byte	1
 1529 05dc 9F       		.byte	-97
 1530 05dd 40       		.byte	64
 1531 05de B0       		.byte	-80
 1532 05df 04       		.byte	4
 1533 05e0 EA       		.byte	-22
 1534 05e1 04       		.byte	4
 1535 05e2 8F       		.byte	-113
 1536 05e3 40       		.byte	64
 1537 05e4 9F       		.byte	-97
 1538 05e5 40       		.byte	64
 1539 05e6 E0       		.byte	-32
ARM GAS  C:\Users\Trung\AppData\Local\Temp\ccmdo2I6.s 			page 28


 1540 05e7 08       		.byte	8
 1541 05e8 00       		.byte	0
 1542 05e9 03       		.byte	3
 1543 05ea 01       		.byte	1
 1544 05eb 01       		.byte	1
 1545 05ec 0C       		.byte	12
 1546 05ed 03       		.byte	3
 1547 05ee 0D       		.byte	13
 1548 05ef 01       		.byte	1
 1549 05f0 0E       		.byte	14
 1550 05f1 03       		.byte	3
 1551 05f2 0F       		.byte	15
 1552 05f3 01       		.byte	1
 1553 05f4 10       		.byte	16
 1554 05f5 03       		.byte	3
 1555 05f6 11       		.byte	17
 1556 05f7 01       		.byte	1
 1557 05f8 1C       		.byte	28
 1558 05f9 03       		.byte	3
 1559 05fa 1D       		.byte	29
 1560 05fb 01       		.byte	1
 1561 05fc 00       		.byte	0
 1562 05fd 03       		.byte	3
 1563 05fe 00       		.byte	0
 1564 05ff 00       		.byte	0
 1565 0600 00       		.byte	0
 1566 0601 40       		.byte	64
 1567 0602 40       		.byte	64
 1568 0603 00       		.byte	0
 1569 0604 40       		.byte	64
 1570 0605 00       		.byte	0
 1571 0606 00       		.byte	0
 1572 0607 00       		.byte	0
 1573 0608 00       		.byte	0
 1574 0609 0B       		.byte	11
 1575 060a 0B       		.byte	11
 1576 060b 00       		.byte	0
 1577 060c 00       		.byte	0
 1578 060d 00       		.byte	0
 1579 060e 00       		.byte	0
 1580 060f 00       		.byte	0
 1581 0610 02       		.byte	2
 1582 0611 00       		.byte	0
 1583 0612 01       		.byte	1
 1584 0613 02       		.byte	2
 1585 0614 02       		.byte	2
 1586 0615 00       		.byte	0
 1587 0616 02       		.byte	2
 1588 0617 00       		.byte	0
 1589 0618 00       		.byte	0
 1590 0619 00       		.byte	0
 1591 061a 00       		.byte	0
 1592 061b 00       		.byte	0
 1593              		.section	.cywolatch,"a",%progbits
 1594              		.align	2
 1595              		.type	cy_meta_wonvl, %object
 1596              		.size	cy_meta_wonvl, 4
ARM GAS  C:\Users\Trung\AppData\Local\Temp\ccmdo2I6.s 			page 29


 1597              	cy_meta_wonvl:
 1598 0000 BC       		.byte	-68
 1599 0001 90       		.byte	-112
 1600 0002 AC       		.byte	-84
 1601 0003 AF       		.byte	-81
 1602              		.section	.cycustnvl,"a",%progbits
 1603              		.align	2
 1604              		.type	cy_meta_custnvl, %object
 1605              		.size	cy_meta_custnvl, 4
 1606              	cy_meta_custnvl:
 1607 0000 00       		.byte	0
 1608 0001 00       		.byte	0
 1609 0002 40       		.byte	64
 1610 0003 05       		.byte	5
 1611              		.section	.cymeta,"a",%progbits
 1612              		.align	2
 1613              		.type	cy_metadata, %object
 1614              		.size	cy_metadata, 12
 1615              	cy_metadata:
 1616 0000 00       		.byte	0
 1617 0001 01       		.byte	1
 1618 0002 2E       		.byte	46
 1619 0003 16       		.byte	22
 1620 0004 00       		.byte	0
 1621 0005 69       		.byte	105
 1622 0006 00       		.byte	0
 1623 0007 01       		.byte	1
 1624 0008 00       		.byte	0
 1625 0009 00       		.byte	0
 1626 000a 00       		.byte	0
 1627 000b 00       		.byte	0
 1628              		.section	.cyflashprotect,"a",%progbits
 1629              		.align	2
 1630              		.type	cy_meta_flashprotect, %object
 1631              		.size	cy_meta_flashprotect, 256
 1632              	cy_meta_flashprotect:
 1633 0000 00000000 		.space	256
 1633      00000000 
 1633      00000000 
 1633      00000000 
 1633      00000000 
 1634              		.text
 1635              	.Letext0:
 1636              		.file 1 "d:\\tools\\psoc creator\\psoc creator\\4.4\\psoc creator\\import\\gnu\\arm\\5.4.1\\arm-no
 1637              		.file 2 "d:\\tools\\psoc creator\\psoc creator\\4.4\\psoc creator\\import\\gnu\\arm\\5.4.1\\arm-no
 1638              		.file 3 "Generated_Source\\PSoC5\\cymetadata.c"
 1639              		.section	.debug_info,"",%progbits
 1640              	.Ldebug_info0:
 1641 0000 33010000 		.4byte	0x133
 1642 0004 0400     		.2byte	0x4
 1643 0006 00000000 		.4byte	.Ldebug_abbrev0
 1644 000a 04       		.byte	0x4
 1645 000b 01       		.uleb128 0x1
 1646 000c 48000000 		.4byte	.LASF17
 1647 0010 0C       		.byte	0xc
 1648 0011 A2010000 		.4byte	.LASF18
 1649 0015 0A000000 		.4byte	.LASF19
ARM GAS  C:\Users\Trung\AppData\Local\Temp\ccmdo2I6.s 			page 30


 1650 0019 00000000 		.4byte	.Ldebug_line0
 1651 001d 02       		.uleb128 0x2
 1652 001e 01       		.byte	0x1
 1653 001f 06       		.byte	0x6
 1654 0020 96010000 		.4byte	.LASF0
 1655 0024 03       		.uleb128 0x3
 1656 0025 00000000 		.4byte	.LASF9
 1657 0029 01       		.byte	0x1
 1658 002a 1D       		.byte	0x1d
 1659 002b 2F000000 		.4byte	0x2f
 1660 002f 02       		.uleb128 0x2
 1661 0030 01       		.byte	0x1
 1662 0031 08       		.byte	0x8
 1663 0032 3A000000 		.4byte	.LASF1
 1664 0036 02       		.uleb128 0x2
 1665 0037 02       		.byte	0x2
 1666 0038 05       		.byte	0x5
 1667 0039 83010000 		.4byte	.LASF2
 1668 003d 02       		.uleb128 0x2
 1669 003e 02       		.byte	0x2
 1670 003f 07       		.byte	0x7
 1671 0040 E8000000 		.4byte	.LASF3
 1672 0044 02       		.uleb128 0x2
 1673 0045 04       		.byte	0x4
 1674 0046 05       		.byte	0x5
 1675 0047 8D010000 		.4byte	.LASF4
 1676 004b 02       		.uleb128 0x2
 1677 004c 04       		.byte	0x4
 1678 004d 07       		.byte	0x7
 1679 004e D6000000 		.4byte	.LASF5
 1680 0052 02       		.uleb128 0x2
 1681 0053 08       		.byte	0x8
 1682 0054 05       		.byte	0x5
 1683 0055 75010000 		.4byte	.LASF6
 1684 0059 02       		.uleb128 0x2
 1685 005a 08       		.byte	0x8
 1686 005b 07       		.byte	0x7
 1687 005c 2A010000 		.4byte	.LASF7
 1688 0060 04       		.uleb128 0x4
 1689 0061 04       		.byte	0x4
 1690 0062 05       		.byte	0x5
 1691 0063 696E7400 		.ascii	"int\000"
 1692 0067 02       		.uleb128 0x2
 1693 0068 04       		.byte	0x4
 1694 0069 07       		.byte	0x7
 1695 006a 1D010000 		.4byte	.LASF8
 1696 006e 03       		.uleb128 0x3
 1697 006f 41010000 		.4byte	.LASF10
 1698 0073 02       		.byte	0x2
 1699 0074 18       		.byte	0x18
 1700 0075 24000000 		.4byte	0x24
 1701 0079 05       		.uleb128 0x5
 1702 007a 91000000 		.4byte	0x91
 1703 007e 8A000000 		.4byte	0x8a
 1704 0082 06       		.uleb128 0x6
 1705 0083 8A000000 		.4byte	0x8a
 1706 0087 1B06     		.2byte	0x61b
ARM GAS  C:\Users\Trung\AppData\Local\Temp\ccmdo2I6.s 			page 31


 1707 0089 00       		.byte	0
 1708 008a 02       		.uleb128 0x2
 1709 008b 04       		.byte	0x4
 1710 008c 07       		.byte	0x7
 1711 008d 6C010000 		.4byte	.LASF11
 1712 0091 07       		.uleb128 0x7
 1713 0092 6E000000 		.4byte	0x6e
 1714 0096 08       		.uleb128 0x8
 1715 0097 0B010000 		.4byte	.LASF12
 1716 009b 03       		.byte	0x3
 1717 009c 1F       		.byte	0x1f
 1718 009d A7000000 		.4byte	0xa7
 1719 00a1 05       		.uleb128 0x5
 1720 00a2 03       		.byte	0x3
 1721 00a3 00000000 		.4byte	cy_meta_configecc
 1722 00a7 07       		.uleb128 0x7
 1723 00a8 79000000 		.4byte	0x79
 1724 00ac 05       		.uleb128 0x5
 1725 00ad 91000000 		.4byte	0x91
 1726 00b1 BC000000 		.4byte	0xbc
 1727 00b5 09       		.uleb128 0x9
 1728 00b6 8A000000 		.4byte	0x8a
 1729 00ba 03       		.byte	0x3
 1730 00bb 00       		.byte	0
 1731 00bc 08       		.uleb128 0x8
 1732 00bd FB000000 		.4byte	.LASF13
 1733 00c1 03       		.byte	0x3
 1734 00c2 F0       		.byte	0xf0
 1735 00c3 CD000000 		.4byte	0xcd
 1736 00c7 05       		.uleb128 0x5
 1737 00c8 03       		.byte	0x3
 1738 00c9 00000000 		.4byte	cy_meta_custnvl
 1739 00cd 07       		.uleb128 0x7
 1740 00ce AC000000 		.4byte	0xac
 1741 00d2 08       		.uleb128 0x8
 1742 00d3 5E010000 		.4byte	.LASF14
 1743 00d7 03       		.byte	0x3
 1744 00d8 FE       		.byte	0xfe
 1745 00d9 E3000000 		.4byte	0xe3
 1746 00dd 05       		.uleb128 0x5
 1747 00de 03       		.byte	0x3
 1748 00df 00000000 		.4byte	cy_meta_wonvl
 1749 00e3 07       		.uleb128 0x7
 1750 00e4 AC000000 		.4byte	0xac
 1751 00e8 05       		.uleb128 0x5
 1752 00e9 91000000 		.4byte	0x91
 1753 00ed F8000000 		.4byte	0xf8
 1754 00f1 09       		.uleb128 0x9
 1755 00f2 8A000000 		.4byte	0x8a
 1756 00f6 FF       		.byte	0xff
 1757 00f7 00       		.byte	0
 1758 00f8 0A       		.uleb128 0xa
 1759 00f9 49010000 		.4byte	.LASF15
 1760 00fd 03       		.byte	0x3
 1761 00fe 0C01     		.2byte	0x10c
 1762 0100 0A010000 		.4byte	0x10a
 1763 0104 05       		.uleb128 0x5
ARM GAS  C:\Users\Trung\AppData\Local\Temp\ccmdo2I6.s 			page 32


 1764 0105 03       		.byte	0x3
 1765 0106 00000000 		.4byte	cy_meta_flashprotect
 1766 010a 07       		.uleb128 0x7
 1767 010b E8000000 		.4byte	0xe8
 1768 010f 05       		.uleb128 0x5
 1769 0110 91000000 		.4byte	0x91
 1770 0114 1F010000 		.4byte	0x11f
 1771 0118 09       		.uleb128 0x9
 1772 0119 8A000000 		.4byte	0x8a
 1773 011d 0B       		.byte	0xb
 1774 011e 00       		.byte	0
 1775 011f 0A       		.uleb128 0xa
 1776 0120 2E000000 		.4byte	.LASF16
 1777 0124 03       		.byte	0x3
 1778 0125 3901     		.2byte	0x139
 1779 0127 31010000 		.4byte	0x131
 1780 012b 05       		.uleb128 0x5
 1781 012c 03       		.byte	0x3
 1782 012d 00000000 		.4byte	cy_metadata
 1783 0131 07       		.uleb128 0x7
 1784 0132 0F010000 		.4byte	0x10f
 1785 0136 00       		.byte	0
 1786              		.section	.debug_abbrev,"",%progbits
 1787              	.Ldebug_abbrev0:
 1788 0000 01       		.uleb128 0x1
 1789 0001 11       		.uleb128 0x11
 1790 0002 01       		.byte	0x1
 1791 0003 25       		.uleb128 0x25
 1792 0004 0E       		.uleb128 0xe
 1793 0005 13       		.uleb128 0x13
 1794 0006 0B       		.uleb128 0xb
 1795 0007 03       		.uleb128 0x3
 1796 0008 0E       		.uleb128 0xe
 1797 0009 1B       		.uleb128 0x1b
 1798 000a 0E       		.uleb128 0xe
 1799 000b 10       		.uleb128 0x10
 1800 000c 17       		.uleb128 0x17
 1801 000d 00       		.byte	0
 1802 000e 00       		.byte	0
 1803 000f 02       		.uleb128 0x2
 1804 0010 24       		.uleb128 0x24
 1805 0011 00       		.byte	0
 1806 0012 0B       		.uleb128 0xb
 1807 0013 0B       		.uleb128 0xb
 1808 0014 3E       		.uleb128 0x3e
 1809 0015 0B       		.uleb128 0xb
 1810 0016 03       		.uleb128 0x3
 1811 0017 0E       		.uleb128 0xe
 1812 0018 00       		.byte	0
 1813 0019 00       		.byte	0
 1814 001a 03       		.uleb128 0x3
 1815 001b 16       		.uleb128 0x16
 1816 001c 00       		.byte	0
 1817 001d 03       		.uleb128 0x3
 1818 001e 0E       		.uleb128 0xe
 1819 001f 3A       		.uleb128 0x3a
 1820 0020 0B       		.uleb128 0xb
ARM GAS  C:\Users\Trung\AppData\Local\Temp\ccmdo2I6.s 			page 33


 1821 0021 3B       		.uleb128 0x3b
 1822 0022 0B       		.uleb128 0xb
 1823 0023 49       		.uleb128 0x49
 1824 0024 13       		.uleb128 0x13
 1825 0025 00       		.byte	0
 1826 0026 00       		.byte	0
 1827 0027 04       		.uleb128 0x4
 1828 0028 24       		.uleb128 0x24
 1829 0029 00       		.byte	0
 1830 002a 0B       		.uleb128 0xb
 1831 002b 0B       		.uleb128 0xb
 1832 002c 3E       		.uleb128 0x3e
 1833 002d 0B       		.uleb128 0xb
 1834 002e 03       		.uleb128 0x3
 1835 002f 08       		.uleb128 0x8
 1836 0030 00       		.byte	0
 1837 0031 00       		.byte	0
 1838 0032 05       		.uleb128 0x5
 1839 0033 01       		.uleb128 0x1
 1840 0034 01       		.byte	0x1
 1841 0035 49       		.uleb128 0x49
 1842 0036 13       		.uleb128 0x13
 1843 0037 01       		.uleb128 0x1
 1844 0038 13       		.uleb128 0x13
 1845 0039 00       		.byte	0
 1846 003a 00       		.byte	0
 1847 003b 06       		.uleb128 0x6
 1848 003c 21       		.uleb128 0x21
 1849 003d 00       		.byte	0
 1850 003e 49       		.uleb128 0x49
 1851 003f 13       		.uleb128 0x13
 1852 0040 2F       		.uleb128 0x2f
 1853 0041 05       		.uleb128 0x5
 1854 0042 00       		.byte	0
 1855 0043 00       		.byte	0
 1856 0044 07       		.uleb128 0x7
 1857 0045 26       		.uleb128 0x26
 1858 0046 00       		.byte	0
 1859 0047 49       		.uleb128 0x49
 1860 0048 13       		.uleb128 0x13
 1861 0049 00       		.byte	0
 1862 004a 00       		.byte	0
 1863 004b 08       		.uleb128 0x8
 1864 004c 34       		.uleb128 0x34
 1865 004d 00       		.byte	0
 1866 004e 03       		.uleb128 0x3
 1867 004f 0E       		.uleb128 0xe
 1868 0050 3A       		.uleb128 0x3a
 1869 0051 0B       		.uleb128 0xb
 1870 0052 3B       		.uleb128 0x3b
 1871 0053 0B       		.uleb128 0xb
 1872 0054 49       		.uleb128 0x49
 1873 0055 13       		.uleb128 0x13
 1874 0056 3F       		.uleb128 0x3f
 1875 0057 19       		.uleb128 0x19
 1876 0058 02       		.uleb128 0x2
 1877 0059 18       		.uleb128 0x18
ARM GAS  C:\Users\Trung\AppData\Local\Temp\ccmdo2I6.s 			page 34


 1878 005a 00       		.byte	0
 1879 005b 00       		.byte	0
 1880 005c 09       		.uleb128 0x9
 1881 005d 21       		.uleb128 0x21
 1882 005e 00       		.byte	0
 1883 005f 49       		.uleb128 0x49
 1884 0060 13       		.uleb128 0x13
 1885 0061 2F       		.uleb128 0x2f
 1886 0062 0B       		.uleb128 0xb
 1887 0063 00       		.byte	0
 1888 0064 00       		.byte	0
 1889 0065 0A       		.uleb128 0xa
 1890 0066 34       		.uleb128 0x34
 1891 0067 00       		.byte	0
 1892 0068 03       		.uleb128 0x3
 1893 0069 0E       		.uleb128 0xe
 1894 006a 3A       		.uleb128 0x3a
 1895 006b 0B       		.uleb128 0xb
 1896 006c 3B       		.uleb128 0x3b
 1897 006d 05       		.uleb128 0x5
 1898 006e 49       		.uleb128 0x49
 1899 006f 13       		.uleb128 0x13
 1900 0070 3F       		.uleb128 0x3f
 1901 0071 19       		.uleb128 0x19
 1902 0072 02       		.uleb128 0x2
 1903 0073 18       		.uleb128 0x18
 1904 0074 00       		.byte	0
 1905 0075 00       		.byte	0
 1906 0076 00       		.byte	0
 1907              		.section	.debug_aranges,"",%progbits
 1908 0000 14000000 		.4byte	0x14
 1909 0004 0200     		.2byte	0x2
 1910 0006 00000000 		.4byte	.Ldebug_info0
 1911 000a 04       		.byte	0x4
 1912 000b 00       		.byte	0
 1913 000c 0000     		.2byte	0
 1914 000e 0000     		.2byte	0
 1915 0010 00000000 		.4byte	0
 1916 0014 00000000 		.4byte	0
 1917              		.section	.debug_line,"",%progbits
 1918              	.Ldebug_line0:
 1919 0000 2B010000 		.section	.debug_str,"MS",%progbits,1
 1919      02002501 
 1919      00000201 
 1919      FB0E0D00 
 1919      01010101 
 1920              	.LASF9:
 1921 0000 5F5F7569 		.ascii	"__uint8_t\000"
 1921      6E74385F 
 1921      7400
 1922              	.LASF19:
 1923 000a 443A5C67 		.ascii	"D:\\github\\MPS\\MPS_W22_Prakt_4.cydsn\000"
 1923      69746875 
 1923      625C4D50 
 1923      535C4D50 
 1923      535F5732 
 1924              	.LASF16:
ARM GAS  C:\Users\Trung\AppData\Local\Temp\ccmdo2I6.s 			page 35


 1925 002e 63795F6D 		.ascii	"cy_metadata\000"
 1925      65746164 
 1925      61746100 
 1926              	.LASF1:
 1927 003a 756E7369 		.ascii	"unsigned char\000"
 1927      676E6564 
 1927      20636861 
 1927      7200
 1928              	.LASF17:
 1929 0048 474E5520 		.ascii	"GNU C11 5.4.1 20160609 (release) [ARM/embedded-5-br"
 1929      43313120 
 1929      352E342E 
 1929      31203230 
 1929      31363036 
 1930 007b 616E6368 		.ascii	"anch revision 237715] -mcpu=cortex-m3 -mthumb -g -O"
 1930      20726576 
 1930      6973696F 
 1930      6E203233 
 1930      37373135 
 1931 00ae 67202D66 		.ascii	"g -ffunction-sections -ffat-lto-objects\000"
 1931      66756E63 
 1931      74696F6E 
 1931      2D736563 
 1931      74696F6E 
 1932              	.LASF5:
 1933 00d6 6C6F6E67 		.ascii	"long unsigned int\000"
 1933      20756E73 
 1933      69676E65 
 1933      6420696E 
 1933      7400
 1934              	.LASF3:
 1935 00e8 73686F72 		.ascii	"short unsigned int\000"
 1935      7420756E 
 1935      7369676E 
 1935      65642069 
 1935      6E7400
 1936              	.LASF13:
 1937 00fb 63795F6D 		.ascii	"cy_meta_custnvl\000"
 1937      6574615F 
 1937      63757374 
 1937      6E766C00 
 1938              	.LASF12:
 1939 010b 63795F6D 		.ascii	"cy_meta_configecc\000"
 1939      6574615F 
 1939      636F6E66 
 1939      69676563 
 1939      6300
 1940              	.LASF8:
 1941 011d 756E7369 		.ascii	"unsigned int\000"
 1941      676E6564 
 1941      20696E74 
 1941      00
 1942              	.LASF7:
 1943 012a 6C6F6E67 		.ascii	"long long unsigned int\000"
 1943      206C6F6E 
 1943      6720756E 
 1943      7369676E 
ARM GAS  C:\Users\Trung\AppData\Local\Temp\ccmdo2I6.s 			page 36


 1943      65642069 
 1944              	.LASF10:
 1945 0141 75696E74 		.ascii	"uint8_t\000"
 1945      385F7400 
 1946              	.LASF15:
 1947 0149 63795F6D 		.ascii	"cy_meta_flashprotect\000"
 1947      6574615F 
 1947      666C6173 
 1947      6870726F 
 1947      74656374 
 1948              	.LASF14:
 1949 015e 63795F6D 		.ascii	"cy_meta_wonvl\000"
 1949      6574615F 
 1949      776F6E76 
 1949      6C00
 1950              	.LASF11:
 1951 016c 73697A65 		.ascii	"sizetype\000"
 1951      74797065 
 1951      00
 1952              	.LASF6:
 1953 0175 6C6F6E67 		.ascii	"long long int\000"
 1953      206C6F6E 
 1953      6720696E 
 1953      7400
 1954              	.LASF2:
 1955 0183 73686F72 		.ascii	"short int\000"
 1955      7420696E 
 1955      7400
 1956              	.LASF4:
 1957 018d 6C6F6E67 		.ascii	"long int\000"
 1957      20696E74 
 1957      00
 1958              	.LASF0:
 1959 0196 7369676E 		.ascii	"signed char\000"
 1959      65642063 
 1959      68617200 
 1960              	.LASF18:
 1961 01a2 47656E65 		.ascii	"Generated_Source\\PSoC5\\cymetadata.c\000"
 1961      72617465 
 1961      645F536F 
 1961      75726365 
 1961      5C50536F 
 1962              		.ident	"GCC: (GNU Tools for ARM Embedded Processors) 5.4.1 20160609 (release) [ARM/embedded-5-bran
