ARM GAS  C:\Users\Trung\AppData\Local\Temp\ccTubUlF.s 			page 1


   1              		.syntax unified
   2              		.cpu cortex-m3
   3              		.fpu softvfp
   4              		.eabi_attribute 20, 1
   5              		.eabi_attribute 21, 1
   6              		.eabi_attribute 23, 3
   7              		.eabi_attribute 24, 1
   8              		.eabi_attribute 25, 1
   9              		.eabi_attribute 26, 1
  10              		.eabi_attribute 30, 1
  11              		.eabi_attribute 34, 1
  12              		.eabi_attribute 18, 4
  13              		.thumb
  14              		.syntax unified
  15              		.file	"main.c"
  16              		.text
  17              	.Ltext0:
  18              		.cfi_sections	.debug_frame
  19              		.section	.text.MyIsrUartRX,"ax",%progbits
  20              		.align	2
  21              		.global	MyIsrUartRX
  22              		.thumb
  23              		.thumb_func
  24              		.type	MyIsrUartRX, %function
  25              	MyIsrUartRX:
  26              	.LFB65:
  27              		.file 1 "main.c"
   1:main.c        **** /* ========================================
   2:main.c        ****  *
   3:main.c        ****  * Copyright R. Mayer, h_da, FbI, 2022
   4:main.c        ****  * All Rights Reserved
   5:main.c        ****  * UNPUBLISHED, LICENSED SOFTWARE.
   6:main.c        ****  *
   7:main.c        ****  * CONFIDENTIAL AND PROPRIETARY INFORMATION
   8:main.c        ****  * WHICH IS THE PROPERTY OF your company.
   9:main.c        ****  *
  10:main.c        ****  * ========================================
  11:main.c        **** */
  12:main.c        **** #include "project.h"
  13:main.c        **** #include <stdio.h>      // für string-Operationen wie sprintf
  14:main.c        **** #include "scale.h"      // Tonleiter / Frequenzen
  15:main.c        **** 
  16:main.c        **** /*
  17:main.c        ****  * Diese Definitionen ermöglichen es, 
  18:main.c        ****  * einfach Informationen auf den Bildschirm zu schreiben
  19:main.c        ****  */
  20:main.c        **** #define _VERSION_NR     "ver. 1.0"          //!< Version number. Please update
  21:main.c        **** #define _PROJECT_NAME   "MPS_W22_Prakt_4"  //!< Project name
  22:main.c        **** #define _PROCESSOR      "PSoC 5LP"          //!< Processor type
  23:main.c        **** #define _DEVICE_NAME    "FreeSoC2"          //!< Board or device type
  24:main.c        **** #define _AUTHOR_        "Nick Otin, Marie O'hana"
  25:main.c        **** #define _COMPANY        "Template MPS22 Termin 4"
  26:main.c        **** 
  27:main.c        **** // String für die Anzeige zusammenbauen
  28:main.c        **** #define _VERSTR_       (_PROJECT_NAME", "_DEVICE_NAME", "_PROCESSOR", "_VERSION_NR"\n\r"\
  29:main.c        **** _AUTHOR_" ("_COMPANY"), "__DATE__" "__TIME__)
  30:main.c        **** 
ARM GAS  C:\Users\Trung\AppData\Local\Temp\ccTubUlF.s 			page 2


  31:main.c        **** /* 
  32:main.c        ****  * String Buffer für Anzeige am Bildschirm anlegen.
  33:main.c        ****  * Auf die maximale Größe achten!
  34:main.c        ****  */
  35:main.c        **** #define BUFFER_SIZE 128             //!< string output buffer size for sprintf
  36:main.c        **** static char buffer[BUFFER_SIZE];    //!< buffer (global) for sprintf
  37:main.c        **** 
  38:main.c        **** static char cRx = 0;                //!< character from UART, visible within main.c
  39:main.c        **** 
  40:main.c        **** #define SOUND_OFF Out_Ena_Write(0)  //!< disable sound output
  41:main.c        **** #define SOUND_ON  Out_Ena_Write(1)  //!< enable sound output
  42:main.c        **** 
  43:main.c        **** /* +++ TODO                 +++
  44:main.c        ****  *     nützliche Macros ...
  45:main.c        ****  */
  46:main.c        **** 
  47:main.c        **** /**
  48:main.c        ****  * Struktur zur Beschreibung einer einzelnen Note.
  49:main.c        ****  * Einfache Version ohne Artikulierung etc.
  50:main.c        ****  * @version 2022-12-11
  51:main.c        ****  */
  52:main.c        **** typedef struct {
  53:main.c        ****     eTone       tone;       //!< enummeration note name and frequency
  54:main.c        ****     float       duration;   //!< tone or pause duration in ms, e.g. 1, 1/2, 1/4, ....
  55:main.c        **** } sNoteSimple_t;
  56:main.c        **** 
  57:main.c        **** /**
  58:main.c        ****  * Definition einer Tonfolge mit Tondauer unter Verwendung von
  59:main.c        ****  * @see sNoteSimple_t
  60:main.c        ****  * und
  61:main.c        ****  * @see eTone
  62:main.c        ****  */
  63:main.c        **** sNoteSimple_t harm[] = { 
  64:main.c        ****                    {C5, 1./4}, {E5, 1./4}, {G5, 1./4}, 
  65:main.c        ****                    {C5, 1./4}, {E5, 1./4}, {G5, 1./4}, 
  66:main.c        ****                    {C5, 1./4}, {F5, 1./4}, {A5, 1./4}, 
  67:main.c        ****                    {C5, 1./4}, {F5, 1./4}, {A5, 1./4}, 
  68:main.c        ****                    {H4, 1./4}, {D5, 1./4}, {G5, 1./4}, 
  69:main.c        ****                    {H4, 1./4}, {D5, 1./4}, {G5, 1./4}, 
  70:main.c        ****                    {C5, 3./4}, {pse, 1./4}, {D5, 4./4}, {C5, 7./4},                
  71:main.c        ****                  };
  72:main.c        **** 
  73:main.c        **** /* +++ TODO                 +++
  74:main.c        ****  *     Funktion zum Abspielen von 'Lied'
  75:main.c        ****  */
  76:main.c        ****     /**
  77:main.c        ****      * Play a sequence of tones.
  78:main.c        ****      *
  79:main.c        ****      * @param[in] psNote pointer to sNoteSimple_t array
  80:main.c        ****      * @param len length of array
  81:main.c        ****      * @return void
  82:main.c        ****      * @todo Implementieren!
  83:main.c        ****      */
  84:main.c        ****     void play( const sNoteSimple_t* psNote, uint16_t len ) {
  85:main.c        ****         // +++ TODO +++
  86:main.c        ****         return;
  87:main.c        ****     }
ARM GAS  C:\Users\Trung\AppData\Local\Temp\ccTubUlF.s 			page 3


  88:main.c        **** 
  89:main.c        **** /** 
  90:main.c        ****  * UART RX interrupt service routine.
  91:main.c        ****  *
  92:main.c        ****  * Collect a characters from UART into a global input variable.
  93:main.c        ****  * @see cRx
  94:main.c        ****  */
  95:main.c        **** CY_ISR( MyIsrUartRX ) {
  28              		.loc 1 95 0
  29              		.cfi_startproc
  30              		@ args = 0, pretend = 0, frame = 0
  31              		@ frame_needed = 0, uses_anonymous_args = 0
  32 0000 08B5     		push	{r3, lr}
  33              		.cfi_def_cfa_offset 8
  34              		.cfi_offset 3, -8
  35              		.cfi_offset 14, -4
  96:main.c        ****     cRx = UART_GetChar();     // copy char
  36              		.loc 1 96 0
  37 0002 FFF7FEFF 		bl	UART_GetChar
  38              	.LVL0:
  39 0006 014B     		ldr	r3, .L3
  40 0008 1870     		strb	r0, [r3]
  41 000a 08BD     		pop	{r3, pc}
  42              	.L4:
  43              		.align	2
  44              	.L3:
  45 000c 00000000 		.word	.LANCHOR0
  46              		.cfi_endproc
  47              	.LFE65:
  48              		.size	MyIsrUartRX, .-MyIsrUartRX
  49              		.section	.text.play,"ax",%progbits
  50              		.align	2
  51              		.global	play
  52              		.thumb
  53              		.thumb_func
  54              		.type	play, %function
  55              	play:
  56              	.LFB64:
  84:main.c        ****         // +++ TODO +++
  57              		.loc 1 84 0
  58              		.cfi_startproc
  59              		@ args = 0, pretend = 0, frame = 0
  60              		@ frame_needed = 0, uses_anonymous_args = 0
  61              		@ link register save eliminated.
  62              	.LVL1:
  63 0000 7047     		bx	lr
  64              		.cfi_endproc
  65              	.LFE64:
  66              		.size	play, .-play
  67 0002 00BF     		.section	.text.main,"ax",%progbits
  68              		.align	2
  69              		.global	main
  70              		.thumb
  71              		.thumb_func
  72              		.type	main, %function
  73              	main:
  74              	.LFB66:
ARM GAS  C:\Users\Trung\AppData\Local\Temp\ccTubUlF.s 			page 4


  97:main.c        **** }
  98:main.c        **** 
  99:main.c        **** /**
 100:main.c        ****  * Basisprojekt mit UART mit Interrupt. 
 101:main.c        ****  * für FreeSoC2
 102:main.c        ****  * 
 103:main.c        ****  * @author Ralf S. Mayer
 104:main.c        ****  * @date 2022-12-11
 105:main.c        ****  * @version 1.0
 106:main.c        ****  */
 107:main.c        **** int main(void)
 108:main.c        **** {
  75              		.loc 1 108 0
  76              		.cfi_startproc
  77              		@ args = 0, pretend = 0, frame = 0
  78              		@ frame_needed = 0, uses_anonymous_args = 0
  79              		.loc 1 108 0
  80 0000 10B5     		push	{r4, lr}
  81              		.cfi_def_cfa_offset 8
  82              		.cfi_offset 4, -8
  83              		.cfi_offset 14, -4
 109:main.c        ****     Timer_ReadPeriod();
  84              		.loc 1 109 0
  85 0002 FFF7FEFF 		bl	Timer_ReadPeriod
  86              	.LVL2:
 110:main.c        ****     /* Initialisierung */
 111:main.c        ****     UART_Start();           // start UART
  87              		.loc 1 111 0
  88 0006 FFF7FEFF 		bl	UART_Start
  89              	.LVL3:
 112:main.c        ****     isr_UART_RX_StartEx( MyIsrUartRX ); // enable itr uart
  90              		.loc 1 112 0
  91 000a 1848     		ldr	r0, .L17
  92 000c FFF7FEFF 		bl	isr_UART_RX_StartEx
  93              	.LVL4:
 113:main.c        ****     
 114:main.c        ****     Timer_Start();
  94              		.loc 1 114 0
  95 0010 FFF7FEFF 		bl	Timer_Start
  96              	.LVL5:
 115:main.c        ****         
 116:main.c        ****     CyGlobalIntEnable; /* Enable global interrupts. */
  97              		.loc 1 116 0
  98              		.syntax unified
  99              	@ 116 "main.c" 1
 100 0014 62B6     		CPSIE   i
 101              	@ 0 "" 2
 117:main.c        **** 
 118:main.c        ****     /* Welcome and info text Ausgabe */
 119:main.c        ****     sprintf( buffer, "\n\rWelcome! %s\n\r", _VERSTR_);  // formatiert in Buffer
 102              		.loc 1 119 0
 103              		.thumb
 104              		.syntax unified
 105 0016 164C     		ldr	r4, .L17+4
 106 0018 164A     		ldr	r2, .L17+8
 107 001a 1749     		ldr	r1, .L17+12
 108 001c 2046     		mov	r0, r4
ARM GAS  C:\Users\Trung\AppData\Local\Temp\ccTubUlF.s 			page 5


 109 001e FFF7FEFF 		bl	sprintf
 110              	.LVL6:
 120:main.c        ****     UART_PutString( buffer );                           // Ausgabe auf UART
 111              		.loc 1 120 0
 112 0022 2046     		mov	r0, r4
 113 0024 FFF7FEFF 		bl	UART_PutString
 114              	.LVL7:
 115              	.L7:
 121:main.c        ****         
 122:main.c        **** 
 123:main.c        ****     uint8_t regVal = 0;
 124:main.c        ****     // Applikationsschleife
 125:main.c        ****     for(;;)
 126:main.c        ****     {
 127:main.c        ****         /* Character aus Uart ISR abfragen */
 128:main.c        ****         if ( cRx ) {
 116              		.loc 1 128 0
 117 0028 144B     		ldr	r3, .L17+16
 118 002a 1878     		ldrb	r0, [r3]	@ zero_extendqisi2
 119 002c 0028     		cmp	r0, #0
 120 002e FBD0     		beq	.L7
 129:main.c        **** 
 130:main.c        ****             switch ( cRx ) {        // write Prescale Register value
 121              		.loc 1 130 0
 122 0030 5428     		cmp	r0, #84
 123 0032 0DD0     		beq	.L9
 124 0034 04D8     		bhi	.L10
 125 0036 A0F13003 		sub	r3, r0, #48
 126 003a 032B     		cmp	r3, #3
 127 003c 03D9     		bls	.L15
 128 003e 0FE0     		b	.L8
 129              	.L10:
 130 0040 7428     		cmp	r0, #116
 131 0042 09D0     		beq	.L12
 132 0044 0CE0     		b	.L8
 133              	.L15:
 131:main.c        **** 
 132:main.c        ****                 case '0':
 133:main.c        ****                 case '1':
 134:main.c        ****                 case '2':
 135:main.c        ****                 case '3':
 136:main.c        ****                     regVal = cRx - '0';     // erklären, wie das funktioniert!
 134              		.loc 1 136 0
 135 0046 3038     		subs	r0, r0, #48
 136              	.LVL8:
 137:main.c        ****                     RegPrescaler_Write( regVal );
 137              		.loc 1 137 0
 138 0048 C0B2     		uxtb	r0, r0
 139 004a FFF7FEFF 		bl	RegPrescaler_Write
 140              	.LVL9:
 138:main.c        ****                     break;
 141              		.loc 1 138 0
 142 004e 09E0     		b	.L13
 143              	.L9:
 139:main.c        **** 
 140:main.c        ****                 case 'T':           // sound on
 141:main.c        ****                     SOUND_ON;
ARM GAS  C:\Users\Trung\AppData\Local\Temp\ccTubUlF.s 			page 6


 144              		.loc 1 141 0
 145 0050 0120     		movs	r0, #1
 146 0052 FFF7FEFF 		bl	Out_Ena_Write
 147              	.LVL10:
 142:main.c        ****                     break;
 148              		.loc 1 142 0
 149 0056 05E0     		b	.L13
 150              	.L12:
 143:main.c        ****                 case 't':           // sound off
 144:main.c        ****                     SOUND_OFF;
 151              		.loc 1 144 0
 152 0058 0020     		movs	r0, #0
 153 005a FFF7FEFF 		bl	Out_Ena_Write
 154              	.LVL11:
 145:main.c        ****                     break;
 155              		.loc 1 145 0
 156 005e 01E0     		b	.L13
 157              	.L8:
 146:main.c        **** 
 147:main.c        ****                 default:                    
 148:main.c        ****                     UART_PutChar( cRx );    // (unbenutzten) Buchstaben auf Bildschirm ausgeben
 158              		.loc 1 148 0
 159 0060 FFF7FEFF 		bl	UART_PutChar
 160              	.LVL12:
 161              	.L13:
 149:main.c        ****                     break;
 150:main.c        ****             } // end switch
 151:main.c        ****             cRx = 0;                    // nicht vergessen. Warum?
 162              		.loc 1 151 0
 163 0064 0022     		movs	r2, #0
 164 0066 054B     		ldr	r3, .L17+16
 165 0068 1A70     		strb	r2, [r3]
 166 006a DDE7     		b	.L7
 167              	.L18:
 168              		.align	2
 169              	.L17:
 170 006c 00000000 		.word	MyIsrUartRX
 171 0070 04000000 		.word	.LANCHOR0+4
 172 0074 00000000 		.word	.LC0
 173 0078 78000000 		.word	.LC1
 174 007c 00000000 		.word	.LANCHOR0
 175              		.cfi_endproc
 176              	.LFE66:
 177              		.size	main, .-main
 178              		.global	harm
 179              		.data
 180              		.align	2
 181              		.type	harm, %object
 182              		.size	harm, 176
 183              	harm:
 184 0000 0B02     		.short	523
 185 0002 0000     		.space	2
 186 0004 0000803E 		.word	1048576000
 187 0008 9302     		.short	659
 188 000a 0000     		.space	2
 189 000c 0000803E 		.word	1048576000
 190 0010 1003     		.short	784
ARM GAS  C:\Users\Trung\AppData\Local\Temp\ccTubUlF.s 			page 7


 191 0012 0000     		.space	2
 192 0014 0000803E 		.word	1048576000
 193 0018 0B02     		.short	523
 194 001a 0000     		.space	2
 195 001c 0000803E 		.word	1048576000
 196 0020 9302     		.short	659
 197 0022 0000     		.space	2
 198 0024 0000803E 		.word	1048576000
 199 0028 1003     		.short	784
 200 002a 0000     		.space	2
 201 002c 0000803E 		.word	1048576000
 202 0030 0B02     		.short	523
 203 0032 0000     		.space	2
 204 0034 0000803E 		.word	1048576000
 205 0038 BA02     		.short	698
 206 003a 0000     		.space	2
 207 003c 0000803E 		.word	1048576000
 208 0040 7003     		.short	880
 209 0042 0000     		.space	2
 210 0044 0000803E 		.word	1048576000
 211 0048 0B02     		.short	523
 212 004a 0000     		.space	2
 213 004c 0000803E 		.word	1048576000
 214 0050 BA02     		.short	698
 215 0052 0000     		.space	2
 216 0054 0000803E 		.word	1048576000
 217 0058 7003     		.short	880
 218 005a 0000     		.space	2
 219 005c 0000803E 		.word	1048576000
 220 0060 ED01     		.short	493
 221 0062 0000     		.space	2
 222 0064 0000803E 		.word	1048576000
 223 0068 4B02     		.short	587
 224 006a 0000     		.space	2
 225 006c 0000803E 		.word	1048576000
 226 0070 1003     		.short	784
 227 0072 0000     		.space	2
 228 0074 0000803E 		.word	1048576000
 229 0078 ED01     		.short	493
 230 007a 0000     		.space	2
 231 007c 0000803E 		.word	1048576000
 232 0080 4B02     		.short	587
 233 0082 0000     		.space	2
 234 0084 0000803E 		.word	1048576000
 235 0088 1003     		.short	784
 236 008a 0000     		.space	2
 237 008c 0000803E 		.word	1048576000
 238 0090 0B02     		.short	523
 239 0092 0000     		.space	2
 240 0094 0000403F 		.word	1061158912
 241 0098 0000     		.short	0
 242 009a 0000     		.space	2
 243 009c 0000803E 		.word	1048576000
 244 00a0 4B02     		.short	587
 245 00a2 0000     		.space	2
 246 00a4 0000803F 		.word	1065353216
 247 00a8 0B02     		.short	523
ARM GAS  C:\Users\Trung\AppData\Local\Temp\ccTubUlF.s 			page 8


 248 00aa 0000     		.space	2
 249 00ac 0000E03F 		.word	1071644672
 250              		.section	.rodata.str1.4,"aMS",%progbits,1
 251              		.align	2
 252              	.LC0:
 253 0000 4D50535F 		.ascii	"MPS_W22_Prakt_4, FreeSoC2, PSoC 5LP, ver. 1.0\012\015"
 253      5732325F 
 253      5072616B 
 253      745F342C 
 253      20467265 
 254 002f 4E69636B 		.ascii	"Nick Otin, Marie O'hana (Template MPS22 Termin 4), "
 254      204F7469 
 254      6E2C204D 
 254      61726965 
 254      204F2768 
 255 0062 4A616E20 		.ascii	"Jan  7 2023 23:17:22\000"
 255      20372032 
 255      30323320 
 255      32333A31 
 255      373A3232 
 256 0077 00       		.space	1
 257              	.LC1:
 258 0078 0A0D5765 		.ascii	"\012\015Welcome! %s\012\015\000"
 258      6C636F6D 
 258      65212025 
 258      730A0D00 
 259              		.bss
 260              		.align	2
 261              		.set	.LANCHOR0,. + 0
 262              		.type	cRx, %object
 263              		.size	cRx, 1
 264              	cRx:
 265 0000 00       		.space	1
 266 0001 000000   		.space	3
 267              		.type	buffer, %object
 268              		.size	buffer, 128
 269              	buffer:
 270 0004 00000000 		.space	128
 270      00000000 
 270      00000000 
 270      00000000 
 270      00000000 
 271              		.text
 272              	.Letext0:
 273              		.file 2 "d:\\tools\\psoc creator\\psoc creator\\4.4\\psoc creator\\import\\gnu\\arm\\5.4.1\\arm-no
 274              		.file 3 "d:\\tools\\psoc creator\\psoc creator\\4.4\\psoc creator\\import\\gnu\\arm\\5.4.1\\arm-no
 275              		.file 4 "scale.h"
 276              		.file 5 "Generated_Source\\PSoC5/core_cm3.h"
 277              		.file 6 "Generated_Source\\PSoC5/UART.h"
 278              		.file 7 "Generated_Source\\PSoC5/Timer.h"
 279              		.file 8 "Generated_Source\\PSoC5/isr_UART_RX.h"
 280              		.file 9 "d:\\tools\\psoc creator\\psoc creator\\4.4\\psoc creator\\import\\gnu\\arm\\5.4.1\\arm-no
 281              		.file 10 "Generated_Source\\PSoC5/RegPrescaler.h"
 282              		.file 11 "Generated_Source\\PSoC5/Out_Ena.h"
 283              		.section	.debug_info,"",%progbits
 284              	.Ldebug_info0:
 285 0000 A0030000 		.4byte	0x3a0
ARM GAS  C:\Users\Trung\AppData\Local\Temp\ccTubUlF.s 			page 9


 286 0004 0400     		.2byte	0x4
 287 0006 00000000 		.4byte	.Ldebug_abbrev0
 288 000a 04       		.byte	0x4
 289 000b 01       		.uleb128 0x1
 290 000c EE010000 		.4byte	.LASF41
 291 0010 0C       		.byte	0xc
 292 0011 8B010000 		.4byte	.LASF42
 293 0015 A4010000 		.4byte	.LASF43
 294 0019 00000000 		.4byte	.Ldebug_ranges0+0
 295 001d 00000000 		.4byte	0
 296 0021 00000000 		.4byte	.Ldebug_line0
 297 0025 02       		.uleb128 0x2
 298 0026 01       		.byte	0x1
 299 0027 06       		.byte	0x6
 300 0028 AA000000 		.4byte	.LASF0
 301 002c 03       		.uleb128 0x3
 302 002d DF000000 		.4byte	.LASF3
 303 0031 02       		.byte	0x2
 304 0032 1D       		.byte	0x1d
 305 0033 37000000 		.4byte	0x37
 306 0037 02       		.uleb128 0x2
 307 0038 01       		.byte	0x1
 308 0039 08       		.byte	0x8
 309 003a F5000000 		.4byte	.LASF1
 310 003e 02       		.uleb128 0x2
 311 003f 02       		.byte	0x2
 312 0040 05       		.byte	0x5
 313 0041 71000000 		.4byte	.LASF2
 314 0045 03       		.uleb128 0x3
 315 0046 66000000 		.4byte	.LASF4
 316 004a 02       		.byte	0x2
 317 004b 2B       		.byte	0x2b
 318 004c 50000000 		.4byte	0x50
 319 0050 02       		.uleb128 0x2
 320 0051 02       		.byte	0x2
 321 0052 07       		.byte	0x7
 322 0053 44010000 		.4byte	.LASF5
 323 0057 03       		.uleb128 0x3
 324 0058 CF010000 		.4byte	.LASF6
 325 005c 02       		.byte	0x2
 326 005d 3F       		.byte	0x3f
 327 005e 62000000 		.4byte	0x62
 328 0062 02       		.uleb128 0x2
 329 0063 04       		.byte	0x4
 330 0064 05       		.byte	0x5
 331 0065 D6000000 		.4byte	.LASF7
 332 0069 02       		.uleb128 0x2
 333 006a 04       		.byte	0x4
 334 006b 07       		.byte	0x7
 335 006c 92010000 		.4byte	.LASF8
 336 0070 02       		.uleb128 0x2
 337 0071 08       		.byte	0x8
 338 0072 05       		.byte	0x5
 339 0073 BC000000 		.4byte	.LASF9
 340 0077 02       		.uleb128 0x2
 341 0078 08       		.byte	0x8
 342 0079 07       		.byte	0x7
ARM GAS  C:\Users\Trung\AppData\Local\Temp\ccTubUlF.s 			page 10


 343 007a 0A010000 		.4byte	.LASF10
 344 007e 04       		.uleb128 0x4
 345 007f 04       		.byte	0x4
 346 0080 05       		.byte	0x5
 347 0081 696E7400 		.ascii	"int\000"
 348 0085 02       		.uleb128 0x2
 349 0086 04       		.byte	0x4
 350 0087 07       		.byte	0x7
 351 0088 29010000 		.4byte	.LASF11
 352 008c 03       		.uleb128 0x3
 353 008d D9010000 		.4byte	.LASF12
 354 0091 03       		.byte	0x3
 355 0092 18       		.byte	0x18
 356 0093 2C000000 		.4byte	0x2c
 357 0097 03       		.uleb128 0x3
 358 0098 36010000 		.4byte	.LASF13
 359 009c 03       		.byte	0x3
 360 009d 24       		.byte	0x24
 361 009e 45000000 		.4byte	0x45
 362 00a2 03       		.uleb128 0x3
 363 00a3 73010000 		.4byte	.LASF14
 364 00a7 03       		.byte	0x3
 365 00a8 2C       		.byte	0x2c
 366 00a9 57000000 		.4byte	0x57
 367 00ad 02       		.uleb128 0x2
 368 00ae 04       		.byte	0x4
 369 00af 04       		.byte	0x4
 370 00b0 B6000000 		.4byte	.LASF15
 371 00b4 02       		.uleb128 0x2
 372 00b5 08       		.byte	0x8
 373 00b6 04       		.byte	0x4
 374 00b7 C8010000 		.4byte	.LASF16
 375 00bb 02       		.uleb128 0x2
 376 00bc 01       		.byte	0x1
 377 00bd 08       		.byte	0x8
 378 00be 5E010000 		.4byte	.LASF17
 379 00c2 02       		.uleb128 0x2
 380 00c3 08       		.byte	0x8
 381 00c4 04       		.byte	0x4
 382 00c5 E9000000 		.4byte	.LASF18
 383 00c9 02       		.uleb128 0x2
 384 00ca 04       		.byte	0x4
 385 00cb 07       		.byte	0x7
 386 00cc 33000000 		.4byte	.LASF19
 387 00d0 05       		.uleb128 0x5
 388 00d1 02       		.byte	0x2
 389 00d2 50000000 		.4byte	0x50
 390 00d6 04       		.byte	0x4
 391 00d7 13       		.byte	0x13
 392 00d8 73010000 		.4byte	0x173
 393 00dc 06       		.uleb128 0x6
 394 00dd 433400   		.ascii	"C4\000"
 395 00e0 0501     		.2byte	0x105
 396 00e2 06       		.uleb128 0x6
 397 00e3 633400   		.ascii	"c4\000"
 398 00e6 1501     		.2byte	0x115
 399 00e8 06       		.uleb128 0x6
ARM GAS  C:\Users\Trung\AppData\Local\Temp\ccTubUlF.s 			page 11


 400 00e9 443400   		.ascii	"D4\000"
 401 00ec 2601     		.2byte	0x126
 402 00ee 06       		.uleb128 0x6
 403 00ef 643400   		.ascii	"d4\000"
 404 00f2 3701     		.2byte	0x137
 405 00f4 06       		.uleb128 0x6
 406 00f5 453400   		.ascii	"E4\000"
 407 00f8 4A01     		.2byte	0x14a
 408 00fa 06       		.uleb128 0x6
 409 00fb 463400   		.ascii	"F4\000"
 410 00fe 5D01     		.2byte	0x15d
 411 0100 06       		.uleb128 0x6
 412 0101 663400   		.ascii	"f4\000"
 413 0104 7201     		.2byte	0x172
 414 0106 06       		.uleb128 0x6
 415 0107 473400   		.ascii	"G4\000"
 416 010a 8701     		.2byte	0x187
 417 010c 06       		.uleb128 0x6
 418 010d 673400   		.ascii	"g4\000"
 419 0110 9F01     		.2byte	0x19f
 420 0112 06       		.uleb128 0x6
 421 0113 413400   		.ascii	"A4\000"
 422 0116 B801     		.2byte	0x1b8
 423 0118 06       		.uleb128 0x6
 424 0119 483400   		.ascii	"H4\000"
 425 011c ED01     		.2byte	0x1ed
 426 011e 06       		.uleb128 0x6
 427 011f 433500   		.ascii	"C5\000"
 428 0122 0B02     		.2byte	0x20b
 429 0124 06       		.uleb128 0x6
 430 0125 633500   		.ascii	"c5\000"
 431 0128 2A02     		.2byte	0x22a
 432 012a 06       		.uleb128 0x6
 433 012b 443500   		.ascii	"D5\000"
 434 012e 4B02     		.2byte	0x24b
 435 0130 06       		.uleb128 0x6
 436 0131 643500   		.ascii	"d5\000"
 437 0134 6E02     		.2byte	0x26e
 438 0136 06       		.uleb128 0x6
 439 0137 453500   		.ascii	"E5\000"
 440 013a 9302     		.2byte	0x293
 441 013c 06       		.uleb128 0x6
 442 013d 463500   		.ascii	"F5\000"
 443 0140 BA02     		.2byte	0x2ba
 444 0142 06       		.uleb128 0x6
 445 0143 663500   		.ascii	"f5\000"
 446 0146 E402     		.2byte	0x2e4
 447 0148 06       		.uleb128 0x6
 448 0149 473500   		.ascii	"G5\000"
 449 014c 1003     		.2byte	0x310
 450 014e 06       		.uleb128 0x6
 451 014f 673500   		.ascii	"g5\000"
 452 0152 3F03     		.2byte	0x33f
 453 0154 06       		.uleb128 0x6
 454 0155 413500   		.ascii	"A5\000"
 455 0158 7003     		.2byte	0x370
 456 015a 06       		.uleb128 0x6
ARM GAS  C:\Users\Trung\AppData\Local\Temp\ccTubUlF.s 			page 12


 457 015b 613500   		.ascii	"a5\000"
 458 015e A403     		.2byte	0x3a4
 459 0160 06       		.uleb128 0x6
 460 0161 483500   		.ascii	"H5\000"
 461 0164 DC03     		.2byte	0x3dc
 462 0166 06       		.uleb128 0x6
 463 0167 433600   		.ascii	"C6\000"
 464 016a 1704     		.2byte	0x417
 465 016c 07       		.uleb128 0x7
 466 016d 70736500 		.ascii	"pse\000"
 467 0171 00       		.byte	0
 468 0172 00       		.byte	0
 469 0173 03       		.uleb128 0x3
 470 0174 4A000000 		.4byte	.LASF20
 471 0178 04       		.byte	0x4
 472 0179 2D       		.byte	0x2d
 473 017a D0000000 		.4byte	0xd0
 474 017e 08       		.uleb128 0x8
 475 017f 08       		.byte	0x8
 476 0180 01       		.byte	0x1
 477 0181 34       		.byte	0x34
 478 0182 9F010000 		.4byte	0x19f
 479 0186 09       		.uleb128 0x9
 480 0187 50000000 		.4byte	.LASF21
 481 018b 01       		.byte	0x1
 482 018c 35       		.byte	0x35
 483 018d 73010000 		.4byte	0x173
 484 0191 00       		.byte	0
 485 0192 09       		.uleb128 0x9
 486 0193 82010000 		.4byte	.LASF22
 487 0197 01       		.byte	0x1
 488 0198 36       		.byte	0x36
 489 0199 AD000000 		.4byte	0xad
 490 019d 04       		.byte	0x4
 491 019e 00       		.byte	0
 492 019f 03       		.uleb128 0x3
 493 01a0 3C000000 		.4byte	.LASF23
 494 01a4 01       		.byte	0x1
 495 01a5 37       		.byte	0x37
 496 01a6 7E010000 		.4byte	0x17e
 497 01aa 0A       		.uleb128 0xa
 498 01ab 27000000 		.4byte	.LASF24
 499 01af 01       		.byte	0x1
 500 01b0 5F       		.byte	0x5f
 501 01b1 00000000 		.4byte	.LFB65
 502 01b5 10000000 		.4byte	.LFE65-.LFB65
 503 01b9 01       		.uleb128 0x1
 504 01ba 9C       		.byte	0x9c
 505 01bb C9010000 		.4byte	0x1c9
 506 01bf 0B       		.uleb128 0xb
 507 01c0 06000000 		.4byte	.LVL0
 508 01c4 35030000 		.4byte	0x335
 509 01c8 00       		.byte	0
 510 01c9 0A       		.uleb128 0xa
 511 01ca 3F010000 		.4byte	.LASF25
 512 01ce 01       		.byte	0x1
 513 01cf 54       		.byte	0x54
ARM GAS  C:\Users\Trung\AppData\Local\Temp\ccTubUlF.s 			page 13


 514 01d0 00000000 		.4byte	.LFB64
 515 01d4 02000000 		.4byte	.LFE64-.LFB64
 516 01d8 01       		.uleb128 0x1
 517 01d9 9C       		.byte	0x9c
 518 01da F9010000 		.4byte	0x1f9
 519 01de 0C       		.uleb128 0xc
 520 01df 57010000 		.4byte	.LASF26
 521 01e3 01       		.byte	0x1
 522 01e4 54       		.byte	0x54
 523 01e5 F9010000 		.4byte	0x1f9
 524 01e9 01       		.uleb128 0x1
 525 01ea 50       		.byte	0x50
 526 01eb 0D       		.uleb128 0xd
 527 01ec 6C656E00 		.ascii	"len\000"
 528 01f0 01       		.byte	0x1
 529 01f1 54       		.byte	0x54
 530 01f2 97000000 		.4byte	0x97
 531 01f6 01       		.uleb128 0x1
 532 01f7 51       		.byte	0x51
 533 01f8 00       		.byte	0
 534 01f9 0E       		.uleb128 0xe
 535 01fa 04       		.byte	0x4
 536 01fb FF010000 		.4byte	0x1ff
 537 01ff 0F       		.uleb128 0xf
 538 0200 9F010000 		.4byte	0x19f
 539 0204 10       		.uleb128 0x10
 540 0205 63010000 		.4byte	.LASF44
 541 0209 01       		.byte	0x1
 542 020a 6B       		.byte	0x6b
 543 020b 7E000000 		.4byte	0x7e
 544 020f 00000000 		.4byte	.LFB66
 545 0213 80000000 		.4byte	.LFE66-.LFB66
 546 0217 01       		.uleb128 0x1
 547 0218 9C       		.byte	0x9c
 548 0219 D1020000 		.4byte	0x2d1
 549 021d 11       		.uleb128 0x11
 550 021e 03010000 		.4byte	.LASF27
 551 0222 01       		.byte	0x1
 552 0223 7B       		.byte	0x7b
 553 0224 8C000000 		.4byte	0x8c
 554 0228 00000000 		.4byte	.LLST0
 555 022c 0B       		.uleb128 0xb
 556 022d 06000000 		.4byte	.LVL2
 557 0231 40030000 		.4byte	0x340
 558 0235 0B       		.uleb128 0xb
 559 0236 0A000000 		.4byte	.LVL3
 560 023a 4B030000 		.4byte	0x34b
 561 023e 12       		.uleb128 0x12
 562 023f 10000000 		.4byte	.LVL4
 563 0243 56030000 		.4byte	0x356
 564 0247 55020000 		.4byte	0x255
 565 024b 13       		.uleb128 0x13
 566 024c 01       		.uleb128 0x1
 567 024d 50       		.byte	0x50
 568 024e 05       		.uleb128 0x5
 569 024f 03       		.byte	0x3
 570 0250 00000000 		.4byte	MyIsrUartRX
ARM GAS  C:\Users\Trung\AppData\Local\Temp\ccTubUlF.s 			page 14


 571 0254 00       		.byte	0
 572 0255 0B       		.uleb128 0xb
 573 0256 14000000 		.4byte	.LVL5
 574 025a 61030000 		.4byte	0x361
 575 025e 12       		.uleb128 0x12
 576 025f 22000000 		.4byte	.LVL6
 577 0263 6C030000 		.4byte	0x36c
 578 0267 84020000 		.4byte	0x284
 579 026b 13       		.uleb128 0x13
 580 026c 01       		.uleb128 0x1
 581 026d 50       		.byte	0x50
 582 026e 02       		.uleb128 0x2
 583 026f 74       		.byte	0x74
 584 0270 00       		.sleb128 0
 585 0271 13       		.uleb128 0x13
 586 0272 01       		.uleb128 0x1
 587 0273 51       		.byte	0x51
 588 0274 05       		.uleb128 0x5
 589 0275 03       		.byte	0x3
 590 0276 78000000 		.4byte	.LC1
 591 027a 13       		.uleb128 0x13
 592 027b 01       		.uleb128 0x1
 593 027c 52       		.byte	0x52
 594 027d 05       		.uleb128 0x5
 595 027e 03       		.byte	0x3
 596 027f 00000000 		.4byte	.LC0
 597 0283 00       		.byte	0
 598 0284 12       		.uleb128 0x12
 599 0285 28000000 		.4byte	.LVL7
 600 0289 77030000 		.4byte	0x377
 601 028d 98020000 		.4byte	0x298
 602 0291 13       		.uleb128 0x13
 603 0292 01       		.uleb128 0x1
 604 0293 50       		.byte	0x50
 605 0294 02       		.uleb128 0x2
 606 0295 74       		.byte	0x74
 607 0296 00       		.sleb128 0
 608 0297 00       		.byte	0
 609 0298 0B       		.uleb128 0xb
 610 0299 4E000000 		.4byte	.LVL9
 611 029d 82030000 		.4byte	0x382
 612 02a1 12       		.uleb128 0x12
 613 02a2 56000000 		.4byte	.LVL10
 614 02a6 8D030000 		.4byte	0x38d
 615 02aa B4020000 		.4byte	0x2b4
 616 02ae 13       		.uleb128 0x13
 617 02af 01       		.uleb128 0x1
 618 02b0 50       		.byte	0x50
 619 02b1 01       		.uleb128 0x1
 620 02b2 31       		.byte	0x31
 621 02b3 00       		.byte	0
 622 02b4 12       		.uleb128 0x12
 623 02b5 5E000000 		.4byte	.LVL11
 624 02b9 8D030000 		.4byte	0x38d
 625 02bd C7020000 		.4byte	0x2c7
 626 02c1 13       		.uleb128 0x13
 627 02c2 01       		.uleb128 0x1
ARM GAS  C:\Users\Trung\AppData\Local\Temp\ccTubUlF.s 			page 15


 628 02c3 50       		.byte	0x50
 629 02c4 01       		.uleb128 0x1
 630 02c5 30       		.byte	0x30
 631 02c6 00       		.byte	0
 632 02c7 0B       		.uleb128 0xb
 633 02c8 64000000 		.4byte	.LVL12
 634 02cc 98030000 		.4byte	0x398
 635 02d0 00       		.byte	0
 636 02d1 14       		.uleb128 0x14
 637 02d2 BB000000 		.4byte	0xbb
 638 02d6 E1020000 		.4byte	0x2e1
 639 02da 15       		.uleb128 0x15
 640 02db C9000000 		.4byte	0xc9
 641 02df 7F       		.byte	0x7f
 642 02e0 00       		.byte	0
 643 02e1 16       		.uleb128 0x16
 644 02e2 7B010000 		.4byte	.LASF28
 645 02e6 01       		.byte	0x1
 646 02e7 24       		.byte	0x24
 647 02e8 D1020000 		.4byte	0x2d1
 648 02ec 05       		.uleb128 0x5
 649 02ed 03       		.byte	0x3
 650 02ee 04000000 		.4byte	buffer
 651 02f2 17       		.uleb128 0x17
 652 02f3 63527800 		.ascii	"cRx\000"
 653 02f7 01       		.byte	0x1
 654 02f8 26       		.byte	0x26
 655 02f9 BB000000 		.4byte	0xbb
 656 02fd 05       		.uleb128 0x5
 657 02fe 03       		.byte	0x3
 658 02ff 00000000 		.4byte	cRx
 659 0303 18       		.uleb128 0x18
 660 0304 E1010000 		.4byte	.LASF29
 661 0308 05       		.byte	0x5
 662 0309 1207     		.2byte	0x712
 663 030b 0F030000 		.4byte	0x30f
 664 030f 19       		.uleb128 0x19
 665 0310 A2000000 		.4byte	0xa2
 666 0314 14       		.uleb128 0x14
 667 0315 9F010000 		.4byte	0x19f
 668 0319 24030000 		.4byte	0x324
 669 031d 15       		.uleb128 0x15
 670 031e C9000000 		.4byte	0xc9
 671 0322 15       		.byte	0x15
 672 0323 00       		.byte	0
 673 0324 1A       		.uleb128 0x1a
 674 0325 A5000000 		.4byte	.LASF30
 675 0329 01       		.byte	0x1
 676 032a 3F       		.byte	0x3f
 677 032b 14030000 		.4byte	0x314
 678 032f 05       		.uleb128 0x5
 679 0330 03       		.byte	0x3
 680 0331 00000000 		.4byte	harm
 681 0335 1B       		.uleb128 0x1b
 682 0336 89000000 		.4byte	.LASF31
 683 033a 89000000 		.4byte	.LASF31
 684 033e 06       		.byte	0x6
ARM GAS  C:\Users\Trung\AppData\Local\Temp\ccTubUlF.s 			page 16


 685 033f 71       		.byte	0x71
 686 0340 1B       		.uleb128 0x1b
 687 0341 55000000 		.4byte	.LASF32
 688 0345 55000000 		.4byte	.LASF32
 689 0349 07       		.byte	0x7
 690 034a 67       		.byte	0x67
 691 034b 1B       		.uleb128 0x1b
 692 034c 68010000 		.4byte	.LASF33
 693 0350 68010000 		.4byte	.LASF33
 694 0354 06       		.byte	0x6
 695 0355 54       		.byte	0x54
 696 0356 1B       		.uleb128 0x1b
 697 0357 00000000 		.4byte	.LASF34
 698 035b 00000000 		.4byte	.LASF34
 699 035f 08       		.byte	0x8
 700 0360 18       		.byte	0x18
 701 0361 1B       		.uleb128 0x1b
 702 0362 CA000000 		.4byte	.LASF35
 703 0366 CA000000 		.4byte	.LASF35
 704 036a 07       		.byte	0x7
 705 036b 5A       		.byte	0x5a
 706 036c 1B       		.uleb128 0x1b
 707 036d 21010000 		.4byte	.LASF36
 708 0371 21010000 		.4byte	.LASF36
 709 0375 09       		.byte	0x9
 710 0376 E7       		.byte	0xe7
 711 0377 1B       		.uleb128 0x1b
 712 0378 96000000 		.4byte	.LASF37
 713 037c 96000000 		.4byte	.LASF37
 714 0380 06       		.byte	0x6
 715 0381 8B       		.byte	0x8b
 716 0382 1B       		.uleb128 0x1b
 717 0383 14000000 		.4byte	.LASF38
 718 0387 14000000 		.4byte	.LASF38
 719 038b 0A       		.byte	0xa
 720 038c 2F       		.byte	0x2f
 721 038d 1B       		.uleb128 0x1b
 722 038e 7B000000 		.4byte	.LASF39
 723 0392 7B000000 		.4byte	.LASF39
 724 0396 0B       		.byte	0xb
 725 0397 2F       		.byte	0x2f
 726 0398 1B       		.uleb128 0x1b
 727 0399 7C020000 		.4byte	.LASF40
 728 039d 7C020000 		.4byte	.LASF40
 729 03a1 06       		.byte	0x6
 730 03a2 8A       		.byte	0x8a
 731 03a3 00       		.byte	0
 732              		.section	.debug_abbrev,"",%progbits
 733              	.Ldebug_abbrev0:
 734 0000 01       		.uleb128 0x1
 735 0001 11       		.uleb128 0x11
 736 0002 01       		.byte	0x1
 737 0003 25       		.uleb128 0x25
 738 0004 0E       		.uleb128 0xe
 739 0005 13       		.uleb128 0x13
 740 0006 0B       		.uleb128 0xb
 741 0007 03       		.uleb128 0x3
ARM GAS  C:\Users\Trung\AppData\Local\Temp\ccTubUlF.s 			page 17


 742 0008 0E       		.uleb128 0xe
 743 0009 1B       		.uleb128 0x1b
 744 000a 0E       		.uleb128 0xe
 745 000b 55       		.uleb128 0x55
 746 000c 17       		.uleb128 0x17
 747 000d 11       		.uleb128 0x11
 748 000e 01       		.uleb128 0x1
 749 000f 10       		.uleb128 0x10
 750 0010 17       		.uleb128 0x17
 751 0011 00       		.byte	0
 752 0012 00       		.byte	0
 753 0013 02       		.uleb128 0x2
 754 0014 24       		.uleb128 0x24
 755 0015 00       		.byte	0
 756 0016 0B       		.uleb128 0xb
 757 0017 0B       		.uleb128 0xb
 758 0018 3E       		.uleb128 0x3e
 759 0019 0B       		.uleb128 0xb
 760 001a 03       		.uleb128 0x3
 761 001b 0E       		.uleb128 0xe
 762 001c 00       		.byte	0
 763 001d 00       		.byte	0
 764 001e 03       		.uleb128 0x3
 765 001f 16       		.uleb128 0x16
 766 0020 00       		.byte	0
 767 0021 03       		.uleb128 0x3
 768 0022 0E       		.uleb128 0xe
 769 0023 3A       		.uleb128 0x3a
 770 0024 0B       		.uleb128 0xb
 771 0025 3B       		.uleb128 0x3b
 772 0026 0B       		.uleb128 0xb
 773 0027 49       		.uleb128 0x49
 774 0028 13       		.uleb128 0x13
 775 0029 00       		.byte	0
 776 002a 00       		.byte	0
 777 002b 04       		.uleb128 0x4
 778 002c 24       		.uleb128 0x24
 779 002d 00       		.byte	0
 780 002e 0B       		.uleb128 0xb
 781 002f 0B       		.uleb128 0xb
 782 0030 3E       		.uleb128 0x3e
 783 0031 0B       		.uleb128 0xb
 784 0032 03       		.uleb128 0x3
 785 0033 08       		.uleb128 0x8
 786 0034 00       		.byte	0
 787 0035 00       		.byte	0
 788 0036 05       		.uleb128 0x5
 789 0037 04       		.uleb128 0x4
 790 0038 01       		.byte	0x1
 791 0039 0B       		.uleb128 0xb
 792 003a 0B       		.uleb128 0xb
 793 003b 49       		.uleb128 0x49
 794 003c 13       		.uleb128 0x13
 795 003d 3A       		.uleb128 0x3a
 796 003e 0B       		.uleb128 0xb
 797 003f 3B       		.uleb128 0x3b
 798 0040 0B       		.uleb128 0xb
ARM GAS  C:\Users\Trung\AppData\Local\Temp\ccTubUlF.s 			page 18


 799 0041 01       		.uleb128 0x1
 800 0042 13       		.uleb128 0x13
 801 0043 00       		.byte	0
 802 0044 00       		.byte	0
 803 0045 06       		.uleb128 0x6
 804 0046 28       		.uleb128 0x28
 805 0047 00       		.byte	0
 806 0048 03       		.uleb128 0x3
 807 0049 08       		.uleb128 0x8
 808 004a 1C       		.uleb128 0x1c
 809 004b 05       		.uleb128 0x5
 810 004c 00       		.byte	0
 811 004d 00       		.byte	0
 812 004e 07       		.uleb128 0x7
 813 004f 28       		.uleb128 0x28
 814 0050 00       		.byte	0
 815 0051 03       		.uleb128 0x3
 816 0052 08       		.uleb128 0x8
 817 0053 1C       		.uleb128 0x1c
 818 0054 0B       		.uleb128 0xb
 819 0055 00       		.byte	0
 820 0056 00       		.byte	0
 821 0057 08       		.uleb128 0x8
 822 0058 13       		.uleb128 0x13
 823 0059 01       		.byte	0x1
 824 005a 0B       		.uleb128 0xb
 825 005b 0B       		.uleb128 0xb
 826 005c 3A       		.uleb128 0x3a
 827 005d 0B       		.uleb128 0xb
 828 005e 3B       		.uleb128 0x3b
 829 005f 0B       		.uleb128 0xb
 830 0060 01       		.uleb128 0x1
 831 0061 13       		.uleb128 0x13
 832 0062 00       		.byte	0
 833 0063 00       		.byte	0
 834 0064 09       		.uleb128 0x9
 835 0065 0D       		.uleb128 0xd
 836 0066 00       		.byte	0
 837 0067 03       		.uleb128 0x3
 838 0068 0E       		.uleb128 0xe
 839 0069 3A       		.uleb128 0x3a
 840 006a 0B       		.uleb128 0xb
 841 006b 3B       		.uleb128 0x3b
 842 006c 0B       		.uleb128 0xb
 843 006d 49       		.uleb128 0x49
 844 006e 13       		.uleb128 0x13
 845 006f 38       		.uleb128 0x38
 846 0070 0B       		.uleb128 0xb
 847 0071 00       		.byte	0
 848 0072 00       		.byte	0
 849 0073 0A       		.uleb128 0xa
 850 0074 2E       		.uleb128 0x2e
 851 0075 01       		.byte	0x1
 852 0076 3F       		.uleb128 0x3f
 853 0077 19       		.uleb128 0x19
 854 0078 03       		.uleb128 0x3
 855 0079 0E       		.uleb128 0xe
ARM GAS  C:\Users\Trung\AppData\Local\Temp\ccTubUlF.s 			page 19


 856 007a 3A       		.uleb128 0x3a
 857 007b 0B       		.uleb128 0xb
 858 007c 3B       		.uleb128 0x3b
 859 007d 0B       		.uleb128 0xb
 860 007e 27       		.uleb128 0x27
 861 007f 19       		.uleb128 0x19
 862 0080 11       		.uleb128 0x11
 863 0081 01       		.uleb128 0x1
 864 0082 12       		.uleb128 0x12
 865 0083 06       		.uleb128 0x6
 866 0084 40       		.uleb128 0x40
 867 0085 18       		.uleb128 0x18
 868 0086 9742     		.uleb128 0x2117
 869 0088 19       		.uleb128 0x19
 870 0089 01       		.uleb128 0x1
 871 008a 13       		.uleb128 0x13
 872 008b 00       		.byte	0
 873 008c 00       		.byte	0
 874 008d 0B       		.uleb128 0xb
 875 008e 898201   		.uleb128 0x4109
 876 0091 00       		.byte	0
 877 0092 11       		.uleb128 0x11
 878 0093 01       		.uleb128 0x1
 879 0094 31       		.uleb128 0x31
 880 0095 13       		.uleb128 0x13
 881 0096 00       		.byte	0
 882 0097 00       		.byte	0
 883 0098 0C       		.uleb128 0xc
 884 0099 05       		.uleb128 0x5
 885 009a 00       		.byte	0
 886 009b 03       		.uleb128 0x3
 887 009c 0E       		.uleb128 0xe
 888 009d 3A       		.uleb128 0x3a
 889 009e 0B       		.uleb128 0xb
 890 009f 3B       		.uleb128 0x3b
 891 00a0 0B       		.uleb128 0xb
 892 00a1 49       		.uleb128 0x49
 893 00a2 13       		.uleb128 0x13
 894 00a3 02       		.uleb128 0x2
 895 00a4 18       		.uleb128 0x18
 896 00a5 00       		.byte	0
 897 00a6 00       		.byte	0
 898 00a7 0D       		.uleb128 0xd
 899 00a8 05       		.uleb128 0x5
 900 00a9 00       		.byte	0
 901 00aa 03       		.uleb128 0x3
 902 00ab 08       		.uleb128 0x8
 903 00ac 3A       		.uleb128 0x3a
 904 00ad 0B       		.uleb128 0xb
 905 00ae 3B       		.uleb128 0x3b
 906 00af 0B       		.uleb128 0xb
 907 00b0 49       		.uleb128 0x49
 908 00b1 13       		.uleb128 0x13
 909 00b2 02       		.uleb128 0x2
 910 00b3 18       		.uleb128 0x18
 911 00b4 00       		.byte	0
 912 00b5 00       		.byte	0
ARM GAS  C:\Users\Trung\AppData\Local\Temp\ccTubUlF.s 			page 20


 913 00b6 0E       		.uleb128 0xe
 914 00b7 0F       		.uleb128 0xf
 915 00b8 00       		.byte	0
 916 00b9 0B       		.uleb128 0xb
 917 00ba 0B       		.uleb128 0xb
 918 00bb 49       		.uleb128 0x49
 919 00bc 13       		.uleb128 0x13
 920 00bd 00       		.byte	0
 921 00be 00       		.byte	0
 922 00bf 0F       		.uleb128 0xf
 923 00c0 26       		.uleb128 0x26
 924 00c1 00       		.byte	0
 925 00c2 49       		.uleb128 0x49
 926 00c3 13       		.uleb128 0x13
 927 00c4 00       		.byte	0
 928 00c5 00       		.byte	0
 929 00c6 10       		.uleb128 0x10
 930 00c7 2E       		.uleb128 0x2e
 931 00c8 01       		.byte	0x1
 932 00c9 3F       		.uleb128 0x3f
 933 00ca 19       		.uleb128 0x19
 934 00cb 03       		.uleb128 0x3
 935 00cc 0E       		.uleb128 0xe
 936 00cd 3A       		.uleb128 0x3a
 937 00ce 0B       		.uleb128 0xb
 938 00cf 3B       		.uleb128 0x3b
 939 00d0 0B       		.uleb128 0xb
 940 00d1 27       		.uleb128 0x27
 941 00d2 19       		.uleb128 0x19
 942 00d3 49       		.uleb128 0x49
 943 00d4 13       		.uleb128 0x13
 944 00d5 8701     		.uleb128 0x87
 945 00d7 19       		.uleb128 0x19
 946 00d8 11       		.uleb128 0x11
 947 00d9 01       		.uleb128 0x1
 948 00da 12       		.uleb128 0x12
 949 00db 06       		.uleb128 0x6
 950 00dc 40       		.uleb128 0x40
 951 00dd 18       		.uleb128 0x18
 952 00de 9742     		.uleb128 0x2117
 953 00e0 19       		.uleb128 0x19
 954 00e1 01       		.uleb128 0x1
 955 00e2 13       		.uleb128 0x13
 956 00e3 00       		.byte	0
 957 00e4 00       		.byte	0
 958 00e5 11       		.uleb128 0x11
 959 00e6 34       		.uleb128 0x34
 960 00e7 00       		.byte	0
 961 00e8 03       		.uleb128 0x3
 962 00e9 0E       		.uleb128 0xe
 963 00ea 3A       		.uleb128 0x3a
 964 00eb 0B       		.uleb128 0xb
 965 00ec 3B       		.uleb128 0x3b
 966 00ed 0B       		.uleb128 0xb
 967 00ee 49       		.uleb128 0x49
 968 00ef 13       		.uleb128 0x13
 969 00f0 02       		.uleb128 0x2
ARM GAS  C:\Users\Trung\AppData\Local\Temp\ccTubUlF.s 			page 21


 970 00f1 17       		.uleb128 0x17
 971 00f2 00       		.byte	0
 972 00f3 00       		.byte	0
 973 00f4 12       		.uleb128 0x12
 974 00f5 898201   		.uleb128 0x4109
 975 00f8 01       		.byte	0x1
 976 00f9 11       		.uleb128 0x11
 977 00fa 01       		.uleb128 0x1
 978 00fb 31       		.uleb128 0x31
 979 00fc 13       		.uleb128 0x13
 980 00fd 01       		.uleb128 0x1
 981 00fe 13       		.uleb128 0x13
 982 00ff 00       		.byte	0
 983 0100 00       		.byte	0
 984 0101 13       		.uleb128 0x13
 985 0102 8A8201   		.uleb128 0x410a
 986 0105 00       		.byte	0
 987 0106 02       		.uleb128 0x2
 988 0107 18       		.uleb128 0x18
 989 0108 9142     		.uleb128 0x2111
 990 010a 18       		.uleb128 0x18
 991 010b 00       		.byte	0
 992 010c 00       		.byte	0
 993 010d 14       		.uleb128 0x14
 994 010e 01       		.uleb128 0x1
 995 010f 01       		.byte	0x1
 996 0110 49       		.uleb128 0x49
 997 0111 13       		.uleb128 0x13
 998 0112 01       		.uleb128 0x1
 999 0113 13       		.uleb128 0x13
 1000 0114 00       		.byte	0
 1001 0115 00       		.byte	0
 1002 0116 15       		.uleb128 0x15
 1003 0117 21       		.uleb128 0x21
 1004 0118 00       		.byte	0
 1005 0119 49       		.uleb128 0x49
 1006 011a 13       		.uleb128 0x13
 1007 011b 2F       		.uleb128 0x2f
 1008 011c 0B       		.uleb128 0xb
 1009 011d 00       		.byte	0
 1010 011e 00       		.byte	0
 1011 011f 16       		.uleb128 0x16
 1012 0120 34       		.uleb128 0x34
 1013 0121 00       		.byte	0
 1014 0122 03       		.uleb128 0x3
 1015 0123 0E       		.uleb128 0xe
 1016 0124 3A       		.uleb128 0x3a
 1017 0125 0B       		.uleb128 0xb
 1018 0126 3B       		.uleb128 0x3b
 1019 0127 0B       		.uleb128 0xb
 1020 0128 49       		.uleb128 0x49
 1021 0129 13       		.uleb128 0x13
 1022 012a 02       		.uleb128 0x2
 1023 012b 18       		.uleb128 0x18
 1024 012c 00       		.byte	0
 1025 012d 00       		.byte	0
 1026 012e 17       		.uleb128 0x17
ARM GAS  C:\Users\Trung\AppData\Local\Temp\ccTubUlF.s 			page 22


 1027 012f 34       		.uleb128 0x34
 1028 0130 00       		.byte	0
 1029 0131 03       		.uleb128 0x3
 1030 0132 08       		.uleb128 0x8
 1031 0133 3A       		.uleb128 0x3a
 1032 0134 0B       		.uleb128 0xb
 1033 0135 3B       		.uleb128 0x3b
 1034 0136 0B       		.uleb128 0xb
 1035 0137 49       		.uleb128 0x49
 1036 0138 13       		.uleb128 0x13
 1037 0139 02       		.uleb128 0x2
 1038 013a 18       		.uleb128 0x18
 1039 013b 00       		.byte	0
 1040 013c 00       		.byte	0
 1041 013d 18       		.uleb128 0x18
 1042 013e 34       		.uleb128 0x34
 1043 013f 00       		.byte	0
 1044 0140 03       		.uleb128 0x3
 1045 0141 0E       		.uleb128 0xe
 1046 0142 3A       		.uleb128 0x3a
 1047 0143 0B       		.uleb128 0xb
 1048 0144 3B       		.uleb128 0x3b
 1049 0145 05       		.uleb128 0x5
 1050 0146 49       		.uleb128 0x49
 1051 0147 13       		.uleb128 0x13
 1052 0148 3F       		.uleb128 0x3f
 1053 0149 19       		.uleb128 0x19
 1054 014a 3C       		.uleb128 0x3c
 1055 014b 19       		.uleb128 0x19
 1056 014c 00       		.byte	0
 1057 014d 00       		.byte	0
 1058 014e 19       		.uleb128 0x19
 1059 014f 35       		.uleb128 0x35
 1060 0150 00       		.byte	0
 1061 0151 49       		.uleb128 0x49
 1062 0152 13       		.uleb128 0x13
 1063 0153 00       		.byte	0
 1064 0154 00       		.byte	0
 1065 0155 1A       		.uleb128 0x1a
 1066 0156 34       		.uleb128 0x34
 1067 0157 00       		.byte	0
 1068 0158 03       		.uleb128 0x3
 1069 0159 0E       		.uleb128 0xe
 1070 015a 3A       		.uleb128 0x3a
 1071 015b 0B       		.uleb128 0xb
 1072 015c 3B       		.uleb128 0x3b
 1073 015d 0B       		.uleb128 0xb
 1074 015e 49       		.uleb128 0x49
 1075 015f 13       		.uleb128 0x13
 1076 0160 3F       		.uleb128 0x3f
 1077 0161 19       		.uleb128 0x19
 1078 0162 02       		.uleb128 0x2
 1079 0163 18       		.uleb128 0x18
 1080 0164 00       		.byte	0
 1081 0165 00       		.byte	0
 1082 0166 1B       		.uleb128 0x1b
 1083 0167 2E       		.uleb128 0x2e
ARM GAS  C:\Users\Trung\AppData\Local\Temp\ccTubUlF.s 			page 23


 1084 0168 00       		.byte	0
 1085 0169 3F       		.uleb128 0x3f
 1086 016a 19       		.uleb128 0x19
 1087 016b 3C       		.uleb128 0x3c
 1088 016c 19       		.uleb128 0x19
 1089 016d 6E       		.uleb128 0x6e
 1090 016e 0E       		.uleb128 0xe
 1091 016f 03       		.uleb128 0x3
 1092 0170 0E       		.uleb128 0xe
 1093 0171 3A       		.uleb128 0x3a
 1094 0172 0B       		.uleb128 0xb
 1095 0173 3B       		.uleb128 0x3b
 1096 0174 0B       		.uleb128 0xb
 1097 0175 00       		.byte	0
 1098 0176 00       		.byte	0
 1099 0177 00       		.byte	0
 1100              		.section	.debug_loc,"",%progbits
 1101              	.Ldebug_loc0:
 1102              	.LLST0:
 1103 0000 48000000 		.4byte	.LVL8
 1104 0004 4D000000 		.4byte	.LVL9-1
 1105 0008 0100     		.2byte	0x1
 1106 000a 50       		.byte	0x50
 1107 000b 00000000 		.4byte	0
 1108 000f 00000000 		.4byte	0
 1109              		.section	.debug_aranges,"",%progbits
 1110 0000 2C000000 		.4byte	0x2c
 1111 0004 0200     		.2byte	0x2
 1112 0006 00000000 		.4byte	.Ldebug_info0
 1113 000a 04       		.byte	0x4
 1114 000b 00       		.byte	0
 1115 000c 0000     		.2byte	0
 1116 000e 0000     		.2byte	0
 1117 0010 00000000 		.4byte	.LFB65
 1118 0014 10000000 		.4byte	.LFE65-.LFB65
 1119 0018 00000000 		.4byte	.LFB64
 1120 001c 02000000 		.4byte	.LFE64-.LFB64
 1121 0020 00000000 		.4byte	.LFB66
 1122 0024 80000000 		.4byte	.LFE66-.LFB66
 1123 0028 00000000 		.4byte	0
 1124 002c 00000000 		.4byte	0
 1125              		.section	.debug_ranges,"",%progbits
 1126              	.Ldebug_ranges0:
 1127 0000 00000000 		.4byte	.LFB65
 1128 0004 10000000 		.4byte	.LFE65
 1129 0008 00000000 		.4byte	.LFB64
 1130 000c 02000000 		.4byte	.LFE64
 1131 0010 00000000 		.4byte	.LFB66
 1132 0014 80000000 		.4byte	.LFE66
 1133 0018 00000000 		.4byte	0
 1134 001c 00000000 		.4byte	0
 1135              		.section	.debug_line,"",%progbits
 1136              	.Ldebug_line0:
 1137 0000 31020000 		.section	.debug_str,"MS",%progbits,1
 1137      0200E701 
 1137      00000201 
 1137      FB0E0D00 
ARM GAS  C:\Users\Trung\AppData\Local\Temp\ccTubUlF.s 			page 24


 1137      01010101 
 1138              	.LASF34:
 1139 0000 6973725F 		.ascii	"isr_UART_RX_StartEx\000"
 1139      55415254 
 1139      5F52585F 
 1139      53746172 
 1139      74457800 
 1140              	.LASF38:
 1141 0014 52656750 		.ascii	"RegPrescaler_Write\000"
 1141      72657363 
 1141      616C6572 
 1141      5F577269 
 1141      746500
 1142              	.LASF24:
 1143 0027 4D794973 		.ascii	"MyIsrUartRX\000"
 1143      72556172 
 1143      74525800 
 1144              	.LASF19:
 1145 0033 73697A65 		.ascii	"sizetype\000"
 1145      74797065 
 1145      00
 1146              	.LASF23:
 1147 003c 734E6F74 		.ascii	"sNoteSimple_t\000"
 1147      6553696D 
 1147      706C655F 
 1147      7400
 1148              	.LASF20:
 1149 004a 65546F6E 		.ascii	"eTone\000"
 1149      6500
 1150              	.LASF21:
 1151 0050 746F6E65 		.ascii	"tone\000"
 1151      00
 1152              	.LASF32:
 1153 0055 54696D65 		.ascii	"Timer_ReadPeriod\000"
 1153      725F5265 
 1153      61645065 
 1153      72696F64 
 1153      00
 1154              	.LASF4:
 1155 0066 5F5F7569 		.ascii	"__uint16_t\000"
 1155      6E743136 
 1155      5F7400
 1156              	.LASF2:
 1157 0071 73686F72 		.ascii	"short int\000"
 1157      7420696E 
 1157      7400
 1158              	.LASF39:
 1159 007b 4F75745F 		.ascii	"Out_Ena_Write\000"
 1159      456E615F 
 1159      57726974 
 1159      6500
 1160              	.LASF31:
 1161 0089 55415254 		.ascii	"UART_GetChar\000"
 1161      5F476574 
 1161      43686172 
 1161      00
 1162              	.LASF37:
ARM GAS  C:\Users\Trung\AppData\Local\Temp\ccTubUlF.s 			page 25


 1163 0096 55415254 		.ascii	"UART_PutString\000"
 1163      5F507574 
 1163      53747269 
 1163      6E6700
 1164              	.LASF30:
 1165 00a5 6861726D 		.ascii	"harm\000"
 1165      00
 1166              	.LASF0:
 1167 00aa 7369676E 		.ascii	"signed char\000"
 1167      65642063 
 1167      68617200 
 1168              	.LASF15:
 1169 00b6 666C6F61 		.ascii	"float\000"
 1169      7400
 1170              	.LASF9:
 1171 00bc 6C6F6E67 		.ascii	"long long int\000"
 1171      206C6F6E 
 1171      6720696E 
 1171      7400
 1172              	.LASF35:
 1173 00ca 54696D65 		.ascii	"Timer_Start\000"
 1173      725F5374 
 1173      61727400 
 1174              	.LASF7:
 1175 00d6 6C6F6E67 		.ascii	"long int\000"
 1175      20696E74 
 1175      00
 1176              	.LASF3:
 1177 00df 5F5F7569 		.ascii	"__uint8_t\000"
 1177      6E74385F 
 1177      7400
 1178              	.LASF18:
 1179 00e9 6C6F6E67 		.ascii	"long double\000"
 1179      20646F75 
 1179      626C6500 
 1180              	.LASF1:
 1181 00f5 756E7369 		.ascii	"unsigned char\000"
 1181      676E6564 
 1181      20636861 
 1181      7200
 1182              	.LASF27:
 1183 0103 72656756 		.ascii	"regVal\000"
 1183      616C00
 1184              	.LASF10:
 1185 010a 6C6F6E67 		.ascii	"long long unsigned int\000"
 1185      206C6F6E 
 1185      6720756E 
 1185      7369676E 
 1185      65642069 
 1186              	.LASF36:
 1187 0121 73707269 		.ascii	"sprintf\000"
 1187      6E746600 
 1188              	.LASF11:
 1189 0129 756E7369 		.ascii	"unsigned int\000"
 1189      676E6564 
 1189      20696E74 
 1189      00
ARM GAS  C:\Users\Trung\AppData\Local\Temp\ccTubUlF.s 			page 26


 1190              	.LASF13:
 1191 0136 75696E74 		.ascii	"uint16_t\000"
 1191      31365F74 
 1191      00
 1192              	.LASF25:
 1193 013f 706C6179 		.ascii	"play\000"
 1193      00
 1194              	.LASF5:
 1195 0144 73686F72 		.ascii	"short unsigned int\000"
 1195      7420756E 
 1195      7369676E 
 1195      65642069 
 1195      6E7400
 1196              	.LASF26:
 1197 0157 70734E6F 		.ascii	"psNote\000"
 1197      746500
 1198              	.LASF17:
 1199 015e 63686172 		.ascii	"char\000"
 1199      00
 1200              	.LASF44:
 1201 0163 6D61696E 		.ascii	"main\000"
 1201      00
 1202              	.LASF33:
 1203 0168 55415254 		.ascii	"UART_Start\000"
 1203      5F537461 
 1203      727400
 1204              	.LASF14:
 1205 0173 696E7433 		.ascii	"int32_t\000"
 1205      325F7400 
 1206              	.LASF28:
 1207 017b 62756666 		.ascii	"buffer\000"
 1207      657200
 1208              	.LASF22:
 1209 0182 64757261 		.ascii	"duration\000"
 1209      74696F6E 
 1209      00
 1210              	.LASF42:
 1211 018b 6D61696E 		.ascii	"main.c\000"
 1211      2E6300
 1212              	.LASF8:
 1213 0192 6C6F6E67 		.ascii	"long unsigned int\000"
 1213      20756E73 
 1213      69676E65 
 1213      6420696E 
 1213      7400
 1214              	.LASF43:
 1215 01a4 443A5C67 		.ascii	"D:\\github\\MPS\\MPS_W22_Prakt_4.cydsn\000"
 1215      69746875 
 1215      625C4D50 
 1215      535C4D50 
 1215      535F5732 
 1216              	.LASF16:
 1217 01c8 646F7562 		.ascii	"double\000"
 1217      6C6500
 1218              	.LASF6:
 1219 01cf 5F5F696E 		.ascii	"__int32_t\000"
 1219      7433325F 
ARM GAS  C:\Users\Trung\AppData\Local\Temp\ccTubUlF.s 			page 27


 1219      7400
 1220              	.LASF12:
 1221 01d9 75696E74 		.ascii	"uint8_t\000"
 1221      385F7400 
 1222              	.LASF29:
 1223 01e1 49544D5F 		.ascii	"ITM_RxBuffer\000"
 1223      52784275 
 1223      66666572 
 1223      00
 1224              	.LASF41:
 1225 01ee 474E5520 		.ascii	"GNU C11 5.4.1 20160609 (release) [ARM/embedded-5-br"
 1225      43313120 
 1225      352E342E 
 1225      31203230 
 1225      31363036 
 1226 0221 616E6368 		.ascii	"anch revision 237715] -mcpu=cortex-m3 -mthumb -g -O"
 1226      20726576 
 1226      6973696F 
 1226      6E203233 
 1226      37373135 
 1227 0254 67202D66 		.ascii	"g -ffunction-sections -ffat-lto-objects\000"
 1227      66756E63 
 1227      74696F6E 
 1227      2D736563 
 1227      74696F6E 
 1228              	.LASF40:
 1229 027c 55415254 		.ascii	"UART_PutChar\000"
 1229      5F507574 
 1229      43686172 
 1229      00
 1230              		.ident	"GCC: (GNU Tools for ARM Embedded Processors) 5.4.1 20160609 (release) [ARM/embedded-5-bran
